[][4519][2018-10-11 15:06:01][DEBUG][main][org.eclipse.jetty.util.log:180]Logging to org.apache.logging.slf4j.Log4jLogger@37d3d232 via org.eclipse.jetty.util.log.Slf4jLog
[][4539][2018-10-11 15:06:01][DEBUG][main][org.eclipse.jetty.util.DecoratedObjectFactory:52]Adding Decorator: org.eclipse.jetty.util.DeprecationWarning@475b7792
[][4551][2018-10-11 15:06:01][DEBUG][main][org.eclipse.jetty.util.component.ContainerLifeCycle:322]o.e.j.s.ServletContextHandler@3a7704c{/,null,UNAVAILABLE} added {org.eclipse.jetty.server.session.SessionHandler1733619456==dftMaxIdleSec=-1,MANAGED}
[][4560][2018-10-11 15:06:01][DEBUG][main][org.eclipse.jetty.util.component.ContainerLifeCycle:322]org.eclipse.jetty.server.session.SessionHandler1733619456==dftMaxIdleSec=-1 added {org.eclipse.jetty.servlet.ServletHandler@32c0915e,MANAGED}
[][4574][2018-10-11 15:06:01][DEBUG][main][org.eclipse.jetty.util.component.ContainerLifeCycle:322]org.eclipse.jetty.servlet.ServletHandler@32c0915e added {com.cellsgame.game.servlet.LoadPlayerServlet-5f577419@ee523f14==com.cellsgame.game.servlet.LoadPlayerServlet,jsp=null,order=-1,inst=true,AUTO}
[][4575][2018-10-11 15:06:01][DEBUG][main][org.eclipse.jetty.util.component.ContainerLifeCycle:322]org.eclipse.jetty.servlet.ServletHandler@32c0915e added {[/loadPlayer]=>com.cellsgame.game.servlet.LoadPlayerServlet-5f577419,POJO}
[][4576][2018-10-11 15:06:01][DEBUG][main][org.eclipse.jetty.util.component.ContainerLifeCycle:322]org.eclipse.jetty.servlet.ServletHandler@32c0915e added {com.cellsgame.game.servlet.GetPlayerBaseInfoServlet-11963225@83ab3a30==com.cellsgame.game.servlet.GetPlayerBaseInfoServlet,jsp=null,order=-1,inst=true,AUTO}
[][4576][2018-10-11 15:06:01][DEBUG][main][org.eclipse.jetty.util.component.ContainerLifeCycle:322]org.eclipse.jetty.servlet.ServletHandler@32c0915e added {[/getPlayerBaseInfo]=>com.cellsgame.game.servlet.GetPlayerBaseInfoServlet-11963225,POJO}
[][4579][2018-10-11 15:06:01][DEBUG][main][org.eclipse.jetty.util.component.ContainerLifeCycle:322]org.eclipse.jetty.servlet.ServletHandler@32c0915e added {com.cellsgame.game.servlet.NotifyServlet-3f3c966c@bea509ab==com.cellsgame.game.servlet.NotifyServlet,jsp=null,order=-1,inst=true,AUTO}
[][4579][2018-10-11 15:06:01][DEBUG][main][org.eclipse.jetty.util.component.ContainerLifeCycle:322]org.eclipse.jetty.servlet.ServletHandler@32c0915e added {[/notify]=>com.cellsgame.game.servlet.NotifyServlet-3f3c966c,POJO}
[][4581][2018-10-11 15:06:01][DEBUG][main][org.eclipse.jetty.util.component.ContainerLifeCycle:322]org.eclipse.jetty.servlet.ServletHandler@32c0915e added {com.cellsgame.game.servlet.ReleaseActivityServlet-11ee02f8@302a645==com.cellsgame.game.servlet.ReleaseActivityServlet,jsp=null,order=-1,inst=true,AUTO}
[][4582][2018-10-11 15:06:01][DEBUG][main][org.eclipse.jetty.util.component.ContainerLifeCycle:322]org.eclipse.jetty.servlet.ServletHandler@32c0915e added {[/releaseActivity]=>com.cellsgame.game.servlet.ReleaseActivityServlet-11ee02f8,POJO}
[][4582][2018-10-11 15:06:01][DEBUG][main][org.eclipse.jetty.util.component.ContainerLifeCycle:322]org.eclipse.jetty.servlet.ServletHandler@32c0915e added {com.cellsgame.game.servlet.DeleteActivityServlet-4102b1b1@35f449ac==com.cellsgame.game.servlet.DeleteActivityServlet,jsp=null,order=-1,inst=true,AUTO}
[][4582][2018-10-11 15:06:01][DEBUG][main][org.eclipse.jetty.util.component.ContainerLifeCycle:322]org.eclipse.jetty.servlet.ServletHandler@32c0915e added {[/deleteActivity]=>com.cellsgame.game.servlet.DeleteActivityServlet-4102b1b1,POJO}
[][4583][2018-10-11 15:06:01][DEBUG][main][org.eclipse.jetty.util.component.ContainerLifeCycle:322]org.eclipse.jetty.servlet.ServletHandler@32c0915e added {com.cellsgame.game.servlet.QueryActivityServlet-61a5b4ae@64590417==com.cellsgame.game.servlet.QueryActivityServlet,jsp=null,order=-1,inst=true,AUTO}
[][4583][2018-10-11 15:06:01][DEBUG][main][org.eclipse.jetty.util.component.ContainerLifeCycle:322]org.eclipse.jetty.servlet.ServletHandler@32c0915e added {[/queryActivity]=>com.cellsgame.game.servlet.QueryActivityServlet-61a5b4ae,POJO}
[][4584][2018-10-11 15:06:01][DEBUG][main][org.eclipse.jetty.util.component.ContainerLifeCycle:322]org.eclipse.jetty.servlet.ServletHandler@32c0915e added {com.cellsgame.game.servlet.MailServlet-3a71c100@b7ce2242==com.cellsgame.game.servlet.MailServlet,jsp=null,order=-1,inst=true,AUTO}
[][4584][2018-10-11 15:06:01][DEBUG][main][org.eclipse.jetty.util.component.ContainerLifeCycle:322]org.eclipse.jetty.servlet.ServletHandler@32c0915e added {[/mail]=>com.cellsgame.game.servlet.MailServlet-3a71c100,POJO}
[][4585][2018-10-11 15:06:01][DEBUG][main][org.eclipse.jetty.util.component.ContainerLifeCycle:322]org.eclipse.jetty.servlet.ServletHandler@32c0915e added {com.cellsgame.game.servlet.GameStateChangeServlet-5b69fd74@37386df5==com.cellsgame.game.servlet.GameStateChangeServlet,jsp=null,order=-1,inst=true,AUTO}
[][4585][2018-10-11 15:06:01][DEBUG][main][org.eclipse.jetty.util.component.ContainerLifeCycle:322]org.eclipse.jetty.servlet.ServletHandler@32c0915e added {[/stateChange]=>com.cellsgame.game.servlet.GameStateChangeServlet-5b69fd74,POJO}
[][4587][2018-10-11 15:06:01][DEBUG][main][org.eclipse.jetty.util.component.ContainerLifeCycle:322]org.eclipse.jetty.servlet.ServletHandler@32c0915e added {com.cellsgame.game.servlet.GetGameStateServlet-f325091@dd525fa==com.cellsgame.game.servlet.GetGameStateServlet,jsp=null,order=-1,inst=true,AUTO}
[][4587][2018-10-11 15:06:01][DEBUG][main][org.eclipse.jetty.util.component.ContainerLifeCycle:322]org.eclipse.jetty.servlet.ServletHandler@32c0915e added {[/getState]=>com.cellsgame.game.servlet.GetGameStateServlet-f325091,POJO}
[][4588][2018-10-11 15:06:01][DEBUG][main][org.eclipse.jetty.util.component.ContainerLifeCycle:322]org.eclipse.jetty.servlet.ServletHandler@32c0915e added {com.cellsgame.game.servlet.GetOnlineSizeServlet-437e951d@d6fc4ca1==com.cellsgame.game.servlet.GetOnlineSizeServlet,jsp=null,order=-1,inst=true,AUTO}
[][4588][2018-10-11 15:06:01][DEBUG][main][org.eclipse.jetty.util.component.ContainerLifeCycle:322]org.eclipse.jetty.servlet.ServletHandler@32c0915e added {[/onlineSize]=>com.cellsgame.game.servlet.GetOnlineSizeServlet-437e951d,POJO}
[][4588][2018-10-11 15:06:01][DEBUG][main][org.eclipse.jetty.util.component.ContainerLifeCycle:322]org.eclipse.jetty.servlet.ServletHandler@32c0915e added {com.cellsgame.game.servlet.ChangePlayerStateServlet-77b325b3@9e74b8e0==com.cellsgame.game.servlet.ChangePlayerStateServlet,jsp=null,order=-1,inst=true,AUTO}
[][4589][2018-10-11 15:06:01][DEBUG][main][org.eclipse.jetty.util.component.ContainerLifeCycle:322]org.eclipse.jetty.servlet.ServletHandler@32c0915e added {[/setPlayerState]=>com.cellsgame.game.servlet.ChangePlayerStateServlet-77b325b3,POJO}
[][4590][2018-10-11 15:06:01][DEBUG][main][org.eclipse.jetty.util.component.ContainerLifeCycle:322]org.eclipse.jetty.servlet.ServletHandler@32c0915e added {com.cellsgame.game.servlet.ChangePlayerStateServlet-63a5e46c@61791b68==com.cellsgame.game.servlet.ChangePlayerStateServlet,jsp=null,order=-1,inst=true,AUTO}
[][4590][2018-10-11 15:06:01][DEBUG][main][org.eclipse.jetty.util.component.ContainerLifeCycle:322]org.eclipse.jetty.servlet.ServletHandler@32c0915e added {[/resetPlayerState]=>com.cellsgame.game.servlet.ChangePlayerStateServlet-63a5e46c,POJO}
[][4591][2018-10-11 15:06:01][DEBUG][main][org.eclipse.jetty.util.component.ContainerLifeCycle:322]org.eclipse.jetty.servlet.ServletHandler@32c0915e added {com.cellsgame.game.servlet.ReissuePayFailOrderServlet-7e8e8651@2ed1c7be==com.cellsgame.game.servlet.ReissuePayFailOrderServlet,jsp=null,order=-1,inst=true,AUTO}
[][4592][2018-10-11 15:06:01][DEBUG][main][org.eclipse.jetty.util.component.ContainerLifeCycle:322]org.eclipse.jetty.servlet.ServletHandler@32c0915e added {[/reissueOrder]=>com.cellsgame.game.servlet.ReissuePayFailOrderServlet-7e8e8651,POJO}
[][4593][2018-10-11 15:06:01][DEBUG][main][org.eclipse.jetty.util.component.ContainerLifeCycle:322]org.eclipse.jetty.servlet.ServletHandler@32c0915e added {com.cellsgame.game.servlet.CreateStoreServlet-49ef32e0@c6cdbf0==com.cellsgame.game.servlet.CreateStoreServlet,jsp=null,order=-1,inst=true,AUTO}
[][4593][2018-10-11 15:06:01][DEBUG][main][org.eclipse.jetty.util.component.ContainerLifeCycle:322]org.eclipse.jetty.servlet.ServletHandler@32c0915e added {[/createStore]=>com.cellsgame.game.servlet.CreateStoreServlet-49ef32e0,POJO}
[][4594][2018-10-11 15:06:01][DEBUG][main][org.eclipse.jetty.util.component.ContainerLifeCycle:322]org.eclipse.jetty.servlet.ServletHandler@32c0915e added {com.cellsgame.game.servlet.DeleteStoreServlet-271f18d3@28c167c1==com.cellsgame.game.servlet.DeleteStoreServlet,jsp=null,order=-1,inst=true,AUTO}
[][4594][2018-10-11 15:06:01][DEBUG][main][org.eclipse.jetty.util.component.ContainerLifeCycle:322]org.eclipse.jetty.servlet.ServletHandler@32c0915e added {[/deleteStore]=>com.cellsgame.game.servlet.DeleteStoreServlet-271f18d3,POJO}
[][4596][2018-10-11 15:06:01][DEBUG][main][org.eclipse.jetty.util.component.ContainerLifeCycle:322]org.eclipse.jetty.servlet.ServletHandler@32c0915e added {com.cellsgame.game.servlet.QueryStoreServlet-6bd51ed8@4f6b5a93==com.cellsgame.game.servlet.QueryStoreServlet,jsp=null,order=-1,inst=true,AUTO}
[][4596][2018-10-11 15:06:01][DEBUG][main][org.eclipse.jetty.util.component.ContainerLifeCycle:322]org.eclipse.jetty.servlet.ServletHandler@32c0915e added {[/queryStore]=>com.cellsgame.game.servlet.QueryStoreServlet-6bd51ed8,POJO}
[][4604][2018-10-11 15:06:01][DEBUG][main][org.eclipse.jetty.util.component.ContainerLifeCycle:322]org.eclipse.jetty.servlet.ServletHandler@32c0915e added {com.cellsgame.game.servlet.UpdateStoreServlet-61e3a1fd@b213ccea==com.cellsgame.game.servlet.UpdateStoreServlet,jsp=null,order=-1,inst=true,AUTO}
[][4605][2018-10-11 15:06:01][DEBUG][main][org.eclipse.jetty.util.component.ContainerLifeCycle:322]org.eclipse.jetty.servlet.ServletHandler@32c0915e added {[/updateStore]=>com.cellsgame.game.servlet.UpdateStoreServlet-61e3a1fd,POJO}
[][4606][2018-10-11 15:06:01][DEBUG][main][org.eclipse.jetty.util.component.ContainerLifeCycle:322]org.eclipse.jetty.servlet.ServletHandler@32c0915e added {com.cellsgame.game.servlet.GetRankServlet-51abf713@eab3608d==com.cellsgame.game.servlet.GetRankServlet,jsp=null,order=-1,inst=true,AUTO}
[][4606][2018-10-11 15:06:01][DEBUG][main][org.eclipse.jetty.util.component.ContainerLifeCycle:322]org.eclipse.jetty.servlet.ServletHandler@32c0915e added {[/getRank]=>com.cellsgame.game.servlet.GetRankServlet-51abf713,POJO}
[][4606][2018-10-11 15:06:01][DEBUG][main][org.eclipse.jetty.util.component.ContainerLifeCycle:322]org.eclipse.jetty.servlet.ServletHandler@32c0915e added {com.cellsgame.game.servlet.ChangeCurrencyServlet-eadb475@b23c9762==com.cellsgame.game.servlet.ChangeCurrencyServlet,jsp=null,order=-1,inst=true,AUTO}
[][4606][2018-10-11 15:06:01][DEBUG][main][org.eclipse.jetty.util.component.ContainerLifeCycle:322]org.eclipse.jetty.servlet.ServletHandler@32c0915e added {[/changeCurrency]=>com.cellsgame.game.servlet.ChangeCurrencyServlet-eadb475,POJO}
[][4607][2018-10-11 15:06:01][DEBUG][main][org.eclipse.jetty.util.component.ContainerLifeCycle:322]org.eclipse.jetty.servlet.ServletHandler@32c0915e added {com.cellsgame.game.servlet.ChangeGoodsServlet-4d4d48a6@babcf1a==com.cellsgame.game.servlet.ChangeGoodsServlet,jsp=null,order=-1,inst=true,AUTO}
[][4607][2018-10-11 15:06:01][DEBUG][main][org.eclipse.jetty.util.component.ContainerLifeCycle:322]org.eclipse.jetty.servlet.ServletHandler@32c0915e added {[/changeGoods]=>com.cellsgame.game.servlet.ChangeGoodsServlet-4d4d48a6,POJO}
[][4608][2018-10-11 15:06:01][DEBUG][main][org.eclipse.jetty.util.component.ContainerLifeCycle:322]org.eclipse.jetty.servlet.ServletHandler@32c0915e added {com.cellsgame.game.servlet.UpdateAllowLoginIpServlet-315df4bb@b6da9a00==com.cellsgame.game.servlet.UpdateAllowLoginIpServlet,jsp=null,order=-1,inst=true,AUTO}
[][4608][2018-10-11 15:06:01][DEBUG][main][org.eclipse.jetty.util.component.ContainerLifeCycle:322]org.eclipse.jetty.servlet.ServletHandler@32c0915e added {[/updateAllowLoginIp]=>com.cellsgame.game.servlet.UpdateAllowLoginIpServlet-315df4bb,POJO}
[][4618][2018-10-11 15:06:01][DEBUG][main][org.eclipse.jetty.util.component.ContainerLifeCycle:322]org.eclipse.jetty.server.Server@74a9c4b0 added {qtp234223040{STOPPED,8<=0<=200,i=0,q=0},AUTO}
[][4650][2018-10-11 15:06:01][DEBUG][main][org.eclipse.jetty.util.component.ContainerLifeCycle:322]HttpConnectionFactory@1ad777f[HTTP/1.1] added {HttpConfiguration@5bbbdd4b{32768/8192,8192/8192,https://:0,[]},POJO}
[][4655][2018-10-11 15:06:01][DEBUG][main][org.eclipse.jetty.util.component.ContainerLifeCycle:322]ServerConnector@54e81b21{null,[]}{0.0.0.0:0} added {org.eclipse.jetty.server.Server@74a9c4b0,UNMANAGED}
[][4655][2018-10-11 15:06:01][DEBUG][main][org.eclipse.jetty.util.component.ContainerLifeCycle:322]ServerConnector@54e81b21{null,[]}{0.0.0.0:0} added {qtp234223040{STOPPED,8<=0<=200,i=0,q=0},AUTO}
[][4655][2018-10-11 15:06:01][DEBUG][main][org.eclipse.jetty.util.component.ContainerLifeCycle:322]ServerConnector@54e81b21{null,[]}{0.0.0.0:0} added {org.eclipse.jetty.util.thread.ScheduledExecutorScheduler@54f5f647,AUTO}
[][4657][2018-10-11 15:06:01][DEBUG][main][org.eclipse.jetty.util.component.ContainerLifeCycle:322]ServerConnector@54e81b21{null,[]}{0.0.0.0:0} added {org.eclipse.jetty.io.ArrayByteBufferPool@38d5b107,POJO}
[][4657][2018-10-11 15:06:01][DEBUG][main][org.eclipse.jetty.util.component.ContainerLifeCycle:322]ServerConnector@54e81b21{null,[http/1.1]}{0.0.0.0:0} added {HttpConnectionFactory@1ad777f[HTTP/1.1],AUTO}
[][4661][2018-10-11 15:06:01][DEBUG][main][org.eclipse.jetty.server.AbstractConnector:406]ServerConnector@54e81b21{HTTP/1.1,[http/1.1]}{0.0.0.0:0} added HttpConnectionFactory@1ad777f[HTTP/1.1]
[][4663][2018-10-11 15:06:01][DEBUG][main][org.eclipse.jetty.util.component.ContainerLifeCycle:322]ServerConnector@54e81b21{HTTP/1.1,[http/1.1]}{0.0.0.0:0} added {org.eclipse.jetty.server.ServerConnector$ServerConnectorManager@50cf5a23,MANAGED}
[][4663][2018-10-11 15:06:01][DEBUG][main][org.eclipse.jetty.util.component.ContainerLifeCycle:322]org.eclipse.jetty.server.Server@74a9c4b0 added {ServerConnector@54e81b21{HTTP/1.1,[http/1.1]}{0.0.0.0:7001},AUTO}
[][4664][2018-10-11 15:06:01][DEBUG][main][org.eclipse.jetty.util.component.ContainerLifeCycle:322]org.eclipse.jetty.server.Server@74a9c4b0 added {o.e.j.s.ServletContextHandler@3a7704c{/game,null,UNAVAILABLE},MANAGED}
[][4664][2018-10-11 15:06:01][DEBUG][main][org.eclipse.jetty.util.component.AbstractLifeCycle:185]starting org.eclipse.jetty.server.Server@74a9c4b0
[][4666][2018-10-11 15:06:01][DEBUG][main][org.eclipse.jetty.util.component.ContainerLifeCycle:322]org.eclipse.jetty.server.Server@74a9c4b0 added {org.eclipse.jetty.server.handler.ErrorHandler@632aa1a3,AUTO}
[][4692][2018-10-11 15:06:01][DEBUG][main][org.eclipse.jetty.server.handler.AbstractHandler:110]starting org.eclipse.jetty.server.Server@74a9c4b0
[][4693][2018-10-11 15:06:01][DEBUG][main][org.eclipse.jetty.util.component.AbstractLifeCycle:185]starting qtp234223040{STOPPED,8<=0<=200,i=0,q=0}
[][4696][2018-10-11 15:06:01][DEBUG][main][org.eclipse.jetty.util.component.AbstractLifeCycle:177]STARTED @4802ms qtp234223040{STARTED,8<=8<=200,i=5,q=0}
[][4696][2018-10-11 15:06:01][DEBUG][main][org.eclipse.jetty.util.component.AbstractLifeCycle:185]starting o.e.j.s.ServletContextHandler@3a7704c{/game,null,UNAVAILABLE}
[][4704][2018-10-11 15:06:01][DEBUG][main][org.eclipse.jetty.http.PreEncodedHttpField:64]HttpField encoders loaded: [org.eclipse.jetty.http.Http1FieldPreEncoder@71ea1fda]
[][4714][2018-10-11 15:06:01][DEBUG][main][org.eclipse.jetty.server.handler.AbstractHandler:110]starting o.e.j.s.ServletContextHandler@3a7704c{/game,null,STARTING}
[][4714][2018-10-11 15:06:01][DEBUG][main][org.eclipse.jetty.util.component.AbstractLifeCycle:185]starting org.eclipse.jetty.server.session.SessionHandler1733619456==dftMaxIdleSec=-1
[][4721][2018-10-11 15:06:01][DEBUG][main][org.eclipse.jetty.util.component.ContainerLifeCycle:322]org.eclipse.jetty.server.session.SessionHandler1733619456==dftMaxIdleSec=-1 added {org.eclipse.jetty.server.session.DefaultSessionCache@553f3b6e[evict=-1,removeUnloadable=false,saveOnCreate=false,saveOnInactiveEvict=false],AUTO}
[][4723][2018-10-11 15:06:01][DEBUG][main][org.eclipse.jetty.util.component.ContainerLifeCycle:322]org.eclipse.jetty.server.session.DefaultSessionCache@553f3b6e[evict=-1,removeUnloadable=false,saveOnCreate=false,saveOnInactiveEvict=false] added {org.eclipse.jetty.server.session.NullSessionDataStore@15b986cd[passivating=false,graceSec=3600],AUTO}
[][4725][2018-10-11 15:06:01][DEBUG][main][org.eclipse.jetty.util.component.AbstractLifeCycle:185]starting org.eclipse.jetty.server.session.DefaultSessionIdManager@6b530eb9[worker=null]
[][4734][2018-10-11 15:06:01][DEBUG][main][org.eclipse.jetty.util.component.ContainerLifeCycle:322]org.eclipse.jetty.server.session.DefaultSessionIdManager@6b530eb9[worker=node0] added {org.eclipse.jetty.server.session.HouseKeeper@28b576a9[interval=600000, ownscheduler=false],MANAGED}
[][4734][2018-10-11 15:06:01][DEBUG][main][org.eclipse.jetty.util.component.AbstractLifeCycle:185]starting org.eclipse.jetty.server.session.HouseKeeper@28b576a9[interval=600000, ownscheduler=false]
[][4735][2018-10-11 15:06:01][DEBUG][main][org.eclipse.jetty.util.component.AbstractLifeCycle:185]starting org.eclipse.jetty.util.thread.ScheduledExecutorScheduler@7cf7aee
[][4736][2018-10-11 15:06:01][DEBUG][main][org.eclipse.jetty.util.component.AbstractLifeCycle:177]STARTED @4843ms org.eclipse.jetty.util.thread.ScheduledExecutorScheduler@7cf7aee
[][4736][2018-10-11 15:06:01][DEBUG][main][org.eclipse.jetty.server.session:127]Using own scheduler for scavenging
[][4742][2018-10-11 15:06:01][DEBUG][main][org.eclipse.jetty.util.component.AbstractLifeCycle:177]STARTED @4848ms org.eclipse.jetty.server.session.HouseKeeper@28b576a9[interval=660000, ownscheduler=true]
[][4744][2018-10-11 15:06:01][DEBUG][main][org.eclipse.jetty.util.component.AbstractLifeCycle:177]STARTED @4849ms org.eclipse.jetty.server.session.DefaultSessionIdManager@6b530eb9[worker=node0]
[][4744][2018-10-11 15:06:01][DEBUG][main][org.eclipse.jetty.util.component.ContainerLifeCycle:322]org.eclipse.jetty.server.Server@74a9c4b0 added {org.eclipse.jetty.server.session.DefaultSessionIdManager@6b530eb9[worker=node0],MANAGED}
[][4744][2018-10-11 15:06:01][DEBUG][main][org.eclipse.jetty.util.component.ContainerLifeCycle:322]org.eclipse.jetty.server.session.SessionHandler1733619456==dftMaxIdleSec=-1 added {org.eclipse.jetty.server.session.DefaultSessionIdManager@6b530eb9[worker=node0],UNMANAGED}
[][4744][2018-10-11 15:06:01][DEBUG][main][org.eclipse.jetty.util.component.AbstractLifeCycle:185]starting org.eclipse.jetty.util.thread.ScheduledExecutorScheduler@60297f36
[][4745][2018-10-11 15:06:01][DEBUG][main][org.eclipse.jetty.util.component.AbstractLifeCycle:177]STARTED @4851ms org.eclipse.jetty.util.thread.ScheduledExecutorScheduler@60297f36
[][4746][2018-10-11 15:06:01][DEBUG][main][org.eclipse.jetty.server.handler.AbstractHandler:110]starting org.eclipse.jetty.server.session.SessionHandler1733619456==dftMaxIdleSec=-1
[][4746][2018-10-11 15:06:01][DEBUG][main][org.eclipse.jetty.util.component.AbstractLifeCycle:185]starting org.eclipse.jetty.servlet.ServletHandler@32c0915e
[][4749][2018-10-11 15:06:01][DEBUG][main][org.eclipse.jetty.servlet.ServletHandler:1439]Path=/releaseActivity[EMBEDDED:null] mapped to servlet=com.cellsgame.game.servlet.ReleaseActivityServlet-11ee02f8[EMBEDDED:null]
[][4752][2018-10-11 15:06:01][DEBUG][main][org.eclipse.jetty.http.pathmap.PathMappings:239]Added MappedResource[pathSpec=ServletPathSpec["/releaseActivity",pathDepth=1,group=EXACT],resource=com.cellsgame.game.servlet.ReleaseActivityServlet-11ee02f8@302a645==com.cellsgame.game.servlet.ReleaseActivityServlet,jsp=null,order=-1,inst=true] to PathMappings[size=1]
[][4752][2018-10-11 15:06:01][DEBUG][main][org.eclipse.jetty.servlet.ServletHandler:1439]Path=/updateAllowLoginIp[EMBEDDED:null] mapped to servlet=com.cellsgame.game.servlet.UpdateAllowLoginIpServlet-315df4bb[EMBEDDED:null]
[][4753][2018-10-11 15:06:01][DEBUG][main][org.eclipse.jetty.http.pathmap.PathMappings:239]Added MappedResource[pathSpec=ServletPathSpec["/updateAllowLoginIp",pathDepth=1,group=EXACT],resource=com.cellsgame.game.servlet.UpdateAllowLoginIpServlet-315df4bb@b6da9a00==com.cellsgame.game.servlet.UpdateAllowLoginIpServlet,jsp=null,order=-1,inst=true] to PathMappings[size=2]
[][4753][2018-10-11 15:06:01][DEBUG][main][org.eclipse.jetty.servlet.ServletHandler:1439]Path=/getPlayerBaseInfo[EMBEDDED:null] mapped to servlet=com.cellsgame.game.servlet.GetPlayerBaseInfoServlet-11963225[EMBEDDED:null]
[][4754][2018-10-11 15:06:01][DEBUG][main][org.eclipse.jetty.http.pathmap.PathMappings:239]Added MappedResource[pathSpec=ServletPathSpec["/getPlayerBaseInfo",pathDepth=1,group=EXACT],resource=com.cellsgame.game.servlet.GetPlayerBaseInfoServlet-11963225@83ab3a30==com.cellsgame.game.servlet.GetPlayerBaseInfoServlet,jsp=null,order=-1,inst=true] to PathMappings[size=3]
[][4755][2018-10-11 15:06:01][DEBUG][main][org.eclipse.jetty.servlet.ServletHandler:1439]Path=/queryActivity[EMBEDDED:null] mapped to servlet=com.cellsgame.game.servlet.QueryActivityServlet-61a5b4ae[EMBEDDED:null]
[][4755][2018-10-11 15:06:01][DEBUG][main][org.eclipse.jetty.http.pathmap.PathMappings:239]Added MappedResource[pathSpec=ServletPathSpec["/queryActivity",pathDepth=1,group=EXACT],resource=com.cellsgame.game.servlet.QueryActivityServlet-61a5b4ae@64590417==com.cellsgame.game.servlet.QueryActivityServlet,jsp=null,order=-1,inst=true] to PathMappings[size=4]
[][4755][2018-10-11 15:06:01][DEBUG][main][org.eclipse.jetty.servlet.ServletHandler:1439]Path=/queryStore[EMBEDDED:null] mapped to servlet=com.cellsgame.game.servlet.QueryStoreServlet-6bd51ed8[EMBEDDED:null]
[][4755][2018-10-11 15:06:01][DEBUG][main][org.eclipse.jetty.http.pathmap.PathMappings:239]Added MappedResource[pathSpec=ServletPathSpec["/queryStore",pathDepth=1,group=EXACT],resource=com.cellsgame.game.servlet.QueryStoreServlet-6bd51ed8@4f6b5a93==com.cellsgame.game.servlet.QueryStoreServlet,jsp=null,order=-1,inst=true] to PathMappings[size=5]
[][4755][2018-10-11 15:06:01][DEBUG][main][org.eclipse.jetty.servlet.ServletHandler:1439]Path=/getRank[EMBEDDED:null] mapped to servlet=com.cellsgame.game.servlet.GetRankServlet-51abf713[EMBEDDED:null]
[][4756][2018-10-11 15:06:01][DEBUG][main][org.eclipse.jetty.http.pathmap.PathMappings:239]Added MappedResource[pathSpec=ServletPathSpec["/getRank",pathDepth=1,group=EXACT],resource=com.cellsgame.game.servlet.GetRankServlet-51abf713@eab3608d==com.cellsgame.game.servlet.GetRankServlet,jsp=null,order=-1,inst=true] to PathMappings[size=6]
[][4756][2018-10-11 15:06:01][DEBUG][main][org.eclipse.jetty.servlet.ServletHandler:1439]Path=/setPlayerState[EMBEDDED:null] mapped to servlet=com.cellsgame.game.servlet.ChangePlayerStateServlet-77b325b3[EMBEDDED:null]
[][4756][2018-10-11 15:06:01][DEBUG][main][org.eclipse.jetty.http.pathmap.PathMappings:239]Added MappedResource[pathSpec=ServletPathSpec["/setPlayerState",pathDepth=1,group=EXACT],resource=com.cellsgame.game.servlet.ChangePlayerStateServlet-77b325b3@9e74b8e0==com.cellsgame.game.servlet.ChangePlayerStateServlet,jsp=null,order=-1,inst=true] to PathMappings[size=7]
[][4756][2018-10-11 15:06:01][DEBUG][main][org.eclipse.jetty.servlet.ServletHandler:1439]Path=/resetPlayerState[EMBEDDED:null] mapped to servlet=com.cellsgame.game.servlet.ChangePlayerStateServlet-63a5e46c[EMBEDDED:null]
[][4756][2018-10-11 15:06:01][DEBUG][main][org.eclipse.jetty.http.pathmap.PathMappings:239]Added MappedResource[pathSpec=ServletPathSpec["/resetPlayerState",pathDepth=1,group=EXACT],resource=com.cellsgame.game.servlet.ChangePlayerStateServlet-63a5e46c@61791b68==com.cellsgame.game.servlet.ChangePlayerStateServlet,jsp=null,order=-1,inst=true] to PathMappings[size=8]
[][4757][2018-10-11 15:06:01][DEBUG][main][org.eclipse.jetty.servlet.ServletHandler:1439]Path=/mail[EMBEDDED:null] mapped to servlet=com.cellsgame.game.servlet.MailServlet-3a71c100[EMBEDDED:null]
[][4757][2018-10-11 15:06:01][DEBUG][main][org.eclipse.jetty.http.pathmap.PathMappings:239]Added MappedResource[pathSpec=ServletPathSpec["/mail",pathDepth=1,group=EXACT],resource=com.cellsgame.game.servlet.MailServlet-3a71c100@b7ce2242==com.cellsgame.game.servlet.MailServlet,jsp=null,order=-1,inst=true] to PathMappings[size=9]
[][4757][2018-10-11 15:06:01][DEBUG][main][org.eclipse.jetty.servlet.ServletHandler:1439]Path=/updateStore[EMBEDDED:null] mapped to servlet=com.cellsgame.game.servlet.UpdateStoreServlet-61e3a1fd[EMBEDDED:null]
[][4758][2018-10-11 15:06:01][DEBUG][main][org.eclipse.jetty.http.pathmap.PathMappings:239]Added MappedResource[pathSpec=ServletPathSpec["/updateStore",pathDepth=1,group=EXACT],resource=com.cellsgame.game.servlet.UpdateStoreServlet-61e3a1fd@b213ccea==com.cellsgame.game.servlet.UpdateStoreServlet,jsp=null,order=-1,inst=true] to PathMappings[size=10]
[][4758][2018-10-11 15:06:01][DEBUG][main][org.eclipse.jetty.servlet.ServletHandler:1439]Path=/deleteStore[EMBEDDED:null] mapped to servlet=com.cellsgame.game.servlet.DeleteStoreServlet-271f18d3[EMBEDDED:null]
[][4759][2018-10-11 15:06:01][DEBUG][main][org.eclipse.jetty.http.pathmap.PathMappings:239]Added MappedResource[pathSpec=ServletPathSpec["/deleteStore",pathDepth=1,group=EXACT],resource=com.cellsgame.game.servlet.DeleteStoreServlet-271f18d3@28c167c1==com.cellsgame.game.servlet.DeleteStoreServlet,jsp=null,order=-1,inst=true] to PathMappings[size=11]
[][4759][2018-10-11 15:06:01][DEBUG][main][org.eclipse.jetty.servlet.ServletHandler:1439]Path=/getState[EMBEDDED:null] mapped to servlet=com.cellsgame.game.servlet.GetGameStateServlet-f325091[EMBEDDED:null]
[][4759][2018-10-11 15:06:01][DEBUG][main][org.eclipse.jetty.http.pathmap.PathMappings:239]Added MappedResource[pathSpec=ServletPathSpec["/getState",pathDepth=1,group=EXACT],resource=com.cellsgame.game.servlet.GetGameStateServlet-f325091@dd525fa==com.cellsgame.game.servlet.GetGameStateServlet,jsp=null,order=-1,inst=true] to PathMappings[size=12]
[][4760][2018-10-11 15:06:01][DEBUG][main][org.eclipse.jetty.servlet.ServletHandler:1439]Path=/notify[EMBEDDED:null] mapped to servlet=com.cellsgame.game.servlet.NotifyServlet-3f3c966c[EMBEDDED:null]
[][4760][2018-10-11 15:06:01][DEBUG][main][org.eclipse.jetty.http.pathmap.PathMappings:239]Added MappedResource[pathSpec=ServletPathSpec["/notify",pathDepth=1,group=EXACT],resource=com.cellsgame.game.servlet.NotifyServlet-3f3c966c@bea509ab==com.cellsgame.game.servlet.NotifyServlet,jsp=null,order=-1,inst=true] to PathMappings[size=13]
[][4760][2018-10-11 15:06:01][DEBUG][main][org.eclipse.jetty.servlet.ServletHandler:1439]Path=/onlineSize[EMBEDDED:null] mapped to servlet=com.cellsgame.game.servlet.GetOnlineSizeServlet-437e951d[EMBEDDED:null]
[][4760][2018-10-11 15:06:01][DEBUG][main][org.eclipse.jetty.http.pathmap.PathMappings:239]Added MappedResource[pathSpec=ServletPathSpec["/onlineSize",pathDepth=1,group=EXACT],resource=com.cellsgame.game.servlet.GetOnlineSizeServlet-437e951d@d6fc4ca1==com.cellsgame.game.servlet.GetOnlineSizeServlet,jsp=null,order=-1,inst=true] to PathMappings[size=14]
[][4761][2018-10-11 15:06:01][DEBUG][main][org.eclipse.jetty.servlet.ServletHandler:1439]Path=/stateChange[EMBEDDED:null] mapped to servlet=com.cellsgame.game.servlet.GameStateChangeServlet-5b69fd74[EMBEDDED:null]
[][4761][2018-10-11 15:06:01][DEBUG][main][org.eclipse.jetty.http.pathmap.PathMappings:239]Added MappedResource[pathSpec=ServletPathSpec["/stateChange",pathDepth=1,group=EXACT],resource=com.cellsgame.game.servlet.GameStateChangeServlet-5b69fd74@37386df5==com.cellsgame.game.servlet.GameStateChangeServlet,jsp=null,order=-1,inst=true] to PathMappings[size=15]
[][4763][2018-10-11 15:06:01][DEBUG][main][org.eclipse.jetty.servlet.ServletHandler:1439]Path=/changeGoods[EMBEDDED:null] mapped to servlet=com.cellsgame.game.servlet.ChangeGoodsServlet-4d4d48a6[EMBEDDED:null]
[][4763][2018-10-11 15:06:01][DEBUG][main][org.eclipse.jetty.http.pathmap.PathMappings:239]Added MappedResource[pathSpec=ServletPathSpec["/changeGoods",pathDepth=1,group=EXACT],resource=com.cellsgame.game.servlet.ChangeGoodsServlet-4d4d48a6@babcf1a==com.cellsgame.game.servlet.ChangeGoodsServlet,jsp=null,order=-1,inst=true] to PathMappings[size=16]
[][4763][2018-10-11 15:06:01][DEBUG][main][org.eclipse.jetty.servlet.ServletHandler:1439]Path=/reissueOrder[EMBEDDED:null] mapped to servlet=com.cellsgame.game.servlet.ReissuePayFailOrderServlet-7e8e8651[EMBEDDED:null]
[][4763][2018-10-11 15:06:01][DEBUG][main][org.eclipse.jetty.http.pathmap.PathMappings:239]Added MappedResource[pathSpec=ServletPathSpec["/reissueOrder",pathDepth=1,group=EXACT],resource=com.cellsgame.game.servlet.ReissuePayFailOrderServlet-7e8e8651@2ed1c7be==com.cellsgame.game.servlet.ReissuePayFailOrderServlet,jsp=null,order=-1,inst=true] to PathMappings[size=17]
[][4763][2018-10-11 15:06:01][DEBUG][main][org.eclipse.jetty.servlet.ServletHandler:1439]Path=/loadPlayer[EMBEDDED:null] mapped to servlet=com.cellsgame.game.servlet.LoadPlayerServlet-5f577419[EMBEDDED:null]
[][4764][2018-10-11 15:06:01][DEBUG][main][org.eclipse.jetty.http.pathmap.PathMappings:239]Added MappedResource[pathSpec=ServletPathSpec["/loadPlayer",pathDepth=1,group=EXACT],resource=com.cellsgame.game.servlet.LoadPlayerServlet-5f577419@ee523f14==com.cellsgame.game.servlet.LoadPlayerServlet,jsp=null,order=-1,inst=true] to PathMappings[size=18]
[][4764][2018-10-11 15:06:01][DEBUG][main][org.eclipse.jetty.servlet.ServletHandler:1439]Path=/deleteActivity[EMBEDDED:null] mapped to servlet=com.cellsgame.game.servlet.DeleteActivityServlet-4102b1b1[EMBEDDED:null]
[][4764][2018-10-11 15:06:01][DEBUG][main][org.eclipse.jetty.http.pathmap.PathMappings:239]Added MappedResource[pathSpec=ServletPathSpec["/deleteActivity",pathDepth=1,group=EXACT],resource=com.cellsgame.game.servlet.DeleteActivityServlet-4102b1b1@35f449ac==com.cellsgame.game.servlet.DeleteActivityServlet,jsp=null,order=-1,inst=true] to PathMappings[size=19]
[][4764][2018-10-11 15:06:01][DEBUG][main][org.eclipse.jetty.servlet.ServletHandler:1439]Path=/createStore[EMBEDDED:null] mapped to servlet=com.cellsgame.game.servlet.CreateStoreServlet-49ef32e0[EMBEDDED:null]
[][4765][2018-10-11 15:06:01][DEBUG][main][org.eclipse.jetty.http.pathmap.PathMappings:239]Added MappedResource[pathSpec=ServletPathSpec["/createStore",pathDepth=1,group=EXACT],resource=com.cellsgame.game.servlet.CreateStoreServlet-49ef32e0@c6cdbf0==com.cellsgame.game.servlet.CreateStoreServlet,jsp=null,order=-1,inst=true] to PathMappings[size=20]
[][4766][2018-10-11 15:06:01][DEBUG][main][org.eclipse.jetty.servlet.ServletHandler:1439]Path=/changeCurrency[EMBEDDED:null] mapped to servlet=com.cellsgame.game.servlet.ChangeCurrencyServlet-eadb475[EMBEDDED:null]
[][4766][2018-10-11 15:06:01][DEBUG][main][org.eclipse.jetty.http.pathmap.PathMappings:239]Added MappedResource[pathSpec=ServletPathSpec["/changeCurrency",pathDepth=1,group=EXACT],resource=com.cellsgame.game.servlet.ChangeCurrencyServlet-eadb475@b23c9762==com.cellsgame.game.servlet.ChangeCurrencyServlet,jsp=null,order=-1,inst=true] to PathMappings[size=21]
[][4766][2018-10-11 15:06:01][DEBUG][main][org.eclipse.jetty.servlet.ServletHandler:1464]filterNameMap={}
[][4766][2018-10-11 15:06:01][DEBUG][main][org.eclipse.jetty.servlet.ServletHandler:1465]pathFilters=null
[][4766][2018-10-11 15:06:01][DEBUG][main][org.eclipse.jetty.servlet.ServletHandler:1466]servletFilterMap=null
[][4766][2018-10-11 15:06:01][DEBUG][main][org.eclipse.jetty.servlet.ServletHandler:1467]servletPathMap=PathMappings[size=21]
[][4774][2018-10-11 15:06:01][DEBUG][main][org.eclipse.jetty.servlet.ServletHandler:1468]servletNameMap={com.cellsgame.game.servlet.DeleteStoreServlet-271f18d3=com.cellsgame.game.servlet.DeleteStoreServlet-271f18d3@28c167c1==com.cellsgame.game.servlet.DeleteStoreServlet,jsp=null,order=-1,inst=true, com.cellsgame.game.servlet.LoadPlayerServlet-5f577419=com.cellsgame.game.servlet.LoadPlayerServlet-5f577419@ee523f14==com.cellsgame.game.servlet.LoadPlayerServlet,jsp=null,order=-1,inst=true, com.cellsgame.game.servlet.ReleaseActivityServlet-11ee02f8=com.cellsgame.game.servlet.ReleaseActivityServlet-11ee02f8@302a645==com.cellsgame.game.servlet.ReleaseActivityServlet,jsp=null,order=-1,inst=true, com.cellsgame.game.servlet.MailServlet-3a71c100=com.cellsgame.game.servlet.MailServlet-3a71c100@b7ce2242==com.cellsgame.game.servlet.MailServlet,jsp=null,order=-1,inst=true, com.cellsgame.game.servlet.GameStateChangeServlet-5b69fd74=com.cellsgame.game.servlet.GameStateChangeServlet-5b69fd74@37386df5==com.cellsgame.game.servlet.GameStateChangeServlet,jsp=null,order=-1,inst=true, com.cellsgame.game.servlet.NotifyServlet-3f3c966c=com.cellsgame.game.servlet.NotifyServlet-3f3c966c@bea509ab==com.cellsgame.game.servlet.NotifyServlet,jsp=null,order=-1,inst=true, com.cellsgame.game.servlet.QueryActivityServlet-61a5b4ae=com.cellsgame.game.servlet.QueryActivityServlet-61a5b4ae@64590417==com.cellsgame.game.servlet.QueryActivityServlet,jsp=null,order=-1,inst=true, com.cellsgame.game.servlet.GetGameStateServlet-f325091=com.cellsgame.game.servlet.GetGameStateServlet-f325091@dd525fa==com.cellsgame.game.servlet.GetGameStateServlet,jsp=null,order=-1,inst=true, com.cellsgame.game.servlet.ReissuePayFailOrderServlet-7e8e8651=com.cellsgame.game.servlet.ReissuePayFailOrderServlet-7e8e8651@2ed1c7be==com.cellsgame.game.servlet.ReissuePayFailOrderServlet,jsp=null,order=-1,inst=true, com.cellsgame.game.servlet.ChangePlayerStateServlet-63a5e46c=com.cellsgame.game.servlet.ChangePlayerStateServlet-63a5e46c@61791b68==com.cellsgame.game.servlet.ChangePlayerStateServlet,jsp=null,order=-1,inst=true, com.cellsgame.game.servlet.ChangeGoodsServlet-4d4d48a6=com.cellsgame.game.servlet.ChangeGoodsServlet-4d4d48a6@babcf1a==com.cellsgame.game.servlet.ChangeGoodsServlet,jsp=null,order=-1,inst=true, com.cellsgame.game.servlet.ChangePlayerStateServlet-77b325b3=com.cellsgame.game.servlet.ChangePlayerStateServlet-77b325b3@9e74b8e0==com.cellsgame.game.servlet.ChangePlayerStateServlet,jsp=null,order=-1,inst=true, com.cellsgame.game.servlet.DeleteActivityServlet-4102b1b1=com.cellsgame.game.servlet.DeleteActivityServlet-4102b1b1@35f449ac==com.cellsgame.game.servlet.DeleteActivityServlet,jsp=null,order=-1,inst=true, com.cellsgame.game.servlet.QueryStoreServlet-6bd51ed8=com.cellsgame.game.servlet.QueryStoreServlet-6bd51ed8@4f6b5a93==com.cellsgame.game.servlet.QueryStoreServlet,jsp=null,order=-1,inst=true, com.cellsgame.game.servlet.UpdateStoreServlet-61e3a1fd=com.cellsgame.game.servlet.UpdateStoreServlet-61e3a1fd@b213ccea==com.cellsgame.game.servlet.UpdateStoreServlet,jsp=null,order=-1,inst=true, com.cellsgame.game.servlet.UpdateAllowLoginIpServlet-315df4bb=com.cellsgame.game.servlet.UpdateAllowLoginIpServlet-315df4bb@b6da9a00==com.cellsgame.game.servlet.UpdateAllowLoginIpServlet,jsp=null,order=-1,inst=true, com.cellsgame.game.servlet.GetPlayerBaseInfoServlet-11963225=com.cellsgame.game.servlet.GetPlayerBaseInfoServlet-11963225@83ab3a30==com.cellsgame.game.servlet.GetPlayerBaseInfoServlet,jsp=null,order=-1,inst=true, com.cellsgame.game.servlet.CreateStoreServlet-49ef32e0=com.cellsgame.game.servlet.CreateStoreServlet-49ef32e0@c6cdbf0==com.cellsgame.game.servlet.CreateStoreServlet,jsp=null,order=-1,inst=true, com.cellsgame.game.servlet.GetOnlineSizeServlet-437e951d=com.cellsgame.game.servlet.GetOnlineSizeServlet-437e951d@d6fc4ca1==com.cellsgame.game.servlet.GetOnlineSizeServlet,jsp=null,order=-1,inst=true, com.cellsgame.game.servlet.GetRankServlet-51abf713=com.cellsgame.game.servlet.GetRankServlet-51abf713@eab3608d==com.cellsgame.game.servlet.GetRankServlet,jsp=null,order=-1,inst=true, com.cellsgame.game.servlet.ChangeCurrencyServlet-eadb475=com.cellsgame.game.servlet.ChangeCurrencyServlet-eadb475@b23c9762==com.cellsgame.game.servlet.ChangeCurrencyServlet,jsp=null,order=-1,inst=true}
[][4775][2018-10-11 15:06:01][DEBUG][main][org.eclipse.jetty.servlet.ServletHandler:158]Adding Default404Servlet to org.eclipse.jetty.servlet.ServletHandler@32c0915e
[][4776][2018-10-11 15:06:01][DEBUG][main][org.eclipse.jetty.util.component.ContainerLifeCycle:322]org.eclipse.jetty.servlet.ServletHandler@32c0915e added {org.eclipse.jetty.servlet.ServletHandler$Default404Servlet-6f330eb9@b4510bf0==org.eclipse.jetty.servlet.ServletHandler$Default404Servlet,jsp=null,order=-1,inst=false,AUTO}
[][4776][2018-10-11 15:06:01][DEBUG][main][org.eclipse.jetty.util.component.ContainerLifeCycle:322]org.eclipse.jetty.servlet.ServletHandler@32c0915e added {[/]=>org.eclipse.jetty.servlet.ServletHandler$Default404Servlet-6f330eb9,POJO}
[][4776][2018-10-11 15:06:01][DEBUG][main][org.eclipse.jetty.servlet.ServletHandler:1439]Path=/releaseActivity[EMBEDDED:null] mapped to servlet=com.cellsgame.game.servlet.ReleaseActivityServlet-11ee02f8[EMBEDDED:null]
[][4776][2018-10-11 15:06:01][DEBUG][main][org.eclipse.jetty.http.pathmap.PathMappings:239]Added MappedResource[pathSpec=ServletPathSpec["/releaseActivity",pathDepth=1,group=EXACT],resource=com.cellsgame.game.servlet.ReleaseActivityServlet-11ee02f8@302a645==com.cellsgame.game.servlet.ReleaseActivityServlet,jsp=null,order=-1,inst=true] to PathMappings[size=1]
[][4776][2018-10-11 15:06:01][DEBUG][main][org.eclipse.jetty.servlet.ServletHandler:1439]Path=/updateAllowLoginIp[EMBEDDED:null] mapped to servlet=com.cellsgame.game.servlet.UpdateAllowLoginIpServlet-315df4bb[EMBEDDED:null]
[][4779][2018-10-11 15:06:01][DEBUG][main][org.eclipse.jetty.http.pathmap.PathMappings:239]Added MappedResource[pathSpec=ServletPathSpec["/updateAllowLoginIp",pathDepth=1,group=EXACT],resource=com.cellsgame.game.servlet.UpdateAllowLoginIpServlet-315df4bb@b6da9a00==com.cellsgame.game.servlet.UpdateAllowLoginIpServlet,jsp=null,order=-1,inst=true] to PathMappings[size=2]
[][4780][2018-10-11 15:06:01][DEBUG][main][org.eclipse.jetty.servlet.ServletHandler:1439]Path=/getPlayerBaseInfo[EMBEDDED:null] mapped to servlet=com.cellsgame.game.servlet.GetPlayerBaseInfoServlet-11963225[EMBEDDED:null]
[][4780][2018-10-11 15:06:01][DEBUG][main][org.eclipse.jetty.http.pathmap.PathMappings:239]Added MappedResource[pathSpec=ServletPathSpec["/getPlayerBaseInfo",pathDepth=1,group=EXACT],resource=com.cellsgame.game.servlet.GetPlayerBaseInfoServlet-11963225@83ab3a30==com.cellsgame.game.servlet.GetPlayerBaseInfoServlet,jsp=null,order=-1,inst=true] to PathMappings[size=3]
[][4780][2018-10-11 15:06:01][DEBUG][main][org.eclipse.jetty.servlet.ServletHandler:1439]Path=/queryActivity[EMBEDDED:null] mapped to servlet=com.cellsgame.game.servlet.QueryActivityServlet-61a5b4ae[EMBEDDED:null]
[][4780][2018-10-11 15:06:01][DEBUG][main][org.eclipse.jetty.http.pathmap.PathMappings:239]Added MappedResource[pathSpec=ServletPathSpec["/queryActivity",pathDepth=1,group=EXACT],resource=com.cellsgame.game.servlet.QueryActivityServlet-61a5b4ae@64590417==com.cellsgame.game.servlet.QueryActivityServlet,jsp=null,order=-1,inst=true] to PathMappings[size=4]
[][4780][2018-10-11 15:06:01][DEBUG][main][org.eclipse.jetty.servlet.ServletHandler:1439]Path=/queryStore[EMBEDDED:null] mapped to servlet=com.cellsgame.game.servlet.QueryStoreServlet-6bd51ed8[EMBEDDED:null]
[][4780][2018-10-11 15:06:01][DEBUG][main][org.eclipse.jetty.http.pathmap.PathMappings:239]Added MappedResource[pathSpec=ServletPathSpec["/queryStore",pathDepth=1,group=EXACT],resource=com.cellsgame.game.servlet.QueryStoreServlet-6bd51ed8@4f6b5a93==com.cellsgame.game.servlet.QueryStoreServlet,jsp=null,order=-1,inst=true] to PathMappings[size=5]
[][4780][2018-10-11 15:06:01][DEBUG][main][org.eclipse.jetty.servlet.ServletHandler:1439]Path=/getRank[EMBEDDED:null] mapped to servlet=com.cellsgame.game.servlet.GetRankServlet-51abf713[EMBEDDED:null]
[][4781][2018-10-11 15:06:01][DEBUG][main][org.eclipse.jetty.http.pathmap.PathMappings:239]Added MappedResource[pathSpec=ServletPathSpec["/getRank",pathDepth=1,group=EXACT],resource=com.cellsgame.game.servlet.GetRankServlet-51abf713@eab3608d==com.cellsgame.game.servlet.GetRankServlet,jsp=null,order=-1,inst=true] to PathMappings[size=6]
[][4781][2018-10-11 15:06:01][DEBUG][main][org.eclipse.jetty.servlet.ServletHandler:1439]Path=/setPlayerState[EMBEDDED:null] mapped to servlet=com.cellsgame.game.servlet.ChangePlayerStateServlet-77b325b3[EMBEDDED:null]
[][4781][2018-10-11 15:06:01][DEBUG][main][org.eclipse.jetty.http.pathmap.PathMappings:239]Added MappedResource[pathSpec=ServletPathSpec["/setPlayerState",pathDepth=1,group=EXACT],resource=com.cellsgame.game.servlet.ChangePlayerStateServlet-77b325b3@9e74b8e0==com.cellsgame.game.servlet.ChangePlayerStateServlet,jsp=null,order=-1,inst=true] to PathMappings[size=7]
[][4781][2018-10-11 15:06:01][DEBUG][main][org.eclipse.jetty.servlet.ServletHandler:1439]Path=/resetPlayerState[EMBEDDED:null] mapped to servlet=com.cellsgame.game.servlet.ChangePlayerStateServlet-63a5e46c[EMBEDDED:null]
[][4781][2018-10-11 15:06:01][DEBUG][main][org.eclipse.jetty.http.pathmap.PathMappings:239]Added MappedResource[pathSpec=ServletPathSpec["/resetPlayerState",pathDepth=1,group=EXACT],resource=com.cellsgame.game.servlet.ChangePlayerStateServlet-63a5e46c@61791b68==com.cellsgame.game.servlet.ChangePlayerStateServlet,jsp=null,order=-1,inst=true] to PathMappings[size=8]
[][4781][2018-10-11 15:06:01][DEBUG][main][org.eclipse.jetty.servlet.ServletHandler:1439]Path=/mail[EMBEDDED:null] mapped to servlet=com.cellsgame.game.servlet.MailServlet-3a71c100[EMBEDDED:null]
[][4787][2018-10-11 15:06:01][DEBUG][main][org.eclipse.jetty.http.pathmap.PathMappings:239]Added MappedResource[pathSpec=ServletPathSpec["/mail",pathDepth=1,group=EXACT],resource=com.cellsgame.game.servlet.MailServlet-3a71c100@b7ce2242==com.cellsgame.game.servlet.MailServlet,jsp=null,order=-1,inst=true] to PathMappings[size=9]
[][4788][2018-10-11 15:06:01][DEBUG][main][org.eclipse.jetty.servlet.ServletHandler:1439]Path=/updateStore[EMBEDDED:null] mapped to servlet=com.cellsgame.game.servlet.UpdateStoreServlet-61e3a1fd[EMBEDDED:null]
[][4789][2018-10-11 15:06:01][DEBUG][main][org.eclipse.jetty.http.pathmap.PathMappings:239]Added MappedResource[pathSpec=ServletPathSpec["/updateStore",pathDepth=1,group=EXACT],resource=com.cellsgame.game.servlet.UpdateStoreServlet-61e3a1fd@b213ccea==com.cellsgame.game.servlet.UpdateStoreServlet,jsp=null,order=-1,inst=true] to PathMappings[size=10]
[][4789][2018-10-11 15:06:01][DEBUG][main][org.eclipse.jetty.servlet.ServletHandler:1439]Path=/[EMBEDDED:null] mapped to servlet=org.eclipse.jetty.servlet.ServletHandler$Default404Servlet-6f330eb9[EMBEDDED:null]
[][4789][2018-10-11 15:06:01][DEBUG][main][org.eclipse.jetty.http.pathmap.PathMappings:239]Added MappedResource[pathSpec=ServletPathSpec["/",pathDepth=-1,group=DEFAULT],resource=org.eclipse.jetty.servlet.ServletHandler$Default404Servlet-6f330eb9@b4510bf0==org.eclipse.jetty.servlet.ServletHandler$Default404Servlet,jsp=null,order=-1,inst=false] to PathMappings[size=11]
[][4790][2018-10-11 15:06:01][DEBUG][main][org.eclipse.jetty.servlet.ServletHandler:1439]Path=/deleteStore[EMBEDDED:null] mapped to servlet=com.cellsgame.game.servlet.DeleteStoreServlet-271f18d3[EMBEDDED:null]
[][4791][2018-10-11 15:06:01][DEBUG][main][org.eclipse.jetty.http.pathmap.PathMappings:239]Added MappedResource[pathSpec=ServletPathSpec["/deleteStore",pathDepth=1,group=EXACT],resource=com.cellsgame.game.servlet.DeleteStoreServlet-271f18d3@28c167c1==com.cellsgame.game.servlet.DeleteStoreServlet,jsp=null,order=-1,inst=true] to PathMappings[size=12]
[][4791][2018-10-11 15:06:01][DEBUG][main][org.eclipse.jetty.servlet.ServletHandler:1439]Path=/getState[EMBEDDED:null] mapped to servlet=com.cellsgame.game.servlet.GetGameStateServlet-f325091[EMBEDDED:null]
[][4792][2018-10-11 15:06:01][DEBUG][main][org.eclipse.jetty.http.pathmap.PathMappings:239]Added MappedResource[pathSpec=ServletPathSpec["/getState",pathDepth=1,group=EXACT],resource=com.cellsgame.game.servlet.GetGameStateServlet-f325091@dd525fa==com.cellsgame.game.servlet.GetGameStateServlet,jsp=null,order=-1,inst=true] to PathMappings[size=13]
[][4793][2018-10-11 15:06:01][DEBUG][main][org.eclipse.jetty.servlet.ServletHandler:1439]Path=/notify[EMBEDDED:null] mapped to servlet=com.cellsgame.game.servlet.NotifyServlet-3f3c966c[EMBEDDED:null]
[][4799][2018-10-11 15:06:01][DEBUG][main][org.eclipse.jetty.http.pathmap.PathMappings:239]Added MappedResource[pathSpec=ServletPathSpec["/notify",pathDepth=1,group=EXACT],resource=com.cellsgame.game.servlet.NotifyServlet-3f3c966c@bea509ab==com.cellsgame.game.servlet.NotifyServlet,jsp=null,order=-1,inst=true] to PathMappings[size=14]
[][4799][2018-10-11 15:06:01][DEBUG][main][org.eclipse.jetty.servlet.ServletHandler:1439]Path=/onlineSize[EMBEDDED:null] mapped to servlet=com.cellsgame.game.servlet.GetOnlineSizeServlet-437e951d[EMBEDDED:null]
[][4800][2018-10-11 15:06:01][DEBUG][main][org.eclipse.jetty.http.pathmap.PathMappings:239]Added MappedResource[pathSpec=ServletPathSpec["/onlineSize",pathDepth=1,group=EXACT],resource=com.cellsgame.game.servlet.GetOnlineSizeServlet-437e951d@d6fc4ca1==com.cellsgame.game.servlet.GetOnlineSizeServlet,jsp=null,order=-1,inst=true] to PathMappings[size=15]
[][4800][2018-10-11 15:06:01][DEBUG][main][org.eclipse.jetty.servlet.ServletHandler:1439]Path=/stateChange[EMBEDDED:null] mapped to servlet=com.cellsgame.game.servlet.GameStateChangeServlet-5b69fd74[EMBEDDED:null]
[][4803][2018-10-11 15:06:01][DEBUG][main][org.eclipse.jetty.http.pathmap.PathMappings:239]Added MappedResource[pathSpec=ServletPathSpec["/stateChange",pathDepth=1,group=EXACT],resource=com.cellsgame.game.servlet.GameStateChangeServlet-5b69fd74@37386df5==com.cellsgame.game.servlet.GameStateChangeServlet,jsp=null,order=-1,inst=true] to PathMappings[size=16]
[][4803][2018-10-11 15:06:01][DEBUG][main][org.eclipse.jetty.servlet.ServletHandler:1439]Path=/changeGoods[EMBEDDED:null] mapped to servlet=com.cellsgame.game.servlet.ChangeGoodsServlet-4d4d48a6[EMBEDDED:null]
[][4803][2018-10-11 15:06:01][DEBUG][main][org.eclipse.jetty.http.pathmap.PathMappings:239]Added MappedResource[pathSpec=ServletPathSpec["/changeGoods",pathDepth=1,group=EXACT],resource=com.cellsgame.game.servlet.ChangeGoodsServlet-4d4d48a6@babcf1a==com.cellsgame.game.servlet.ChangeGoodsServlet,jsp=null,order=-1,inst=true] to PathMappings[size=17]
[][4803][2018-10-11 15:06:01][DEBUG][main][org.eclipse.jetty.servlet.ServletHandler:1439]Path=/reissueOrder[EMBEDDED:null] mapped to servlet=com.cellsgame.game.servlet.ReissuePayFailOrderServlet-7e8e8651[EMBEDDED:null]
[][4803][2018-10-11 15:06:01][DEBUG][main][org.eclipse.jetty.http.pathmap.PathMappings:239]Added MappedResource[pathSpec=ServletPathSpec["/reissueOrder",pathDepth=1,group=EXACT],resource=com.cellsgame.game.servlet.ReissuePayFailOrderServlet-7e8e8651@2ed1c7be==com.cellsgame.game.servlet.ReissuePayFailOrderServlet,jsp=null,order=-1,inst=true] to PathMappings[size=18]
[][4804][2018-10-11 15:06:01][DEBUG][main][org.eclipse.jetty.servlet.ServletHandler:1439]Path=/loadPlayer[EMBEDDED:null] mapped to servlet=com.cellsgame.game.servlet.LoadPlayerServlet-5f577419[EMBEDDED:null]
[][4804][2018-10-11 15:06:01][DEBUG][main][org.eclipse.jetty.http.pathmap.PathMappings:239]Added MappedResource[pathSpec=ServletPathSpec["/loadPlayer",pathDepth=1,group=EXACT],resource=com.cellsgame.game.servlet.LoadPlayerServlet-5f577419@ee523f14==com.cellsgame.game.servlet.LoadPlayerServlet,jsp=null,order=-1,inst=true] to PathMappings[size=19]
[][4804][2018-10-11 15:06:01][DEBUG][main][org.eclipse.jetty.servlet.ServletHandler:1439]Path=/deleteActivity[EMBEDDED:null] mapped to servlet=com.cellsgame.game.servlet.DeleteActivityServlet-4102b1b1[EMBEDDED:null]
[][4804][2018-10-11 15:06:01][DEBUG][main][org.eclipse.jetty.http.pathmap.PathMappings:239]Added MappedResource[pathSpec=ServletPathSpec["/deleteActivity",pathDepth=1,group=EXACT],resource=com.cellsgame.game.servlet.DeleteActivityServlet-4102b1b1@35f449ac==com.cellsgame.game.servlet.DeleteActivityServlet,jsp=null,order=-1,inst=true] to PathMappings[size=20]
[][4804][2018-10-11 15:06:01][DEBUG][main][org.eclipse.jetty.servlet.ServletHandler:1439]Path=/createStore[EMBEDDED:null] mapped to servlet=com.cellsgame.game.servlet.CreateStoreServlet-49ef32e0[EMBEDDED:null]
[][4804][2018-10-11 15:06:01][DEBUG][main][org.eclipse.jetty.http.pathmap.PathMappings:239]Added MappedResource[pathSpec=ServletPathSpec["/createStore",pathDepth=1,group=EXACT],resource=com.cellsgame.game.servlet.CreateStoreServlet-49ef32e0@c6cdbf0==com.cellsgame.game.servlet.CreateStoreServlet,jsp=null,order=-1,inst=true] to PathMappings[size=21]
[][4804][2018-10-11 15:06:01][DEBUG][main][org.eclipse.jetty.servlet.ServletHandler:1439]Path=/changeCurrency[EMBEDDED:null] mapped to servlet=com.cellsgame.game.servlet.ChangeCurrencyServlet-eadb475[EMBEDDED:null]
[][4805][2018-10-11 15:06:01][DEBUG][main][org.eclipse.jetty.http.pathmap.PathMappings:239]Added MappedResource[pathSpec=ServletPathSpec["/changeCurrency",pathDepth=1,group=EXACT],resource=com.cellsgame.game.servlet.ChangeCurrencyServlet-eadb475@b23c9762==com.cellsgame.game.servlet.ChangeCurrencyServlet,jsp=null,order=-1,inst=true] to PathMappings[size=22]
[][4805][2018-10-11 15:06:01][DEBUG][main][org.eclipse.jetty.servlet.ServletHandler:1464]filterNameMap={}
[][4805][2018-10-11 15:06:01][DEBUG][main][org.eclipse.jetty.servlet.ServletHandler:1465]pathFilters=null
[][4805][2018-10-11 15:06:01][DEBUG][main][org.eclipse.jetty.servlet.ServletHandler:1466]servletFilterMap=null
[][4805][2018-10-11 15:06:01][DEBUG][main][org.eclipse.jetty.servlet.ServletHandler:1467]servletPathMap=PathMappings[size=22]
[][4806][2018-10-11 15:06:01][DEBUG][main][org.eclipse.jetty.servlet.ServletHandler:1468]servletNameMap={com.cellsgame.game.servlet.DeleteStoreServlet-271f18d3=com.cellsgame.game.servlet.DeleteStoreServlet-271f18d3@28c167c1==com.cellsgame.game.servlet.DeleteStoreServlet,jsp=null,order=-1,inst=true, org.eclipse.jetty.servlet.ServletHandler$Default404Servlet-6f330eb9=org.eclipse.jetty.servlet.ServletHandler$Default404Servlet-6f330eb9@b4510bf0==org.eclipse.jetty.servlet.ServletHandler$Default404Servlet,jsp=null,order=-1,inst=false, com.cellsgame.game.servlet.LoadPlayerServlet-5f577419=com.cellsgame.game.servlet.LoadPlayerServlet-5f577419@ee523f14==com.cellsgame.game.servlet.LoadPlayerServlet,jsp=null,order=-1,inst=true, com.cellsgame.game.servlet.ReleaseActivityServlet-11ee02f8=com.cellsgame.game.servlet.ReleaseActivityServlet-11ee02f8@302a645==com.cellsgame.game.servlet.ReleaseActivityServlet,jsp=null,order=-1,inst=true, com.cellsgame.game.servlet.MailServlet-3a71c100=com.cellsgame.game.servlet.MailServlet-3a71c100@b7ce2242==com.cellsgame.game.servlet.MailServlet,jsp=null,order=-1,inst=true, com.cellsgame.game.servlet.GameStateChangeServlet-5b69fd74=com.cellsgame.game.servlet.GameStateChangeServlet-5b69fd74@37386df5==com.cellsgame.game.servlet.GameStateChangeServlet,jsp=null,order=-1,inst=true, com.cellsgame.game.servlet.NotifyServlet-3f3c966c=com.cellsgame.game.servlet.NotifyServlet-3f3c966c@bea509ab==com.cellsgame.game.servlet.NotifyServlet,jsp=null,order=-1,inst=true, com.cellsgame.game.servlet.QueryActivityServlet-61a5b4ae=com.cellsgame.game.servlet.QueryActivityServlet-61a5b4ae@64590417==com.cellsgame.game.servlet.QueryActivityServlet,jsp=null,order=-1,inst=true, com.cellsgame.game.servlet.GetGameStateServlet-f325091=com.cellsgame.game.servlet.GetGameStateServlet-f325091@dd525fa==com.cellsgame.game.servlet.GetGameStateServlet,jsp=null,order=-1,inst=true, com.cellsgame.game.servlet.ReissuePayFailOrderServlet-7e8e8651=com.cellsgame.game.servlet.ReissuePayFailOrderServlet-7e8e8651@2ed1c7be==com.cellsgame.game.servlet.ReissuePayFailOrderServlet,jsp=null,order=-1,inst=true, com.cellsgame.game.servlet.ChangePlayerStateServlet-63a5e46c=com.cellsgame.game.servlet.ChangePlayerStateServlet-63a5e46c@61791b68==com.cellsgame.game.servlet.ChangePlayerStateServlet,jsp=null,order=-1,inst=true, com.cellsgame.game.servlet.ChangeGoodsServlet-4d4d48a6=com.cellsgame.game.servlet.ChangeGoodsServlet-4d4d48a6@babcf1a==com.cellsgame.game.servlet.ChangeGoodsServlet,jsp=null,order=-1,inst=true, com.cellsgame.game.servlet.ChangePlayerStateServlet-77b325b3=com.cellsgame.game.servlet.ChangePlayerStateServlet-77b325b3@9e74b8e0==com.cellsgame.game.servlet.ChangePlayerStateServlet,jsp=null,order=-1,inst=true, com.cellsgame.game.servlet.DeleteActivityServlet-4102b1b1=com.cellsgame.game.servlet.DeleteActivityServlet-4102b1b1@35f449ac==com.cellsgame.game.servlet.DeleteActivityServlet,jsp=null,order=-1,inst=true, com.cellsgame.game.servlet.QueryStoreServlet-6bd51ed8=com.cellsgame.game.servlet.QueryStoreServlet-6bd51ed8@4f6b5a93==com.cellsgame.game.servlet.QueryStoreServlet,jsp=null,order=-1,inst=true, com.cellsgame.game.servlet.UpdateStoreServlet-61e3a1fd=com.cellsgame.game.servlet.UpdateStoreServlet-61e3a1fd@b213ccea==com.cellsgame.game.servlet.UpdateStoreServlet,jsp=null,order=-1,inst=true, com.cellsgame.game.servlet.UpdateAllowLoginIpServlet-315df4bb=com.cellsgame.game.servlet.UpdateAllowLoginIpServlet-315df4bb@b6da9a00==com.cellsgame.game.servlet.UpdateAllowLoginIpServlet,jsp=null,order=-1,inst=true, com.cellsgame.game.servlet.GetPlayerBaseInfoServlet-11963225=com.cellsgame.game.servlet.GetPlayerBaseInfoServlet-11963225@83ab3a30==com.cellsgame.game.servlet.GetPlayerBaseInfoServlet,jsp=null,order=-1,inst=true, com.cellsgame.game.servlet.CreateStoreServlet-49ef32e0=com.cellsgame.game.servlet.CreateStoreServlet-49ef32e0@c6cdbf0==com.cellsgame.game.servlet.CreateStoreServlet,jsp=null,order=-1,inst=true, com.cellsgame.game.servlet.GetOnlineSizeServlet-437e951d=com.cellsgame.game.servlet.GetOnlineSizeServlet-437e951d@d6fc4ca1==com.cellsgame.game.servlet.GetOnlineSizeServlet,jsp=null,order=-1,inst=true, com.cellsgame.game.servlet.GetRankServlet-51abf713=com.cellsgame.game.servlet.GetRankServlet-51abf713@eab3608d==com.cellsgame.game.servlet.GetRankServlet,jsp=null,order=-1,inst=true, com.cellsgame.game.servlet.ChangeCurrencyServlet-eadb475=com.cellsgame.game.servlet.ChangeCurrencyServlet-eadb475@b23c9762==com.cellsgame.game.servlet.ChangeCurrencyServlet,jsp=null,order=-1,inst=true}
[][4806][2018-10-11 15:06:01][DEBUG][main][org.eclipse.jetty.server.handler.AbstractHandler:110]starting org.eclipse.jetty.servlet.ServletHandler@32c0915e
[][4806][2018-10-11 15:06:01][DEBUG][main][org.eclipse.jetty.util.component.AbstractLifeCycle:177]STARTED @4913ms org.eclipse.jetty.servlet.ServletHandler@32c0915e
[][4807][2018-10-11 15:06:01][DEBUG][main][org.eclipse.jetty.util.component.AbstractLifeCycle:185]starting org.eclipse.jetty.server.session.DefaultSessionCache@553f3b6e[evict=-1,removeUnloadable=false,saveOnCreate=false,saveOnInactiveEvict=false]
[][4807][2018-10-11 15:06:01][DEBUG][main][org.eclipse.jetty.util.component.AbstractLifeCycle:185]starting org.eclipse.jetty.server.session.NullSessionDataStore@15b986cd[passivating=false,graceSec=3600]
[][4807][2018-10-11 15:06:01][DEBUG][main][org.eclipse.jetty.util.component.AbstractLifeCycle:177]STARTED @4913ms org.eclipse.jetty.server.session.NullSessionDataStore@15b986cd[passivating=false,graceSec=3600]
[][4807][2018-10-11 15:06:01][DEBUG][main][org.eclipse.jetty.util.component.AbstractLifeCycle:177]STARTED @4914ms org.eclipse.jetty.server.session.DefaultSessionCache@553f3b6e[evict=-1,removeUnloadable=false,saveOnCreate=false,saveOnInactiveEvict=false]
[][4807][2018-10-11 15:06:01][DEBUG][main][org.eclipse.jetty.util.component.AbstractLifeCycle:177]STARTED @4914ms org.eclipse.jetty.server.session.SessionHandler1733619456==dftMaxIdleSec=-1
[][4807][2018-10-11 15:06:01][DEBUG][main][org.eclipse.jetty.util.component.AbstractLifeCycle:185]starting com.cellsgame.game.servlet.ChangeCurrencyServlet-eadb475@b23c9762==com.cellsgame.game.servlet.ChangeCurrencyServlet,jsp=null,order=-1,inst=true
[][4809][2018-10-11 15:06:01][DEBUG][main][org.eclipse.jetty.util.component.AbstractLifeCycle:177]STARTED @4916ms com.cellsgame.game.servlet.ChangeCurrencyServlet-eadb475@b23c9762==com.cellsgame.game.servlet.ChangeCurrencyServlet,jsp=null,order=-1,inst=true
[][4811][2018-10-11 15:06:01][DEBUG][main][org.eclipse.jetty.servlet.ServletHolder:636]Servlet.init com.cellsgame.game.servlet.ChangeCurrencyServlet@181d7f28 for com.cellsgame.game.servlet.ChangeCurrencyServlet-eadb475
[][4811][2018-10-11 15:06:01][DEBUG][main][org.eclipse.jetty.util.component.AbstractLifeCycle:185]starting com.cellsgame.game.servlet.ChangeGoodsServlet-4d4d48a6@babcf1a==com.cellsgame.game.servlet.ChangeGoodsServlet,jsp=null,order=-1,inst=true
[][4811][2018-10-11 15:06:01][DEBUG][main][org.eclipse.jetty.util.component.AbstractLifeCycle:177]STARTED @4918ms com.cellsgame.game.servlet.ChangeGoodsServlet-4d4d48a6@babcf1a==com.cellsgame.game.servlet.ChangeGoodsServlet,jsp=null,order=-1,inst=true
[][4811][2018-10-11 15:06:01][DEBUG][main][org.eclipse.jetty.servlet.ServletHolder:636]Servlet.init com.cellsgame.game.servlet.ChangeGoodsServlet@78d50a3c for com.cellsgame.game.servlet.ChangeGoodsServlet-4d4d48a6
[][4811][2018-10-11 15:06:01][DEBUG][main][org.eclipse.jetty.util.component.AbstractLifeCycle:185]starting com.cellsgame.game.servlet.ChangePlayerStateServlet-63a5e46c@61791b68==com.cellsgame.game.servlet.ChangePlayerStateServlet,jsp=null,order=-1,inst=true
[][4811][2018-10-11 15:06:01][DEBUG][main][org.eclipse.jetty.util.component.AbstractLifeCycle:177]STARTED @4918ms com.cellsgame.game.servlet.ChangePlayerStateServlet-63a5e46c@61791b68==com.cellsgame.game.servlet.ChangePlayerStateServlet,jsp=null,order=-1,inst=true
[][4811][2018-10-11 15:06:01][DEBUG][main][org.eclipse.jetty.servlet.ServletHolder:636]Servlet.init com.cellsgame.game.servlet.ChangePlayerStateServlet@2fb69ff6 for com.cellsgame.game.servlet.ChangePlayerStateServlet-63a5e46c
[][4811][2018-10-11 15:06:01][DEBUG][main][org.eclipse.jetty.util.component.AbstractLifeCycle:185]starting com.cellsgame.game.servlet.ChangePlayerStateServlet-77b325b3@9e74b8e0==com.cellsgame.game.servlet.ChangePlayerStateServlet,jsp=null,order=-1,inst=true
[][4812][2018-10-11 15:06:01][DEBUG][main][org.eclipse.jetty.util.component.AbstractLifeCycle:177]STARTED @4918ms com.cellsgame.game.servlet.ChangePlayerStateServlet-77b325b3@9e74b8e0==com.cellsgame.game.servlet.ChangePlayerStateServlet,jsp=null,order=-1,inst=true
[][4812][2018-10-11 15:06:01][DEBUG][main][org.eclipse.jetty.servlet.ServletHolder:636]Servlet.init com.cellsgame.game.servlet.ChangePlayerStateServlet@cda4919 for com.cellsgame.game.servlet.ChangePlayerStateServlet-77b325b3
[][4812][2018-10-11 15:06:01][DEBUG][main][org.eclipse.jetty.util.component.AbstractLifeCycle:185]starting com.cellsgame.game.servlet.CreateStoreServlet-49ef32e0@c6cdbf0==com.cellsgame.game.servlet.CreateStoreServlet,jsp=null,order=-1,inst=true
[][4812][2018-10-11 15:06:01][DEBUG][main][org.eclipse.jetty.util.component.AbstractLifeCycle:177]STARTED @4919ms com.cellsgame.game.servlet.CreateStoreServlet-49ef32e0@c6cdbf0==com.cellsgame.game.servlet.CreateStoreServlet,jsp=null,order=-1,inst=true
[][4812][2018-10-11 15:06:01][DEBUG][main][org.eclipse.jetty.servlet.ServletHolder:636]Servlet.init com.cellsgame.game.servlet.CreateStoreServlet@7f4d9395 for com.cellsgame.game.servlet.CreateStoreServlet-49ef32e0
[][4812][2018-10-11 15:06:01][DEBUG][main][org.eclipse.jetty.util.component.AbstractLifeCycle:185]starting com.cellsgame.game.servlet.DeleteActivityServlet-4102b1b1@35f449ac==com.cellsgame.game.servlet.DeleteActivityServlet,jsp=null,order=-1,inst=true
[][4813][2018-10-11 15:06:01][DEBUG][main][org.eclipse.jetty.util.component.AbstractLifeCycle:177]STARTED @4919ms com.cellsgame.game.servlet.DeleteActivityServlet-4102b1b1@35f449ac==com.cellsgame.game.servlet.DeleteActivityServlet,jsp=null,order=-1,inst=true
[][4813][2018-10-11 15:06:01][DEBUG][main][org.eclipse.jetty.servlet.ServletHolder:636]Servlet.init com.cellsgame.game.servlet.DeleteActivityServlet@344b8190 for com.cellsgame.game.servlet.DeleteActivityServlet-4102b1b1
[][4813][2018-10-11 15:06:01][DEBUG][main][org.eclipse.jetty.util.component.AbstractLifeCycle:185]starting com.cellsgame.game.servlet.DeleteStoreServlet-271f18d3@28c167c1==com.cellsgame.game.servlet.DeleteStoreServlet,jsp=null,order=-1,inst=true
[][4813][2018-10-11 15:06:01][DEBUG][main][org.eclipse.jetty.util.component.AbstractLifeCycle:177]STARTED @4920ms com.cellsgame.game.servlet.DeleteStoreServlet-271f18d3@28c167c1==com.cellsgame.game.servlet.DeleteStoreServlet,jsp=null,order=-1,inst=true
[][4813][2018-10-11 15:06:01][DEBUG][main][org.eclipse.jetty.servlet.ServletHolder:636]Servlet.init com.cellsgame.game.servlet.DeleteStoreServlet@6a078481 for com.cellsgame.game.servlet.DeleteStoreServlet-271f18d3
[][4813][2018-10-11 15:06:01][DEBUG][main][org.eclipse.jetty.util.component.AbstractLifeCycle:185]starting com.cellsgame.game.servlet.GameStateChangeServlet-5b69fd74@37386df5==com.cellsgame.game.servlet.GameStateChangeServlet,jsp=null,order=-1,inst=true
[][4813][2018-10-11 15:06:01][DEBUG][main][org.eclipse.jetty.util.component.AbstractLifeCycle:177]STARTED @4920ms com.cellsgame.game.servlet.GameStateChangeServlet-5b69fd74@37386df5==com.cellsgame.game.servlet.GameStateChangeServlet,jsp=null,order=-1,inst=true
[][4813][2018-10-11 15:06:01][DEBUG][main][org.eclipse.jetty.servlet.ServletHolder:636]Servlet.init com.cellsgame.game.servlet.GameStateChangeServlet@79c5636f for com.cellsgame.game.servlet.GameStateChangeServlet-5b69fd74
[][4813][2018-10-11 15:06:01][DEBUG][main][org.eclipse.jetty.util.component.AbstractLifeCycle:185]starting com.cellsgame.game.servlet.GetGameStateServlet-f325091@dd525fa==com.cellsgame.game.servlet.GetGameStateServlet,jsp=null,order=-1,inst=true
[][4813][2018-10-11 15:06:01][DEBUG][main][org.eclipse.jetty.util.component.AbstractLifeCycle:177]STARTED @4920ms com.cellsgame.game.servlet.GetGameStateServlet-f325091@dd525fa==com.cellsgame.game.servlet.GetGameStateServlet,jsp=null,order=-1,inst=true
[][4814][2018-10-11 15:06:01][DEBUG][main][org.eclipse.jetty.servlet.ServletHolder:636]Servlet.init com.cellsgame.game.servlet.GetGameStateServlet@1929425f for com.cellsgame.game.servlet.GetGameStateServlet-f325091
[][4814][2018-10-11 15:06:01][DEBUG][main][org.eclipse.jetty.util.component.AbstractLifeCycle:185]starting com.cellsgame.game.servlet.GetOnlineSizeServlet-437e951d@d6fc4ca1==com.cellsgame.game.servlet.GetOnlineSizeServlet,jsp=null,order=-1,inst=true
[][4814][2018-10-11 15:06:01][DEBUG][main][org.eclipse.jetty.util.component.AbstractLifeCycle:177]STARTED @4920ms com.cellsgame.game.servlet.GetOnlineSizeServlet-437e951d@d6fc4ca1==com.cellsgame.game.servlet.GetOnlineSizeServlet,jsp=null,order=-1,inst=true
[][4814][2018-10-11 15:06:01][DEBUG][main][org.eclipse.jetty.servlet.ServletHolder:636]Servlet.init com.cellsgame.game.servlet.GetOnlineSizeServlet@718607eb for com.cellsgame.game.servlet.GetOnlineSizeServlet-437e951d
[][4814][2018-10-11 15:06:01][DEBUG][main][org.eclipse.jetty.util.component.AbstractLifeCycle:185]starting com.cellsgame.game.servlet.GetPlayerBaseInfoServlet-11963225@83ab3a30==com.cellsgame.game.servlet.GetPlayerBaseInfoServlet,jsp=null,order=-1,inst=true
[][4814][2018-10-11 15:06:01][DEBUG][main][org.eclipse.jetty.util.component.AbstractLifeCycle:177]STARTED @4921ms com.cellsgame.game.servlet.GetPlayerBaseInfoServlet-11963225@83ab3a30==com.cellsgame.game.servlet.GetPlayerBaseInfoServlet,jsp=null,order=-1,inst=true
[][4814][2018-10-11 15:06:01][DEBUG][main][org.eclipse.jetty.servlet.ServletHolder:636]Servlet.init com.cellsgame.game.servlet.GetPlayerBaseInfoServlet@27f3b6d6 for com.cellsgame.game.servlet.GetPlayerBaseInfoServlet-11963225
[][4814][2018-10-11 15:06:01][DEBUG][main][org.eclipse.jetty.util.component.AbstractLifeCycle:185]starting com.cellsgame.game.servlet.GetRankServlet-51abf713@eab3608d==com.cellsgame.game.servlet.GetRankServlet,jsp=null,order=-1,inst=true
[][4814][2018-10-11 15:06:01][DEBUG][main][org.eclipse.jetty.util.component.AbstractLifeCycle:177]STARTED @4921ms com.cellsgame.game.servlet.GetRankServlet-51abf713@eab3608d==com.cellsgame.game.servlet.GetRankServlet,jsp=null,order=-1,inst=true
[][4814][2018-10-11 15:06:01][DEBUG][main][org.eclipse.jetty.servlet.ServletHolder:636]Servlet.init com.cellsgame.game.servlet.GetRankServlet@757f675c for com.cellsgame.game.servlet.GetRankServlet-51abf713
[][4815][2018-10-11 15:06:01][DEBUG][main][org.eclipse.jetty.util.component.AbstractLifeCycle:185]starting com.cellsgame.game.servlet.LoadPlayerServlet-5f577419@ee523f14==com.cellsgame.game.servlet.LoadPlayerServlet,jsp=null,order=-1,inst=true
[][4815][2018-10-11 15:06:01][DEBUG][main][org.eclipse.jetty.util.component.AbstractLifeCycle:177]STARTED @4921ms com.cellsgame.game.servlet.LoadPlayerServlet-5f577419@ee523f14==com.cellsgame.game.servlet.LoadPlayerServlet,jsp=null,order=-1,inst=true
[][4815][2018-10-11 15:06:01][DEBUG][main][org.eclipse.jetty.servlet.ServletHolder:636]Servlet.init com.cellsgame.game.servlet.LoadPlayerServlet@2617f816 for com.cellsgame.game.servlet.LoadPlayerServlet-5f577419
[][4815][2018-10-11 15:06:01][DEBUG][main][org.eclipse.jetty.util.component.AbstractLifeCycle:185]starting com.cellsgame.game.servlet.MailServlet-3a71c100@b7ce2242==com.cellsgame.game.servlet.MailServlet,jsp=null,order=-1,inst=true
[][4815][2018-10-11 15:06:01][DEBUG][main][org.eclipse.jetty.util.component.AbstractLifeCycle:177]STARTED @4922ms com.cellsgame.game.servlet.MailServlet-3a71c100@b7ce2242==com.cellsgame.game.servlet.MailServlet,jsp=null,order=-1,inst=true
[][4815][2018-10-11 15:06:01][DEBUG][main][org.eclipse.jetty.servlet.ServletHolder:636]Servlet.init com.cellsgame.game.servlet.MailServlet@676f0a60 for com.cellsgame.game.servlet.MailServlet-3a71c100
[][4819][2018-10-11 15:06:01][DEBUG][main][org.eclipse.jetty.util.component.AbstractLifeCycle:185]starting com.cellsgame.game.servlet.NotifyServlet-3f3c966c@bea509ab==com.cellsgame.game.servlet.NotifyServlet,jsp=null,order=-1,inst=true
[][4819][2018-10-11 15:06:01][DEBUG][main][org.eclipse.jetty.util.component.AbstractLifeCycle:177]STARTED @4926ms com.cellsgame.game.servlet.NotifyServlet-3f3c966c@bea509ab==com.cellsgame.game.servlet.NotifyServlet,jsp=null,order=-1,inst=true
[][4819][2018-10-11 15:06:01][DEBUG][main][org.eclipse.jetty.servlet.ServletHolder:636]Servlet.init com.cellsgame.game.servlet.NotifyServlet@5d10455d for com.cellsgame.game.servlet.NotifyServlet-3f3c966c
[][4819][2018-10-11 15:06:01][DEBUG][main][org.eclipse.jetty.util.component.AbstractLifeCycle:185]starting com.cellsgame.game.servlet.QueryActivityServlet-61a5b4ae@64590417==com.cellsgame.game.servlet.QueryActivityServlet,jsp=null,order=-1,inst=true
[][4819][2018-10-11 15:06:01][DEBUG][main][org.eclipse.jetty.util.component.AbstractLifeCycle:177]STARTED @4926ms com.cellsgame.game.servlet.QueryActivityServlet-61a5b4ae@64590417==com.cellsgame.game.servlet.QueryActivityServlet,jsp=null,order=-1,inst=true
[][4819][2018-10-11 15:06:01][DEBUG][main][org.eclipse.jetty.servlet.ServletHolder:636]Servlet.init com.cellsgame.game.servlet.QueryActivityServlet@535b8c24 for com.cellsgame.game.servlet.QueryActivityServlet-61a5b4ae
[][4819][2018-10-11 15:06:01][DEBUG][main][org.eclipse.jetty.util.component.AbstractLifeCycle:185]starting com.cellsgame.game.servlet.QueryStoreServlet-6bd51ed8@4f6b5a93==com.cellsgame.game.servlet.QueryStoreServlet,jsp=null,order=-1,inst=true
[][4820][2018-10-11 15:06:01][DEBUG][main][org.eclipse.jetty.util.component.AbstractLifeCycle:177]STARTED @4926ms com.cellsgame.game.servlet.QueryStoreServlet-6bd51ed8@4f6b5a93==com.cellsgame.game.servlet.QueryStoreServlet,jsp=null,order=-1,inst=true
[][4820][2018-10-11 15:06:01][DEBUG][main][org.eclipse.jetty.servlet.ServletHolder:636]Servlet.init com.cellsgame.game.servlet.QueryStoreServlet@4a951911 for com.cellsgame.game.servlet.QueryStoreServlet-6bd51ed8
[][4820][2018-10-11 15:06:01][DEBUG][main][org.eclipse.jetty.util.component.AbstractLifeCycle:185]starting com.cellsgame.game.servlet.ReissuePayFailOrderServlet-7e8e8651@2ed1c7be==com.cellsgame.game.servlet.ReissuePayFailOrderServlet,jsp=null,order=-1,inst=true
[][4820][2018-10-11 15:06:01][DEBUG][main][org.eclipse.jetty.util.component.AbstractLifeCycle:177]STARTED @4926ms com.cellsgame.game.servlet.ReissuePayFailOrderServlet-7e8e8651@2ed1c7be==com.cellsgame.game.servlet.ReissuePayFailOrderServlet,jsp=null,order=-1,inst=true
[][4820][2018-10-11 15:06:01][DEBUG][main][org.eclipse.jetty.servlet.ServletHolder:636]Servlet.init com.cellsgame.game.servlet.ReissuePayFailOrderServlet@55b62629 for com.cellsgame.game.servlet.ReissuePayFailOrderServlet-7e8e8651
[][4820][2018-10-11 15:06:01][DEBUG][main][org.eclipse.jetty.util.component.AbstractLifeCycle:185]starting com.cellsgame.game.servlet.ReleaseActivityServlet-11ee02f8@302a645==com.cellsgame.game.servlet.ReleaseActivityServlet,jsp=null,order=-1,inst=true
[][4820][2018-10-11 15:06:01][DEBUG][main][org.eclipse.jetty.util.component.AbstractLifeCycle:177]STARTED @4927ms com.cellsgame.game.servlet.ReleaseActivityServlet-11ee02f8@302a645==com.cellsgame.game.servlet.ReleaseActivityServlet,jsp=null,order=-1,inst=true
[][4820][2018-10-11 15:06:01][DEBUG][main][org.eclipse.jetty.servlet.ServletHolder:636]Servlet.init com.cellsgame.game.servlet.ReleaseActivityServlet@a53bb6f for com.cellsgame.game.servlet.ReleaseActivityServlet-11ee02f8
[][4820][2018-10-11 15:06:01][DEBUG][main][org.eclipse.jetty.util.component.AbstractLifeCycle:185]starting com.cellsgame.game.servlet.UpdateAllowLoginIpServlet-315df4bb@b6da9a00==com.cellsgame.game.servlet.UpdateAllowLoginIpServlet,jsp=null,order=-1,inst=true
[][4820][2018-10-11 15:06:01][DEBUG][main][org.eclipse.jetty.util.component.AbstractLifeCycle:177]STARTED @4927ms com.cellsgame.game.servlet.UpdateAllowLoginIpServlet-315df4bb@b6da9a00==com.cellsgame.game.servlet.UpdateAllowLoginIpServlet,jsp=null,order=-1,inst=true
[][4820][2018-10-11 15:06:01][DEBUG][main][org.eclipse.jetty.servlet.ServletHolder:636]Servlet.init com.cellsgame.game.servlet.UpdateAllowLoginIpServlet@5e63cad for com.cellsgame.game.servlet.UpdateAllowLoginIpServlet-315df4bb
[][4821][2018-10-11 15:06:01][DEBUG][main][org.eclipse.jetty.util.component.AbstractLifeCycle:185]starting com.cellsgame.game.servlet.UpdateStoreServlet-61e3a1fd@b213ccea==com.cellsgame.game.servlet.UpdateStoreServlet,jsp=null,order=-1,inst=true
[][4821][2018-10-11 15:06:01][DEBUG][main][org.eclipse.jetty.util.component.AbstractLifeCycle:177]STARTED @4927ms com.cellsgame.game.servlet.UpdateStoreServlet-61e3a1fd@b213ccea==com.cellsgame.game.servlet.UpdateStoreServlet,jsp=null,order=-1,inst=true
[][4821][2018-10-11 15:06:01][DEBUG][main][org.eclipse.jetty.servlet.ServletHolder:636]Servlet.init com.cellsgame.game.servlet.UpdateStoreServlet@6759f091 for com.cellsgame.game.servlet.UpdateStoreServlet-61e3a1fd
[][4821][2018-10-11 15:06:01][DEBUG][main][org.eclipse.jetty.util.component.AbstractLifeCycle:185]starting org.eclipse.jetty.servlet.ServletHandler$Default404Servlet-6f330eb9@b4510bf0==org.eclipse.jetty.servlet.ServletHandler$Default404Servlet,jsp=null,order=-1,inst=false
[][4821][2018-10-11 15:06:01][DEBUG][main][org.eclipse.jetty.util.component.AbstractLifeCycle:177]STARTED @4928ms org.eclipse.jetty.servlet.ServletHandler$Default404Servlet-6f330eb9@b4510bf0==org.eclipse.jetty.servlet.ServletHandler$Default404Servlet,jsp=null,order=-1,inst=false
[][4821][2018-10-11 15:06:01][DEBUG][main][org.eclipse.jetty.util.component.AbstractLifeCycle:177]STARTED @4928ms o.e.j.s.ServletContextHandler@3a7704c{/game,null,AVAILABLE}
[][4821][2018-10-11 15:06:01][DEBUG][main][org.eclipse.jetty.util.component.AbstractLifeCycle:185]starting org.eclipse.jetty.server.handler.ErrorHandler@632aa1a3
[][4821][2018-10-11 15:06:01][DEBUG][main][org.eclipse.jetty.server.handler.AbstractHandler:110]starting org.eclipse.jetty.server.handler.ErrorHandler@632aa1a3
[][4821][2018-10-11 15:06:01][DEBUG][main][org.eclipse.jetty.util.component.AbstractLifeCycle:177]STARTED @4928ms org.eclipse.jetty.server.handler.ErrorHandler@632aa1a3
[][4822][2018-10-11 15:06:01][DEBUG][main][org.eclipse.jetty.util.component.AbstractLifeCycle:185]starting ServerConnector@54e81b21{HTTP/1.1,[http/1.1]}{0.0.0.0:7001}
[][4828][2018-10-11 15:06:01][DEBUG][main][org.eclipse.jetty.util.component.ContainerLifeCycle:322]ServerConnector@54e81b21{HTTP/1.1,[http/1.1]}{0.0.0.0:7001} added {sun.nio.ch.ServerSocketChannelImpl[/0:0:0:0:0:0:0:0:7001],POJO}
[][4829][2018-10-11 15:06:01][DEBUG][main][org.eclipse.jetty.util.component.AbstractLifeCycle:185]starting org.eclipse.jetty.util.thread.ScheduledExecutorScheduler@54f5f647
[][4829][2018-10-11 15:06:01][DEBUG][main][org.eclipse.jetty.util.component.AbstractLifeCycle:177]STARTED @4936ms org.eclipse.jetty.util.thread.ScheduledExecutorScheduler@54f5f647
[][4830][2018-10-11 15:06:01][DEBUG][main][org.eclipse.jetty.util.component.AbstractLifeCycle:185]starting HttpConnectionFactory@1ad777f[HTTP/1.1]
[][4830][2018-10-11 15:06:01][DEBUG][main][org.eclipse.jetty.util.component.AbstractLifeCycle:177]STARTED @4936ms HttpConnectionFactory@1ad777f[HTTP/1.1]
[][4830][2018-10-11 15:06:01][DEBUG][main][org.eclipse.jetty.util.component.AbstractLifeCycle:185]starting org.eclipse.jetty.server.ServerConnector$ServerConnectorManager@50cf5a23
[][4837][2018-10-11 15:06:01][DEBUG][main][org.eclipse.jetty.util.component.ContainerLifeCycle:322]org.eclipse.jetty.io.ManagedSelector@408613cc id=0 keys=-1 selected=-1 added {EatWhatYouKill@325f7fa9/org.eclipse.jetty.io.ManagedSelector$SelectorProducer@11ce2e22/IDLE/0/1,AUTO}
[][4837][2018-10-11 15:06:01][DEBUG][main][org.eclipse.jetty.util.component.ContainerLifeCycle:322]org.eclipse.jetty.server.ServerConnector$ServerConnectorManager@50cf5a23 added {org.eclipse.jetty.io.ManagedSelector@408613cc id=0 keys=-1 selected=-1,AUTO}
[][4838][2018-10-11 15:06:01][DEBUG][main][org.eclipse.jetty.util.component.ContainerLifeCycle:322]org.eclipse.jetty.io.ManagedSelector@63a5d002 id=1 keys=-1 selected=-1 added {EatWhatYouKill@13cda7c9/org.eclipse.jetty.io.ManagedSelector$SelectorProducer@5aa6202e/IDLE/0/1,AUTO}
[][4838][2018-10-11 15:06:01][DEBUG][main][org.eclipse.jetty.util.component.ContainerLifeCycle:322]org.eclipse.jetty.server.ServerConnector$ServerConnectorManager@50cf5a23 added {org.eclipse.jetty.io.ManagedSelector@63a5d002 id=1 keys=-1 selected=-1,AUTO}
[][4838][2018-10-11 15:06:01][DEBUG][main][org.eclipse.jetty.util.component.AbstractLifeCycle:185]starting org.eclipse.jetty.io.ManagedSelector@408613cc id=0 keys=-1 selected=-1
[][4838][2018-10-11 15:06:01][DEBUG][main][org.eclipse.jetty.util.component.AbstractLifeCycle:185]starting EatWhatYouKill@325f7fa9/org.eclipse.jetty.io.ManagedSelector$SelectorProducer@11ce2e22/IDLE/0/1
[][4838][2018-10-11 15:06:01][DEBUG][main][org.eclipse.jetty.util.component.AbstractLifeCycle:177]STARTED @4945ms EatWhatYouKill@325f7fa9/org.eclipse.jetty.io.ManagedSelector$SelectorProducer@11ce2e22/IDLE/0/1
[][4987][2018-10-11 15:06:01][DEBUG][main][org.eclipse.jetty.util.thread.QueuedThreadPool:381]queue org.eclipse.jetty.io.ManagedSelector$$Lambda$52/2027133545@3c818ac4
[][4987][2018-10-11 15:06:01][DEBUG][main][org.eclipse.jetty.util.component.AbstractLifeCycle:177]STARTED @5094ms org.eclipse.jetty.io.ManagedSelector@408613cc id=0 keys=0 selected=0
[][4987][2018-10-11 15:06:01][DEBUG][main][org.eclipse.jetty.util.component.AbstractLifeCycle:185]starting org.eclipse.jetty.io.ManagedSelector@63a5d002 id=1 keys=-1 selected=-1
[][4987][2018-10-11 15:06:01][DEBUG][main][org.eclipse.jetty.util.component.AbstractLifeCycle:185]starting EatWhatYouKill@13cda7c9/org.eclipse.jetty.io.ManagedSelector$SelectorProducer@5aa6202e/IDLE/0/1
[][4988][2018-10-11 15:06:01][DEBUG][main][org.eclipse.jetty.util.component.AbstractLifeCycle:177]STARTED @5094ms EatWhatYouKill@13cda7c9/org.eclipse.jetty.io.ManagedSelector$SelectorProducer@5aa6202e/IDLE/0/1
[][4988][2018-10-11 15:06:01][DEBUG][qtp234223040-31][org.eclipse.jetty.util.thread.QueuedThreadPool:590]run org.eclipse.jetty.io.ManagedSelector$$Lambda$52/2027133545@3c818ac4
[][4989][2018-10-11 15:06:01][DEBUG][main][org.eclipse.jetty.util.thread.QueuedThreadPool:381]queue org.eclipse.jetty.io.ManagedSelector$$Lambda$52/2027133545@5b69d40d
[][4989][2018-10-11 15:06:01][DEBUG][qtp234223040-31][org.eclipse.jetty.util.thread.strategy.EatWhatYouKill:123]EatWhatYouKill@325f7fa9/org.eclipse.jetty.io.ManagedSelector$SelectorProducer@11ce2e22/PRODUCING/0/1 execute true
[][4989][2018-10-11 15:06:01][DEBUG][main][org.eclipse.jetty.util.component.AbstractLifeCycle:177]STARTED @5096ms org.eclipse.jetty.io.ManagedSelector@63a5d002 id=1 keys=0 selected=0
[][4989][2018-10-11 15:06:01][DEBUG][main][org.eclipse.jetty.util.component.AbstractLifeCycle:177]STARTED @5096ms org.eclipse.jetty.server.ServerConnector$ServerConnectorManager@50cf5a23
[][4990][2018-10-11 15:06:01][DEBUG][qtp234223040-32][org.eclipse.jetty.util.thread.QueuedThreadPool:590]run org.eclipse.jetty.io.ManagedSelector$$Lambda$52/2027133545@5b69d40d
[][4990][2018-10-11 15:06:01][DEBUG][qtp234223040-32][org.eclipse.jetty.util.thread.strategy.EatWhatYouKill:123]EatWhatYouKill@13cda7c9/org.eclipse.jetty.io.ManagedSelector$SelectorProducer@5aa6202e/PRODUCING/0/1 execute true
[][4991][2018-10-11 15:06:01][DEBUG][qtp234223040-31][org.eclipse.jetty.util.thread.strategy.EatWhatYouKill:206]EatWhatYouKill@325f7fa9/org.eclipse.jetty.io.ManagedSelector$SelectorProducer@11ce2e22/PRODUCING/0/1 produce non-blocking
[][4991][2018-10-11 15:06:01][DEBUG][qtp234223040-31][org.eclipse.jetty.io.ManagedSelector:233]Selector loop waiting on select
[][4992][2018-10-11 15:06:01][DEBUG][qtp234223040-32][org.eclipse.jetty.util.thread.strategy.EatWhatYouKill:206]EatWhatYouKill@13cda7c9/org.eclipse.jetty.io.ManagedSelector$SelectorProducer@5aa6202e/PRODUCING/0/1 produce non-blocking
[][4992][2018-10-11 15:06:01][DEBUG][qtp234223040-32][org.eclipse.jetty.io.ManagedSelector:233]Selector loop waiting on select
[][4992][2018-10-11 15:06:01][DEBUG][main][org.eclipse.jetty.util.component.ContainerLifeCycle:322]ServerConnector@54e81b21{HTTP/1.1,[http/1.1]}{0.0.0.0:7001} added {acceptor-0@2516fc68,POJO}
[][4992][2018-10-11 15:06:01][DEBUG][main][org.eclipse.jetty.util.thread.QueuedThreadPool:381]queue acceptor-0@2516fc68
[][4992][2018-10-11 15:06:01][DEBUG][main][org.eclipse.jetty.util.component.AbstractLifeCycle:177]STARTED @5099ms ServerConnector@54e81b21{HTTP/1.1,[http/1.1]}{0.0.0.0:7001}
[][4993][2018-10-11 15:06:01][DEBUG][main][org.eclipse.jetty.util.component.AbstractLifeCycle:177]STARTED @5099ms org.eclipse.jetty.server.Server@74a9c4b0
[][4993][2018-10-11 15:06:01][DEBUG][qtp234223040-35][org.eclipse.jetty.util.thread.QueuedThreadPool:590]run acceptor-0@2516fc68
