[][4750][2018-10-11 15:08:59][DEBUG][main][org.eclipse.jetty.util.log:180]Logging to org.apache.logging.slf4j.Log4jLogger@37d3d232 via org.eclipse.jetty.util.log.Slf4jLog
[][4765][2018-10-11 15:08:59][DEBUG][main][org.eclipse.jetty.util.DecoratedObjectFactory:52]Adding Decorator: org.eclipse.jetty.util.DeprecationWarning@475b7792
[][4778][2018-10-11 15:08:59][DEBUG][main][org.eclipse.jetty.util.component.ContainerLifeCycle:322]o.e.j.s.ServletContextHandler@3a7704c{/,null,UNAVAILABLE} added {org.eclipse.jetty.server.session.SessionHandler1733619456==dftMaxIdleSec=-1,MANAGED}
[][4784][2018-10-11 15:08:59][DEBUG][main][org.eclipse.jetty.util.component.ContainerLifeCycle:322]org.eclipse.jetty.server.session.SessionHandler1733619456==dftMaxIdleSec=-1 added {org.eclipse.jetty.servlet.ServletHandler@32c0915e,MANAGED}
[][4797][2018-10-11 15:08:59][DEBUG][main][org.eclipse.jetty.util.component.ContainerLifeCycle:322]org.eclipse.jetty.servlet.ServletHandler@32c0915e added {com.cellsgame.game.servlet.LoadPlayerServlet-5f577419@ee523f14==com.cellsgame.game.servlet.LoadPlayerServlet,jsp=null,order=-1,inst=true,AUTO}
[][4798][2018-10-11 15:08:59][DEBUG][main][org.eclipse.jetty.util.component.ContainerLifeCycle:322]org.eclipse.jetty.servlet.ServletHandler@32c0915e added {[/loadPlayer]=>com.cellsgame.game.servlet.LoadPlayerServlet-5f577419,POJO}
[][4799][2018-10-11 15:08:59][DEBUG][main][org.eclipse.jetty.util.component.ContainerLifeCycle:322]org.eclipse.jetty.servlet.ServletHandler@32c0915e added {com.cellsgame.game.servlet.GetPlayerBaseInfoServlet-11963225@83ab3a30==com.cellsgame.game.servlet.GetPlayerBaseInfoServlet,jsp=null,order=-1,inst=true,AUTO}
[][4799][2018-10-11 15:08:59][DEBUG][main][org.eclipse.jetty.util.component.ContainerLifeCycle:322]org.eclipse.jetty.servlet.ServletHandler@32c0915e added {[/getPlayerBaseInfo]=>com.cellsgame.game.servlet.GetPlayerBaseInfoServlet-11963225,POJO}
[][4799][2018-10-11 15:08:59][DEBUG][main][org.eclipse.jetty.util.component.ContainerLifeCycle:322]org.eclipse.jetty.servlet.ServletHandler@32c0915e added {com.cellsgame.game.servlet.NotifyServlet-3f3c966c@bea509ab==com.cellsgame.game.servlet.NotifyServlet,jsp=null,order=-1,inst=true,AUTO}
[][4800][2018-10-11 15:08:59][DEBUG][main][org.eclipse.jetty.util.component.ContainerLifeCycle:322]org.eclipse.jetty.servlet.ServletHandler@32c0915e added {[/notify]=>com.cellsgame.game.servlet.NotifyServlet-3f3c966c,POJO}
[][4801][2018-10-11 15:08:59][DEBUG][main][org.eclipse.jetty.util.component.ContainerLifeCycle:322]org.eclipse.jetty.servlet.ServletHandler@32c0915e added {com.cellsgame.game.servlet.ReleaseActivityServlet-11ee02f8@302a645==com.cellsgame.game.servlet.ReleaseActivityServlet,jsp=null,order=-1,inst=true,AUTO}
[][4801][2018-10-11 15:08:59][DEBUG][main][org.eclipse.jetty.util.component.ContainerLifeCycle:322]org.eclipse.jetty.servlet.ServletHandler@32c0915e added {[/releaseActivity]=>com.cellsgame.game.servlet.ReleaseActivityServlet-11ee02f8,POJO}
[][4801][2018-10-11 15:08:59][DEBUG][main][org.eclipse.jetty.util.component.ContainerLifeCycle:322]org.eclipse.jetty.servlet.ServletHandler@32c0915e added {com.cellsgame.game.servlet.DeleteActivityServlet-4102b1b1@35f449ac==com.cellsgame.game.servlet.DeleteActivityServlet,jsp=null,order=-1,inst=true,AUTO}
[][4801][2018-10-11 15:08:59][DEBUG][main][org.eclipse.jetty.util.component.ContainerLifeCycle:322]org.eclipse.jetty.servlet.ServletHandler@32c0915e added {[/deleteActivity]=>com.cellsgame.game.servlet.DeleteActivityServlet-4102b1b1,POJO}
[][4802][2018-10-11 15:08:59][DEBUG][main][org.eclipse.jetty.util.component.ContainerLifeCycle:322]org.eclipse.jetty.servlet.ServletHandler@32c0915e added {com.cellsgame.game.servlet.QueryActivityServlet-61a5b4ae@64590417==com.cellsgame.game.servlet.QueryActivityServlet,jsp=null,order=-1,inst=true,AUTO}
[][4802][2018-10-11 15:08:59][DEBUG][main][org.eclipse.jetty.util.component.ContainerLifeCycle:322]org.eclipse.jetty.servlet.ServletHandler@32c0915e added {[/queryActivity]=>com.cellsgame.game.servlet.QueryActivityServlet-61a5b4ae,POJO}
[][4803][2018-10-11 15:08:59][DEBUG][main][org.eclipse.jetty.util.component.ContainerLifeCycle:322]org.eclipse.jetty.servlet.ServletHandler@32c0915e added {com.cellsgame.game.servlet.MailServlet-3a71c100@b7ce2242==com.cellsgame.game.servlet.MailServlet,jsp=null,order=-1,inst=true,AUTO}
[][4803][2018-10-11 15:08:59][DEBUG][main][org.eclipse.jetty.util.component.ContainerLifeCycle:322]org.eclipse.jetty.servlet.ServletHandler@32c0915e added {[/mail]=>com.cellsgame.game.servlet.MailServlet-3a71c100,POJO}
[][4804][2018-10-11 15:08:59][DEBUG][main][org.eclipse.jetty.util.component.ContainerLifeCycle:322]org.eclipse.jetty.servlet.ServletHandler@32c0915e added {com.cellsgame.game.servlet.GameStateChangeServlet-5b69fd74@37386df5==com.cellsgame.game.servlet.GameStateChangeServlet,jsp=null,order=-1,inst=true,AUTO}
[][4805][2018-10-11 15:08:59][DEBUG][main][org.eclipse.jetty.util.component.ContainerLifeCycle:322]org.eclipse.jetty.servlet.ServletHandler@32c0915e added {[/stateChange]=>com.cellsgame.game.servlet.GameStateChangeServlet-5b69fd74,POJO}
[][4805][2018-10-11 15:08:59][DEBUG][main][org.eclipse.jetty.util.component.ContainerLifeCycle:322]org.eclipse.jetty.servlet.ServletHandler@32c0915e added {com.cellsgame.game.servlet.GetGameStateServlet-f325091@dd525fa==com.cellsgame.game.servlet.GetGameStateServlet,jsp=null,order=-1,inst=true,AUTO}
[][4806][2018-10-11 15:08:59][DEBUG][main][org.eclipse.jetty.util.component.ContainerLifeCycle:322]org.eclipse.jetty.servlet.ServletHandler@32c0915e added {[/getState]=>com.cellsgame.game.servlet.GetGameStateServlet-f325091,POJO}
[][4807][2018-10-11 15:08:59][DEBUG][main][org.eclipse.jetty.util.component.ContainerLifeCycle:322]org.eclipse.jetty.servlet.ServletHandler@32c0915e added {com.cellsgame.game.servlet.GetOnlineSizeServlet-437e951d@d6fc4ca1==com.cellsgame.game.servlet.GetOnlineSizeServlet,jsp=null,order=-1,inst=true,AUTO}
[][4807][2018-10-11 15:08:59][DEBUG][main][org.eclipse.jetty.util.component.ContainerLifeCycle:322]org.eclipse.jetty.servlet.ServletHandler@32c0915e added {[/onlineSize]=>com.cellsgame.game.servlet.GetOnlineSizeServlet-437e951d,POJO}
[][4807][2018-10-11 15:08:59][DEBUG][main][org.eclipse.jetty.util.component.ContainerLifeCycle:322]org.eclipse.jetty.servlet.ServletHandler@32c0915e added {com.cellsgame.game.servlet.ChangePlayerStateServlet-77b325b3@9e74b8e0==com.cellsgame.game.servlet.ChangePlayerStateServlet,jsp=null,order=-1,inst=true,AUTO}
[][4808][2018-10-11 15:08:59][DEBUG][main][org.eclipse.jetty.util.component.ContainerLifeCycle:322]org.eclipse.jetty.servlet.ServletHandler@32c0915e added {[/setPlayerState]=>com.cellsgame.game.servlet.ChangePlayerStateServlet-77b325b3,POJO}
[][4808][2018-10-11 15:08:59][DEBUG][main][org.eclipse.jetty.util.component.ContainerLifeCycle:322]org.eclipse.jetty.servlet.ServletHandler@32c0915e added {com.cellsgame.game.servlet.ChangePlayerStateServlet-63a5e46c@61791b68==com.cellsgame.game.servlet.ChangePlayerStateServlet,jsp=null,order=-1,inst=true,AUTO}
[][4808][2018-10-11 15:08:59][DEBUG][main][org.eclipse.jetty.util.component.ContainerLifeCycle:322]org.eclipse.jetty.servlet.ServletHandler@32c0915e added {[/resetPlayerState]=>com.cellsgame.game.servlet.ChangePlayerStateServlet-63a5e46c,POJO}
[][4811][2018-10-11 15:08:59][DEBUG][main][org.eclipse.jetty.util.component.ContainerLifeCycle:322]org.eclipse.jetty.servlet.ServletHandler@32c0915e added {com.cellsgame.game.servlet.ReissuePayFailOrderServlet-7e8e8651@2ed1c7be==com.cellsgame.game.servlet.ReissuePayFailOrderServlet,jsp=null,order=-1,inst=true,AUTO}
[][4811][2018-10-11 15:08:59][DEBUG][main][org.eclipse.jetty.util.component.ContainerLifeCycle:322]org.eclipse.jetty.servlet.ServletHandler@32c0915e added {[/reissueOrder]=>com.cellsgame.game.servlet.ReissuePayFailOrderServlet-7e8e8651,POJO}
[][4812][2018-10-11 15:08:59][DEBUG][main][org.eclipse.jetty.util.component.ContainerLifeCycle:322]org.eclipse.jetty.servlet.ServletHandler@32c0915e added {com.cellsgame.game.servlet.CreateStoreServlet-49ef32e0@c6cdbf0==com.cellsgame.game.servlet.CreateStoreServlet,jsp=null,order=-1,inst=true,AUTO}
[][4812][2018-10-11 15:08:59][DEBUG][main][org.eclipse.jetty.util.component.ContainerLifeCycle:322]org.eclipse.jetty.servlet.ServletHandler@32c0915e added {[/createStore]=>com.cellsgame.game.servlet.CreateStoreServlet-49ef32e0,POJO}
[][4812][2018-10-11 15:08:59][DEBUG][main][org.eclipse.jetty.util.component.ContainerLifeCycle:322]org.eclipse.jetty.servlet.ServletHandler@32c0915e added {com.cellsgame.game.servlet.DeleteStoreServlet-271f18d3@28c167c1==com.cellsgame.game.servlet.DeleteStoreServlet,jsp=null,order=-1,inst=true,AUTO}
[][4813][2018-10-11 15:08:59][DEBUG][main][org.eclipse.jetty.util.component.ContainerLifeCycle:322]org.eclipse.jetty.servlet.ServletHandler@32c0915e added {[/deleteStore]=>com.cellsgame.game.servlet.DeleteStoreServlet-271f18d3,POJO}
[][4814][2018-10-11 15:08:59][DEBUG][main][org.eclipse.jetty.util.component.ContainerLifeCycle:322]org.eclipse.jetty.servlet.ServletHandler@32c0915e added {com.cellsgame.game.servlet.QueryStoreServlet-6bd51ed8@4f6b5a93==com.cellsgame.game.servlet.QueryStoreServlet,jsp=null,order=-1,inst=true,AUTO}
[][4814][2018-10-11 15:08:59][DEBUG][main][org.eclipse.jetty.util.component.ContainerLifeCycle:322]org.eclipse.jetty.servlet.ServletHandler@32c0915e added {[/queryStore]=>com.cellsgame.game.servlet.QueryStoreServlet-6bd51ed8,POJO}
[][4815][2018-10-11 15:08:59][DEBUG][main][org.eclipse.jetty.util.component.ContainerLifeCycle:322]org.eclipse.jetty.servlet.ServletHandler@32c0915e added {com.cellsgame.game.servlet.UpdateStoreServlet-61e3a1fd@b213ccea==com.cellsgame.game.servlet.UpdateStoreServlet,jsp=null,order=-1,inst=true,AUTO}
[][4815][2018-10-11 15:08:59][DEBUG][main][org.eclipse.jetty.util.component.ContainerLifeCycle:322]org.eclipse.jetty.servlet.ServletHandler@32c0915e added {[/updateStore]=>com.cellsgame.game.servlet.UpdateStoreServlet-61e3a1fd,POJO}
[][4816][2018-10-11 15:08:59][DEBUG][main][org.eclipse.jetty.util.component.ContainerLifeCycle:322]org.eclipse.jetty.servlet.ServletHandler@32c0915e added {com.cellsgame.game.servlet.GetRankServlet-51abf713@eab3608d==com.cellsgame.game.servlet.GetRankServlet,jsp=null,order=-1,inst=true,AUTO}
[][4816][2018-10-11 15:08:59][DEBUG][main][org.eclipse.jetty.util.component.ContainerLifeCycle:322]org.eclipse.jetty.servlet.ServletHandler@32c0915e added {[/getRank]=>com.cellsgame.game.servlet.GetRankServlet-51abf713,POJO}
[][4816][2018-10-11 15:08:59][DEBUG][main][org.eclipse.jetty.util.component.ContainerLifeCycle:322]org.eclipse.jetty.servlet.ServletHandler@32c0915e added {com.cellsgame.game.servlet.ChangeCurrencyServlet-eadb475@b23c9762==com.cellsgame.game.servlet.ChangeCurrencyServlet,jsp=null,order=-1,inst=true,AUTO}
[][4817][2018-10-11 15:08:59][DEBUG][main][org.eclipse.jetty.util.component.ContainerLifeCycle:322]org.eclipse.jetty.servlet.ServletHandler@32c0915e added {[/changeCurrency]=>com.cellsgame.game.servlet.ChangeCurrencyServlet-eadb475,POJO}
[][4818][2018-10-11 15:08:59][DEBUG][main][org.eclipse.jetty.util.component.ContainerLifeCycle:322]org.eclipse.jetty.servlet.ServletHandler@32c0915e added {com.cellsgame.game.servlet.ChangeGoodsServlet-4d4d48a6@babcf1a==com.cellsgame.game.servlet.ChangeGoodsServlet,jsp=null,order=-1,inst=true,AUTO}
[][4818][2018-10-11 15:08:59][DEBUG][main][org.eclipse.jetty.util.component.ContainerLifeCycle:322]org.eclipse.jetty.servlet.ServletHandler@32c0915e added {[/changeGoods]=>com.cellsgame.game.servlet.ChangeGoodsServlet-4d4d48a6,POJO}
[][4819][2018-10-11 15:08:59][DEBUG][main][org.eclipse.jetty.util.component.ContainerLifeCycle:322]org.eclipse.jetty.servlet.ServletHandler@32c0915e added {com.cellsgame.game.servlet.UpdateAllowLoginIpServlet-315df4bb@b6da9a00==com.cellsgame.game.servlet.UpdateAllowLoginIpServlet,jsp=null,order=-1,inst=true,AUTO}
[][4819][2018-10-11 15:08:59][DEBUG][main][org.eclipse.jetty.util.component.ContainerLifeCycle:322]org.eclipse.jetty.servlet.ServletHandler@32c0915e added {[/updateAllowLoginIp]=>com.cellsgame.game.servlet.UpdateAllowLoginIpServlet-315df4bb,POJO}
[][4827][2018-10-11 15:08:59][DEBUG][main][org.eclipse.jetty.util.component.ContainerLifeCycle:322]org.eclipse.jetty.server.Server@74a9c4b0 added {qtp234223040{STOPPED,8<=0<=200,i=0,q=0},AUTO}
[][4846][2018-10-11 15:08:59][DEBUG][main][org.eclipse.jetty.util.component.ContainerLifeCycle:322]HttpConnectionFactory@1ad777f[HTTP/1.1] added {HttpConfiguration@5bbbdd4b{32768/8192,8192/8192,https://:0,[]},POJO}
[][4851][2018-10-11 15:08:59][DEBUG][main][org.eclipse.jetty.util.component.ContainerLifeCycle:322]ServerConnector@54e81b21{null,[]}{0.0.0.0:0} added {org.eclipse.jetty.server.Server@74a9c4b0,UNMANAGED}
[][4851][2018-10-11 15:08:59][DEBUG][main][org.eclipse.jetty.util.component.ContainerLifeCycle:322]ServerConnector@54e81b21{null,[]}{0.0.0.0:0} added {qtp234223040{STOPPED,8<=0<=200,i=0,q=0},AUTO}
[][4851][2018-10-11 15:08:59][DEBUG][main][org.eclipse.jetty.util.component.ContainerLifeCycle:322]ServerConnector@54e81b21{null,[]}{0.0.0.0:0} added {org.eclipse.jetty.util.thread.ScheduledExecutorScheduler@54f5f647,AUTO}
[][4851][2018-10-11 15:08:59][DEBUG][main][org.eclipse.jetty.util.component.ContainerLifeCycle:322]ServerConnector@54e81b21{null,[]}{0.0.0.0:0} added {org.eclipse.jetty.io.ArrayByteBufferPool@38d5b107,POJO}
[][4852][2018-10-11 15:08:59][DEBUG][main][org.eclipse.jetty.util.component.ContainerLifeCycle:322]ServerConnector@54e81b21{null,[http/1.1]}{0.0.0.0:0} added {HttpConnectionFactory@1ad777f[HTTP/1.1],AUTO}
[][4852][2018-10-11 15:08:59][DEBUG][main][org.eclipse.jetty.server.AbstractConnector:406]ServerConnector@54e81b21{HTTP/1.1,[http/1.1]}{0.0.0.0:0} added HttpConnectionFactory@1ad777f[HTTP/1.1]
[][4854][2018-10-11 15:08:59][DEBUG][main][org.eclipse.jetty.util.component.ContainerLifeCycle:322]ServerConnector@54e81b21{HTTP/1.1,[http/1.1]}{0.0.0.0:0} added {org.eclipse.jetty.server.ServerConnector$ServerConnectorManager@50cf5a23,MANAGED}
[][4855][2018-10-11 15:08:59][DEBUG][main][org.eclipse.jetty.util.component.ContainerLifeCycle:322]org.eclipse.jetty.server.Server@74a9c4b0 added {ServerConnector@54e81b21{HTTP/1.1,[http/1.1]}{0.0.0.0:7001},AUTO}
[][4855][2018-10-11 15:08:59][DEBUG][main][org.eclipse.jetty.util.component.ContainerLifeCycle:322]org.eclipse.jetty.server.Server@74a9c4b0 added {o.e.j.s.ServletContextHandler@3a7704c{/game,null,UNAVAILABLE},MANAGED}
[][4855][2018-10-11 15:08:59][DEBUG][main][org.eclipse.jetty.util.component.AbstractLifeCycle:185]starting org.eclipse.jetty.server.Server@74a9c4b0
[][4857][2018-10-11 15:08:59][DEBUG][main][org.eclipse.jetty.util.component.ContainerLifeCycle:322]org.eclipse.jetty.server.Server@74a9c4b0 added {org.eclipse.jetty.server.handler.ErrorHandler@632aa1a3,AUTO}
[][4882][2018-10-11 15:08:59][DEBUG][main][org.eclipse.jetty.server.handler.AbstractHandler:110]starting org.eclipse.jetty.server.Server@74a9c4b0
[][4882][2018-10-11 15:08:59][DEBUG][main][org.eclipse.jetty.util.component.AbstractLifeCycle:185]starting qtp234223040{STOPPED,8<=0<=200,i=0,q=0}
[][4885][2018-10-11 15:08:59][DEBUG][main][org.eclipse.jetty.util.component.AbstractLifeCycle:177]STARTED @4987ms qtp234223040{STARTED,8<=8<=200,i=4,q=0}
[][4885][2018-10-11 15:08:59][DEBUG][main][org.eclipse.jetty.util.component.AbstractLifeCycle:185]starting o.e.j.s.ServletContextHandler@3a7704c{/game,null,UNAVAILABLE}
[][4892][2018-10-11 15:08:59][DEBUG][main][org.eclipse.jetty.http.PreEncodedHttpField:64]HttpField encoders loaded: [org.eclipse.jetty.http.Http1FieldPreEncoder@71ea1fda]
[][4901][2018-10-11 15:08:59][DEBUG][main][org.eclipse.jetty.server.handler.AbstractHandler:110]starting o.e.j.s.ServletContextHandler@3a7704c{/game,null,STARTING}
[][4901][2018-10-11 15:08:59][DEBUG][main][org.eclipse.jetty.util.component.AbstractLifeCycle:185]starting org.eclipse.jetty.server.session.SessionHandler1733619456==dftMaxIdleSec=-1
[][4908][2018-10-11 15:08:59][DEBUG][main][org.eclipse.jetty.util.component.ContainerLifeCycle:322]org.eclipse.jetty.server.session.SessionHandler1733619456==dftMaxIdleSec=-1 added {org.eclipse.jetty.server.session.DefaultSessionCache@553f3b6e[evict=-1,removeUnloadable=false,saveOnCreate=false,saveOnInactiveEvict=false],AUTO}
[][4911][2018-10-11 15:08:59][DEBUG][main][org.eclipse.jetty.util.component.ContainerLifeCycle:322]org.eclipse.jetty.server.session.DefaultSessionCache@553f3b6e[evict=-1,removeUnloadable=false,saveOnCreate=false,saveOnInactiveEvict=false] added {org.eclipse.jetty.server.session.NullSessionDataStore@15b986cd[passivating=false,graceSec=3600],AUTO}
[][4913][2018-10-11 15:08:59][DEBUG][main][org.eclipse.jetty.util.component.AbstractLifeCycle:185]starting org.eclipse.jetty.server.session.DefaultSessionIdManager@6b530eb9[worker=null]
[][4922][2018-10-11 15:08:59][DEBUG][main][org.eclipse.jetty.util.component.ContainerLifeCycle:322]org.eclipse.jetty.server.session.DefaultSessionIdManager@6b530eb9[worker=node0] added {org.eclipse.jetty.server.session.HouseKeeper@28b576a9[interval=600000, ownscheduler=false],MANAGED}
[][4923][2018-10-11 15:08:59][DEBUG][main][org.eclipse.jetty.util.component.AbstractLifeCycle:185]starting org.eclipse.jetty.server.session.HouseKeeper@28b576a9[interval=600000, ownscheduler=false]
[][4923][2018-10-11 15:08:59][DEBUG][main][org.eclipse.jetty.util.component.AbstractLifeCycle:185]starting org.eclipse.jetty.util.thread.ScheduledExecutorScheduler@7cf7aee
[][4925][2018-10-11 15:08:59][DEBUG][main][org.eclipse.jetty.util.component.AbstractLifeCycle:177]STARTED @5027ms org.eclipse.jetty.util.thread.ScheduledExecutorScheduler@7cf7aee
[][4925][2018-10-11 15:08:59][DEBUG][main][org.eclipse.jetty.server.session:127]Using own scheduler for scavenging
[][4927][2018-10-11 15:08:59][DEBUG][main][org.eclipse.jetty.util.component.AbstractLifeCycle:177]STARTED @5029ms org.eclipse.jetty.server.session.HouseKeeper@28b576a9[interval=660000, ownscheduler=true]
[][4927][2018-10-11 15:08:59][DEBUG][main][org.eclipse.jetty.util.component.AbstractLifeCycle:177]STARTED @5030ms org.eclipse.jetty.server.session.DefaultSessionIdManager@6b530eb9[worker=node0]
[][4928][2018-10-11 15:08:59][DEBUG][main][org.eclipse.jetty.util.component.ContainerLifeCycle:322]org.eclipse.jetty.server.Server@74a9c4b0 added {org.eclipse.jetty.server.session.DefaultSessionIdManager@6b530eb9[worker=node0],MANAGED}
[][4928][2018-10-11 15:08:59][DEBUG][main][org.eclipse.jetty.util.component.ContainerLifeCycle:322]org.eclipse.jetty.server.session.SessionHandler1733619456==dftMaxIdleSec=-1 added {org.eclipse.jetty.server.session.DefaultSessionIdManager@6b530eb9[worker=node0],UNMANAGED}
[][4928][2018-10-11 15:08:59][DEBUG][main][org.eclipse.jetty.util.component.AbstractLifeCycle:185]starting org.eclipse.jetty.util.thread.ScheduledExecutorScheduler@60297f36
[][4928][2018-10-11 15:08:59][DEBUG][main][org.eclipse.jetty.util.component.AbstractLifeCycle:177]STARTED @5031ms org.eclipse.jetty.util.thread.ScheduledExecutorScheduler@60297f36
[][4929][2018-10-11 15:08:59][DEBUG][main][org.eclipse.jetty.server.handler.AbstractHandler:110]starting org.eclipse.jetty.server.session.SessionHandler1733619456==dftMaxIdleSec=-1
[][4930][2018-10-11 15:08:59][DEBUG][main][org.eclipse.jetty.util.component.AbstractLifeCycle:185]starting org.eclipse.jetty.servlet.ServletHandler@32c0915e
[][4932][2018-10-11 15:08:59][DEBUG][main][org.eclipse.jetty.servlet.ServletHandler:1439]Path=/releaseActivity[EMBEDDED:null] mapped to servlet=com.cellsgame.game.servlet.ReleaseActivityServlet-11ee02f8[EMBEDDED:null]
[][4935][2018-10-11 15:08:59][DEBUG][main][org.eclipse.jetty.http.pathmap.PathMappings:239]Added MappedResource[pathSpec=ServletPathSpec["/releaseActivity",pathDepth=1,group=EXACT],resource=com.cellsgame.game.servlet.ReleaseActivityServlet-11ee02f8@302a645==com.cellsgame.game.servlet.ReleaseActivityServlet,jsp=null,order=-1,inst=true] to PathMappings[size=1]
[][4935][2018-10-11 15:08:59][DEBUG][main][org.eclipse.jetty.servlet.ServletHandler:1439]Path=/updateAllowLoginIp[EMBEDDED:null] mapped to servlet=com.cellsgame.game.servlet.UpdateAllowLoginIpServlet-315df4bb[EMBEDDED:null]
[][4936][2018-10-11 15:08:59][DEBUG][main][org.eclipse.jetty.http.pathmap.PathMappings:239]Added MappedResource[pathSpec=ServletPathSpec["/updateAllowLoginIp",pathDepth=1,group=EXACT],resource=com.cellsgame.game.servlet.UpdateAllowLoginIpServlet-315df4bb@b6da9a00==com.cellsgame.game.servlet.UpdateAllowLoginIpServlet,jsp=null,order=-1,inst=true] to PathMappings[size=2]
[][4936][2018-10-11 15:08:59][DEBUG][main][org.eclipse.jetty.servlet.ServletHandler:1439]Path=/getPlayerBaseInfo[EMBEDDED:null] mapped to servlet=com.cellsgame.game.servlet.GetPlayerBaseInfoServlet-11963225[EMBEDDED:null]
[][4936][2018-10-11 15:08:59][DEBUG][main][org.eclipse.jetty.http.pathmap.PathMappings:239]Added MappedResource[pathSpec=ServletPathSpec["/getPlayerBaseInfo",pathDepth=1,group=EXACT],resource=com.cellsgame.game.servlet.GetPlayerBaseInfoServlet-11963225@83ab3a30==com.cellsgame.game.servlet.GetPlayerBaseInfoServlet,jsp=null,order=-1,inst=true] to PathMappings[size=3]
[][4936][2018-10-11 15:08:59][DEBUG][main][org.eclipse.jetty.servlet.ServletHandler:1439]Path=/queryActivity[EMBEDDED:null] mapped to servlet=com.cellsgame.game.servlet.QueryActivityServlet-61a5b4ae[EMBEDDED:null]
[][4937][2018-10-11 15:08:59][DEBUG][main][org.eclipse.jetty.http.pathmap.PathMappings:239]Added MappedResource[pathSpec=ServletPathSpec["/queryActivity",pathDepth=1,group=EXACT],resource=com.cellsgame.game.servlet.QueryActivityServlet-61a5b4ae@64590417==com.cellsgame.game.servlet.QueryActivityServlet,jsp=null,order=-1,inst=true] to PathMappings[size=4]
[][4937][2018-10-11 15:08:59][DEBUG][main][org.eclipse.jetty.servlet.ServletHandler:1439]Path=/queryStore[EMBEDDED:null] mapped to servlet=com.cellsgame.game.servlet.QueryStoreServlet-6bd51ed8[EMBEDDED:null]
[][4937][2018-10-11 15:08:59][DEBUG][main][org.eclipse.jetty.http.pathmap.PathMappings:239]Added MappedResource[pathSpec=ServletPathSpec["/queryStore",pathDepth=1,group=EXACT],resource=com.cellsgame.game.servlet.QueryStoreServlet-6bd51ed8@4f6b5a93==com.cellsgame.game.servlet.QueryStoreServlet,jsp=null,order=-1,inst=true] to PathMappings[size=5]
[][4937][2018-10-11 15:08:59][DEBUG][main][org.eclipse.jetty.servlet.ServletHandler:1439]Path=/getRank[EMBEDDED:null] mapped to servlet=com.cellsgame.game.servlet.GetRankServlet-51abf713[EMBEDDED:null]
[][4937][2018-10-11 15:08:59][DEBUG][main][org.eclipse.jetty.http.pathmap.PathMappings:239]Added MappedResource[pathSpec=ServletPathSpec["/getRank",pathDepth=1,group=EXACT],resource=com.cellsgame.game.servlet.GetRankServlet-51abf713@eab3608d==com.cellsgame.game.servlet.GetRankServlet,jsp=null,order=-1,inst=true] to PathMappings[size=6]
[][4937][2018-10-11 15:08:59][DEBUG][main][org.eclipse.jetty.servlet.ServletHandler:1439]Path=/setPlayerState[EMBEDDED:null] mapped to servlet=com.cellsgame.game.servlet.ChangePlayerStateServlet-77b325b3[EMBEDDED:null]
[][4938][2018-10-11 15:08:59][DEBUG][main][org.eclipse.jetty.http.pathmap.PathMappings:239]Added MappedResource[pathSpec=ServletPathSpec["/setPlayerState",pathDepth=1,group=EXACT],resource=com.cellsgame.game.servlet.ChangePlayerStateServlet-77b325b3@9e74b8e0==com.cellsgame.game.servlet.ChangePlayerStateServlet,jsp=null,order=-1,inst=true] to PathMappings[size=7]
[][4938][2018-10-11 15:08:59][DEBUG][main][org.eclipse.jetty.servlet.ServletHandler:1439]Path=/resetPlayerState[EMBEDDED:null] mapped to servlet=com.cellsgame.game.servlet.ChangePlayerStateServlet-63a5e46c[EMBEDDED:null]
[][4943][2018-10-11 15:08:59][DEBUG][main][org.eclipse.jetty.http.pathmap.PathMappings:239]Added MappedResource[pathSpec=ServletPathSpec["/resetPlayerState",pathDepth=1,group=EXACT],resource=com.cellsgame.game.servlet.ChangePlayerStateServlet-63a5e46c@61791b68==com.cellsgame.game.servlet.ChangePlayerStateServlet,jsp=null,order=-1,inst=true] to PathMappings[size=8]
[][4943][2018-10-11 15:08:59][DEBUG][main][org.eclipse.jetty.servlet.ServletHandler:1439]Path=/mail[EMBEDDED:null] mapped to servlet=com.cellsgame.game.servlet.MailServlet-3a71c100[EMBEDDED:null]
[][4944][2018-10-11 15:08:59][DEBUG][main][org.eclipse.jetty.http.pathmap.PathMappings:239]Added MappedResource[pathSpec=ServletPathSpec["/mail",pathDepth=1,group=EXACT],resource=com.cellsgame.game.servlet.MailServlet-3a71c100@b7ce2242==com.cellsgame.game.servlet.MailServlet,jsp=null,order=-1,inst=true] to PathMappings[size=9]
[][4944][2018-10-11 15:08:59][DEBUG][main][org.eclipse.jetty.servlet.ServletHandler:1439]Path=/updateStore[EMBEDDED:null] mapped to servlet=com.cellsgame.game.servlet.UpdateStoreServlet-61e3a1fd[EMBEDDED:null]
[][4944][2018-10-11 15:08:59][DEBUG][main][org.eclipse.jetty.http.pathmap.PathMappings:239]Added MappedResource[pathSpec=ServletPathSpec["/updateStore",pathDepth=1,group=EXACT],resource=com.cellsgame.game.servlet.UpdateStoreServlet-61e3a1fd@b213ccea==com.cellsgame.game.servlet.UpdateStoreServlet,jsp=null,order=-1,inst=true] to PathMappings[size=10]
[][4944][2018-10-11 15:08:59][DEBUG][main][org.eclipse.jetty.servlet.ServletHandler:1439]Path=/deleteStore[EMBEDDED:null] mapped to servlet=com.cellsgame.game.servlet.DeleteStoreServlet-271f18d3[EMBEDDED:null]
[][4945][2018-10-11 15:08:59][DEBUG][main][org.eclipse.jetty.http.pathmap.PathMappings:239]Added MappedResource[pathSpec=ServletPathSpec["/deleteStore",pathDepth=1,group=EXACT],resource=com.cellsgame.game.servlet.DeleteStoreServlet-271f18d3@28c167c1==com.cellsgame.game.servlet.DeleteStoreServlet,jsp=null,order=-1,inst=true] to PathMappings[size=11]
[][4945][2018-10-11 15:08:59][DEBUG][main][org.eclipse.jetty.servlet.ServletHandler:1439]Path=/getState[EMBEDDED:null] mapped to servlet=com.cellsgame.game.servlet.GetGameStateServlet-f325091[EMBEDDED:null]
[][4945][2018-10-11 15:08:59][DEBUG][main][org.eclipse.jetty.http.pathmap.PathMappings:239]Added MappedResource[pathSpec=ServletPathSpec["/getState",pathDepth=1,group=EXACT],resource=com.cellsgame.game.servlet.GetGameStateServlet-f325091@dd525fa==com.cellsgame.game.servlet.GetGameStateServlet,jsp=null,order=-1,inst=true] to PathMappings[size=12]
[][4945][2018-10-11 15:08:59][DEBUG][main][org.eclipse.jetty.servlet.ServletHandler:1439]Path=/notify[EMBEDDED:null] mapped to servlet=com.cellsgame.game.servlet.NotifyServlet-3f3c966c[EMBEDDED:null]
[][4945][2018-10-11 15:08:59][DEBUG][main][org.eclipse.jetty.http.pathmap.PathMappings:239]Added MappedResource[pathSpec=ServletPathSpec["/notify",pathDepth=1,group=EXACT],resource=com.cellsgame.game.servlet.NotifyServlet-3f3c966c@bea509ab==com.cellsgame.game.servlet.NotifyServlet,jsp=null,order=-1,inst=true] to PathMappings[size=13]
[][4945][2018-10-11 15:08:59][DEBUG][main][org.eclipse.jetty.servlet.ServletHandler:1439]Path=/onlineSize[EMBEDDED:null] mapped to servlet=com.cellsgame.game.servlet.GetOnlineSizeServlet-437e951d[EMBEDDED:null]
[][4946][2018-10-11 15:08:59][DEBUG][main][org.eclipse.jetty.http.pathmap.PathMappings:239]Added MappedResource[pathSpec=ServletPathSpec["/onlineSize",pathDepth=1,group=EXACT],resource=com.cellsgame.game.servlet.GetOnlineSizeServlet-437e951d@d6fc4ca1==com.cellsgame.game.servlet.GetOnlineSizeServlet,jsp=null,order=-1,inst=true] to PathMappings[size=14]
[][4946][2018-10-11 15:08:59][DEBUG][main][org.eclipse.jetty.servlet.ServletHandler:1439]Path=/stateChange[EMBEDDED:null] mapped to servlet=com.cellsgame.game.servlet.GameStateChangeServlet-5b69fd74[EMBEDDED:null]
[][4946][2018-10-11 15:08:59][DEBUG][main][org.eclipse.jetty.http.pathmap.PathMappings:239]Added MappedResource[pathSpec=ServletPathSpec["/stateChange",pathDepth=1,group=EXACT],resource=com.cellsgame.game.servlet.GameStateChangeServlet-5b69fd74@37386df5==com.cellsgame.game.servlet.GameStateChangeServlet,jsp=null,order=-1,inst=true] to PathMappings[size=15]
[][4946][2018-10-11 15:08:59][DEBUG][main][org.eclipse.jetty.servlet.ServletHandler:1439]Path=/changeGoods[EMBEDDED:null] mapped to servlet=com.cellsgame.game.servlet.ChangeGoodsServlet-4d4d48a6[EMBEDDED:null]
[][4946][2018-10-11 15:08:59][DEBUG][main][org.eclipse.jetty.http.pathmap.PathMappings:239]Added MappedResource[pathSpec=ServletPathSpec["/changeGoods",pathDepth=1,group=EXACT],resource=com.cellsgame.game.servlet.ChangeGoodsServlet-4d4d48a6@babcf1a==com.cellsgame.game.servlet.ChangeGoodsServlet,jsp=null,order=-1,inst=true] to PathMappings[size=16]
[][4946][2018-10-11 15:08:59][DEBUG][main][org.eclipse.jetty.servlet.ServletHandler:1439]Path=/reissueOrder[EMBEDDED:null] mapped to servlet=com.cellsgame.game.servlet.ReissuePayFailOrderServlet-7e8e8651[EMBEDDED:null]
[][4946][2018-10-11 15:08:59][DEBUG][main][org.eclipse.jetty.http.pathmap.PathMappings:239]Added MappedResource[pathSpec=ServletPathSpec["/reissueOrder",pathDepth=1,group=EXACT],resource=com.cellsgame.game.servlet.ReissuePayFailOrderServlet-7e8e8651@2ed1c7be==com.cellsgame.game.servlet.ReissuePayFailOrderServlet,jsp=null,order=-1,inst=true] to PathMappings[size=17]
[][4946][2018-10-11 15:08:59][DEBUG][main][org.eclipse.jetty.servlet.ServletHandler:1439]Path=/loadPlayer[EMBEDDED:null] mapped to servlet=com.cellsgame.game.servlet.LoadPlayerServlet-5f577419[EMBEDDED:null]
[][4947][2018-10-11 15:08:59][DEBUG][main][org.eclipse.jetty.http.pathmap.PathMappings:239]Added MappedResource[pathSpec=ServletPathSpec["/loadPlayer",pathDepth=1,group=EXACT],resource=com.cellsgame.game.servlet.LoadPlayerServlet-5f577419@ee523f14==com.cellsgame.game.servlet.LoadPlayerServlet,jsp=null,order=-1,inst=true] to PathMappings[size=18]
[][4947][2018-10-11 15:08:59][DEBUG][main][org.eclipse.jetty.servlet.ServletHandler:1439]Path=/deleteActivity[EMBEDDED:null] mapped to servlet=com.cellsgame.game.servlet.DeleteActivityServlet-4102b1b1[EMBEDDED:null]
[][4947][2018-10-11 15:08:59][DEBUG][main][org.eclipse.jetty.http.pathmap.PathMappings:239]Added MappedResource[pathSpec=ServletPathSpec["/deleteActivity",pathDepth=1,group=EXACT],resource=com.cellsgame.game.servlet.DeleteActivityServlet-4102b1b1@35f449ac==com.cellsgame.game.servlet.DeleteActivityServlet,jsp=null,order=-1,inst=true] to PathMappings[size=19]
[][4948][2018-10-11 15:08:59][DEBUG][main][org.eclipse.jetty.servlet.ServletHandler:1439]Path=/createStore[EMBEDDED:null] mapped to servlet=com.cellsgame.game.servlet.CreateStoreServlet-49ef32e0[EMBEDDED:null]
[][4948][2018-10-11 15:08:59][DEBUG][main][org.eclipse.jetty.http.pathmap.PathMappings:239]Added MappedResource[pathSpec=ServletPathSpec["/createStore",pathDepth=1,group=EXACT],resource=com.cellsgame.game.servlet.CreateStoreServlet-49ef32e0@c6cdbf0==com.cellsgame.game.servlet.CreateStoreServlet,jsp=null,order=-1,inst=true] to PathMappings[size=20]
[][4949][2018-10-11 15:08:59][DEBUG][main][org.eclipse.jetty.servlet.ServletHandler:1439]Path=/changeCurrency[EMBEDDED:null] mapped to servlet=com.cellsgame.game.servlet.ChangeCurrencyServlet-eadb475[EMBEDDED:null]
[][4949][2018-10-11 15:08:59][DEBUG][main][org.eclipse.jetty.http.pathmap.PathMappings:239]Added MappedResource[pathSpec=ServletPathSpec["/changeCurrency",pathDepth=1,group=EXACT],resource=com.cellsgame.game.servlet.ChangeCurrencyServlet-eadb475@b23c9762==com.cellsgame.game.servlet.ChangeCurrencyServlet,jsp=null,order=-1,inst=true] to PathMappings[size=21]
[][4949][2018-10-11 15:08:59][DEBUG][main][org.eclipse.jetty.servlet.ServletHandler:1464]filterNameMap={}
[][4949][2018-10-11 15:08:59][DEBUG][main][org.eclipse.jetty.servlet.ServletHandler:1465]pathFilters=null
[][4949][2018-10-11 15:08:59][DEBUG][main][org.eclipse.jetty.servlet.ServletHandler:1466]servletFilterMap=null
[][4950][2018-10-11 15:08:59][DEBUG][main][org.eclipse.jetty.servlet.ServletHandler:1467]servletPathMap=PathMappings[size=21]
[][4951][2018-10-11 15:08:59][DEBUG][main][org.eclipse.jetty.servlet.ServletHandler:1468]servletNameMap={com.cellsgame.game.servlet.DeleteStoreServlet-271f18d3=com.cellsgame.game.servlet.DeleteStoreServlet-271f18d3@28c167c1==com.cellsgame.game.servlet.DeleteStoreServlet,jsp=null,order=-1,inst=true, com.cellsgame.game.servlet.LoadPlayerServlet-5f577419=com.cellsgame.game.servlet.LoadPlayerServlet-5f577419@ee523f14==com.cellsgame.game.servlet.LoadPlayerServlet,jsp=null,order=-1,inst=true, com.cellsgame.game.servlet.ReleaseActivityServlet-11ee02f8=com.cellsgame.game.servlet.ReleaseActivityServlet-11ee02f8@302a645==com.cellsgame.game.servlet.ReleaseActivityServlet,jsp=null,order=-1,inst=true, com.cellsgame.game.servlet.MailServlet-3a71c100=com.cellsgame.game.servlet.MailServlet-3a71c100@b7ce2242==com.cellsgame.game.servlet.MailServlet,jsp=null,order=-1,inst=true, com.cellsgame.game.servlet.GameStateChangeServlet-5b69fd74=com.cellsgame.game.servlet.GameStateChangeServlet-5b69fd74@37386df5==com.cellsgame.game.servlet.GameStateChangeServlet,jsp=null,order=-1,inst=true, com.cellsgame.game.servlet.NotifyServlet-3f3c966c=com.cellsgame.game.servlet.NotifyServlet-3f3c966c@bea509ab==com.cellsgame.game.servlet.NotifyServlet,jsp=null,order=-1,inst=true, com.cellsgame.game.servlet.QueryActivityServlet-61a5b4ae=com.cellsgame.game.servlet.QueryActivityServlet-61a5b4ae@64590417==com.cellsgame.game.servlet.QueryActivityServlet,jsp=null,order=-1,inst=true, com.cellsgame.game.servlet.GetGameStateServlet-f325091=com.cellsgame.game.servlet.GetGameStateServlet-f325091@dd525fa==com.cellsgame.game.servlet.GetGameStateServlet,jsp=null,order=-1,inst=true, com.cellsgame.game.servlet.ReissuePayFailOrderServlet-7e8e8651=com.cellsgame.game.servlet.ReissuePayFailOrderServlet-7e8e8651@2ed1c7be==com.cellsgame.game.servlet.ReissuePayFailOrderServlet,jsp=null,order=-1,inst=true, com.cellsgame.game.servlet.ChangePlayerStateServlet-63a5e46c=com.cellsgame.game.servlet.ChangePlayerStateServlet-63a5e46c@61791b68==com.cellsgame.game.servlet.ChangePlayerStateServlet,jsp=null,order=-1,inst=true, com.cellsgame.game.servlet.ChangeGoodsServlet-4d4d48a6=com.cellsgame.game.servlet.ChangeGoodsServlet-4d4d48a6@babcf1a==com.cellsgame.game.servlet.ChangeGoodsServlet,jsp=null,order=-1,inst=true, com.cellsgame.game.servlet.ChangePlayerStateServlet-77b325b3=com.cellsgame.game.servlet.ChangePlayerStateServlet-77b325b3@9e74b8e0==com.cellsgame.game.servlet.ChangePlayerStateServlet,jsp=null,order=-1,inst=true, com.cellsgame.game.servlet.DeleteActivityServlet-4102b1b1=com.cellsgame.game.servlet.DeleteActivityServlet-4102b1b1@35f449ac==com.cellsgame.game.servlet.DeleteActivityServlet,jsp=null,order=-1,inst=true, com.cellsgame.game.servlet.QueryStoreServlet-6bd51ed8=com.cellsgame.game.servlet.QueryStoreServlet-6bd51ed8@4f6b5a93==com.cellsgame.game.servlet.QueryStoreServlet,jsp=null,order=-1,inst=true, com.cellsgame.game.servlet.UpdateStoreServlet-61e3a1fd=com.cellsgame.game.servlet.UpdateStoreServlet-61e3a1fd@b213ccea==com.cellsgame.game.servlet.UpdateStoreServlet,jsp=null,order=-1,inst=true, com.cellsgame.game.servlet.UpdateAllowLoginIpServlet-315df4bb=com.cellsgame.game.servlet.UpdateAllowLoginIpServlet-315df4bb@b6da9a00==com.cellsgame.game.servlet.UpdateAllowLoginIpServlet,jsp=null,order=-1,inst=true, com.cellsgame.game.servlet.GetPlayerBaseInfoServlet-11963225=com.cellsgame.game.servlet.GetPlayerBaseInfoServlet-11963225@83ab3a30==com.cellsgame.game.servlet.GetPlayerBaseInfoServlet,jsp=null,order=-1,inst=true, com.cellsgame.game.servlet.CreateStoreServlet-49ef32e0=com.cellsgame.game.servlet.CreateStoreServlet-49ef32e0@c6cdbf0==com.cellsgame.game.servlet.CreateStoreServlet,jsp=null,order=-1,inst=true, com.cellsgame.game.servlet.GetOnlineSizeServlet-437e951d=com.cellsgame.game.servlet.GetOnlineSizeServlet-437e951d@d6fc4ca1==com.cellsgame.game.servlet.GetOnlineSizeServlet,jsp=null,order=-1,inst=true, com.cellsgame.game.servlet.GetRankServlet-51abf713=com.cellsgame.game.servlet.GetRankServlet-51abf713@eab3608d==com.cellsgame.game.servlet.GetRankServlet,jsp=null,order=-1,inst=true, com.cellsgame.game.servlet.ChangeCurrencyServlet-eadb475=com.cellsgame.game.servlet.ChangeCurrencyServlet-eadb475@b23c9762==com.cellsgame.game.servlet.ChangeCurrencyServlet,jsp=null,order=-1,inst=true}
[][4951][2018-10-11 15:08:59][DEBUG][main][org.eclipse.jetty.servlet.ServletHandler:158]Adding Default404Servlet to org.eclipse.jetty.servlet.ServletHandler@32c0915e
[][4952][2018-10-11 15:08:59][DEBUG][main][org.eclipse.jetty.util.component.ContainerLifeCycle:322]org.eclipse.jetty.servlet.ServletHandler@32c0915e added {org.eclipse.jetty.servlet.ServletHandler$Default404Servlet-6f330eb9@b4510bf0==org.eclipse.jetty.servlet.ServletHandler$Default404Servlet,jsp=null,order=-1,inst=false,AUTO}
[][4952][2018-10-11 15:08:59][DEBUG][main][org.eclipse.jetty.util.component.ContainerLifeCycle:322]org.eclipse.jetty.servlet.ServletHandler@32c0915e added {[/]=>org.eclipse.jetty.servlet.ServletHandler$Default404Servlet-6f330eb9,POJO}
[][4952][2018-10-11 15:08:59][DEBUG][main][org.eclipse.jetty.servlet.ServletHandler:1439]Path=/releaseActivity[EMBEDDED:null] mapped to servlet=com.cellsgame.game.servlet.ReleaseActivityServlet-11ee02f8[EMBEDDED:null]
[][4952][2018-10-11 15:08:59][DEBUG][main][org.eclipse.jetty.http.pathmap.PathMappings:239]Added MappedResource[pathSpec=ServletPathSpec["/releaseActivity",pathDepth=1,group=EXACT],resource=com.cellsgame.game.servlet.ReleaseActivityServlet-11ee02f8@302a645==com.cellsgame.game.servlet.ReleaseActivityServlet,jsp=null,order=-1,inst=true] to PathMappings[size=1]
[][4952][2018-10-11 15:08:59][DEBUG][main][org.eclipse.jetty.servlet.ServletHandler:1439]Path=/updateAllowLoginIp[EMBEDDED:null] mapped to servlet=com.cellsgame.game.servlet.UpdateAllowLoginIpServlet-315df4bb[EMBEDDED:null]
[][4953][2018-10-11 15:08:59][DEBUG][main][org.eclipse.jetty.http.pathmap.PathMappings:239]Added MappedResource[pathSpec=ServletPathSpec["/updateAllowLoginIp",pathDepth=1,group=EXACT],resource=com.cellsgame.game.servlet.UpdateAllowLoginIpServlet-315df4bb@b6da9a00==com.cellsgame.game.servlet.UpdateAllowLoginIpServlet,jsp=null,order=-1,inst=true] to PathMappings[size=2]
[][4953][2018-10-11 15:08:59][DEBUG][main][org.eclipse.jetty.servlet.ServletHandler:1439]Path=/getPlayerBaseInfo[EMBEDDED:null] mapped to servlet=com.cellsgame.game.servlet.GetPlayerBaseInfoServlet-11963225[EMBEDDED:null]
[][4953][2018-10-11 15:08:59][DEBUG][main][org.eclipse.jetty.http.pathmap.PathMappings:239]Added MappedResource[pathSpec=ServletPathSpec["/getPlayerBaseInfo",pathDepth=1,group=EXACT],resource=com.cellsgame.game.servlet.GetPlayerBaseInfoServlet-11963225@83ab3a30==com.cellsgame.game.servlet.GetPlayerBaseInfoServlet,jsp=null,order=-1,inst=true] to PathMappings[size=3]
[][4953][2018-10-11 15:08:59][DEBUG][main][org.eclipse.jetty.servlet.ServletHandler:1439]Path=/queryActivity[EMBEDDED:null] mapped to servlet=com.cellsgame.game.servlet.QueryActivityServlet-61a5b4ae[EMBEDDED:null]
[][4953][2018-10-11 15:08:59][DEBUG][main][org.eclipse.jetty.http.pathmap.PathMappings:239]Added MappedResource[pathSpec=ServletPathSpec["/queryActivity",pathDepth=1,group=EXACT],resource=com.cellsgame.game.servlet.QueryActivityServlet-61a5b4ae@64590417==com.cellsgame.game.servlet.QueryActivityServlet,jsp=null,order=-1,inst=true] to PathMappings[size=4]
[][4953][2018-10-11 15:08:59][DEBUG][main][org.eclipse.jetty.servlet.ServletHandler:1439]Path=/queryStore[EMBEDDED:null] mapped to servlet=com.cellsgame.game.servlet.QueryStoreServlet-6bd51ed8[EMBEDDED:null]
[][4954][2018-10-11 15:08:59][DEBUG][main][org.eclipse.jetty.http.pathmap.PathMappings:239]Added MappedResource[pathSpec=ServletPathSpec["/queryStore",pathDepth=1,group=EXACT],resource=com.cellsgame.game.servlet.QueryStoreServlet-6bd51ed8@4f6b5a93==com.cellsgame.game.servlet.QueryStoreServlet,jsp=null,order=-1,inst=true] to PathMappings[size=5]
[][4954][2018-10-11 15:08:59][DEBUG][main][org.eclipse.jetty.servlet.ServletHandler:1439]Path=/getRank[EMBEDDED:null] mapped to servlet=com.cellsgame.game.servlet.GetRankServlet-51abf713[EMBEDDED:null]
[][4954][2018-10-11 15:08:59][DEBUG][main][org.eclipse.jetty.http.pathmap.PathMappings:239]Added MappedResource[pathSpec=ServletPathSpec["/getRank",pathDepth=1,group=EXACT],resource=com.cellsgame.game.servlet.GetRankServlet-51abf713@eab3608d==com.cellsgame.game.servlet.GetRankServlet,jsp=null,order=-1,inst=true] to PathMappings[size=6]
[][4954][2018-10-11 15:08:59][DEBUG][main][org.eclipse.jetty.servlet.ServletHandler:1439]Path=/setPlayerState[EMBEDDED:null] mapped to servlet=com.cellsgame.game.servlet.ChangePlayerStateServlet-77b325b3[EMBEDDED:null]
[][4954][2018-10-11 15:08:59][DEBUG][main][org.eclipse.jetty.http.pathmap.PathMappings:239]Added MappedResource[pathSpec=ServletPathSpec["/setPlayerState",pathDepth=1,group=EXACT],resource=com.cellsgame.game.servlet.ChangePlayerStateServlet-77b325b3@9e74b8e0==com.cellsgame.game.servlet.ChangePlayerStateServlet,jsp=null,order=-1,inst=true] to PathMappings[size=7]
[][4954][2018-10-11 15:08:59][DEBUG][main][org.eclipse.jetty.servlet.ServletHandler:1439]Path=/resetPlayerState[EMBEDDED:null] mapped to servlet=com.cellsgame.game.servlet.ChangePlayerStateServlet-63a5e46c[EMBEDDED:null]
[][4954][2018-10-11 15:08:59][DEBUG][main][org.eclipse.jetty.http.pathmap.PathMappings:239]Added MappedResource[pathSpec=ServletPathSpec["/resetPlayerState",pathDepth=1,group=EXACT],resource=com.cellsgame.game.servlet.ChangePlayerStateServlet-63a5e46c@61791b68==com.cellsgame.game.servlet.ChangePlayerStateServlet,jsp=null,order=-1,inst=true] to PathMappings[size=8]
[][4954][2018-10-11 15:08:59][DEBUG][main][org.eclipse.jetty.servlet.ServletHandler:1439]Path=/mail[EMBEDDED:null] mapped to servlet=com.cellsgame.game.servlet.MailServlet-3a71c100[EMBEDDED:null]
[][4955][2018-10-11 15:08:59][DEBUG][main][org.eclipse.jetty.http.pathmap.PathMappings:239]Added MappedResource[pathSpec=ServletPathSpec["/mail",pathDepth=1,group=EXACT],resource=com.cellsgame.game.servlet.MailServlet-3a71c100@b7ce2242==com.cellsgame.game.servlet.MailServlet,jsp=null,order=-1,inst=true] to PathMappings[size=9]
[][4955][2018-10-11 15:08:59][DEBUG][main][org.eclipse.jetty.servlet.ServletHandler:1439]Path=/updateStore[EMBEDDED:null] mapped to servlet=com.cellsgame.game.servlet.UpdateStoreServlet-61e3a1fd[EMBEDDED:null]
[][4955][2018-10-11 15:08:59][DEBUG][main][org.eclipse.jetty.http.pathmap.PathMappings:239]Added MappedResource[pathSpec=ServletPathSpec["/updateStore",pathDepth=1,group=EXACT],resource=com.cellsgame.game.servlet.UpdateStoreServlet-61e3a1fd@b213ccea==com.cellsgame.game.servlet.UpdateStoreServlet,jsp=null,order=-1,inst=true] to PathMappings[size=10]
[][4955][2018-10-11 15:08:59][DEBUG][main][org.eclipse.jetty.servlet.ServletHandler:1439]Path=/[EMBEDDED:null] mapped to servlet=org.eclipse.jetty.servlet.ServletHandler$Default404Servlet-6f330eb9[EMBEDDED:null]
[][4957][2018-10-11 15:08:59][DEBUG][main][org.eclipse.jetty.http.pathmap.PathMappings:239]Added MappedResource[pathSpec=ServletPathSpec["/",pathDepth=-1,group=DEFAULT],resource=org.eclipse.jetty.servlet.ServletHandler$Default404Servlet-6f330eb9@b4510bf0==org.eclipse.jetty.servlet.ServletHandler$Default404Servlet,jsp=null,order=-1,inst=false] to PathMappings[size=11]
[][4957][2018-10-11 15:08:59][DEBUG][main][org.eclipse.jetty.servlet.ServletHandler:1439]Path=/deleteStore[EMBEDDED:null] mapped to servlet=com.cellsgame.game.servlet.DeleteStoreServlet-271f18d3[EMBEDDED:null]
[][4957][2018-10-11 15:08:59][DEBUG][main][org.eclipse.jetty.http.pathmap.PathMappings:239]Added MappedResource[pathSpec=ServletPathSpec["/deleteStore",pathDepth=1,group=EXACT],resource=com.cellsgame.game.servlet.DeleteStoreServlet-271f18d3@28c167c1==com.cellsgame.game.servlet.DeleteStoreServlet,jsp=null,order=-1,inst=true] to PathMappings[size=12]
[][4957][2018-10-11 15:08:59][DEBUG][main][org.eclipse.jetty.servlet.ServletHandler:1439]Path=/getState[EMBEDDED:null] mapped to servlet=com.cellsgame.game.servlet.GetGameStateServlet-f325091[EMBEDDED:null]
[][4957][2018-10-11 15:08:59][DEBUG][main][org.eclipse.jetty.http.pathmap.PathMappings:239]Added MappedResource[pathSpec=ServletPathSpec["/getState",pathDepth=1,group=EXACT],resource=com.cellsgame.game.servlet.GetGameStateServlet-f325091@dd525fa==com.cellsgame.game.servlet.GetGameStateServlet,jsp=null,order=-1,inst=true] to PathMappings[size=13]
[][4958][2018-10-11 15:08:59][DEBUG][main][org.eclipse.jetty.servlet.ServletHandler:1439]Path=/notify[EMBEDDED:null] mapped to servlet=com.cellsgame.game.servlet.NotifyServlet-3f3c966c[EMBEDDED:null]
[][4958][2018-10-11 15:08:59][DEBUG][main][org.eclipse.jetty.http.pathmap.PathMappings:239]Added MappedResource[pathSpec=ServletPathSpec["/notify",pathDepth=1,group=EXACT],resource=com.cellsgame.game.servlet.NotifyServlet-3f3c966c@bea509ab==com.cellsgame.game.servlet.NotifyServlet,jsp=null,order=-1,inst=true] to PathMappings[size=14]
[][4958][2018-10-11 15:08:59][DEBUG][main][org.eclipse.jetty.servlet.ServletHandler:1439]Path=/onlineSize[EMBEDDED:null] mapped to servlet=com.cellsgame.game.servlet.GetOnlineSizeServlet-437e951d[EMBEDDED:null]
[][4958][2018-10-11 15:08:59][DEBUG][main][org.eclipse.jetty.http.pathmap.PathMappings:239]Added MappedResource[pathSpec=ServletPathSpec["/onlineSize",pathDepth=1,group=EXACT],resource=com.cellsgame.game.servlet.GetOnlineSizeServlet-437e951d@d6fc4ca1==com.cellsgame.game.servlet.GetOnlineSizeServlet,jsp=null,order=-1,inst=true] to PathMappings[size=15]
[][4958][2018-10-11 15:08:59][DEBUG][main][org.eclipse.jetty.servlet.ServletHandler:1439]Path=/stateChange[EMBEDDED:null] mapped to servlet=com.cellsgame.game.servlet.GameStateChangeServlet-5b69fd74[EMBEDDED:null]
[][4958][2018-10-11 15:08:59][DEBUG][main][org.eclipse.jetty.http.pathmap.PathMappings:239]Added MappedResource[pathSpec=ServletPathSpec["/stateChange",pathDepth=1,group=EXACT],resource=com.cellsgame.game.servlet.GameStateChangeServlet-5b69fd74@37386df5==com.cellsgame.game.servlet.GameStateChangeServlet,jsp=null,order=-1,inst=true] to PathMappings[size=16]
[][4958][2018-10-11 15:08:59][DEBUG][main][org.eclipse.jetty.servlet.ServletHandler:1439]Path=/changeGoods[EMBEDDED:null] mapped to servlet=com.cellsgame.game.servlet.ChangeGoodsServlet-4d4d48a6[EMBEDDED:null]
[][4959][2018-10-11 15:08:59][DEBUG][main][org.eclipse.jetty.http.pathmap.PathMappings:239]Added MappedResource[pathSpec=ServletPathSpec["/changeGoods",pathDepth=1,group=EXACT],resource=com.cellsgame.game.servlet.ChangeGoodsServlet-4d4d48a6@babcf1a==com.cellsgame.game.servlet.ChangeGoodsServlet,jsp=null,order=-1,inst=true] to PathMappings[size=17]
[][4959][2018-10-11 15:08:59][DEBUG][main][org.eclipse.jetty.servlet.ServletHandler:1439]Path=/reissueOrder[EMBEDDED:null] mapped to servlet=com.cellsgame.game.servlet.ReissuePayFailOrderServlet-7e8e8651[EMBEDDED:null]
[][4959][2018-10-11 15:08:59][DEBUG][main][org.eclipse.jetty.http.pathmap.PathMappings:239]Added MappedResource[pathSpec=ServletPathSpec["/reissueOrder",pathDepth=1,group=EXACT],resource=com.cellsgame.game.servlet.ReissuePayFailOrderServlet-7e8e8651@2ed1c7be==com.cellsgame.game.servlet.ReissuePayFailOrderServlet,jsp=null,order=-1,inst=true] to PathMappings[size=18]
[][4959][2018-10-11 15:08:59][DEBUG][main][org.eclipse.jetty.servlet.ServletHandler:1439]Path=/loadPlayer[EMBEDDED:null] mapped to servlet=com.cellsgame.game.servlet.LoadPlayerServlet-5f577419[EMBEDDED:null]
[][4960][2018-10-11 15:08:59][DEBUG][main][org.eclipse.jetty.http.pathmap.PathMappings:239]Added MappedResource[pathSpec=ServletPathSpec["/loadPlayer",pathDepth=1,group=EXACT],resource=com.cellsgame.game.servlet.LoadPlayerServlet-5f577419@ee523f14==com.cellsgame.game.servlet.LoadPlayerServlet,jsp=null,order=-1,inst=true] to PathMappings[size=19]
[][4960][2018-10-11 15:08:59][DEBUG][main][org.eclipse.jetty.servlet.ServletHandler:1439]Path=/deleteActivity[EMBEDDED:null] mapped to servlet=com.cellsgame.game.servlet.DeleteActivityServlet-4102b1b1[EMBEDDED:null]
[][4961][2018-10-11 15:08:59][DEBUG][main][org.eclipse.jetty.http.pathmap.PathMappings:239]Added MappedResource[pathSpec=ServletPathSpec["/deleteActivity",pathDepth=1,group=EXACT],resource=com.cellsgame.game.servlet.DeleteActivityServlet-4102b1b1@35f449ac==com.cellsgame.game.servlet.DeleteActivityServlet,jsp=null,order=-1,inst=true] to PathMappings[size=20]
[][4961][2018-10-11 15:08:59][DEBUG][main][org.eclipse.jetty.servlet.ServletHandler:1439]Path=/createStore[EMBEDDED:null] mapped to servlet=com.cellsgame.game.servlet.CreateStoreServlet-49ef32e0[EMBEDDED:null]
[][4961][2018-10-11 15:08:59][DEBUG][main][org.eclipse.jetty.http.pathmap.PathMappings:239]Added MappedResource[pathSpec=ServletPathSpec["/createStore",pathDepth=1,group=EXACT],resource=com.cellsgame.game.servlet.CreateStoreServlet-49ef32e0@c6cdbf0==com.cellsgame.game.servlet.CreateStoreServlet,jsp=null,order=-1,inst=true] to PathMappings[size=21]
[][4962][2018-10-11 15:08:59][DEBUG][main][org.eclipse.jetty.servlet.ServletHandler:1439]Path=/changeCurrency[EMBEDDED:null] mapped to servlet=com.cellsgame.game.servlet.ChangeCurrencyServlet-eadb475[EMBEDDED:null]
[][4962][2018-10-11 15:08:59][DEBUG][main][org.eclipse.jetty.http.pathmap.PathMappings:239]Added MappedResource[pathSpec=ServletPathSpec["/changeCurrency",pathDepth=1,group=EXACT],resource=com.cellsgame.game.servlet.ChangeCurrencyServlet-eadb475@b23c9762==com.cellsgame.game.servlet.ChangeCurrencyServlet,jsp=null,order=-1,inst=true] to PathMappings[size=22]
[][4962][2018-10-11 15:08:59][DEBUG][main][org.eclipse.jetty.servlet.ServletHandler:1464]filterNameMap={}
[][4962][2018-10-11 15:08:59][DEBUG][main][org.eclipse.jetty.servlet.ServletHandler:1465]pathFilters=null
[][4962][2018-10-11 15:08:59][DEBUG][main][org.eclipse.jetty.servlet.ServletHandler:1466]servletFilterMap=null
[][4962][2018-10-11 15:08:59][DEBUG][main][org.eclipse.jetty.servlet.ServletHandler:1467]servletPathMap=PathMappings[size=22]
[][4964][2018-10-11 15:08:59][DEBUG][main][org.eclipse.jetty.servlet.ServletHandler:1468]servletNameMap={com.cellsgame.game.servlet.DeleteStoreServlet-271f18d3=com.cellsgame.game.servlet.DeleteStoreServlet-271f18d3@28c167c1==com.cellsgame.game.servlet.DeleteStoreServlet,jsp=null,order=-1,inst=true, org.eclipse.jetty.servlet.ServletHandler$Default404Servlet-6f330eb9=org.eclipse.jetty.servlet.ServletHandler$Default404Servlet-6f330eb9@b4510bf0==org.eclipse.jetty.servlet.ServletHandler$Default404Servlet,jsp=null,order=-1,inst=false, com.cellsgame.game.servlet.LoadPlayerServlet-5f577419=com.cellsgame.game.servlet.LoadPlayerServlet-5f577419@ee523f14==com.cellsgame.game.servlet.LoadPlayerServlet,jsp=null,order=-1,inst=true, com.cellsgame.game.servlet.ReleaseActivityServlet-11ee02f8=com.cellsgame.game.servlet.ReleaseActivityServlet-11ee02f8@302a645==com.cellsgame.game.servlet.ReleaseActivityServlet,jsp=null,order=-1,inst=true, com.cellsgame.game.servlet.MailServlet-3a71c100=com.cellsgame.game.servlet.MailServlet-3a71c100@b7ce2242==com.cellsgame.game.servlet.MailServlet,jsp=null,order=-1,inst=true, com.cellsgame.game.servlet.GameStateChangeServlet-5b69fd74=com.cellsgame.game.servlet.GameStateChangeServlet-5b69fd74@37386df5==com.cellsgame.game.servlet.GameStateChangeServlet,jsp=null,order=-1,inst=true, com.cellsgame.game.servlet.NotifyServlet-3f3c966c=com.cellsgame.game.servlet.NotifyServlet-3f3c966c@bea509ab==com.cellsgame.game.servlet.NotifyServlet,jsp=null,order=-1,inst=true, com.cellsgame.game.servlet.QueryActivityServlet-61a5b4ae=com.cellsgame.game.servlet.QueryActivityServlet-61a5b4ae@64590417==com.cellsgame.game.servlet.QueryActivityServlet,jsp=null,order=-1,inst=true, com.cellsgame.game.servlet.GetGameStateServlet-f325091=com.cellsgame.game.servlet.GetGameStateServlet-f325091@dd525fa==com.cellsgame.game.servlet.GetGameStateServlet,jsp=null,order=-1,inst=true, com.cellsgame.game.servlet.ReissuePayFailOrderServlet-7e8e8651=com.cellsgame.game.servlet.ReissuePayFailOrderServlet-7e8e8651@2ed1c7be==com.cellsgame.game.servlet.ReissuePayFailOrderServlet,jsp=null,order=-1,inst=true, com.cellsgame.game.servlet.ChangePlayerStateServlet-63a5e46c=com.cellsgame.game.servlet.ChangePlayerStateServlet-63a5e46c@61791b68==com.cellsgame.game.servlet.ChangePlayerStateServlet,jsp=null,order=-1,inst=true, com.cellsgame.game.servlet.ChangeGoodsServlet-4d4d48a6=com.cellsgame.game.servlet.ChangeGoodsServlet-4d4d48a6@babcf1a==com.cellsgame.game.servlet.ChangeGoodsServlet,jsp=null,order=-1,inst=true, com.cellsgame.game.servlet.ChangePlayerStateServlet-77b325b3=com.cellsgame.game.servlet.ChangePlayerStateServlet-77b325b3@9e74b8e0==com.cellsgame.game.servlet.ChangePlayerStateServlet,jsp=null,order=-1,inst=true, com.cellsgame.game.servlet.DeleteActivityServlet-4102b1b1=com.cellsgame.game.servlet.DeleteActivityServlet-4102b1b1@35f449ac==com.cellsgame.game.servlet.DeleteActivityServlet,jsp=null,order=-1,inst=true, com.cellsgame.game.servlet.QueryStoreServlet-6bd51ed8=com.cellsgame.game.servlet.QueryStoreServlet-6bd51ed8@4f6b5a93==com.cellsgame.game.servlet.QueryStoreServlet,jsp=null,order=-1,inst=true, com.cellsgame.game.servlet.UpdateStoreServlet-61e3a1fd=com.cellsgame.game.servlet.UpdateStoreServlet-61e3a1fd@b213ccea==com.cellsgame.game.servlet.UpdateStoreServlet,jsp=null,order=-1,inst=true, com.cellsgame.game.servlet.UpdateAllowLoginIpServlet-315df4bb=com.cellsgame.game.servlet.UpdateAllowLoginIpServlet-315df4bb@b6da9a00==com.cellsgame.game.servlet.UpdateAllowLoginIpServlet,jsp=null,order=-1,inst=true, com.cellsgame.game.servlet.GetPlayerBaseInfoServlet-11963225=com.cellsgame.game.servlet.GetPlayerBaseInfoServlet-11963225@83ab3a30==com.cellsgame.game.servlet.GetPlayerBaseInfoServlet,jsp=null,order=-1,inst=true, com.cellsgame.game.servlet.CreateStoreServlet-49ef32e0=com.cellsgame.game.servlet.CreateStoreServlet-49ef32e0@c6cdbf0==com.cellsgame.game.servlet.CreateStoreServlet,jsp=null,order=-1,inst=true, com.cellsgame.game.servlet.GetOnlineSizeServlet-437e951d=com.cellsgame.game.servlet.GetOnlineSizeServlet-437e951d@d6fc4ca1==com.cellsgame.game.servlet.GetOnlineSizeServlet,jsp=null,order=-1,inst=true, com.cellsgame.game.servlet.GetRankServlet-51abf713=com.cellsgame.game.servlet.GetRankServlet-51abf713@eab3608d==com.cellsgame.game.servlet.GetRankServlet,jsp=null,order=-1,inst=true, com.cellsgame.game.servlet.ChangeCurrencyServlet-eadb475=com.cellsgame.game.servlet.ChangeCurrencyServlet-eadb475@b23c9762==com.cellsgame.game.servlet.ChangeCurrencyServlet,jsp=null,order=-1,inst=true}
[][4964][2018-10-11 15:08:59][DEBUG][main][org.eclipse.jetty.server.handler.AbstractHandler:110]starting org.eclipse.jetty.servlet.ServletHandler@32c0915e
[][4964][2018-10-11 15:08:59][DEBUG][main][org.eclipse.jetty.util.component.AbstractLifeCycle:177]STARTED @5067ms org.eclipse.jetty.servlet.ServletHandler@32c0915e
[][4964][2018-10-11 15:08:59][DEBUG][main][org.eclipse.jetty.util.component.AbstractLifeCycle:185]starting org.eclipse.jetty.server.session.DefaultSessionCache@553f3b6e[evict=-1,removeUnloadable=false,saveOnCreate=false,saveOnInactiveEvict=false]
[][4965][2018-10-11 15:08:59][DEBUG][main][org.eclipse.jetty.util.component.AbstractLifeCycle:185]starting org.eclipse.jetty.server.session.NullSessionDataStore@15b986cd[passivating=false,graceSec=3600]
[][4965][2018-10-11 15:08:59][DEBUG][main][org.eclipse.jetty.util.component.AbstractLifeCycle:177]STARTED @5067ms org.eclipse.jetty.server.session.NullSessionDataStore@15b986cd[passivating=false,graceSec=3600]
[][4965][2018-10-11 15:08:59][DEBUG][main][org.eclipse.jetty.util.component.AbstractLifeCycle:177]STARTED @5067ms org.eclipse.jetty.server.session.DefaultSessionCache@553f3b6e[evict=-1,removeUnloadable=false,saveOnCreate=false,saveOnInactiveEvict=false]
[][4965][2018-10-11 15:08:59][DEBUG][main][org.eclipse.jetty.util.component.AbstractLifeCycle:177]STARTED @5067ms org.eclipse.jetty.server.session.SessionHandler1733619456==dftMaxIdleSec=-1
[][4965][2018-10-11 15:08:59][DEBUG][main][org.eclipse.jetty.util.component.AbstractLifeCycle:185]starting com.cellsgame.game.servlet.ChangeCurrencyServlet-eadb475@b23c9762==com.cellsgame.game.servlet.ChangeCurrencyServlet,jsp=null,order=-1,inst=true
[][4967][2018-10-11 15:08:59][DEBUG][main][org.eclipse.jetty.util.component.AbstractLifeCycle:177]STARTED @5069ms com.cellsgame.game.servlet.ChangeCurrencyServlet-eadb475@b23c9762==com.cellsgame.game.servlet.ChangeCurrencyServlet,jsp=null,order=-1,inst=true
[][4970][2018-10-11 15:08:59][DEBUG][main][org.eclipse.jetty.servlet.ServletHolder:636]Servlet.init com.cellsgame.game.servlet.ChangeCurrencyServlet@181d7f28 for com.cellsgame.game.servlet.ChangeCurrencyServlet-eadb475
[][4970][2018-10-11 15:08:59][DEBUG][main][org.eclipse.jetty.util.component.AbstractLifeCycle:185]starting com.cellsgame.game.servlet.ChangeGoodsServlet-4d4d48a6@babcf1a==com.cellsgame.game.servlet.ChangeGoodsServlet,jsp=null,order=-1,inst=true
[][4970][2018-10-11 15:08:59][DEBUG][main][org.eclipse.jetty.util.component.AbstractLifeCycle:177]STARTED @5072ms com.cellsgame.game.servlet.ChangeGoodsServlet-4d4d48a6@babcf1a==com.cellsgame.game.servlet.ChangeGoodsServlet,jsp=null,order=-1,inst=true
[][4970][2018-10-11 15:08:59][DEBUG][main][org.eclipse.jetty.servlet.ServletHolder:636]Servlet.init com.cellsgame.game.servlet.ChangeGoodsServlet@78d50a3c for com.cellsgame.game.servlet.ChangeGoodsServlet-4d4d48a6
[][4970][2018-10-11 15:08:59][DEBUG][main][org.eclipse.jetty.util.component.AbstractLifeCycle:185]starting com.cellsgame.game.servlet.ChangePlayerStateServlet-63a5e46c@61791b68==com.cellsgame.game.servlet.ChangePlayerStateServlet,jsp=null,order=-1,inst=true
[][4970][2018-10-11 15:08:59][DEBUG][main][org.eclipse.jetty.util.component.AbstractLifeCycle:177]STARTED @5073ms com.cellsgame.game.servlet.ChangePlayerStateServlet-63a5e46c@61791b68==com.cellsgame.game.servlet.ChangePlayerStateServlet,jsp=null,order=-1,inst=true
[][4970][2018-10-11 15:08:59][DEBUG][main][org.eclipse.jetty.servlet.ServletHolder:636]Servlet.init com.cellsgame.game.servlet.ChangePlayerStateServlet@2fb69ff6 for com.cellsgame.game.servlet.ChangePlayerStateServlet-63a5e46c
[][4970][2018-10-11 15:08:59][DEBUG][main][org.eclipse.jetty.util.component.AbstractLifeCycle:185]starting com.cellsgame.game.servlet.ChangePlayerStateServlet-77b325b3@9e74b8e0==com.cellsgame.game.servlet.ChangePlayerStateServlet,jsp=null,order=-1,inst=true
[][4971][2018-10-11 15:08:59][DEBUG][main][org.eclipse.jetty.util.component.AbstractLifeCycle:177]STARTED @5073ms com.cellsgame.game.servlet.ChangePlayerStateServlet-77b325b3@9e74b8e0==com.cellsgame.game.servlet.ChangePlayerStateServlet,jsp=null,order=-1,inst=true
[][4971][2018-10-11 15:08:59][DEBUG][main][org.eclipse.jetty.servlet.ServletHolder:636]Servlet.init com.cellsgame.game.servlet.ChangePlayerStateServlet@cda4919 for com.cellsgame.game.servlet.ChangePlayerStateServlet-77b325b3
[][4971][2018-10-11 15:08:59][DEBUG][main][org.eclipse.jetty.util.component.AbstractLifeCycle:185]starting com.cellsgame.game.servlet.CreateStoreServlet-49ef32e0@c6cdbf0==com.cellsgame.game.servlet.CreateStoreServlet,jsp=null,order=-1,inst=true
[][4971][2018-10-11 15:08:59][DEBUG][main][org.eclipse.jetty.util.component.AbstractLifeCycle:177]STARTED @5073ms com.cellsgame.game.servlet.CreateStoreServlet-49ef32e0@c6cdbf0==com.cellsgame.game.servlet.CreateStoreServlet,jsp=null,order=-1,inst=true
[][4971][2018-10-11 15:08:59][DEBUG][main][org.eclipse.jetty.servlet.ServletHolder:636]Servlet.init com.cellsgame.game.servlet.CreateStoreServlet@7f4d9395 for com.cellsgame.game.servlet.CreateStoreServlet-49ef32e0
[][4971][2018-10-11 15:08:59][DEBUG][main][org.eclipse.jetty.util.component.AbstractLifeCycle:185]starting com.cellsgame.game.servlet.DeleteActivityServlet-4102b1b1@35f449ac==com.cellsgame.game.servlet.DeleteActivityServlet,jsp=null,order=-1,inst=true
[][4972][2018-10-11 15:08:59][DEBUG][main][org.eclipse.jetty.util.component.AbstractLifeCycle:177]STARTED @5074ms com.cellsgame.game.servlet.DeleteActivityServlet-4102b1b1@35f449ac==com.cellsgame.game.servlet.DeleteActivityServlet,jsp=null,order=-1,inst=true
[][4972][2018-10-11 15:08:59][DEBUG][main][org.eclipse.jetty.servlet.ServletHolder:636]Servlet.init com.cellsgame.game.servlet.DeleteActivityServlet@344b8190 for com.cellsgame.game.servlet.DeleteActivityServlet-4102b1b1
[][4972][2018-10-11 15:08:59][DEBUG][main][org.eclipse.jetty.util.component.AbstractLifeCycle:185]starting com.cellsgame.game.servlet.DeleteStoreServlet-271f18d3@28c167c1==com.cellsgame.game.servlet.DeleteStoreServlet,jsp=null,order=-1,inst=true
[][4972][2018-10-11 15:08:59][DEBUG][main][org.eclipse.jetty.util.component.AbstractLifeCycle:177]STARTED @5074ms com.cellsgame.game.servlet.DeleteStoreServlet-271f18d3@28c167c1==com.cellsgame.game.servlet.DeleteStoreServlet,jsp=null,order=-1,inst=true
[][4972][2018-10-11 15:08:59][DEBUG][main][org.eclipse.jetty.servlet.ServletHolder:636]Servlet.init com.cellsgame.game.servlet.DeleteStoreServlet@6a078481 for com.cellsgame.game.servlet.DeleteStoreServlet-271f18d3
[][4972][2018-10-11 15:08:59][DEBUG][main][org.eclipse.jetty.util.component.AbstractLifeCycle:185]starting com.cellsgame.game.servlet.GameStateChangeServlet-5b69fd74@37386df5==com.cellsgame.game.servlet.GameStateChangeServlet,jsp=null,order=-1,inst=true
[][4972][2018-10-11 15:08:59][DEBUG][main][org.eclipse.jetty.util.component.AbstractLifeCycle:177]STARTED @5074ms com.cellsgame.game.servlet.GameStateChangeServlet-5b69fd74@37386df5==com.cellsgame.game.servlet.GameStateChangeServlet,jsp=null,order=-1,inst=true
[][4972][2018-10-11 15:08:59][DEBUG][main][org.eclipse.jetty.servlet.ServletHolder:636]Servlet.init com.cellsgame.game.servlet.GameStateChangeServlet@79c5636f for com.cellsgame.game.servlet.GameStateChangeServlet-5b69fd74
[][4972][2018-10-11 15:08:59][DEBUG][main][org.eclipse.jetty.util.component.AbstractLifeCycle:185]starting com.cellsgame.game.servlet.GetGameStateServlet-f325091@dd525fa==com.cellsgame.game.servlet.GetGameStateServlet,jsp=null,order=-1,inst=true
[][4972][2018-10-11 15:08:59][DEBUG][main][org.eclipse.jetty.util.component.AbstractLifeCycle:177]STARTED @5075ms com.cellsgame.game.servlet.GetGameStateServlet-f325091@dd525fa==com.cellsgame.game.servlet.GetGameStateServlet,jsp=null,order=-1,inst=true
[][4972][2018-10-11 15:08:59][DEBUG][main][org.eclipse.jetty.servlet.ServletHolder:636]Servlet.init com.cellsgame.game.servlet.GetGameStateServlet@1929425f for com.cellsgame.game.servlet.GetGameStateServlet-f325091
[][4973][2018-10-11 15:08:59][DEBUG][main][org.eclipse.jetty.util.component.AbstractLifeCycle:185]starting com.cellsgame.game.servlet.GetOnlineSizeServlet-437e951d@d6fc4ca1==com.cellsgame.game.servlet.GetOnlineSizeServlet,jsp=null,order=-1,inst=true
[][4973][2018-10-11 15:08:59][DEBUG][main][org.eclipse.jetty.util.component.AbstractLifeCycle:177]STARTED @5075ms com.cellsgame.game.servlet.GetOnlineSizeServlet-437e951d@d6fc4ca1==com.cellsgame.game.servlet.GetOnlineSizeServlet,jsp=null,order=-1,inst=true
[][4973][2018-10-11 15:08:59][DEBUG][main][org.eclipse.jetty.servlet.ServletHolder:636]Servlet.init com.cellsgame.game.servlet.GetOnlineSizeServlet@718607eb for com.cellsgame.game.servlet.GetOnlineSizeServlet-437e951d
[][4973][2018-10-11 15:08:59][DEBUG][main][org.eclipse.jetty.util.component.AbstractLifeCycle:185]starting com.cellsgame.game.servlet.GetPlayerBaseInfoServlet-11963225@83ab3a30==com.cellsgame.game.servlet.GetPlayerBaseInfoServlet,jsp=null,order=-1,inst=true
[][4973][2018-10-11 15:08:59][DEBUG][main][org.eclipse.jetty.util.component.AbstractLifeCycle:177]STARTED @5075ms com.cellsgame.game.servlet.GetPlayerBaseInfoServlet-11963225@83ab3a30==com.cellsgame.game.servlet.GetPlayerBaseInfoServlet,jsp=null,order=-1,inst=true
[][4973][2018-10-11 15:08:59][DEBUG][main][org.eclipse.jetty.servlet.ServletHolder:636]Servlet.init com.cellsgame.game.servlet.GetPlayerBaseInfoServlet@27f3b6d6 for com.cellsgame.game.servlet.GetPlayerBaseInfoServlet-11963225
[][4973][2018-10-11 15:08:59][DEBUG][main][org.eclipse.jetty.util.component.AbstractLifeCycle:185]starting com.cellsgame.game.servlet.GetRankServlet-51abf713@eab3608d==com.cellsgame.game.servlet.GetRankServlet,jsp=null,order=-1,inst=true
[][4973][2018-10-11 15:08:59][DEBUG][main][org.eclipse.jetty.util.component.AbstractLifeCycle:177]STARTED @5075ms com.cellsgame.game.servlet.GetRankServlet-51abf713@eab3608d==com.cellsgame.game.servlet.GetRankServlet,jsp=null,order=-1,inst=true
[][4973][2018-10-11 15:08:59][DEBUG][main][org.eclipse.jetty.servlet.ServletHolder:636]Servlet.init com.cellsgame.game.servlet.GetRankServlet@757f675c for com.cellsgame.game.servlet.GetRankServlet-51abf713
[][4973][2018-10-11 15:08:59][DEBUG][main][org.eclipse.jetty.util.component.AbstractLifeCycle:185]starting com.cellsgame.game.servlet.LoadPlayerServlet-5f577419@ee523f14==com.cellsgame.game.servlet.LoadPlayerServlet,jsp=null,order=-1,inst=true
[][4973][2018-10-11 15:08:59][DEBUG][main][org.eclipse.jetty.util.component.AbstractLifeCycle:177]STARTED @5076ms com.cellsgame.game.servlet.LoadPlayerServlet-5f577419@ee523f14==com.cellsgame.game.servlet.LoadPlayerServlet,jsp=null,order=-1,inst=true
[][4974][2018-10-11 15:08:59][DEBUG][main][org.eclipse.jetty.servlet.ServletHolder:636]Servlet.init com.cellsgame.game.servlet.LoadPlayerServlet@2617f816 for com.cellsgame.game.servlet.LoadPlayerServlet-5f577419
[][4974][2018-10-11 15:08:59][DEBUG][main][org.eclipse.jetty.util.component.AbstractLifeCycle:185]starting com.cellsgame.game.servlet.MailServlet-3a71c100@b7ce2242==com.cellsgame.game.servlet.MailServlet,jsp=null,order=-1,inst=true
[][4974][2018-10-11 15:08:59][DEBUG][main][org.eclipse.jetty.util.component.AbstractLifeCycle:177]STARTED @5076ms com.cellsgame.game.servlet.MailServlet-3a71c100@b7ce2242==com.cellsgame.game.servlet.MailServlet,jsp=null,order=-1,inst=true
[][4974][2018-10-11 15:08:59][DEBUG][main][org.eclipse.jetty.servlet.ServletHolder:636]Servlet.init com.cellsgame.game.servlet.MailServlet@676f0a60 for com.cellsgame.game.servlet.MailServlet-3a71c100
[][4974][2018-10-11 15:08:59][DEBUG][main][org.eclipse.jetty.util.component.AbstractLifeCycle:185]starting com.cellsgame.game.servlet.NotifyServlet-3f3c966c@bea509ab==com.cellsgame.game.servlet.NotifyServlet,jsp=null,order=-1,inst=true
[][4974][2018-10-11 15:08:59][DEBUG][main][org.eclipse.jetty.util.component.AbstractLifeCycle:177]STARTED @5076ms com.cellsgame.game.servlet.NotifyServlet-3f3c966c@bea509ab==com.cellsgame.game.servlet.NotifyServlet,jsp=null,order=-1,inst=true
[][4974][2018-10-11 15:08:59][DEBUG][main][org.eclipse.jetty.servlet.ServletHolder:636]Servlet.init com.cellsgame.game.servlet.NotifyServlet@5d10455d for com.cellsgame.game.servlet.NotifyServlet-3f3c966c
[][4974][2018-10-11 15:08:59][DEBUG][main][org.eclipse.jetty.util.component.AbstractLifeCycle:185]starting com.cellsgame.game.servlet.QueryActivityServlet-61a5b4ae@64590417==com.cellsgame.game.servlet.QueryActivityServlet,jsp=null,order=-1,inst=true
[][4975][2018-10-11 15:08:59][DEBUG][main][org.eclipse.jetty.util.component.AbstractLifeCycle:177]STARTED @5077ms com.cellsgame.game.servlet.QueryActivityServlet-61a5b4ae@64590417==com.cellsgame.game.servlet.QueryActivityServlet,jsp=null,order=-1,inst=true
[][4975][2018-10-11 15:08:59][DEBUG][main][org.eclipse.jetty.servlet.ServletHolder:636]Servlet.init com.cellsgame.game.servlet.QueryActivityServlet@535b8c24 for com.cellsgame.game.servlet.QueryActivityServlet-61a5b4ae
[][4975][2018-10-11 15:08:59][DEBUG][main][org.eclipse.jetty.util.component.AbstractLifeCycle:185]starting com.cellsgame.game.servlet.QueryStoreServlet-6bd51ed8@4f6b5a93==com.cellsgame.game.servlet.QueryStoreServlet,jsp=null,order=-1,inst=true
[][4976][2018-10-11 15:08:59][DEBUG][main][org.eclipse.jetty.util.component.AbstractLifeCycle:177]STARTED @5078ms com.cellsgame.game.servlet.QueryStoreServlet-6bd51ed8@4f6b5a93==com.cellsgame.game.servlet.QueryStoreServlet,jsp=null,order=-1,inst=true
[][4976][2018-10-11 15:08:59][DEBUG][main][org.eclipse.jetty.servlet.ServletHolder:636]Servlet.init com.cellsgame.game.servlet.QueryStoreServlet@4a951911 for com.cellsgame.game.servlet.QueryStoreServlet-6bd51ed8
[][4976][2018-10-11 15:08:59][DEBUG][main][org.eclipse.jetty.util.component.AbstractLifeCycle:185]starting com.cellsgame.game.servlet.ReissuePayFailOrderServlet-7e8e8651@2ed1c7be==com.cellsgame.game.servlet.ReissuePayFailOrderServlet,jsp=null,order=-1,inst=true
[][4976][2018-10-11 15:08:59][DEBUG][main][org.eclipse.jetty.util.component.AbstractLifeCycle:177]STARTED @5078ms com.cellsgame.game.servlet.ReissuePayFailOrderServlet-7e8e8651@2ed1c7be==com.cellsgame.game.servlet.ReissuePayFailOrderServlet,jsp=null,order=-1,inst=true
[][4976][2018-10-11 15:08:59][DEBUG][main][org.eclipse.jetty.servlet.ServletHolder:636]Servlet.init com.cellsgame.game.servlet.ReissuePayFailOrderServlet@55b62629 for com.cellsgame.game.servlet.ReissuePayFailOrderServlet-7e8e8651
[][4976][2018-10-11 15:08:59][DEBUG][main][org.eclipse.jetty.util.component.AbstractLifeCycle:185]starting com.cellsgame.game.servlet.ReleaseActivityServlet-11ee02f8@302a645==com.cellsgame.game.servlet.ReleaseActivityServlet,jsp=null,order=-1,inst=true
[][4976][2018-10-11 15:08:59][DEBUG][main][org.eclipse.jetty.util.component.AbstractLifeCycle:177]STARTED @5078ms com.cellsgame.game.servlet.ReleaseActivityServlet-11ee02f8@302a645==com.cellsgame.game.servlet.ReleaseActivityServlet,jsp=null,order=-1,inst=true
[][4976][2018-10-11 15:08:59][DEBUG][main][org.eclipse.jetty.servlet.ServletHolder:636]Servlet.init com.cellsgame.game.servlet.ReleaseActivityServlet@a53bb6f for com.cellsgame.game.servlet.ReleaseActivityServlet-11ee02f8
[][4976][2018-10-11 15:08:59][DEBUG][main][org.eclipse.jetty.util.component.AbstractLifeCycle:185]starting com.cellsgame.game.servlet.UpdateAllowLoginIpServlet-315df4bb@b6da9a00==com.cellsgame.game.servlet.UpdateAllowLoginIpServlet,jsp=null,order=-1,inst=true
[][4976][2018-10-11 15:08:59][DEBUG][main][org.eclipse.jetty.util.component.AbstractLifeCycle:177]STARTED @5079ms com.cellsgame.game.servlet.UpdateAllowLoginIpServlet-315df4bb@b6da9a00==com.cellsgame.game.servlet.UpdateAllowLoginIpServlet,jsp=null,order=-1,inst=true
[][4976][2018-10-11 15:08:59][DEBUG][main][org.eclipse.jetty.servlet.ServletHolder:636]Servlet.init com.cellsgame.game.servlet.UpdateAllowLoginIpServlet@5e63cad for com.cellsgame.game.servlet.UpdateAllowLoginIpServlet-315df4bb
[][4976][2018-10-11 15:08:59][DEBUG][main][org.eclipse.jetty.util.component.AbstractLifeCycle:185]starting com.cellsgame.game.servlet.UpdateStoreServlet-61e3a1fd@b213ccea==com.cellsgame.game.servlet.UpdateStoreServlet,jsp=null,order=-1,inst=true
[][4977][2018-10-11 15:08:59][DEBUG][main][org.eclipse.jetty.util.component.AbstractLifeCycle:177]STARTED @5079ms com.cellsgame.game.servlet.UpdateStoreServlet-61e3a1fd@b213ccea==com.cellsgame.game.servlet.UpdateStoreServlet,jsp=null,order=-1,inst=true
[][4977][2018-10-11 15:08:59][DEBUG][main][org.eclipse.jetty.servlet.ServletHolder:636]Servlet.init com.cellsgame.game.servlet.UpdateStoreServlet@6759f091 for com.cellsgame.game.servlet.UpdateStoreServlet-61e3a1fd
[][4977][2018-10-11 15:08:59][DEBUG][main][org.eclipse.jetty.util.component.AbstractLifeCycle:185]starting org.eclipse.jetty.servlet.ServletHandler$Default404Servlet-6f330eb9@b4510bf0==org.eclipse.jetty.servlet.ServletHandler$Default404Servlet,jsp=null,order=-1,inst=false
[][4977][2018-10-11 15:08:59][DEBUG][main][org.eclipse.jetty.util.component.AbstractLifeCycle:177]STARTED @5079ms org.eclipse.jetty.servlet.ServletHandler$Default404Servlet-6f330eb9@b4510bf0==org.eclipse.jetty.servlet.ServletHandler$Default404Servlet,jsp=null,order=-1,inst=false
[][4977][2018-10-11 15:08:59][DEBUG][main][org.eclipse.jetty.util.component.AbstractLifeCycle:177]STARTED @5079ms o.e.j.s.ServletContextHandler@3a7704c{/game,null,AVAILABLE}
[][4977][2018-10-11 15:08:59][DEBUG][main][org.eclipse.jetty.util.component.AbstractLifeCycle:185]starting org.eclipse.jetty.server.handler.ErrorHandler@632aa1a3
[][4977][2018-10-11 15:08:59][DEBUG][main][org.eclipse.jetty.server.handler.AbstractHandler:110]starting org.eclipse.jetty.server.handler.ErrorHandler@632aa1a3
[][4977][2018-10-11 15:08:59][DEBUG][main][org.eclipse.jetty.util.component.AbstractLifeCycle:177]STARTED @5080ms org.eclipse.jetty.server.handler.ErrorHandler@632aa1a3
[][4977][2018-10-11 15:08:59][DEBUG][main][org.eclipse.jetty.util.component.AbstractLifeCycle:185]starting ServerConnector@54e81b21{HTTP/1.1,[http/1.1]}{0.0.0.0:7001}
[][4983][2018-10-11 15:08:59][DEBUG][main][org.eclipse.jetty.util.component.ContainerLifeCycle:322]ServerConnector@54e81b21{HTTP/1.1,[http/1.1]}{0.0.0.0:7001} added {sun.nio.ch.ServerSocketChannelImpl[/0:0:0:0:0:0:0:0:7001],POJO}
[][4984][2018-10-11 15:08:59][DEBUG][main][org.eclipse.jetty.util.component.AbstractLifeCycle:185]starting org.eclipse.jetty.util.thread.ScheduledExecutorScheduler@54f5f647
[][4984][2018-10-11 15:08:59][DEBUG][main][org.eclipse.jetty.util.component.AbstractLifeCycle:177]STARTED @5087ms org.eclipse.jetty.util.thread.ScheduledExecutorScheduler@54f5f647
[][4985][2018-10-11 15:08:59][DEBUG][main][org.eclipse.jetty.util.component.AbstractLifeCycle:185]starting HttpConnectionFactory@1ad777f[HTTP/1.1]
[][4985][2018-10-11 15:08:59][DEBUG][main][org.eclipse.jetty.util.component.AbstractLifeCycle:177]STARTED @5087ms HttpConnectionFactory@1ad777f[HTTP/1.1]
[][4985][2018-10-11 15:08:59][DEBUG][main][org.eclipse.jetty.util.component.AbstractLifeCycle:185]starting org.eclipse.jetty.server.ServerConnector$ServerConnectorManager@50cf5a23
[][4994][2018-10-11 15:08:59][DEBUG][main][org.eclipse.jetty.util.component.ContainerLifeCycle:322]org.eclipse.jetty.io.ManagedSelector@408613cc id=0 keys=-1 selected=-1 added {EatWhatYouKill@325f7fa9/org.eclipse.jetty.io.ManagedSelector$SelectorProducer@11ce2e22/IDLE/0/1,AUTO}
[][4994][2018-10-11 15:08:59][DEBUG][main][org.eclipse.jetty.util.component.ContainerLifeCycle:322]org.eclipse.jetty.server.ServerConnector$ServerConnectorManager@50cf5a23 added {org.eclipse.jetty.io.ManagedSelector@408613cc id=0 keys=-1 selected=-1,AUTO}
[][4994][2018-10-11 15:08:59][DEBUG][main][org.eclipse.jetty.util.component.ContainerLifeCycle:322]org.eclipse.jetty.io.ManagedSelector@63a5d002 id=1 keys=-1 selected=-1 added {EatWhatYouKill@13cda7c9/org.eclipse.jetty.io.ManagedSelector$SelectorProducer@5aa6202e/IDLE/0/1,AUTO}
[][4994][2018-10-11 15:08:59][DEBUG][main][org.eclipse.jetty.util.component.ContainerLifeCycle:322]org.eclipse.jetty.server.ServerConnector$ServerConnectorManager@50cf5a23 added {org.eclipse.jetty.io.ManagedSelector@63a5d002 id=1 keys=-1 selected=-1,AUTO}
[][4994][2018-10-11 15:08:59][DEBUG][main][org.eclipse.jetty.util.component.AbstractLifeCycle:185]starting org.eclipse.jetty.io.ManagedSelector@408613cc id=0 keys=-1 selected=-1
[][4994][2018-10-11 15:08:59][DEBUG][main][org.eclipse.jetty.util.component.AbstractLifeCycle:185]starting EatWhatYouKill@325f7fa9/org.eclipse.jetty.io.ManagedSelector$SelectorProducer@11ce2e22/IDLE/0/1
[][4994][2018-10-11 15:08:59][DEBUG][main][org.eclipse.jetty.util.component.AbstractLifeCycle:177]STARTED @5097ms EatWhatYouKill@325f7fa9/org.eclipse.jetty.io.ManagedSelector$SelectorProducer@11ce2e22/IDLE/0/1
[][5110][2018-10-11 15:08:59][DEBUG][main][org.eclipse.jetty.util.thread.QueuedThreadPool:381]queue org.eclipse.jetty.io.ManagedSelector$$Lambda$52/2027133545@3c818ac4
[][5111][2018-10-11 15:08:59][DEBUG][main][org.eclipse.jetty.util.component.AbstractLifeCycle:177]STARTED @5213ms org.eclipse.jetty.io.ManagedSelector@408613cc id=0 keys=0 selected=0
[][5111][2018-10-11 15:08:59][DEBUG][qtp234223040-31][org.eclipse.jetty.util.thread.QueuedThreadPool:590]run org.eclipse.jetty.io.ManagedSelector$$Lambda$52/2027133545@3c818ac4
[][5112][2018-10-11 15:08:59][DEBUG][qtp234223040-31][org.eclipse.jetty.util.thread.strategy.EatWhatYouKill:123]EatWhatYouKill@325f7fa9/org.eclipse.jetty.io.ManagedSelector$SelectorProducer@11ce2e22/PRODUCING/0/1 execute true
[][5112][2018-10-11 15:08:59][DEBUG][main][org.eclipse.jetty.util.component.AbstractLifeCycle:185]starting org.eclipse.jetty.io.ManagedSelector@63a5d002 id=1 keys=-1 selected=-1
[][5112][2018-10-11 15:08:59][DEBUG][main][org.eclipse.jetty.util.component.AbstractLifeCycle:185]starting EatWhatYouKill@13cda7c9/org.eclipse.jetty.io.ManagedSelector$SelectorProducer@5aa6202e/IDLE/0/1
[][5112][2018-10-11 15:08:59][DEBUG][main][org.eclipse.jetty.util.component.AbstractLifeCycle:177]STARTED @5214ms EatWhatYouKill@13cda7c9/org.eclipse.jetty.io.ManagedSelector$SelectorProducer@5aa6202e/IDLE/0/1
[][5114][2018-10-11 15:08:59][DEBUG][qtp234223040-31][org.eclipse.jetty.util.thread.strategy.EatWhatYouKill:206]EatWhatYouKill@325f7fa9/org.eclipse.jetty.io.ManagedSelector$SelectorProducer@11ce2e22/PRODUCING/0/1 produce non-blocking
[][5114][2018-10-11 15:08:59][DEBUG][qtp234223040-31][org.eclipse.jetty.io.ManagedSelector:233]Selector loop waiting on select
[][5115][2018-10-11 15:08:59][DEBUG][main][org.eclipse.jetty.util.thread.QueuedThreadPool:381]queue org.eclipse.jetty.io.ManagedSelector$$Lambda$52/2027133545@5b69d40d
[][5115][2018-10-11 15:08:59][DEBUG][main][org.eclipse.jetty.util.component.AbstractLifeCycle:177]STARTED @5217ms org.eclipse.jetty.io.ManagedSelector@63a5d002 id=1 keys=0 selected=0
[][5115][2018-10-11 15:08:59][DEBUG][main][org.eclipse.jetty.util.component.AbstractLifeCycle:177]STARTED @5218ms org.eclipse.jetty.server.ServerConnector$ServerConnectorManager@50cf5a23
[][5117][2018-10-11 15:08:59][DEBUG][main][org.eclipse.jetty.util.component.ContainerLifeCycle:322]ServerConnector@54e81b21{HTTP/1.1,[http/1.1]}{0.0.0.0:7001} added {acceptor-0@2516fc68,POJO}
[][5117][2018-10-11 15:08:59][DEBUG][main][org.eclipse.jetty.util.thread.QueuedThreadPool:381]queue acceptor-0@2516fc68
[][5117][2018-10-11 15:08:59][DEBUG][main][org.eclipse.jetty.util.component.AbstractLifeCycle:177]STARTED @5219ms ServerConnector@54e81b21{HTTP/1.1,[http/1.1]}{0.0.0.0:7001}
[][5117][2018-10-11 15:08:59][DEBUG][main][org.eclipse.jetty.util.component.AbstractLifeCycle:177]STARTED @5220ms org.eclipse.jetty.server.Server@74a9c4b0
[][5121][2018-10-11 15:08:59][DEBUG][qtp234223040-32][org.eclipse.jetty.util.thread.QueuedThreadPool:590]run org.eclipse.jetty.io.ManagedSelector$$Lambda$52/2027133545@5b69d40d
[][5121][2018-10-11 15:08:59][DEBUG][qtp234223040-32][org.eclipse.jetty.util.thread.strategy.EatWhatYouKill:123]EatWhatYouKill@13cda7c9/org.eclipse.jetty.io.ManagedSelector$SelectorProducer@5aa6202e/PRODUCING/0/1 execute true
[][5121][2018-10-11 15:08:59][DEBUG][qtp234223040-32][org.eclipse.jetty.util.thread.strategy.EatWhatYouKill:206]EatWhatYouKill@13cda7c9/org.eclipse.jetty.io.ManagedSelector$SelectorProducer@5aa6202e/PRODUCING/0/1 produce non-blocking
[][5121][2018-10-11 15:08:59][DEBUG][qtp234223040-32][org.eclipse.jetty.io.ManagedSelector:233]Selector loop waiting on select
[][5121][2018-10-11 15:08:59][DEBUG][qtp234223040-35][org.eclipse.jetty.util.thread.QueuedThreadPool:590]run acceptor-0@2516fc68
