[][4340][2018-10-11 15:08:34][DEBUG][main][org.eclipse.jetty.util.log:180]Logging to org.apache.logging.slf4j.Log4jLogger@30c0ccff via org.eclipse.jetty.util.log.Slf4jLog
[][4356][2018-10-11 15:08:34][DEBUG][main][org.eclipse.jetty.util.DecoratedObjectFactory:52]Adding Decorator: org.eclipse.jetty.util.DeprecationWarning@751e664e
[][4368][2018-10-11 15:08:34][DEBUG][main][org.eclipse.jetty.util.component.ContainerLifeCycle:322]o.e.j.s.ServletContextHandler@6754ef00{/,null,UNAVAILABLE} added {org.eclipse.jetty.server.session.SessionHandler1637601612==dftMaxIdleSec=-1,MANAGED}
[][4374][2018-10-11 15:08:34][DEBUG][main][org.eclipse.jetty.util.component.ContainerLifeCycle:322]org.eclipse.jetty.server.session.SessionHandler1637601612==dftMaxIdleSec=-1 added {org.eclipse.jetty.servlet.ServletHandler@106faf11,MANAGED}
[][4386][2018-10-11 15:08:34][DEBUG][main][org.eclipse.jetty.util.component.ContainerLifeCycle:322]org.eclipse.jetty.servlet.ServletHandler@106faf11 added {com.cellsgame.game.servlet.LoadPlayerServlet-28fa700e@8b3d556b==com.cellsgame.game.servlet.LoadPlayerServlet,jsp=null,order=-1,inst=true,AUTO}
[][4387][2018-10-11 15:08:34][DEBUG][main][org.eclipse.jetty.util.component.ContainerLifeCycle:322]org.eclipse.jetty.servlet.ServletHandler@106faf11 added {[/loadPlayer]=>com.cellsgame.game.servlet.LoadPlayerServlet-28fa700e,POJO}
[][4387][2018-10-11 15:08:34][DEBUG][main][org.eclipse.jetty.util.component.ContainerLifeCycle:322]org.eclipse.jetty.servlet.ServletHandler@106faf11 added {com.cellsgame.game.servlet.GetPlayerBaseInfoServlet-3f3c966c@3f57b03e==com.cellsgame.game.servlet.GetPlayerBaseInfoServlet,jsp=null,order=-1,inst=true,AUTO}
[][4387][2018-10-11 15:08:34][DEBUG][main][org.eclipse.jetty.util.component.ContainerLifeCycle:322]org.eclipse.jetty.servlet.ServletHandler@106faf11 added {[/getPlayerBaseInfo]=>com.cellsgame.game.servlet.GetPlayerBaseInfoServlet-3f3c966c,POJO}
[][4388][2018-10-11 15:08:34][DEBUG][main][org.eclipse.jetty.util.component.ContainerLifeCycle:322]org.eclipse.jetty.servlet.ServletHandler@106faf11 added {com.cellsgame.game.servlet.NotifyServlet-11ee02f8@50a2c8d2==com.cellsgame.game.servlet.NotifyServlet,jsp=null,order=-1,inst=true,AUTO}
[][4388][2018-10-11 15:08:34][DEBUG][main][org.eclipse.jetty.util.component.ContainerLifeCycle:322]org.eclipse.jetty.servlet.ServletHandler@106faf11 added {[/notify]=>com.cellsgame.game.servlet.NotifyServlet-11ee02f8,POJO}
[][4389][2018-10-11 15:08:34][DEBUG][main][org.eclipse.jetty.util.component.ContainerLifeCycle:322]org.eclipse.jetty.servlet.ServletHandler@106faf11 added {com.cellsgame.game.servlet.ReleaseActivityServlet-4102b1b1@dd7d5b8e==com.cellsgame.game.servlet.ReleaseActivityServlet,jsp=null,order=-1,inst=true,AUTO}
[][4389][2018-10-11 15:08:34][DEBUG][main][org.eclipse.jetty.util.component.ContainerLifeCycle:322]org.eclipse.jetty.servlet.ServletHandler@106faf11 added {[/releaseActivity]=>com.cellsgame.game.servlet.ReleaseActivityServlet-4102b1b1,POJO}
[][4390][2018-10-11 15:08:34][DEBUG][main][org.eclipse.jetty.util.component.ContainerLifeCycle:322]org.eclipse.jetty.servlet.ServletHandler@106faf11 added {com.cellsgame.game.servlet.DeleteActivityServlet-61a5b4ae@597e6bb4==com.cellsgame.game.servlet.DeleteActivityServlet,jsp=null,order=-1,inst=true,AUTO}
[][4390][2018-10-11 15:08:34][DEBUG][main][org.eclipse.jetty.util.component.ContainerLifeCycle:322]org.eclipse.jetty.servlet.ServletHandler@106faf11 added {[/deleteActivity]=>com.cellsgame.game.servlet.DeleteActivityServlet-61a5b4ae,POJO}
[][4390][2018-10-11 15:08:34][DEBUG][main][org.eclipse.jetty.util.component.ContainerLifeCycle:322]org.eclipse.jetty.servlet.ServletHandler@106faf11 added {com.cellsgame.game.servlet.QueryActivityServlet-3a71c100@cffd1488==com.cellsgame.game.servlet.QueryActivityServlet,jsp=null,order=-1,inst=true,AUTO}
[][4391][2018-10-11 15:08:34][DEBUG][main][org.eclipse.jetty.util.component.ContainerLifeCycle:322]org.eclipse.jetty.servlet.ServletHandler@106faf11 added {[/queryActivity]=>com.cellsgame.game.servlet.QueryActivityServlet-3a71c100,POJO}
[][4391][2018-10-11 15:08:34][DEBUG][main][org.eclipse.jetty.util.component.ContainerLifeCycle:322]org.eclipse.jetty.servlet.ServletHandler@106faf11 added {com.cellsgame.game.servlet.MailServlet-5b69fd74@bb34b817==com.cellsgame.game.servlet.MailServlet,jsp=null,order=-1,inst=true,AUTO}
[][4391][2018-10-11 15:08:34][DEBUG][main][org.eclipse.jetty.util.component.ContainerLifeCycle:322]org.eclipse.jetty.servlet.ServletHandler@106faf11 added {[/mail]=>com.cellsgame.game.servlet.MailServlet-5b69fd74,POJO}
[][4392][2018-10-11 15:08:34][DEBUG][main][org.eclipse.jetty.util.component.ContainerLifeCycle:322]org.eclipse.jetty.servlet.ServletHandler@106faf11 added {com.cellsgame.game.servlet.GameStateChangeServlet-f325091@fab4e8ee==com.cellsgame.game.servlet.GameStateChangeServlet,jsp=null,order=-1,inst=true,AUTO}
[][4392][2018-10-11 15:08:34][DEBUG][main][org.eclipse.jetty.util.component.ContainerLifeCycle:322]org.eclipse.jetty.servlet.ServletHandler@106faf11 added {[/stateChange]=>com.cellsgame.game.servlet.GameStateChangeServlet-f325091,POJO}
[][4393][2018-10-11 15:08:34][DEBUG][main][org.eclipse.jetty.util.component.ContainerLifeCycle:322]org.eclipse.jetty.servlet.ServletHandler@106faf11 added {com.cellsgame.game.servlet.GetGameStateServlet-437e951d@6e0581ba==com.cellsgame.game.servlet.GetGameStateServlet,jsp=null,order=-1,inst=true,AUTO}
[][4393][2018-10-11 15:08:34][DEBUG][main][org.eclipse.jetty.util.component.ContainerLifeCycle:322]org.eclipse.jetty.servlet.ServletHandler@106faf11 added {[/getState]=>com.cellsgame.game.servlet.GetGameStateServlet-437e951d,POJO}
[][4394][2018-10-11 15:08:34][DEBUG][main][org.eclipse.jetty.util.component.ContainerLifeCycle:322]org.eclipse.jetty.servlet.ServletHandler@106faf11 added {com.cellsgame.game.servlet.GetOnlineSizeServlet-77b325b3@28d562ea==com.cellsgame.game.servlet.GetOnlineSizeServlet,jsp=null,order=-1,inst=true,AUTO}
[][4394][2018-10-11 15:08:34][DEBUG][main][org.eclipse.jetty.util.component.ContainerLifeCycle:322]org.eclipse.jetty.servlet.ServletHandler@106faf11 added {[/onlineSize]=>com.cellsgame.game.servlet.GetOnlineSizeServlet-77b325b3,POJO}
[][4394][2018-10-11 15:08:34][DEBUG][main][org.eclipse.jetty.util.component.ContainerLifeCycle:322]org.eclipse.jetty.servlet.ServletHandler@106faf11 added {com.cellsgame.game.servlet.ChangePlayerStateServlet-63a5e46c@61791b68==com.cellsgame.game.servlet.ChangePlayerStateServlet,jsp=null,order=-1,inst=true,AUTO}
[][4394][2018-10-11 15:08:34][DEBUG][main][org.eclipse.jetty.util.component.ContainerLifeCycle:322]org.eclipse.jetty.servlet.ServletHandler@106faf11 added {[/setPlayerState]=>com.cellsgame.game.servlet.ChangePlayerStateServlet-63a5e46c,POJO}
[][4395][2018-10-11 15:08:34][DEBUG][main][org.eclipse.jetty.util.component.ContainerLifeCycle:322]org.eclipse.jetty.servlet.ServletHandler@106faf11 added {com.cellsgame.game.servlet.ChangePlayerStateServlet-7e8e8651@daeb2430==com.cellsgame.game.servlet.ChangePlayerStateServlet,jsp=null,order=-1,inst=true,AUTO}
[][4395][2018-10-11 15:08:34][DEBUG][main][org.eclipse.jetty.util.component.ContainerLifeCycle:322]org.eclipse.jetty.servlet.ServletHandler@106faf11 added {[/resetPlayerState]=>com.cellsgame.game.servlet.ChangePlayerStateServlet-7e8e8651,POJO}
[][4395][2018-10-11 15:08:34][DEBUG][main][org.eclipse.jetty.util.component.ContainerLifeCycle:322]org.eclipse.jetty.servlet.ServletHandler@106faf11 added {com.cellsgame.game.servlet.ReissuePayFailOrderServlet-49ef32e0@2c71ee59==com.cellsgame.game.servlet.ReissuePayFailOrderServlet,jsp=null,order=-1,inst=true,AUTO}
[][4395][2018-10-11 15:08:34][DEBUG][main][org.eclipse.jetty.util.component.ContainerLifeCycle:322]org.eclipse.jetty.servlet.ServletHandler@106faf11 added {[/reissueOrder]=>com.cellsgame.game.servlet.ReissuePayFailOrderServlet-49ef32e0,POJO}
[][4396][2018-10-11 15:08:34][DEBUG][main][org.eclipse.jetty.util.component.ContainerLifeCycle:322]org.eclipse.jetty.servlet.ServletHandler@106faf11 added {com.cellsgame.game.servlet.CreateStoreServlet-271f18d3@7a213910==com.cellsgame.game.servlet.CreateStoreServlet,jsp=null,order=-1,inst=true,AUTO}
[][4396][2018-10-11 15:08:34][DEBUG][main][org.eclipse.jetty.util.component.ContainerLifeCycle:322]org.eclipse.jetty.servlet.ServletHandler@106faf11 added {[/createStore]=>com.cellsgame.game.servlet.CreateStoreServlet-271f18d3,POJO}
[][4397][2018-10-11 15:08:34][DEBUG][main][org.eclipse.jetty.util.component.ContainerLifeCycle:322]org.eclipse.jetty.servlet.ServletHandler@106faf11 added {com.cellsgame.game.servlet.DeleteStoreServlet-6bd51ed8@ff476016==com.cellsgame.game.servlet.DeleteStoreServlet,jsp=null,order=-1,inst=true,AUTO}
[][4397][2018-10-11 15:08:34][DEBUG][main][org.eclipse.jetty.util.component.ContainerLifeCycle:322]org.eclipse.jetty.servlet.ServletHandler@106faf11 added {[/deleteStore]=>com.cellsgame.game.servlet.DeleteStoreServlet-6bd51ed8,POJO}
[][4397][2018-10-11 15:08:34][DEBUG][main][org.eclipse.jetty.util.component.ContainerLifeCycle:322]org.eclipse.jetty.servlet.ServletHandler@106faf11 added {com.cellsgame.game.servlet.QueryStoreServlet-61e3a1fd@3107bbc5==com.cellsgame.game.servlet.QueryStoreServlet,jsp=null,order=-1,inst=true,AUTO}
[][4397][2018-10-11 15:08:34][DEBUG][main][org.eclipse.jetty.util.component.ContainerLifeCycle:322]org.eclipse.jetty.servlet.ServletHandler@106faf11 added {[/queryStore]=>com.cellsgame.game.servlet.QueryStoreServlet-61e3a1fd,POJO}
[][4399][2018-10-11 15:08:34][DEBUG][main][org.eclipse.jetty.util.component.ContainerLifeCycle:322]org.eclipse.jetty.servlet.ServletHandler@106faf11 added {com.cellsgame.game.servlet.UpdateStoreServlet-51abf713@45f7e403==com.cellsgame.game.servlet.UpdateStoreServlet,jsp=null,order=-1,inst=true,AUTO}
[][4399][2018-10-11 15:08:34][DEBUG][main][org.eclipse.jetty.util.component.ContainerLifeCycle:322]org.eclipse.jetty.servlet.ServletHandler@106faf11 added {[/updateStore]=>com.cellsgame.game.servlet.UpdateStoreServlet-51abf713,POJO}
[][4399][2018-10-11 15:08:34][DEBUG][main][org.eclipse.jetty.util.component.ContainerLifeCycle:322]org.eclipse.jetty.servlet.ServletHandler@106faf11 added {com.cellsgame.game.servlet.GetRankServlet-eadb475@44cf713b==com.cellsgame.game.servlet.GetRankServlet,jsp=null,order=-1,inst=true,AUTO}
[][4400][2018-10-11 15:08:34][DEBUG][main][org.eclipse.jetty.util.component.ContainerLifeCycle:322]org.eclipse.jetty.servlet.ServletHandler@106faf11 added {[/getRank]=>com.cellsgame.game.servlet.GetRankServlet-eadb475,POJO}
[][4400][2018-10-11 15:08:34][DEBUG][main][org.eclipse.jetty.util.component.ContainerLifeCycle:322]org.eclipse.jetty.servlet.ServletHandler@106faf11 added {com.cellsgame.game.servlet.ChangeCurrencyServlet-4d4d48a6@230a6f==com.cellsgame.game.servlet.ChangeCurrencyServlet,jsp=null,order=-1,inst=true,AUTO}
[][4400][2018-10-11 15:08:34][DEBUG][main][org.eclipse.jetty.util.component.ContainerLifeCycle:322]org.eclipse.jetty.servlet.ServletHandler@106faf11 added {[/changeCurrency]=>com.cellsgame.game.servlet.ChangeCurrencyServlet-4d4d48a6,POJO}
[][4401][2018-10-11 15:08:34][DEBUG][main][org.eclipse.jetty.util.component.ContainerLifeCycle:322]org.eclipse.jetty.servlet.ServletHandler@106faf11 added {com.cellsgame.game.servlet.ChangeGoodsServlet-315df4bb@1bb858bc==com.cellsgame.game.servlet.ChangeGoodsServlet,jsp=null,order=-1,inst=true,AUTO}
[][4401][2018-10-11 15:08:34][DEBUG][main][org.eclipse.jetty.util.component.ContainerLifeCycle:322]org.eclipse.jetty.servlet.ServletHandler@106faf11 added {[/changeGoods]=>com.cellsgame.game.servlet.ChangeGoodsServlet-315df4bb,POJO}
[][4402][2018-10-11 15:08:34][DEBUG][main][org.eclipse.jetty.util.component.ContainerLifeCycle:322]org.eclipse.jetty.servlet.ServletHandler@106faf11 added {com.cellsgame.game.servlet.UpdateAllowLoginIpServlet-3fc08eec@f612d410==com.cellsgame.game.servlet.UpdateAllowLoginIpServlet,jsp=null,order=-1,inst=true,AUTO}
[][4402][2018-10-11 15:08:34][DEBUG][main][org.eclipse.jetty.util.component.ContainerLifeCycle:322]org.eclipse.jetty.servlet.ServletHandler@106faf11 added {[/updateAllowLoginIp]=>com.cellsgame.game.servlet.UpdateAllowLoginIpServlet-3fc08eec,POJO}
[][4411][2018-10-11 15:08:34][DEBUG][main][org.eclipse.jetty.util.component.ContainerLifeCycle:322]org.eclipse.jetty.server.Server@85ec632 added {qtp814377348{STOPPED,8<=0<=200,i=0,q=0},AUTO}
[][4432][2018-10-11 15:08:34][DEBUG][main][org.eclipse.jetty.util.component.ContainerLifeCycle:322]HttpConnectionFactory@5bbbdd4b[HTTP/1.1] added {HttpConfiguration@438bad7c{32768/8192,8192/8192,https://:0,[]},POJO}
[][4437][2018-10-11 15:08:34][DEBUG][main][org.eclipse.jetty.util.component.ContainerLifeCycle:322]ServerConnector@38d5b107{null,[]}{0.0.0.0:0} added {org.eclipse.jetty.server.Server@85ec632,UNMANAGED}
[][4437][2018-10-11 15:08:34][DEBUG][main][org.eclipse.jetty.util.component.ContainerLifeCycle:322]ServerConnector@38d5b107{null,[]}{0.0.0.0:0} added {qtp814377348{STOPPED,8<=0<=200,i=0,q=0},AUTO}
[][4438][2018-10-11 15:08:34][DEBUG][main][org.eclipse.jetty.util.component.ContainerLifeCycle:322]ServerConnector@38d5b107{null,[]}{0.0.0.0:0} added {org.eclipse.jetty.util.thread.ScheduledExecutorScheduler@6979efad,AUTO}
[][4438][2018-10-11 15:08:34][DEBUG][main][org.eclipse.jetty.util.component.ContainerLifeCycle:322]ServerConnector@38d5b107{null,[]}{0.0.0.0:0} added {org.eclipse.jetty.io.ArrayByteBufferPool@6650813a,POJO}
[][4438][2018-10-11 15:08:34][DEBUG][main][org.eclipse.jetty.util.component.ContainerLifeCycle:322]ServerConnector@38d5b107{null,[http/1.1]}{0.0.0.0:0} added {HttpConnectionFactory@5bbbdd4b[HTTP/1.1],AUTO}
[][4439][2018-10-11 15:08:34][DEBUG][main][org.eclipse.jetty.server.AbstractConnector:406]ServerConnector@38d5b107{HTTP/1.1,[http/1.1]}{0.0.0.0:0} added HttpConnectionFactory@5bbbdd4b[HTTP/1.1]
[][4441][2018-10-11 15:08:34][DEBUG][main][org.eclipse.jetty.util.component.ContainerLifeCycle:322]ServerConnector@38d5b107{HTTP/1.1,[http/1.1]}{0.0.0.0:0} added {org.eclipse.jetty.server.ServerConnector$ServerConnectorManager@450794b4,MANAGED}
[][4442][2018-10-11 15:08:34][DEBUG][main][org.eclipse.jetty.util.component.ContainerLifeCycle:322]org.eclipse.jetty.server.Server@85ec632 added {ServerConnector@38d5b107{HTTP/1.1,[http/1.1]}{0.0.0.0:7001},AUTO}
[][4442][2018-10-11 15:08:34][DEBUG][main][org.eclipse.jetty.util.component.ContainerLifeCycle:322]org.eclipse.jetty.server.Server@85ec632 added {o.e.j.s.ServletContextHandler@6754ef00{/game,null,UNAVAILABLE},MANAGED}
[][4442][2018-10-11 15:08:34][DEBUG][main][org.eclipse.jetty.util.component.AbstractLifeCycle:185]starting org.eclipse.jetty.server.Server@85ec632
[][4445][2018-10-11 15:08:34][DEBUG][main][org.eclipse.jetty.util.component.ContainerLifeCycle:322]org.eclipse.jetty.server.Server@85ec632 added {org.eclipse.jetty.server.handler.ErrorHandler@20765ed5,AUTO}
[][4469][2018-10-11 15:08:34][DEBUG][main][org.eclipse.jetty.server.handler.AbstractHandler:110]starting org.eclipse.jetty.server.Server@85ec632
[][4470][2018-10-11 15:08:34][DEBUG][main][org.eclipse.jetty.util.component.AbstractLifeCycle:185]starting qtp814377348{STOPPED,8<=0<=200,i=0,q=0}
[][4471][2018-10-11 15:08:34][DEBUG][main][org.eclipse.jetty.util.component.AbstractLifeCycle:177]STARTED @4570ms qtp814377348{STARTED,8<=8<=200,i=8,q=0}
[][4471][2018-10-11 15:08:34][DEBUG][main][org.eclipse.jetty.util.component.AbstractLifeCycle:185]starting o.e.j.s.ServletContextHandler@6754ef00{/game,null,UNAVAILABLE}
[][4478][2018-10-11 15:08:34][DEBUG][main][org.eclipse.jetty.http.PreEncodedHttpField:64]HttpField encoders loaded: [org.eclipse.jetty.http.Http1FieldPreEncoder@62b3df3a]
[][4488][2018-10-11 15:08:34][DEBUG][main][org.eclipse.jetty.server.handler.AbstractHandler:110]starting o.e.j.s.ServletContextHandler@6754ef00{/game,null,STARTING}
[][4488][2018-10-11 15:08:34][DEBUG][main][org.eclipse.jetty.util.component.AbstractLifeCycle:185]starting org.eclipse.jetty.server.session.SessionHandler1637601612==dftMaxIdleSec=-1
[][4492][2018-10-11 15:08:34][DEBUG][main][org.eclipse.jetty.util.component.ContainerLifeCycle:322]org.eclipse.jetty.server.session.SessionHandler1637601612==dftMaxIdleSec=-1 added {org.eclipse.jetty.server.session.DefaultSessionCache@4c7a078[evict=-1,removeUnloadable=false,saveOnCreate=false,saveOnInactiveEvict=false],AUTO}
[][4494][2018-10-11 15:08:34][DEBUG][main][org.eclipse.jetty.util.component.ContainerLifeCycle:322]org.eclipse.jetty.server.session.DefaultSessionCache@4c7a078[evict=-1,removeUnloadable=false,saveOnCreate=false,saveOnInactiveEvict=false] added {org.eclipse.jetty.server.session.NullSessionDataStore@6bb7cce7[passivating=false,graceSec=3600],AUTO}
[][4496][2018-10-11 15:08:34][DEBUG][main][org.eclipse.jetty.util.component.AbstractLifeCycle:185]starting org.eclipse.jetty.server.session.DefaultSessionIdManager@328572f0[worker=null]
[][4502][2018-10-11 15:08:34][DEBUG][main][org.eclipse.jetty.util.component.ContainerLifeCycle:322]org.eclipse.jetty.server.session.DefaultSessionIdManager@328572f0[worker=node0] added {org.eclipse.jetty.server.session.HouseKeeper@7cf7aee[interval=600000, ownscheduler=false],MANAGED}
[][4503][2018-10-11 15:08:34][DEBUG][main][org.eclipse.jetty.util.component.AbstractLifeCycle:185]starting org.eclipse.jetty.server.session.HouseKeeper@7cf7aee[interval=600000, ownscheduler=false]
[][4503][2018-10-11 15:08:34][DEBUG][main][org.eclipse.jetty.util.component.AbstractLifeCycle:185]starting org.eclipse.jetty.util.thread.ScheduledExecutorScheduler@2f6bbeb0
[][4504][2018-10-11 15:08:34][DEBUG][main][org.eclipse.jetty.util.component.AbstractLifeCycle:177]STARTED @4603ms org.eclipse.jetty.util.thread.ScheduledExecutorScheduler@2f6bbeb0
[][4504][2018-10-11 15:08:34][DEBUG][main][org.eclipse.jetty.server.session:127]Using own scheduler for scavenging
[][4506][2018-10-11 15:08:34][DEBUG][main][org.eclipse.jetty.util.component.AbstractLifeCycle:177]STARTED @4605ms org.eclipse.jetty.server.session.HouseKeeper@7cf7aee[interval=600000, ownscheduler=true]
[][4506][2018-10-11 15:08:34][DEBUG][main][org.eclipse.jetty.util.component.AbstractLifeCycle:177]STARTED @4606ms org.eclipse.jetty.server.session.DefaultSessionIdManager@328572f0[worker=node0]
[][4506][2018-10-11 15:08:34][DEBUG][main][org.eclipse.jetty.util.component.ContainerLifeCycle:322]org.eclipse.jetty.server.Server@85ec632 added {org.eclipse.jetty.server.session.DefaultSessionIdManager@328572f0[worker=node0],MANAGED}
[][4507][2018-10-11 15:08:34][DEBUG][main][org.eclipse.jetty.util.component.ContainerLifeCycle:322]org.eclipse.jetty.server.session.SessionHandler1637601612==dftMaxIdleSec=-1 added {org.eclipse.jetty.server.session.DefaultSessionIdManager@328572f0[worker=node0],UNMANAGED}
[][4507][2018-10-11 15:08:34][DEBUG][main][org.eclipse.jetty.util.component.AbstractLifeCycle:185]starting org.eclipse.jetty.util.thread.ScheduledExecutorScheduler@1bf0f6f6
[][4507][2018-10-11 15:08:34][DEBUG][main][org.eclipse.jetty.util.component.AbstractLifeCycle:177]STARTED @4606ms org.eclipse.jetty.util.thread.ScheduledExecutorScheduler@1bf0f6f6
[][4508][2018-10-11 15:08:34][DEBUG][main][org.eclipse.jetty.server.handler.AbstractHandler:110]starting org.eclipse.jetty.server.session.SessionHandler1637601612==dftMaxIdleSec=-1
[][4508][2018-10-11 15:08:34][DEBUG][main][org.eclipse.jetty.util.component.AbstractLifeCycle:185]starting org.eclipse.jetty.servlet.ServletHandler@106faf11
[][4510][2018-10-11 15:08:34][DEBUG][main][org.eclipse.jetty.servlet.ServletHandler:1439]Path=/releaseActivity[EMBEDDED:null] mapped to servlet=com.cellsgame.game.servlet.ReleaseActivityServlet-4102b1b1[EMBEDDED:null]
[][4512][2018-10-11 15:08:34][DEBUG][main][org.eclipse.jetty.http.pathmap.PathMappings:239]Added MappedResource[pathSpec=ServletPathSpec["/releaseActivity",pathDepth=1,group=EXACT],resource=com.cellsgame.game.servlet.ReleaseActivityServlet-4102b1b1@dd7d5b8e==com.cellsgame.game.servlet.ReleaseActivityServlet,jsp=null,order=-1,inst=true] to PathMappings[size=1]
[][4512][2018-10-11 15:08:34][DEBUG][main][org.eclipse.jetty.servlet.ServletHandler:1439]Path=/updateAllowLoginIp[EMBEDDED:null] mapped to servlet=com.cellsgame.game.servlet.UpdateAllowLoginIpServlet-3fc08eec[EMBEDDED:null]
[][4513][2018-10-11 15:08:34][DEBUG][main][org.eclipse.jetty.http.pathmap.PathMappings:239]Added MappedResource[pathSpec=ServletPathSpec["/updateAllowLoginIp",pathDepth=1,group=EXACT],resource=com.cellsgame.game.servlet.UpdateAllowLoginIpServlet-3fc08eec@f612d410==com.cellsgame.game.servlet.UpdateAllowLoginIpServlet,jsp=null,order=-1,inst=true] to PathMappings[size=2]
[][4513][2018-10-11 15:08:34][DEBUG][main][org.eclipse.jetty.servlet.ServletHandler:1439]Path=/getPlayerBaseInfo[EMBEDDED:null] mapped to servlet=com.cellsgame.game.servlet.GetPlayerBaseInfoServlet-3f3c966c[EMBEDDED:null]
[][4513][2018-10-11 15:08:34][DEBUG][main][org.eclipse.jetty.http.pathmap.PathMappings:239]Added MappedResource[pathSpec=ServletPathSpec["/getPlayerBaseInfo",pathDepth=1,group=EXACT],resource=com.cellsgame.game.servlet.GetPlayerBaseInfoServlet-3f3c966c@3f57b03e==com.cellsgame.game.servlet.GetPlayerBaseInfoServlet,jsp=null,order=-1,inst=true] to PathMappings[size=3]
[][4513][2018-10-11 15:08:34][DEBUG][main][org.eclipse.jetty.servlet.ServletHandler:1439]Path=/queryActivity[EMBEDDED:null] mapped to servlet=com.cellsgame.game.servlet.QueryActivityServlet-3a71c100[EMBEDDED:null]
[][4513][2018-10-11 15:08:34][DEBUG][main][org.eclipse.jetty.http.pathmap.PathMappings:239]Added MappedResource[pathSpec=ServletPathSpec["/queryActivity",pathDepth=1,group=EXACT],resource=com.cellsgame.game.servlet.QueryActivityServlet-3a71c100@cffd1488==com.cellsgame.game.servlet.QueryActivityServlet,jsp=null,order=-1,inst=true] to PathMappings[size=4]
[][4514][2018-10-11 15:08:34][DEBUG][main][org.eclipse.jetty.servlet.ServletHandler:1439]Path=/queryStore[EMBEDDED:null] mapped to servlet=com.cellsgame.game.servlet.QueryStoreServlet-61e3a1fd[EMBEDDED:null]
[][4514][2018-10-11 15:08:34][DEBUG][main][org.eclipse.jetty.http.pathmap.PathMappings:239]Added MappedResource[pathSpec=ServletPathSpec["/queryStore",pathDepth=1,group=EXACT],resource=com.cellsgame.game.servlet.QueryStoreServlet-61e3a1fd@3107bbc5==com.cellsgame.game.servlet.QueryStoreServlet,jsp=null,order=-1,inst=true] to PathMappings[size=5]
[][4514][2018-10-11 15:08:34][DEBUG][main][org.eclipse.jetty.servlet.ServletHandler:1439]Path=/getRank[EMBEDDED:null] mapped to servlet=com.cellsgame.game.servlet.GetRankServlet-eadb475[EMBEDDED:null]
[][4514][2018-10-11 15:08:34][DEBUG][main][org.eclipse.jetty.http.pathmap.PathMappings:239]Added MappedResource[pathSpec=ServletPathSpec["/getRank",pathDepth=1,group=EXACT],resource=com.cellsgame.game.servlet.GetRankServlet-eadb475@44cf713b==com.cellsgame.game.servlet.GetRankServlet,jsp=null,order=-1,inst=true] to PathMappings[size=6]
[][4514][2018-10-11 15:08:34][DEBUG][main][org.eclipse.jetty.servlet.ServletHandler:1439]Path=/setPlayerState[EMBEDDED:null] mapped to servlet=com.cellsgame.game.servlet.ChangePlayerStateServlet-63a5e46c[EMBEDDED:null]
[][4514][2018-10-11 15:08:34][DEBUG][main][org.eclipse.jetty.http.pathmap.PathMappings:239]Added MappedResource[pathSpec=ServletPathSpec["/setPlayerState",pathDepth=1,group=EXACT],resource=com.cellsgame.game.servlet.ChangePlayerStateServlet-63a5e46c@61791b68==com.cellsgame.game.servlet.ChangePlayerStateServlet,jsp=null,order=-1,inst=true] to PathMappings[size=7]
[][4515][2018-10-11 15:08:34][DEBUG][main][org.eclipse.jetty.servlet.ServletHandler:1439]Path=/resetPlayerState[EMBEDDED:null] mapped to servlet=com.cellsgame.game.servlet.ChangePlayerStateServlet-7e8e8651[EMBEDDED:null]
[][4515][2018-10-11 15:08:34][DEBUG][main][org.eclipse.jetty.http.pathmap.PathMappings:239]Added MappedResource[pathSpec=ServletPathSpec["/resetPlayerState",pathDepth=1,group=EXACT],resource=com.cellsgame.game.servlet.ChangePlayerStateServlet-7e8e8651@daeb2430==com.cellsgame.game.servlet.ChangePlayerStateServlet,jsp=null,order=-1,inst=true] to PathMappings[size=8]
[][4515][2018-10-11 15:08:34][DEBUG][main][org.eclipse.jetty.servlet.ServletHandler:1439]Path=/mail[EMBEDDED:null] mapped to servlet=com.cellsgame.game.servlet.MailServlet-5b69fd74[EMBEDDED:null]
[][4515][2018-10-11 15:08:34][DEBUG][main][org.eclipse.jetty.http.pathmap.PathMappings:239]Added MappedResource[pathSpec=ServletPathSpec["/mail",pathDepth=1,group=EXACT],resource=com.cellsgame.game.servlet.MailServlet-5b69fd74@bb34b817==com.cellsgame.game.servlet.MailServlet,jsp=null,order=-1,inst=true] to PathMappings[size=9]
[][4515][2018-10-11 15:08:34][DEBUG][main][org.eclipse.jetty.servlet.ServletHandler:1439]Path=/updateStore[EMBEDDED:null] mapped to servlet=com.cellsgame.game.servlet.UpdateStoreServlet-51abf713[EMBEDDED:null]
[][4515][2018-10-11 15:08:34][DEBUG][main][org.eclipse.jetty.http.pathmap.PathMappings:239]Added MappedResource[pathSpec=ServletPathSpec["/updateStore",pathDepth=1,group=EXACT],resource=com.cellsgame.game.servlet.UpdateStoreServlet-51abf713@45f7e403==com.cellsgame.game.servlet.UpdateStoreServlet,jsp=null,order=-1,inst=true] to PathMappings[size=10]
[][4516][2018-10-11 15:08:34][DEBUG][main][org.eclipse.jetty.servlet.ServletHandler:1439]Path=/deleteStore[EMBEDDED:null] mapped to servlet=com.cellsgame.game.servlet.DeleteStoreServlet-6bd51ed8[EMBEDDED:null]
[][4516][2018-10-11 15:08:34][DEBUG][main][org.eclipse.jetty.http.pathmap.PathMappings:239]Added MappedResource[pathSpec=ServletPathSpec["/deleteStore",pathDepth=1,group=EXACT],resource=com.cellsgame.game.servlet.DeleteStoreServlet-6bd51ed8@ff476016==com.cellsgame.game.servlet.DeleteStoreServlet,jsp=null,order=-1,inst=true] to PathMappings[size=11]
[][4516][2018-10-11 15:08:34][DEBUG][main][org.eclipse.jetty.servlet.ServletHandler:1439]Path=/getState[EMBEDDED:null] mapped to servlet=com.cellsgame.game.servlet.GetGameStateServlet-437e951d[EMBEDDED:null]
[][4516][2018-10-11 15:08:34][DEBUG][main][org.eclipse.jetty.http.pathmap.PathMappings:239]Added MappedResource[pathSpec=ServletPathSpec["/getState",pathDepth=1,group=EXACT],resource=com.cellsgame.game.servlet.GetGameStateServlet-437e951d@6e0581ba==com.cellsgame.game.servlet.GetGameStateServlet,jsp=null,order=-1,inst=true] to PathMappings[size=12]
[][4516][2018-10-11 15:08:34][DEBUG][main][org.eclipse.jetty.servlet.ServletHandler:1439]Path=/notify[EMBEDDED:null] mapped to servlet=com.cellsgame.game.servlet.NotifyServlet-11ee02f8[EMBEDDED:null]
[][4517][2018-10-11 15:08:34][DEBUG][main][org.eclipse.jetty.http.pathmap.PathMappings:239]Added MappedResource[pathSpec=ServletPathSpec["/notify",pathDepth=1,group=EXACT],resource=com.cellsgame.game.servlet.NotifyServlet-11ee02f8@50a2c8d2==com.cellsgame.game.servlet.NotifyServlet,jsp=null,order=-1,inst=true] to PathMappings[size=13]
[][4517][2018-10-11 15:08:34][DEBUG][main][org.eclipse.jetty.servlet.ServletHandler:1439]Path=/onlineSize[EMBEDDED:null] mapped to servlet=com.cellsgame.game.servlet.GetOnlineSizeServlet-77b325b3[EMBEDDED:null]
[][4517][2018-10-11 15:08:34][DEBUG][main][org.eclipse.jetty.http.pathmap.PathMappings:239]Added MappedResource[pathSpec=ServletPathSpec["/onlineSize",pathDepth=1,group=EXACT],resource=com.cellsgame.game.servlet.GetOnlineSizeServlet-77b325b3@28d562ea==com.cellsgame.game.servlet.GetOnlineSizeServlet,jsp=null,order=-1,inst=true] to PathMappings[size=14]
[][4517][2018-10-11 15:08:34][DEBUG][main][org.eclipse.jetty.servlet.ServletHandler:1439]Path=/stateChange[EMBEDDED:null] mapped to servlet=com.cellsgame.game.servlet.GameStateChangeServlet-f325091[EMBEDDED:null]
[][4517][2018-10-11 15:08:34][DEBUG][main][org.eclipse.jetty.http.pathmap.PathMappings:239]Added MappedResource[pathSpec=ServletPathSpec["/stateChange",pathDepth=1,group=EXACT],resource=com.cellsgame.game.servlet.GameStateChangeServlet-f325091@fab4e8ee==com.cellsgame.game.servlet.GameStateChangeServlet,jsp=null,order=-1,inst=true] to PathMappings[size=15]
[][4517][2018-10-11 15:08:34][DEBUG][main][org.eclipse.jetty.servlet.ServletHandler:1439]Path=/changeGoods[EMBEDDED:null] mapped to servlet=com.cellsgame.game.servlet.ChangeGoodsServlet-315df4bb[EMBEDDED:null]
[][4518][2018-10-11 15:08:34][DEBUG][main][org.eclipse.jetty.http.pathmap.PathMappings:239]Added MappedResource[pathSpec=ServletPathSpec["/changeGoods",pathDepth=1,group=EXACT],resource=com.cellsgame.game.servlet.ChangeGoodsServlet-315df4bb@1bb858bc==com.cellsgame.game.servlet.ChangeGoodsServlet,jsp=null,order=-1,inst=true] to PathMappings[size=16]
[][4518][2018-10-11 15:08:34][DEBUG][main][org.eclipse.jetty.servlet.ServletHandler:1439]Path=/reissueOrder[EMBEDDED:null] mapped to servlet=com.cellsgame.game.servlet.ReissuePayFailOrderServlet-49ef32e0[EMBEDDED:null]
[][4518][2018-10-11 15:08:34][DEBUG][main][org.eclipse.jetty.http.pathmap.PathMappings:239]Added MappedResource[pathSpec=ServletPathSpec["/reissueOrder",pathDepth=1,group=EXACT],resource=com.cellsgame.game.servlet.ReissuePayFailOrderServlet-49ef32e0@2c71ee59==com.cellsgame.game.servlet.ReissuePayFailOrderServlet,jsp=null,order=-1,inst=true] to PathMappings[size=17]
[][4518][2018-10-11 15:08:34][DEBUG][main][org.eclipse.jetty.servlet.ServletHandler:1439]Path=/loadPlayer[EMBEDDED:null] mapped to servlet=com.cellsgame.game.servlet.LoadPlayerServlet-28fa700e[EMBEDDED:null]
[][4518][2018-10-11 15:08:34][DEBUG][main][org.eclipse.jetty.http.pathmap.PathMappings:239]Added MappedResource[pathSpec=ServletPathSpec["/loadPlayer",pathDepth=1,group=EXACT],resource=com.cellsgame.game.servlet.LoadPlayerServlet-28fa700e@8b3d556b==com.cellsgame.game.servlet.LoadPlayerServlet,jsp=null,order=-1,inst=true] to PathMappings[size=18]
[][4518][2018-10-11 15:08:34][DEBUG][main][org.eclipse.jetty.servlet.ServletHandler:1439]Path=/deleteActivity[EMBEDDED:null] mapped to servlet=com.cellsgame.game.servlet.DeleteActivityServlet-61a5b4ae[EMBEDDED:null]
[][4519][2018-10-11 15:08:34][DEBUG][main][org.eclipse.jetty.http.pathmap.PathMappings:239]Added MappedResource[pathSpec=ServletPathSpec["/deleteActivity",pathDepth=1,group=EXACT],resource=com.cellsgame.game.servlet.DeleteActivityServlet-61a5b4ae@597e6bb4==com.cellsgame.game.servlet.DeleteActivityServlet,jsp=null,order=-1,inst=true] to PathMappings[size=19]
[][4519][2018-10-11 15:08:34][DEBUG][main][org.eclipse.jetty.servlet.ServletHandler:1439]Path=/createStore[EMBEDDED:null] mapped to servlet=com.cellsgame.game.servlet.CreateStoreServlet-271f18d3[EMBEDDED:null]
[][4519][2018-10-11 15:08:34][DEBUG][main][org.eclipse.jetty.http.pathmap.PathMappings:239]Added MappedResource[pathSpec=ServletPathSpec["/createStore",pathDepth=1,group=EXACT],resource=com.cellsgame.game.servlet.CreateStoreServlet-271f18d3@7a213910==com.cellsgame.game.servlet.CreateStoreServlet,jsp=null,order=-1,inst=true] to PathMappings[size=20]
[][4519][2018-10-11 15:08:34][DEBUG][main][org.eclipse.jetty.servlet.ServletHandler:1439]Path=/changeCurrency[EMBEDDED:null] mapped to servlet=com.cellsgame.game.servlet.ChangeCurrencyServlet-4d4d48a6[EMBEDDED:null]
[][4520][2018-10-11 15:08:34][DEBUG][main][org.eclipse.jetty.http.pathmap.PathMappings:239]Added MappedResource[pathSpec=ServletPathSpec["/changeCurrency",pathDepth=1,group=EXACT],resource=com.cellsgame.game.servlet.ChangeCurrencyServlet-4d4d48a6@230a6f==com.cellsgame.game.servlet.ChangeCurrencyServlet,jsp=null,order=-1,inst=true] to PathMappings[size=21]
[][4520][2018-10-11 15:08:34][DEBUG][main][org.eclipse.jetty.servlet.ServletHandler:1464]filterNameMap={}
[][4520][2018-10-11 15:08:34][DEBUG][main][org.eclipse.jetty.servlet.ServletHandler:1465]pathFilters=null
[][4520][2018-10-11 15:08:34][DEBUG][main][org.eclipse.jetty.servlet.ServletHandler:1466]servletFilterMap=null
[][4521][2018-10-11 15:08:34][DEBUG][main][org.eclipse.jetty.servlet.ServletHandler:1467]servletPathMap=PathMappings[size=21]
[][4522][2018-10-11 15:08:34][DEBUG][main][org.eclipse.jetty.servlet.ServletHandler:1468]servletNameMap={com.cellsgame.game.servlet.QueryStoreServlet-61e3a1fd=com.cellsgame.game.servlet.QueryStoreServlet-61e3a1fd@3107bbc5==com.cellsgame.game.servlet.QueryStoreServlet,jsp=null,order=-1,inst=true, com.cellsgame.game.servlet.UpdateAllowLoginIpServlet-3fc08eec=com.cellsgame.game.servlet.UpdateAllowLoginIpServlet-3fc08eec@f612d410==com.cellsgame.game.servlet.UpdateAllowLoginIpServlet,jsp=null,order=-1,inst=true, com.cellsgame.game.servlet.MailServlet-5b69fd74=com.cellsgame.game.servlet.MailServlet-5b69fd74@bb34b817==com.cellsgame.game.servlet.MailServlet,jsp=null,order=-1,inst=true, com.cellsgame.game.servlet.ChangeGoodsServlet-315df4bb=com.cellsgame.game.servlet.ChangeGoodsServlet-315df4bb@1bb858bc==com.cellsgame.game.servlet.ChangeGoodsServlet,jsp=null,order=-1,inst=true, com.cellsgame.game.servlet.ReissuePayFailOrderServlet-49ef32e0=com.cellsgame.game.servlet.ReissuePayFailOrderServlet-49ef32e0@2c71ee59==com.cellsgame.game.servlet.ReissuePayFailOrderServlet,jsp=null,order=-1,inst=true, com.cellsgame.game.servlet.GetPlayerBaseInfoServlet-3f3c966c=com.cellsgame.game.servlet.GetPlayerBaseInfoServlet-3f3c966c@3f57b03e==com.cellsgame.game.servlet.GetPlayerBaseInfoServlet,jsp=null,order=-1,inst=true, com.cellsgame.game.servlet.DeleteActivityServlet-61a5b4ae=com.cellsgame.game.servlet.DeleteActivityServlet-61a5b4ae@597e6bb4==com.cellsgame.game.servlet.DeleteActivityServlet,jsp=null,order=-1,inst=true, com.cellsgame.game.servlet.ChangeCurrencyServlet-4d4d48a6=com.cellsgame.game.servlet.ChangeCurrencyServlet-4d4d48a6@230a6f==com.cellsgame.game.servlet.ChangeCurrencyServlet,jsp=null,order=-1,inst=true, com.cellsgame.game.servlet.NotifyServlet-11ee02f8=com.cellsgame.game.servlet.NotifyServlet-11ee02f8@50a2c8d2==com.cellsgame.game.servlet.NotifyServlet,jsp=null,order=-1,inst=true, com.cellsgame.game.servlet.ChangePlayerStateServlet-63a5e46c=com.cellsgame.game.servlet.ChangePlayerStateServlet-63a5e46c@61791b68==com.cellsgame.game.servlet.ChangePlayerStateServlet,jsp=null,order=-1,inst=true, com.cellsgame.game.servlet.CreateStoreServlet-271f18d3=com.cellsgame.game.servlet.CreateStoreServlet-271f18d3@7a213910==com.cellsgame.game.servlet.CreateStoreServlet,jsp=null,order=-1,inst=true, com.cellsgame.game.servlet.DeleteStoreServlet-6bd51ed8=com.cellsgame.game.servlet.DeleteStoreServlet-6bd51ed8@ff476016==com.cellsgame.game.servlet.DeleteStoreServlet,jsp=null,order=-1,inst=true, com.cellsgame.game.servlet.ReleaseActivityServlet-4102b1b1=com.cellsgame.game.servlet.ReleaseActivityServlet-4102b1b1@dd7d5b8e==com.cellsgame.game.servlet.ReleaseActivityServlet,jsp=null,order=-1,inst=true, com.cellsgame.game.servlet.UpdateStoreServlet-51abf713=com.cellsgame.game.servlet.UpdateStoreServlet-51abf713@45f7e403==com.cellsgame.game.servlet.UpdateStoreServlet,jsp=null,order=-1,inst=true, com.cellsgame.game.servlet.GetRankServlet-eadb475=com.cellsgame.game.servlet.GetRankServlet-eadb475@44cf713b==com.cellsgame.game.servlet.GetRankServlet,jsp=null,order=-1,inst=true, com.cellsgame.game.servlet.QueryActivityServlet-3a71c100=com.cellsgame.game.servlet.QueryActivityServlet-3a71c100@cffd1488==com.cellsgame.game.servlet.QueryActivityServlet,jsp=null,order=-1,inst=true, com.cellsgame.game.servlet.LoadPlayerServlet-28fa700e=com.cellsgame.game.servlet.LoadPlayerServlet-28fa700e@8b3d556b==com.cellsgame.game.servlet.LoadPlayerServlet,jsp=null,order=-1,inst=true, com.cellsgame.game.servlet.GameStateChangeServlet-f325091=com.cellsgame.game.servlet.GameStateChangeServlet-f325091@fab4e8ee==com.cellsgame.game.servlet.GameStateChangeServlet,jsp=null,order=-1,inst=true, com.cellsgame.game.servlet.ChangePlayerStateServlet-7e8e8651=com.cellsgame.game.servlet.ChangePlayerStateServlet-7e8e8651@daeb2430==com.cellsgame.game.servlet.ChangePlayerStateServlet,jsp=null,order=-1,inst=true, com.cellsgame.game.servlet.GetGameStateServlet-437e951d=com.cellsgame.game.servlet.GetGameStateServlet-437e951d@6e0581ba==com.cellsgame.game.servlet.GetGameStateServlet,jsp=null,order=-1,inst=true, com.cellsgame.game.servlet.GetOnlineSizeServlet-77b325b3=com.cellsgame.game.servlet.GetOnlineSizeServlet-77b325b3@28d562ea==com.cellsgame.game.servlet.GetOnlineSizeServlet,jsp=null,order=-1,inst=true}
[][4522][2018-10-11 15:08:34][DEBUG][main][org.eclipse.jetty.servlet.ServletHandler:158]Adding Default404Servlet to org.eclipse.jetty.servlet.ServletHandler@106faf11
[][4523][2018-10-11 15:08:34][DEBUG][main][org.eclipse.jetty.util.component.ContainerLifeCycle:322]org.eclipse.jetty.servlet.ServletHandler@106faf11 added {org.eclipse.jetty.servlet.ServletHandler$Default404Servlet-125c082e@f4348d3e==org.eclipse.jetty.servlet.ServletHandler$Default404Servlet,jsp=null,order=-1,inst=false,AUTO}
[][4524][2018-10-11 15:08:34][DEBUG][main][org.eclipse.jetty.util.component.ContainerLifeCycle:322]org.eclipse.jetty.servlet.ServletHandler@106faf11 added {[/]=>org.eclipse.jetty.servlet.ServletHandler$Default404Servlet-125c082e,POJO}
[][4524][2018-10-11 15:08:34][DEBUG][main][org.eclipse.jetty.servlet.ServletHandler:1439]Path=/releaseActivity[EMBEDDED:null] mapped to servlet=com.cellsgame.game.servlet.ReleaseActivityServlet-4102b1b1[EMBEDDED:null]
[][4524][2018-10-11 15:08:34][DEBUG][main][org.eclipse.jetty.http.pathmap.PathMappings:239]Added MappedResource[pathSpec=ServletPathSpec["/releaseActivity",pathDepth=1,group=EXACT],resource=com.cellsgame.game.servlet.ReleaseActivityServlet-4102b1b1@dd7d5b8e==com.cellsgame.game.servlet.ReleaseActivityServlet,jsp=null,order=-1,inst=true] to PathMappings[size=1]
[][4524][2018-10-11 15:08:34][DEBUG][main][org.eclipse.jetty.servlet.ServletHandler:1439]Path=/updateAllowLoginIp[EMBEDDED:null] mapped to servlet=com.cellsgame.game.servlet.UpdateAllowLoginIpServlet-3fc08eec[EMBEDDED:null]
[][4524][2018-10-11 15:08:34][DEBUG][main][org.eclipse.jetty.http.pathmap.PathMappings:239]Added MappedResource[pathSpec=ServletPathSpec["/updateAllowLoginIp",pathDepth=1,group=EXACT],resource=com.cellsgame.game.servlet.UpdateAllowLoginIpServlet-3fc08eec@f612d410==com.cellsgame.game.servlet.UpdateAllowLoginIpServlet,jsp=null,order=-1,inst=true] to PathMappings[size=2]
[][4524][2018-10-11 15:08:34][DEBUG][main][org.eclipse.jetty.servlet.ServletHandler:1439]Path=/getPlayerBaseInfo[EMBEDDED:null] mapped to servlet=com.cellsgame.game.servlet.GetPlayerBaseInfoServlet-3f3c966c[EMBEDDED:null]
[][4525][2018-10-11 15:08:34][DEBUG][main][org.eclipse.jetty.http.pathmap.PathMappings:239]Added MappedResource[pathSpec=ServletPathSpec["/getPlayerBaseInfo",pathDepth=1,group=EXACT],resource=com.cellsgame.game.servlet.GetPlayerBaseInfoServlet-3f3c966c@3f57b03e==com.cellsgame.game.servlet.GetPlayerBaseInfoServlet,jsp=null,order=-1,inst=true] to PathMappings[size=3]
[][4525][2018-10-11 15:08:34][DEBUG][main][org.eclipse.jetty.servlet.ServletHandler:1439]Path=/queryActivity[EMBEDDED:null] mapped to servlet=com.cellsgame.game.servlet.QueryActivityServlet-3a71c100[EMBEDDED:null]
[][4525][2018-10-11 15:08:34][DEBUG][main][org.eclipse.jetty.http.pathmap.PathMappings:239]Added MappedResource[pathSpec=ServletPathSpec["/queryActivity",pathDepth=1,group=EXACT],resource=com.cellsgame.game.servlet.QueryActivityServlet-3a71c100@cffd1488==com.cellsgame.game.servlet.QueryActivityServlet,jsp=null,order=-1,inst=true] to PathMappings[size=4]
[][4525][2018-10-11 15:08:34][DEBUG][main][org.eclipse.jetty.servlet.ServletHandler:1439]Path=/queryStore[EMBEDDED:null] mapped to servlet=com.cellsgame.game.servlet.QueryStoreServlet-61e3a1fd[EMBEDDED:null]
[][4525][2018-10-11 15:08:34][DEBUG][main][org.eclipse.jetty.http.pathmap.PathMappings:239]Added MappedResource[pathSpec=ServletPathSpec["/queryStore",pathDepth=1,group=EXACT],resource=com.cellsgame.game.servlet.QueryStoreServlet-61e3a1fd@3107bbc5==com.cellsgame.game.servlet.QueryStoreServlet,jsp=null,order=-1,inst=true] to PathMappings[size=5]
[][4525][2018-10-11 15:08:34][DEBUG][main][org.eclipse.jetty.servlet.ServletHandler:1439]Path=/getRank[EMBEDDED:null] mapped to servlet=com.cellsgame.game.servlet.GetRankServlet-eadb475[EMBEDDED:null]
[][4526][2018-10-11 15:08:34][DEBUG][main][org.eclipse.jetty.http.pathmap.PathMappings:239]Added MappedResource[pathSpec=ServletPathSpec["/getRank",pathDepth=1,group=EXACT],resource=com.cellsgame.game.servlet.GetRankServlet-eadb475@44cf713b==com.cellsgame.game.servlet.GetRankServlet,jsp=null,order=-1,inst=true] to PathMappings[size=6]
[][4526][2018-10-11 15:08:34][DEBUG][main][org.eclipse.jetty.servlet.ServletHandler:1439]Path=/setPlayerState[EMBEDDED:null] mapped to servlet=com.cellsgame.game.servlet.ChangePlayerStateServlet-63a5e46c[EMBEDDED:null]
[][4526][2018-10-11 15:08:34][DEBUG][main][org.eclipse.jetty.http.pathmap.PathMappings:239]Added MappedResource[pathSpec=ServletPathSpec["/setPlayerState",pathDepth=1,group=EXACT],resource=com.cellsgame.game.servlet.ChangePlayerStateServlet-63a5e46c@61791b68==com.cellsgame.game.servlet.ChangePlayerStateServlet,jsp=null,order=-1,inst=true] to PathMappings[size=7]
[][4526][2018-10-11 15:08:34][DEBUG][main][org.eclipse.jetty.servlet.ServletHandler:1439]Path=/resetPlayerState[EMBEDDED:null] mapped to servlet=com.cellsgame.game.servlet.ChangePlayerStateServlet-7e8e8651[EMBEDDED:null]
[][4526][2018-10-11 15:08:34][DEBUG][main][org.eclipse.jetty.http.pathmap.PathMappings:239]Added MappedResource[pathSpec=ServletPathSpec["/resetPlayerState",pathDepth=1,group=EXACT],resource=com.cellsgame.game.servlet.ChangePlayerStateServlet-7e8e8651@daeb2430==com.cellsgame.game.servlet.ChangePlayerStateServlet,jsp=null,order=-1,inst=true] to PathMappings[size=8]
[][4526][2018-10-11 15:08:34][DEBUG][main][org.eclipse.jetty.servlet.ServletHandler:1439]Path=/mail[EMBEDDED:null] mapped to servlet=com.cellsgame.game.servlet.MailServlet-5b69fd74[EMBEDDED:null]
[][4526][2018-10-11 15:08:34][DEBUG][main][org.eclipse.jetty.http.pathmap.PathMappings:239]Added MappedResource[pathSpec=ServletPathSpec["/mail",pathDepth=1,group=EXACT],resource=com.cellsgame.game.servlet.MailServlet-5b69fd74@bb34b817==com.cellsgame.game.servlet.MailServlet,jsp=null,order=-1,inst=true] to PathMappings[size=9]
[][4527][2018-10-11 15:08:34][DEBUG][main][org.eclipse.jetty.servlet.ServletHandler:1439]Path=/updateStore[EMBEDDED:null] mapped to servlet=com.cellsgame.game.servlet.UpdateStoreServlet-51abf713[EMBEDDED:null]
[][4527][2018-10-11 15:08:34][DEBUG][main][org.eclipse.jetty.http.pathmap.PathMappings:239]Added MappedResource[pathSpec=ServletPathSpec["/updateStore",pathDepth=1,group=EXACT],resource=com.cellsgame.game.servlet.UpdateStoreServlet-51abf713@45f7e403==com.cellsgame.game.servlet.UpdateStoreServlet,jsp=null,order=-1,inst=true] to PathMappings[size=10]
[][4527][2018-10-11 15:08:34][DEBUG][main][org.eclipse.jetty.servlet.ServletHandler:1439]Path=/[EMBEDDED:null] mapped to servlet=org.eclipse.jetty.servlet.ServletHandler$Default404Servlet-125c082e[EMBEDDED:null]
[][4527][2018-10-11 15:08:34][DEBUG][main][org.eclipse.jetty.http.pathmap.PathMappings:239]Added MappedResource[pathSpec=ServletPathSpec["/",pathDepth=-1,group=DEFAULT],resource=org.eclipse.jetty.servlet.ServletHandler$Default404Servlet-125c082e@f4348d3e==org.eclipse.jetty.servlet.ServletHandler$Default404Servlet,jsp=null,order=-1,inst=false] to PathMappings[size=11]
[][4527][2018-10-11 15:08:34][DEBUG][main][org.eclipse.jetty.servlet.ServletHandler:1439]Path=/deleteStore[EMBEDDED:null] mapped to servlet=com.cellsgame.game.servlet.DeleteStoreServlet-6bd51ed8[EMBEDDED:null]
[][4528][2018-10-11 15:08:34][DEBUG][main][org.eclipse.jetty.http.pathmap.PathMappings:239]Added MappedResource[pathSpec=ServletPathSpec["/deleteStore",pathDepth=1,group=EXACT],resource=com.cellsgame.game.servlet.DeleteStoreServlet-6bd51ed8@ff476016==com.cellsgame.game.servlet.DeleteStoreServlet,jsp=null,order=-1,inst=true] to PathMappings[size=12]
[][4528][2018-10-11 15:08:34][DEBUG][main][org.eclipse.jetty.servlet.ServletHandler:1439]Path=/getState[EMBEDDED:null] mapped to servlet=com.cellsgame.game.servlet.GetGameStateServlet-437e951d[EMBEDDED:null]
[][4528][2018-10-11 15:08:34][DEBUG][main][org.eclipse.jetty.http.pathmap.PathMappings:239]Added MappedResource[pathSpec=ServletPathSpec["/getState",pathDepth=1,group=EXACT],resource=com.cellsgame.game.servlet.GetGameStateServlet-437e951d@6e0581ba==com.cellsgame.game.servlet.GetGameStateServlet,jsp=null,order=-1,inst=true] to PathMappings[size=13]
[][4528][2018-10-11 15:08:34][DEBUG][main][org.eclipse.jetty.servlet.ServletHandler:1439]Path=/notify[EMBEDDED:null] mapped to servlet=com.cellsgame.game.servlet.NotifyServlet-11ee02f8[EMBEDDED:null]
[][4528][2018-10-11 15:08:34][DEBUG][main][org.eclipse.jetty.http.pathmap.PathMappings:239]Added MappedResource[pathSpec=ServletPathSpec["/notify",pathDepth=1,group=EXACT],resource=com.cellsgame.game.servlet.NotifyServlet-11ee02f8@50a2c8d2==com.cellsgame.game.servlet.NotifyServlet,jsp=null,order=-1,inst=true] to PathMappings[size=14]
[][4528][2018-10-11 15:08:34][DEBUG][main][org.eclipse.jetty.servlet.ServletHandler:1439]Path=/onlineSize[EMBEDDED:null] mapped to servlet=com.cellsgame.game.servlet.GetOnlineSizeServlet-77b325b3[EMBEDDED:null]
[][4529][2018-10-11 15:08:34][DEBUG][main][org.eclipse.jetty.http.pathmap.PathMappings:239]Added MappedResource[pathSpec=ServletPathSpec["/onlineSize",pathDepth=1,group=EXACT],resource=com.cellsgame.game.servlet.GetOnlineSizeServlet-77b325b3@28d562ea==com.cellsgame.game.servlet.GetOnlineSizeServlet,jsp=null,order=-1,inst=true] to PathMappings[size=15]
[][4529][2018-10-11 15:08:34][DEBUG][main][org.eclipse.jetty.servlet.ServletHandler:1439]Path=/stateChange[EMBEDDED:null] mapped to servlet=com.cellsgame.game.servlet.GameStateChangeServlet-f325091[EMBEDDED:null]
[][4529][2018-10-11 15:08:34][DEBUG][main][org.eclipse.jetty.http.pathmap.PathMappings:239]Added MappedResource[pathSpec=ServletPathSpec["/stateChange",pathDepth=1,group=EXACT],resource=com.cellsgame.game.servlet.GameStateChangeServlet-f325091@fab4e8ee==com.cellsgame.game.servlet.GameStateChangeServlet,jsp=null,order=-1,inst=true] to PathMappings[size=16]
[][4529][2018-10-11 15:08:34][DEBUG][main][org.eclipse.jetty.servlet.ServletHandler:1439]Path=/changeGoods[EMBEDDED:null] mapped to servlet=com.cellsgame.game.servlet.ChangeGoodsServlet-315df4bb[EMBEDDED:null]
[][4529][2018-10-11 15:08:34][DEBUG][main][org.eclipse.jetty.http.pathmap.PathMappings:239]Added MappedResource[pathSpec=ServletPathSpec["/changeGoods",pathDepth=1,group=EXACT],resource=com.cellsgame.game.servlet.ChangeGoodsServlet-315df4bb@1bb858bc==com.cellsgame.game.servlet.ChangeGoodsServlet,jsp=null,order=-1,inst=true] to PathMappings[size=17]
[][4529][2018-10-11 15:08:34][DEBUG][main][org.eclipse.jetty.servlet.ServletHandler:1439]Path=/reissueOrder[EMBEDDED:null] mapped to servlet=com.cellsgame.game.servlet.ReissuePayFailOrderServlet-49ef32e0[EMBEDDED:null]
[][4529][2018-10-11 15:08:34][DEBUG][main][org.eclipse.jetty.http.pathmap.PathMappings:239]Added MappedResource[pathSpec=ServletPathSpec["/reissueOrder",pathDepth=1,group=EXACT],resource=com.cellsgame.game.servlet.ReissuePayFailOrderServlet-49ef32e0@2c71ee59==com.cellsgame.game.servlet.ReissuePayFailOrderServlet,jsp=null,order=-1,inst=true] to PathMappings[size=18]
[][4529][2018-10-11 15:08:34][DEBUG][main][org.eclipse.jetty.servlet.ServletHandler:1439]Path=/loadPlayer[EMBEDDED:null] mapped to servlet=com.cellsgame.game.servlet.LoadPlayerServlet-28fa700e[EMBEDDED:null]
[][4530][2018-10-11 15:08:34][DEBUG][main][org.eclipse.jetty.http.pathmap.PathMappings:239]Added MappedResource[pathSpec=ServletPathSpec["/loadPlayer",pathDepth=1,group=EXACT],resource=com.cellsgame.game.servlet.LoadPlayerServlet-28fa700e@8b3d556b==com.cellsgame.game.servlet.LoadPlayerServlet,jsp=null,order=-1,inst=true] to PathMappings[size=19]
[][4530][2018-10-11 15:08:34][DEBUG][main][org.eclipse.jetty.servlet.ServletHandler:1439]Path=/deleteActivity[EMBEDDED:null] mapped to servlet=com.cellsgame.game.servlet.DeleteActivityServlet-61a5b4ae[EMBEDDED:null]
[][4530][2018-10-11 15:08:34][DEBUG][main][org.eclipse.jetty.http.pathmap.PathMappings:239]Added MappedResource[pathSpec=ServletPathSpec["/deleteActivity",pathDepth=1,group=EXACT],resource=com.cellsgame.game.servlet.DeleteActivityServlet-61a5b4ae@597e6bb4==com.cellsgame.game.servlet.DeleteActivityServlet,jsp=null,order=-1,inst=true] to PathMappings[size=20]
[][4530][2018-10-11 15:08:34][DEBUG][main][org.eclipse.jetty.servlet.ServletHandler:1439]Path=/createStore[EMBEDDED:null] mapped to servlet=com.cellsgame.game.servlet.CreateStoreServlet-271f18d3[EMBEDDED:null]
[][4530][2018-10-11 15:08:34][DEBUG][main][org.eclipse.jetty.http.pathmap.PathMappings:239]Added MappedResource[pathSpec=ServletPathSpec["/createStore",pathDepth=1,group=EXACT],resource=com.cellsgame.game.servlet.CreateStoreServlet-271f18d3@7a213910==com.cellsgame.game.servlet.CreateStoreServlet,jsp=null,order=-1,inst=true] to PathMappings[size=21]
[][4530][2018-10-11 15:08:34][DEBUG][main][org.eclipse.jetty.servlet.ServletHandler:1439]Path=/changeCurrency[EMBEDDED:null] mapped to servlet=com.cellsgame.game.servlet.ChangeCurrencyServlet-4d4d48a6[EMBEDDED:null]
[][4531][2018-10-11 15:08:34][DEBUG][main][org.eclipse.jetty.http.pathmap.PathMappings:239]Added MappedResource[pathSpec=ServletPathSpec["/changeCurrency",pathDepth=1,group=EXACT],resource=com.cellsgame.game.servlet.ChangeCurrencyServlet-4d4d48a6@230a6f==com.cellsgame.game.servlet.ChangeCurrencyServlet,jsp=null,order=-1,inst=true] to PathMappings[size=22]
[][4531][2018-10-11 15:08:34][DEBUG][main][org.eclipse.jetty.servlet.ServletHandler:1464]filterNameMap={}
[][4531][2018-10-11 15:08:34][DEBUG][main][org.eclipse.jetty.servlet.ServletHandler:1465]pathFilters=null
[][4531][2018-10-11 15:08:34][DEBUG][main][org.eclipse.jetty.servlet.ServletHandler:1466]servletFilterMap=null
[][4531][2018-10-11 15:08:34][DEBUG][main][org.eclipse.jetty.servlet.ServletHandler:1467]servletPathMap=PathMappings[size=22]
[][4532][2018-10-11 15:08:34][DEBUG][main][org.eclipse.jetty.servlet.ServletHandler:1468]servletNameMap={com.cellsgame.game.servlet.QueryStoreServlet-61e3a1fd=com.cellsgame.game.servlet.QueryStoreServlet-61e3a1fd@3107bbc5==com.cellsgame.game.servlet.QueryStoreServlet,jsp=null,order=-1,inst=true, com.cellsgame.game.servlet.UpdateAllowLoginIpServlet-3fc08eec=com.cellsgame.game.servlet.UpdateAllowLoginIpServlet-3fc08eec@f612d410==com.cellsgame.game.servlet.UpdateAllowLoginIpServlet,jsp=null,order=-1,inst=true, com.cellsgame.game.servlet.MailServlet-5b69fd74=com.cellsgame.game.servlet.MailServlet-5b69fd74@bb34b817==com.cellsgame.game.servlet.MailServlet,jsp=null,order=-1,inst=true, com.cellsgame.game.servlet.ChangeGoodsServlet-315df4bb=com.cellsgame.game.servlet.ChangeGoodsServlet-315df4bb@1bb858bc==com.cellsgame.game.servlet.ChangeGoodsServlet,jsp=null,order=-1,inst=true, com.cellsgame.game.servlet.ReissuePayFailOrderServlet-49ef32e0=com.cellsgame.game.servlet.ReissuePayFailOrderServlet-49ef32e0@2c71ee59==com.cellsgame.game.servlet.ReissuePayFailOrderServlet,jsp=null,order=-1,inst=true, com.cellsgame.game.servlet.GetPlayerBaseInfoServlet-3f3c966c=com.cellsgame.game.servlet.GetPlayerBaseInfoServlet-3f3c966c@3f57b03e==com.cellsgame.game.servlet.GetPlayerBaseInfoServlet,jsp=null,order=-1,inst=true, com.cellsgame.game.servlet.DeleteActivityServlet-61a5b4ae=com.cellsgame.game.servlet.DeleteActivityServlet-61a5b4ae@597e6bb4==com.cellsgame.game.servlet.DeleteActivityServlet,jsp=null,order=-1,inst=true, org.eclipse.jetty.servlet.ServletHandler$Default404Servlet-125c082e=org.eclipse.jetty.servlet.ServletHandler$Default404Servlet-125c082e@f4348d3e==org.eclipse.jetty.servlet.ServletHandler$Default404Servlet,jsp=null,order=-1,inst=false, com.cellsgame.game.servlet.ChangeCurrencyServlet-4d4d48a6=com.cellsgame.game.servlet.ChangeCurrencyServlet-4d4d48a6@230a6f==com.cellsgame.game.servlet.ChangeCurrencyServlet,jsp=null,order=-1,inst=true, com.cellsgame.game.servlet.NotifyServlet-11ee02f8=com.cellsgame.game.servlet.NotifyServlet-11ee02f8@50a2c8d2==com.cellsgame.game.servlet.NotifyServlet,jsp=null,order=-1,inst=true, com.cellsgame.game.servlet.ChangePlayerStateServlet-63a5e46c=com.cellsgame.game.servlet.ChangePlayerStateServlet-63a5e46c@61791b68==com.cellsgame.game.servlet.ChangePlayerStateServlet,jsp=null,order=-1,inst=true, com.cellsgame.game.servlet.CreateStoreServlet-271f18d3=com.cellsgame.game.servlet.CreateStoreServlet-271f18d3@7a213910==com.cellsgame.game.servlet.CreateStoreServlet,jsp=null,order=-1,inst=true, com.cellsgame.game.servlet.DeleteStoreServlet-6bd51ed8=com.cellsgame.game.servlet.DeleteStoreServlet-6bd51ed8@ff476016==com.cellsgame.game.servlet.DeleteStoreServlet,jsp=null,order=-1,inst=true, com.cellsgame.game.servlet.ReleaseActivityServlet-4102b1b1=com.cellsgame.game.servlet.ReleaseActivityServlet-4102b1b1@dd7d5b8e==com.cellsgame.game.servlet.ReleaseActivityServlet,jsp=null,order=-1,inst=true, com.cellsgame.game.servlet.UpdateStoreServlet-51abf713=com.cellsgame.game.servlet.UpdateStoreServlet-51abf713@45f7e403==com.cellsgame.game.servlet.UpdateStoreServlet,jsp=null,order=-1,inst=true, com.cellsgame.game.servlet.GetRankServlet-eadb475=com.cellsgame.game.servlet.GetRankServlet-eadb475@44cf713b==com.cellsgame.game.servlet.GetRankServlet,jsp=null,order=-1,inst=true, com.cellsgame.game.servlet.QueryActivityServlet-3a71c100=com.cellsgame.game.servlet.QueryActivityServlet-3a71c100@cffd1488==com.cellsgame.game.servlet.QueryActivityServlet,jsp=null,order=-1,inst=true, com.cellsgame.game.servlet.LoadPlayerServlet-28fa700e=com.cellsgame.game.servlet.LoadPlayerServlet-28fa700e@8b3d556b==com.cellsgame.game.servlet.LoadPlayerServlet,jsp=null,order=-1,inst=true, com.cellsgame.game.servlet.GameStateChangeServlet-f325091=com.cellsgame.game.servlet.GameStateChangeServlet-f325091@fab4e8ee==com.cellsgame.game.servlet.GameStateChangeServlet,jsp=null,order=-1,inst=true, com.cellsgame.game.servlet.ChangePlayerStateServlet-7e8e8651=com.cellsgame.game.servlet.ChangePlayerStateServlet-7e8e8651@daeb2430==com.cellsgame.game.servlet.ChangePlayerStateServlet,jsp=null,order=-1,inst=true, com.cellsgame.game.servlet.GetGameStateServlet-437e951d=com.cellsgame.game.servlet.GetGameStateServlet-437e951d@6e0581ba==com.cellsgame.game.servlet.GetGameStateServlet,jsp=null,order=-1,inst=true, com.cellsgame.game.servlet.GetOnlineSizeServlet-77b325b3=com.cellsgame.game.servlet.GetOnlineSizeServlet-77b325b3@28d562ea==com.cellsgame.game.servlet.GetOnlineSizeServlet,jsp=null,order=-1,inst=true}
[][4536][2018-10-11 15:08:34][DEBUG][main][org.eclipse.jetty.server.handler.AbstractHandler:110]starting org.eclipse.jetty.servlet.ServletHandler@106faf11
[][4537][2018-10-11 15:08:34][DEBUG][main][org.eclipse.jetty.util.component.AbstractLifeCycle:177]STARTED @4636ms org.eclipse.jetty.servlet.ServletHandler@106faf11
[][4537][2018-10-11 15:08:34][DEBUG][main][org.eclipse.jetty.util.component.AbstractLifeCycle:185]starting org.eclipse.jetty.server.session.DefaultSessionCache@4c7a078[evict=-1,removeUnloadable=false,saveOnCreate=false,saveOnInactiveEvict=false]
[][4537][2018-10-11 15:08:34][DEBUG][main][org.eclipse.jetty.util.component.AbstractLifeCycle:185]starting org.eclipse.jetty.server.session.NullSessionDataStore@6bb7cce7[passivating=false,graceSec=3600]
[][4537][2018-10-11 15:08:34][DEBUG][main][org.eclipse.jetty.util.component.AbstractLifeCycle:177]STARTED @4637ms org.eclipse.jetty.server.session.NullSessionDataStore@6bb7cce7[passivating=false,graceSec=3600]
[][4537][2018-10-11 15:08:34][DEBUG][main][org.eclipse.jetty.util.component.AbstractLifeCycle:177]STARTED @4637ms org.eclipse.jetty.server.session.DefaultSessionCache@4c7a078[evict=-1,removeUnloadable=false,saveOnCreate=false,saveOnInactiveEvict=false]
[][4537][2018-10-11 15:08:34][DEBUG][main][org.eclipse.jetty.util.component.AbstractLifeCycle:177]STARTED @4637ms org.eclipse.jetty.server.session.SessionHandler1637601612==dftMaxIdleSec=-1
[][4538][2018-10-11 15:08:34][DEBUG][main][org.eclipse.jetty.util.component.AbstractLifeCycle:185]starting com.cellsgame.game.servlet.ChangeCurrencyServlet-4d4d48a6@230a6f==com.cellsgame.game.servlet.ChangeCurrencyServlet,jsp=null,order=-1,inst=true
[][4539][2018-10-11 15:08:34][DEBUG][main][org.eclipse.jetty.util.component.AbstractLifeCycle:177]STARTED @4638ms com.cellsgame.game.servlet.ChangeCurrencyServlet-4d4d48a6@230a6f==com.cellsgame.game.servlet.ChangeCurrencyServlet,jsp=null,order=-1,inst=true
[][4541][2018-10-11 15:08:34][DEBUG][main][org.eclipse.jetty.servlet.ServletHolder:636]Servlet.init com.cellsgame.game.servlet.ChangeCurrencyServlet@78d50a3c for com.cellsgame.game.servlet.ChangeCurrencyServlet-4d4d48a6
[][4541][2018-10-11 15:08:34][DEBUG][main][org.eclipse.jetty.util.component.AbstractLifeCycle:185]starting com.cellsgame.game.servlet.ChangeGoodsServlet-315df4bb@1bb858bc==com.cellsgame.game.servlet.ChangeGoodsServlet,jsp=null,order=-1,inst=true
[][4542][2018-10-11 15:08:34][DEBUG][main][org.eclipse.jetty.util.component.AbstractLifeCycle:177]STARTED @4641ms com.cellsgame.game.servlet.ChangeGoodsServlet-315df4bb@1bb858bc==com.cellsgame.game.servlet.ChangeGoodsServlet,jsp=null,order=-1,inst=true
[][4542][2018-10-11 15:08:34][DEBUG][main][org.eclipse.jetty.servlet.ServletHolder:636]Servlet.init com.cellsgame.game.servlet.ChangeGoodsServlet@2fb69ff6 for com.cellsgame.game.servlet.ChangeGoodsServlet-315df4bb
[][4542][2018-10-11 15:08:34][DEBUG][main][org.eclipse.jetty.util.component.AbstractLifeCycle:185]starting com.cellsgame.game.servlet.ChangePlayerStateServlet-63a5e46c@61791b68==com.cellsgame.game.servlet.ChangePlayerStateServlet,jsp=null,order=-1,inst=true
[][4542][2018-10-11 15:08:34][DEBUG][main][org.eclipse.jetty.util.component.AbstractLifeCycle:177]STARTED @4641ms com.cellsgame.game.servlet.ChangePlayerStateServlet-63a5e46c@61791b68==com.cellsgame.game.servlet.ChangePlayerStateServlet,jsp=null,order=-1,inst=true
[][4542][2018-10-11 15:08:34][DEBUG][main][org.eclipse.jetty.servlet.ServletHolder:636]Servlet.init com.cellsgame.game.servlet.ChangePlayerStateServlet@cda4919 for com.cellsgame.game.servlet.ChangePlayerStateServlet-63a5e46c
[][4542][2018-10-11 15:08:34][DEBUG][main][org.eclipse.jetty.util.component.AbstractLifeCycle:185]starting com.cellsgame.game.servlet.ChangePlayerStateServlet-7e8e8651@daeb2430==com.cellsgame.game.servlet.ChangePlayerStateServlet,jsp=null,order=-1,inst=true
[][4542][2018-10-11 15:08:34][DEBUG][main][org.eclipse.jetty.util.component.AbstractLifeCycle:177]STARTED @4642ms com.cellsgame.game.servlet.ChangePlayerStateServlet-7e8e8651@daeb2430==com.cellsgame.game.servlet.ChangePlayerStateServlet,jsp=null,order=-1,inst=true
[][4542][2018-10-11 15:08:34][DEBUG][main][org.eclipse.jetty.servlet.ServletHolder:636]Servlet.init com.cellsgame.game.servlet.ChangePlayerStateServlet@7f4d9395 for com.cellsgame.game.servlet.ChangePlayerStateServlet-7e8e8651
[][4542][2018-10-11 15:08:34][DEBUG][main][org.eclipse.jetty.util.component.AbstractLifeCycle:185]starting com.cellsgame.game.servlet.CreateStoreServlet-271f18d3@7a213910==com.cellsgame.game.servlet.CreateStoreServlet,jsp=null,order=-1,inst=true
[][4542][2018-10-11 15:08:34][DEBUG][main][org.eclipse.jetty.util.component.AbstractLifeCycle:177]STARTED @4642ms com.cellsgame.game.servlet.CreateStoreServlet-271f18d3@7a213910==com.cellsgame.game.servlet.CreateStoreServlet,jsp=null,order=-1,inst=true
[][4543][2018-10-11 15:08:34][DEBUG][main][org.eclipse.jetty.servlet.ServletHolder:636]Servlet.init com.cellsgame.game.servlet.CreateStoreServlet@2f19f2aa for com.cellsgame.game.servlet.CreateStoreServlet-271f18d3
[][4543][2018-10-11 15:08:34][DEBUG][main][org.eclipse.jetty.util.component.AbstractLifeCycle:185]starting com.cellsgame.game.servlet.DeleteActivityServlet-61a5b4ae@597e6bb4==com.cellsgame.game.servlet.DeleteActivityServlet,jsp=null,order=-1,inst=true
[][4543][2018-10-11 15:08:34][DEBUG][main][org.eclipse.jetty.util.component.AbstractLifeCycle:177]STARTED @4643ms com.cellsgame.game.servlet.DeleteActivityServlet-61a5b4ae@597e6bb4==com.cellsgame.game.servlet.DeleteActivityServlet,jsp=null,order=-1,inst=true
[][4543][2018-10-11 15:08:34][DEBUG][main][org.eclipse.jetty.servlet.ServletHolder:636]Servlet.init com.cellsgame.game.servlet.DeleteActivityServlet@6a078481 for com.cellsgame.game.servlet.DeleteActivityServlet-61a5b4ae
[][4543][2018-10-11 15:08:34][DEBUG][main][org.eclipse.jetty.util.component.AbstractLifeCycle:185]starting com.cellsgame.game.servlet.DeleteStoreServlet-6bd51ed8@ff476016==com.cellsgame.game.servlet.DeleteStoreServlet,jsp=null,order=-1,inst=true
[][4544][2018-10-11 15:08:34][DEBUG][main][org.eclipse.jetty.util.component.AbstractLifeCycle:177]STARTED @4643ms com.cellsgame.game.servlet.DeleteStoreServlet-6bd51ed8@ff476016==com.cellsgame.game.servlet.DeleteStoreServlet,jsp=null,order=-1,inst=true
[][4544][2018-10-11 15:08:34][DEBUG][main][org.eclipse.jetty.servlet.ServletHolder:636]Servlet.init com.cellsgame.game.servlet.DeleteStoreServlet@79c5636f for com.cellsgame.game.servlet.DeleteStoreServlet-6bd51ed8
[][4544][2018-10-11 15:08:34][DEBUG][main][org.eclipse.jetty.util.component.AbstractLifeCycle:185]starting com.cellsgame.game.servlet.GameStateChangeServlet-f325091@fab4e8ee==com.cellsgame.game.servlet.GameStateChangeServlet,jsp=null,order=-1,inst=true
[][4544][2018-10-11 15:08:34][DEBUG][main][org.eclipse.jetty.util.component.AbstractLifeCycle:177]STARTED @4643ms com.cellsgame.game.servlet.GameStateChangeServlet-f325091@fab4e8ee==com.cellsgame.game.servlet.GameStateChangeServlet,jsp=null,order=-1,inst=true
[][4544][2018-10-11 15:08:34][DEBUG][main][org.eclipse.jetty.servlet.ServletHolder:636]Servlet.init com.cellsgame.game.servlet.GameStateChangeServlet@1929425f for com.cellsgame.game.servlet.GameStateChangeServlet-f325091
[][4544][2018-10-11 15:08:34][DEBUG][main][org.eclipse.jetty.util.component.AbstractLifeCycle:185]starting com.cellsgame.game.servlet.GetGameStateServlet-437e951d@6e0581ba==com.cellsgame.game.servlet.GetGameStateServlet,jsp=null,order=-1,inst=true
[][4544][2018-10-11 15:08:34][DEBUG][main][org.eclipse.jetty.util.component.AbstractLifeCycle:177]STARTED @4644ms com.cellsgame.game.servlet.GetGameStateServlet-437e951d@6e0581ba==com.cellsgame.game.servlet.GetGameStateServlet,jsp=null,order=-1,inst=true
[][4544][2018-10-11 15:08:34][DEBUG][main][org.eclipse.jetty.servlet.ServletHolder:636]Servlet.init com.cellsgame.game.servlet.GetGameStateServlet@718607eb for com.cellsgame.game.servlet.GetGameStateServlet-437e951d
[][4544][2018-10-11 15:08:34][DEBUG][main][org.eclipse.jetty.util.component.AbstractLifeCycle:185]starting com.cellsgame.game.servlet.GetOnlineSizeServlet-77b325b3@28d562ea==com.cellsgame.game.servlet.GetOnlineSizeServlet,jsp=null,order=-1,inst=true
[][4545][2018-10-11 15:08:34][DEBUG][main][org.eclipse.jetty.util.component.AbstractLifeCycle:177]STARTED @4644ms com.cellsgame.game.servlet.GetOnlineSizeServlet-77b325b3@28d562ea==com.cellsgame.game.servlet.GetOnlineSizeServlet,jsp=null,order=-1,inst=true
[][4545][2018-10-11 15:08:34][DEBUG][main][org.eclipse.jetty.servlet.ServletHolder:636]Servlet.init com.cellsgame.game.servlet.GetOnlineSizeServlet@27f3b6d6 for com.cellsgame.game.servlet.GetOnlineSizeServlet-77b325b3
[][4545][2018-10-11 15:08:34][DEBUG][main][org.eclipse.jetty.util.component.AbstractLifeCycle:185]starting com.cellsgame.game.servlet.GetPlayerBaseInfoServlet-3f3c966c@3f57b03e==com.cellsgame.game.servlet.GetPlayerBaseInfoServlet,jsp=null,order=-1,inst=true
[][4545][2018-10-11 15:08:34][DEBUG][main][org.eclipse.jetty.util.component.AbstractLifeCycle:177]STARTED @4644ms com.cellsgame.game.servlet.GetPlayerBaseInfoServlet-3f3c966c@3f57b03e==com.cellsgame.game.servlet.GetPlayerBaseInfoServlet,jsp=null,order=-1,inst=true
[][4545][2018-10-11 15:08:34][DEBUG][main][org.eclipse.jetty.servlet.ServletHolder:636]Servlet.init com.cellsgame.game.servlet.GetPlayerBaseInfoServlet@757f675c for com.cellsgame.game.servlet.GetPlayerBaseInfoServlet-3f3c966c
[][4545][2018-10-11 15:08:34][DEBUG][main][org.eclipse.jetty.util.component.AbstractLifeCycle:185]starting com.cellsgame.game.servlet.GetRankServlet-eadb475@44cf713b==com.cellsgame.game.servlet.GetRankServlet,jsp=null,order=-1,inst=true
[][4545][2018-10-11 15:08:34][DEBUG][main][org.eclipse.jetty.util.component.AbstractLifeCycle:177]STARTED @4644ms com.cellsgame.game.servlet.GetRankServlet-eadb475@44cf713b==com.cellsgame.game.servlet.GetRankServlet,jsp=null,order=-1,inst=true
[][4545][2018-10-11 15:08:34][DEBUG][main][org.eclipse.jetty.servlet.ServletHolder:636]Servlet.init com.cellsgame.game.servlet.GetRankServlet@2617f816 for com.cellsgame.game.servlet.GetRankServlet-eadb475
[][4545][2018-10-11 15:08:34][DEBUG][main][org.eclipse.jetty.util.component.AbstractLifeCycle:185]starting com.cellsgame.game.servlet.LoadPlayerServlet-28fa700e@8b3d556b==com.cellsgame.game.servlet.LoadPlayerServlet,jsp=null,order=-1,inst=true
[][4545][2018-10-11 15:08:34][DEBUG][main][org.eclipse.jetty.util.component.AbstractLifeCycle:177]STARTED @4645ms com.cellsgame.game.servlet.LoadPlayerServlet-28fa700e@8b3d556b==com.cellsgame.game.servlet.LoadPlayerServlet,jsp=null,order=-1,inst=true
[][4546][2018-10-11 15:08:34][DEBUG][main][org.eclipse.jetty.servlet.ServletHolder:636]Servlet.init com.cellsgame.game.servlet.LoadPlayerServlet@676f0a60 for com.cellsgame.game.servlet.LoadPlayerServlet-28fa700e
[][4546][2018-10-11 15:08:34][DEBUG][main][org.eclipse.jetty.util.component.AbstractLifeCycle:185]starting com.cellsgame.game.servlet.MailServlet-5b69fd74@bb34b817==com.cellsgame.game.servlet.MailServlet,jsp=null,order=-1,inst=true
[][4546][2018-10-11 15:08:34][DEBUG][main][org.eclipse.jetty.util.component.AbstractLifeCycle:177]STARTED @4645ms com.cellsgame.game.servlet.MailServlet-5b69fd74@bb34b817==com.cellsgame.game.servlet.MailServlet,jsp=null,order=-1,inst=true
[][4546][2018-10-11 15:08:34][DEBUG][main][org.eclipse.jetty.servlet.ServletHolder:636]Servlet.init com.cellsgame.game.servlet.MailServlet@5d10455d for com.cellsgame.game.servlet.MailServlet-5b69fd74
[][4546][2018-10-11 15:08:34][DEBUG][main][org.eclipse.jetty.util.component.AbstractLifeCycle:185]starting com.cellsgame.game.servlet.NotifyServlet-11ee02f8@50a2c8d2==com.cellsgame.game.servlet.NotifyServlet,jsp=null,order=-1,inst=true
[][4546][2018-10-11 15:08:34][DEBUG][main][org.eclipse.jetty.util.component.AbstractLifeCycle:177]STARTED @4645ms com.cellsgame.game.servlet.NotifyServlet-11ee02f8@50a2c8d2==com.cellsgame.game.servlet.NotifyServlet,jsp=null,order=-1,inst=true
[][4546][2018-10-11 15:08:34][DEBUG][main][org.eclipse.jetty.servlet.ServletHolder:636]Servlet.init com.cellsgame.game.servlet.NotifyServlet@535b8c24 for com.cellsgame.game.servlet.NotifyServlet-11ee02f8
[][4546][2018-10-11 15:08:34][DEBUG][main][org.eclipse.jetty.util.component.AbstractLifeCycle:185]starting com.cellsgame.game.servlet.QueryActivityServlet-3a71c100@cffd1488==com.cellsgame.game.servlet.QueryActivityServlet,jsp=null,order=-1,inst=true
[][4546][2018-10-11 15:08:34][DEBUG][main][org.eclipse.jetty.util.component.AbstractLifeCycle:177]STARTED @4646ms com.cellsgame.game.servlet.QueryActivityServlet-3a71c100@cffd1488==com.cellsgame.game.servlet.QueryActivityServlet,jsp=null,order=-1,inst=true
[][4546][2018-10-11 15:08:34][DEBUG][main][org.eclipse.jetty.servlet.ServletHolder:636]Servlet.init com.cellsgame.game.servlet.QueryActivityServlet@4a951911 for com.cellsgame.game.servlet.QueryActivityServlet-3a71c100
[][4547][2018-10-11 15:08:34][DEBUG][main][org.eclipse.jetty.util.component.AbstractLifeCycle:185]starting com.cellsgame.game.servlet.QueryStoreServlet-61e3a1fd@3107bbc5==com.cellsgame.game.servlet.QueryStoreServlet,jsp=null,order=-1,inst=true
[][4547][2018-10-11 15:08:34][DEBUG][main][org.eclipse.jetty.util.component.AbstractLifeCycle:177]STARTED @4646ms com.cellsgame.game.servlet.QueryStoreServlet-61e3a1fd@3107bbc5==com.cellsgame.game.servlet.QueryStoreServlet,jsp=null,order=-1,inst=true
[][4547][2018-10-11 15:08:34][DEBUG][main][org.eclipse.jetty.servlet.ServletHolder:636]Servlet.init com.cellsgame.game.servlet.QueryStoreServlet@55b62629 for com.cellsgame.game.servlet.QueryStoreServlet-61e3a1fd
[][4547][2018-10-11 15:08:34][DEBUG][main][org.eclipse.jetty.util.component.AbstractLifeCycle:185]starting com.cellsgame.game.servlet.ReissuePayFailOrderServlet-49ef32e0@2c71ee59==com.cellsgame.game.servlet.ReissuePayFailOrderServlet,jsp=null,order=-1,inst=true
[][4547][2018-10-11 15:08:34][DEBUG][main][org.eclipse.jetty.util.component.AbstractLifeCycle:177]STARTED @4646ms com.cellsgame.game.servlet.ReissuePayFailOrderServlet-49ef32e0@2c71ee59==com.cellsgame.game.servlet.ReissuePayFailOrderServlet,jsp=null,order=-1,inst=true
[][4547][2018-10-11 15:08:34][DEBUG][main][org.eclipse.jetty.servlet.ServletHolder:636]Servlet.init com.cellsgame.game.servlet.ReissuePayFailOrderServlet@a53bb6f for com.cellsgame.game.servlet.ReissuePayFailOrderServlet-49ef32e0
[][4547][2018-10-11 15:08:34][DEBUG][main][org.eclipse.jetty.util.component.AbstractLifeCycle:185]starting com.cellsgame.game.servlet.ReleaseActivityServlet-4102b1b1@dd7d5b8e==com.cellsgame.game.servlet.ReleaseActivityServlet,jsp=null,order=-1,inst=true
[][4547][2018-10-11 15:08:34][DEBUG][main][org.eclipse.jetty.util.component.AbstractLifeCycle:177]STARTED @4647ms com.cellsgame.game.servlet.ReleaseActivityServlet-4102b1b1@dd7d5b8e==com.cellsgame.game.servlet.ReleaseActivityServlet,jsp=null,order=-1,inst=true
[][4547][2018-10-11 15:08:34][DEBUG][main][org.eclipse.jetty.servlet.ServletHolder:636]Servlet.init com.cellsgame.game.servlet.ReleaseActivityServlet@5e63cad for com.cellsgame.game.servlet.ReleaseActivityServlet-4102b1b1
[][4547][2018-10-11 15:08:34][DEBUG][main][org.eclipse.jetty.util.component.AbstractLifeCycle:185]starting com.cellsgame.game.servlet.UpdateAllowLoginIpServlet-3fc08eec@f612d410==com.cellsgame.game.servlet.UpdateAllowLoginIpServlet,jsp=null,order=-1,inst=true
[][4548][2018-10-11 15:08:34][DEBUG][main][org.eclipse.jetty.util.component.AbstractLifeCycle:177]STARTED @4647ms com.cellsgame.game.servlet.UpdateAllowLoginIpServlet-3fc08eec@f612d410==com.cellsgame.game.servlet.UpdateAllowLoginIpServlet,jsp=null,order=-1,inst=true
[][4548][2018-10-11 15:08:34][DEBUG][main][org.eclipse.jetty.servlet.ServletHolder:636]Servlet.init com.cellsgame.game.servlet.UpdateAllowLoginIpServlet@6759f091 for com.cellsgame.game.servlet.UpdateAllowLoginIpServlet-3fc08eec
[][4548][2018-10-11 15:08:34][DEBUG][main][org.eclipse.jetty.util.component.AbstractLifeCycle:185]starting com.cellsgame.game.servlet.UpdateStoreServlet-51abf713@45f7e403==com.cellsgame.game.servlet.UpdateStoreServlet,jsp=null,order=-1,inst=true
[][4548][2018-10-11 15:08:34][DEBUG][main][org.eclipse.jetty.util.component.AbstractLifeCycle:177]STARTED @4647ms com.cellsgame.game.servlet.UpdateStoreServlet-51abf713@45f7e403==com.cellsgame.game.servlet.UpdateStoreServlet,jsp=null,order=-1,inst=true
[][4548][2018-10-11 15:08:34][DEBUG][main][org.eclipse.jetty.servlet.ServletHolder:636]Servlet.init com.cellsgame.game.servlet.UpdateStoreServlet@33a053d for com.cellsgame.game.servlet.UpdateStoreServlet-51abf713
[][4548][2018-10-11 15:08:34][DEBUG][main][org.eclipse.jetty.util.component.AbstractLifeCycle:185]starting org.eclipse.jetty.servlet.ServletHandler$Default404Servlet-125c082e@f4348d3e==org.eclipse.jetty.servlet.ServletHandler$Default404Servlet,jsp=null,order=-1,inst=false
[][4548][2018-10-11 15:08:34][DEBUG][main][org.eclipse.jetty.util.component.AbstractLifeCycle:177]STARTED @4648ms org.eclipse.jetty.servlet.ServletHandler$Default404Servlet-125c082e@f4348d3e==org.eclipse.jetty.servlet.ServletHandler$Default404Servlet,jsp=null,order=-1,inst=false
[][4549][2018-10-11 15:08:34][DEBUG][main][org.eclipse.jetty.util.component.AbstractLifeCycle:177]STARTED @4648ms o.e.j.s.ServletContextHandler@6754ef00{/game,null,AVAILABLE}
[][4549][2018-10-11 15:08:34][DEBUG][main][org.eclipse.jetty.util.component.AbstractLifeCycle:185]starting org.eclipse.jetty.server.handler.ErrorHandler@20765ed5
[][4549][2018-10-11 15:08:34][DEBUG][main][org.eclipse.jetty.server.handler.AbstractHandler:110]starting org.eclipse.jetty.server.handler.ErrorHandler@20765ed5
[][4549][2018-10-11 15:08:34][DEBUG][main][org.eclipse.jetty.util.component.AbstractLifeCycle:177]STARTED @4648ms org.eclipse.jetty.server.handler.ErrorHandler@20765ed5
[][4549][2018-10-11 15:08:34][DEBUG][main][org.eclipse.jetty.util.component.AbstractLifeCycle:185]starting ServerConnector@38d5b107{HTTP/1.1,[http/1.1]}{0.0.0.0:7001}
[][4555][2018-10-11 15:08:34][DEBUG][main][org.eclipse.jetty.util.component.ContainerLifeCycle:322]ServerConnector@38d5b107{HTTP/1.1,[http/1.1]}{0.0.0.0:7001} added {sun.nio.ch.ServerSocketChannelImpl[/0:0:0:0:0:0:0:0:7001],POJO}
[][4556][2018-10-11 15:08:34][DEBUG][main][org.eclipse.jetty.util.component.AbstractLifeCycle:185]starting org.eclipse.jetty.util.thread.ScheduledExecutorScheduler@6979efad
[][4556][2018-10-11 15:08:34][DEBUG][main][org.eclipse.jetty.util.component.AbstractLifeCycle:177]STARTED @4656ms org.eclipse.jetty.util.thread.ScheduledExecutorScheduler@6979efad
[][4556][2018-10-11 15:08:34][DEBUG][main][org.eclipse.jetty.util.component.AbstractLifeCycle:185]starting HttpConnectionFactory@5bbbdd4b[HTTP/1.1]
[][4557][2018-10-11 15:08:34][DEBUG][main][org.eclipse.jetty.util.component.AbstractLifeCycle:177]STARTED @4656ms HttpConnectionFactory@5bbbdd4b[HTTP/1.1]
[][4557][2018-10-11 15:08:34][DEBUG][main][org.eclipse.jetty.util.component.AbstractLifeCycle:185]starting org.eclipse.jetty.server.ServerConnector$ServerConnectorManager@450794b4
[][4563][2018-10-11 15:08:34][DEBUG][main][org.eclipse.jetty.util.component.ContainerLifeCycle:322]org.eclipse.jetty.io.ManagedSelector@325f7fa9 id=0 keys=-1 selected=-1 added {EatWhatYouKill@11ce2e22/org.eclipse.jetty.io.ManagedSelector$SelectorProducer@63a5d002/IDLE/0/1,AUTO}
[][4563][2018-10-11 15:08:34][DEBUG][main][org.eclipse.jetty.util.component.ContainerLifeCycle:322]org.eclipse.jetty.server.ServerConnector$ServerConnectorManager@450794b4 added {org.eclipse.jetty.io.ManagedSelector@325f7fa9 id=0 keys=-1 selected=-1,AUTO}
[][4564][2018-10-11 15:08:34][DEBUG][main][org.eclipse.jetty.util.component.ContainerLifeCycle:322]org.eclipse.jetty.io.ManagedSelector@13cda7c9 id=1 keys=-1 selected=-1 added {EatWhatYouKill@5aa6202e/org.eclipse.jetty.io.ManagedSelector$SelectorProducer@3af9aa66/IDLE/0/1,AUTO}
[][4564][2018-10-11 15:08:34][DEBUG][main][org.eclipse.jetty.util.component.ContainerLifeCycle:322]org.eclipse.jetty.server.ServerConnector$ServerConnectorManager@450794b4 added {org.eclipse.jetty.io.ManagedSelector@13cda7c9 id=1 keys=-1 selected=-1,AUTO}
[][4564][2018-10-11 15:08:34][DEBUG][main][org.eclipse.jetty.util.component.AbstractLifeCycle:185]starting org.eclipse.jetty.io.ManagedSelector@325f7fa9 id=0 keys=-1 selected=-1
[][4564][2018-10-11 15:08:34][DEBUG][main][org.eclipse.jetty.util.component.AbstractLifeCycle:185]starting EatWhatYouKill@11ce2e22/org.eclipse.jetty.io.ManagedSelector$SelectorProducer@63a5d002/IDLE/0/1
[][4564][2018-10-11 15:08:34][DEBUG][main][org.eclipse.jetty.util.component.AbstractLifeCycle:177]STARTED @4663ms EatWhatYouKill@11ce2e22/org.eclipse.jetty.io.ManagedSelector$SelectorProducer@63a5d002/IDLE/0/1
[][4679][2018-10-11 15:08:34][DEBUG][main][org.eclipse.jetty.util.thread.QueuedThreadPool:381]queue org.eclipse.jetty.io.ManagedSelector$$Lambda$52/1015122628@5b69d40d
[][4679][2018-10-11 15:08:34][DEBUG][main][org.eclipse.jetty.util.component.AbstractLifeCycle:177]STARTED @4779ms org.eclipse.jetty.io.ManagedSelector@325f7fa9 id=0 keys=0 selected=0
[][4679][2018-10-11 15:08:34][DEBUG][main][org.eclipse.jetty.util.component.AbstractLifeCycle:185]starting org.eclipse.jetty.io.ManagedSelector@13cda7c9 id=1 keys=-1 selected=-1
[][4679][2018-10-11 15:08:34][DEBUG][main][org.eclipse.jetty.util.component.AbstractLifeCycle:185]starting EatWhatYouKill@5aa6202e/org.eclipse.jetty.io.ManagedSelector$SelectorProducer@3af9aa66/IDLE/0/1
[][4680][2018-10-11 15:08:34][DEBUG][qtp814377348-32][org.eclipse.jetty.util.thread.QueuedThreadPool:590]run org.eclipse.jetty.io.ManagedSelector$$Lambda$52/1015122628@5b69d40d
[][4680][2018-10-11 15:08:34][DEBUG][main][org.eclipse.jetty.util.component.AbstractLifeCycle:177]STARTED @4779ms EatWhatYouKill@5aa6202e/org.eclipse.jetty.io.ManagedSelector$SelectorProducer@3af9aa66/IDLE/0/1
[][4681][2018-10-11 15:08:34][DEBUG][qtp814377348-32][org.eclipse.jetty.util.thread.strategy.EatWhatYouKill:123]EatWhatYouKill@11ce2e22/org.eclipse.jetty.io.ManagedSelector$SelectorProducer@63a5d002/PRODUCING/0/1 execute true
[][4681][2018-10-11 15:08:34][DEBUG][main][org.eclipse.jetty.util.thread.QueuedThreadPool:381]queue org.eclipse.jetty.io.ManagedSelector$$Lambda$52/1015122628@71154f21
[][4681][2018-10-11 15:08:34][DEBUG][main][org.eclipse.jetty.util.component.AbstractLifeCycle:177]STARTED @4780ms org.eclipse.jetty.io.ManagedSelector@13cda7c9 id=1 keys=0 selected=0
[][4681][2018-10-11 15:08:34][DEBUG][main][org.eclipse.jetty.util.component.AbstractLifeCycle:177]STARTED @4781ms org.eclipse.jetty.server.ServerConnector$ServerConnectorManager@450794b4
[][4681][2018-10-11 15:08:34][DEBUG][qtp814377348-31][org.eclipse.jetty.util.thread.QueuedThreadPool:590]run org.eclipse.jetty.io.ManagedSelector$$Lambda$52/1015122628@71154f21
[][4681][2018-10-11 15:08:34][DEBUG][qtp814377348-31][org.eclipse.jetty.util.thread.strategy.EatWhatYouKill:123]EatWhatYouKill@5aa6202e/org.eclipse.jetty.io.ManagedSelector$SelectorProducer@3af9aa66/PRODUCING/0/1 execute true
[][4683][2018-10-11 15:08:34][DEBUG][qtp814377348-32][org.eclipse.jetty.util.thread.strategy.EatWhatYouKill:206]EatWhatYouKill@11ce2e22/org.eclipse.jetty.io.ManagedSelector$SelectorProducer@63a5d002/PRODUCING/0/1 produce non-blocking
[][4683][2018-10-11 15:08:34][DEBUG][qtp814377348-32][org.eclipse.jetty.io.ManagedSelector:233]Selector loop waiting on select
[][4684][2018-10-11 15:08:34][DEBUG][main][org.eclipse.jetty.util.component.ContainerLifeCycle:322]ServerConnector@38d5b107{HTTP/1.1,[http/1.1]}{0.0.0.0:7001} added {acceptor-0@304a9d7b,POJO}
[][4684][2018-10-11 15:08:34][DEBUG][main][org.eclipse.jetty.util.thread.QueuedThreadPool:381]queue acceptor-0@304a9d7b
[][4684][2018-10-11 15:08:34][DEBUG][main][org.eclipse.jetty.util.component.AbstractLifeCycle:177]STARTED @4783ms ServerConnector@38d5b107{HTTP/1.1,[http/1.1]}{0.0.0.0:7001}
[][4684][2018-10-11 15:08:34][DEBUG][qtp814377348-31][org.eclipse.jetty.util.thread.strategy.EatWhatYouKill:206]EatWhatYouKill@5aa6202e/org.eclipse.jetty.io.ManagedSelector$SelectorProducer@3af9aa66/PRODUCING/0/1 produce non-blocking
[][4684][2018-10-11 15:08:34][DEBUG][qtp814377348-31][org.eclipse.jetty.io.ManagedSelector:233]Selector loop waiting on select
[][4684][2018-10-11 15:08:34][DEBUG][main][org.eclipse.jetty.util.component.AbstractLifeCycle:177]STARTED @4783ms org.eclipse.jetty.server.Server@85ec632
[][4685][2018-10-11 15:08:34][DEBUG][qtp814377348-33][org.eclipse.jetty.util.thread.QueuedThreadPool:590]run acceptor-0@304a9d7b
