[][11406][2018-10-11 14:53:20][DEBUG][main][org.eclipse.jetty.util.log:180]Logging to org.apache.logging.slf4j.Log4jLogger@1fc793c2 via org.eclipse.jetty.util.log.Slf4jLog
[][11433][2018-10-11 14:53:20][DEBUG][main][org.eclipse.jetty.util.DecoratedObjectFactory:52]Adding Decorator: org.eclipse.jetty.util.DeprecationWarning@3a7b503d
[][11485][2018-10-11 14:53:20][DEBUG][main][org.eclipse.jetty.util.component.ContainerLifeCycle:322]o.e.j.s.ServletContextHandler@6f6a7463{/,null,UNAVAILABLE} added {org.eclipse.jetty.server.session.SessionHandler467313213==dftMaxIdleSec=-1,MANAGED}
[][11492][2018-10-11 14:53:20][DEBUG][main][org.eclipse.jetty.util.component.ContainerLifeCycle:322]org.eclipse.jetty.server.session.SessionHandler467313213==dftMaxIdleSec=-1 added {org.eclipse.jetty.servlet.ServletHandler@3a45c42a,MANAGED}
[][11509][2018-10-11 14:53:20][DEBUG][main][org.eclipse.jetty.util.component.ContainerLifeCycle:322]org.eclipse.jetty.servlet.ServletHandler@3a45c42a added {com.cellsgame.game.servlet.LoadPlayerServlet-50b0bc4c@123d6bb5==com.cellsgame.game.servlet.LoadPlayerServlet,jsp=null,order=-1,inst=true,AUTO}
[][11510][2018-10-11 14:53:20][DEBUG][main][org.eclipse.jetty.util.component.ContainerLifeCycle:322]org.eclipse.jetty.servlet.ServletHandler@3a45c42a added {[/loadPlayer]=>com.cellsgame.game.servlet.LoadPlayerServlet-50b0bc4c,POJO}
[][11510][2018-10-11 14:53:20][DEBUG][main][org.eclipse.jetty.util.component.ContainerLifeCycle:322]org.eclipse.jetty.servlet.ServletHandler@3a45c42a added {com.cellsgame.game.servlet.GetPlayerBaseInfoServlet-622ef26a@b6b2e9b7==com.cellsgame.game.servlet.GetPlayerBaseInfoServlet,jsp=null,order=-1,inst=true,AUTO}
[][11510][2018-10-11 14:53:20][DEBUG][main][org.eclipse.jetty.util.component.ContainerLifeCycle:322]org.eclipse.jetty.servlet.ServletHandler@3a45c42a added {[/getPlayerBaseInfo]=>com.cellsgame.game.servlet.GetPlayerBaseInfoServlet-622ef26a,POJO}
[][11511][2018-10-11 14:53:20][DEBUG][main][org.eclipse.jetty.util.component.ContainerLifeCycle:322]org.eclipse.jetty.servlet.ServletHandler@3a45c42a added {com.cellsgame.game.servlet.NotifyServlet-41de5768@8693c9a0==com.cellsgame.game.servlet.NotifyServlet,jsp=null,order=-1,inst=true,AUTO}
[][11511][2018-10-11 14:53:20][DEBUG][main][org.eclipse.jetty.util.component.ContainerLifeCycle:322]org.eclipse.jetty.servlet.ServletHandler@3a45c42a added {[/notify]=>com.cellsgame.game.servlet.NotifyServlet-41de5768,POJO}
[][11512][2018-10-11 14:53:20][DEBUG][main][org.eclipse.jetty.util.component.ContainerLifeCycle:322]org.eclipse.jetty.servlet.ServletHandler@3a45c42a added {com.cellsgame.game.servlet.ReleaseActivityServlet-5f577419@41c3f6e9==com.cellsgame.game.servlet.ReleaseActivityServlet,jsp=null,order=-1,inst=true,AUTO}
[][11512][2018-10-11 14:53:20][DEBUG][main][org.eclipse.jetty.util.component.ContainerLifeCycle:322]org.eclipse.jetty.servlet.ServletHandler@3a45c42a added {[/releaseActivity]=>com.cellsgame.game.servlet.ReleaseActivityServlet-5f577419,POJO}
[][11513][2018-10-11 14:53:20][DEBUG][main][org.eclipse.jetty.util.component.ContainerLifeCycle:322]org.eclipse.jetty.servlet.ServletHandler@3a45c42a added {com.cellsgame.game.servlet.DeleteActivityServlet-28fa700e@3725fb5e==com.cellsgame.game.servlet.DeleteActivityServlet,jsp=null,order=-1,inst=true,AUTO}
[][11513][2018-10-11 14:53:20][DEBUG][main][org.eclipse.jetty.util.component.ContainerLifeCycle:322]org.eclipse.jetty.servlet.ServletHandler@3a45c42a added {[/deleteActivity]=>com.cellsgame.game.servlet.DeleteActivityServlet-28fa700e,POJO}
[][11513][2018-10-11 14:53:20][DEBUG][main][org.eclipse.jetty.util.component.ContainerLifeCycle:322]org.eclipse.jetty.servlet.ServletHandler@3a45c42a added {com.cellsgame.game.servlet.QueryActivityServlet-3d526ad9@6b407260==com.cellsgame.game.servlet.QueryActivityServlet,jsp=null,order=-1,inst=true,AUTO}
[][11513][2018-10-11 14:53:20][DEBUG][main][org.eclipse.jetty.util.component.ContainerLifeCycle:322]org.eclipse.jetty.servlet.ServletHandler@3a45c42a added {[/queryActivity]=>com.cellsgame.game.servlet.QueryActivityServlet-3d526ad9,POJO}
[][11514][2018-10-11 14:53:20][DEBUG][main][org.eclipse.jetty.util.component.ContainerLifeCycle:322]org.eclipse.jetty.servlet.ServletHandler@3a45c42a added {com.cellsgame.game.servlet.MailServlet-e041f0c@40ec34c5==com.cellsgame.game.servlet.MailServlet,jsp=null,order=-1,inst=true,AUTO}
[][11514][2018-10-11 14:53:20][DEBUG][main][org.eclipse.jetty.util.component.ContainerLifeCycle:322]org.eclipse.jetty.servlet.ServletHandler@3a45c42a added {[/mail]=>com.cellsgame.game.servlet.MailServlet-e041f0c,POJO}
[][11515][2018-10-11 14:53:20][DEBUG][main][org.eclipse.jetty.util.component.ContainerLifeCycle:322]org.eclipse.jetty.servlet.ServletHandler@3a45c42a added {com.cellsgame.game.servlet.GameStateChangeServlet-6a175569@6177febe==com.cellsgame.game.servlet.GameStateChangeServlet,jsp=null,order=-1,inst=true,AUTO}
[][11515][2018-10-11 14:53:20][DEBUG][main][org.eclipse.jetty.util.component.ContainerLifeCycle:322]org.eclipse.jetty.servlet.ServletHandler@3a45c42a added {[/stateChange]=>com.cellsgame.game.servlet.GameStateChangeServlet-6a175569,POJO}
[][11516][2018-10-11 14:53:20][DEBUG][main][org.eclipse.jetty.util.component.ContainerLifeCycle:322]org.eclipse.jetty.servlet.ServletHandler@3a45c42a added {com.cellsgame.game.servlet.GetGameStateServlet-11963225@cd661f9d==com.cellsgame.game.servlet.GetGameStateServlet,jsp=null,order=-1,inst=true,AUTO}
[][11516][2018-10-11 14:53:20][DEBUG][main][org.eclipse.jetty.util.component.ContainerLifeCycle:322]org.eclipse.jetty.servlet.ServletHandler@3a45c42a added {[/getState]=>com.cellsgame.game.servlet.GetGameStateServlet-11963225,POJO}
[][11516][2018-10-11 14:53:20][DEBUG][main][org.eclipse.jetty.util.component.ContainerLifeCycle:322]org.eclipse.jetty.servlet.ServletHandler@3a45c42a added {com.cellsgame.game.servlet.GetOnlineSizeServlet-3f3c966c@f2096092==com.cellsgame.game.servlet.GetOnlineSizeServlet,jsp=null,order=-1,inst=true,AUTO}
[][11516][2018-10-11 14:53:20][DEBUG][main][org.eclipse.jetty.util.component.ContainerLifeCycle:322]org.eclipse.jetty.servlet.ServletHandler@3a45c42a added {[/onlineSize]=>com.cellsgame.game.servlet.GetOnlineSizeServlet-3f3c966c,POJO}
[][11517][2018-10-11 14:53:20][DEBUG][main][org.eclipse.jetty.util.component.ContainerLifeCycle:322]org.eclipse.jetty.servlet.ServletHandler@3a45c42a added {com.cellsgame.game.servlet.ChangePlayerStateServlet-11ee02f8@f9a675af==com.cellsgame.game.servlet.ChangePlayerStateServlet,jsp=null,order=-1,inst=true,AUTO}
[][11517][2018-10-11 14:53:20][DEBUG][main][org.eclipse.jetty.util.component.ContainerLifeCycle:322]org.eclipse.jetty.servlet.ServletHandler@3a45c42a added {[/setPlayerState]=>com.cellsgame.game.servlet.ChangePlayerStateServlet-11ee02f8,POJO}
[][11517][2018-10-11 14:53:20][DEBUG][main][org.eclipse.jetty.util.component.ContainerLifeCycle:322]org.eclipse.jetty.servlet.ServletHandler@3a45c42a added {com.cellsgame.game.servlet.ChangePlayerStateServlet-4102b1b1@d4212af8==com.cellsgame.game.servlet.ChangePlayerStateServlet,jsp=null,order=-1,inst=true,AUTO}
[][11517][2018-10-11 14:53:20][DEBUG][main][org.eclipse.jetty.util.component.ContainerLifeCycle:322]org.eclipse.jetty.servlet.ServletHandler@3a45c42a added {[/resetPlayerState]=>com.cellsgame.game.servlet.ChangePlayerStateServlet-4102b1b1,POJO}
[][11518][2018-10-11 14:53:20][DEBUG][main][org.eclipse.jetty.util.component.ContainerLifeCycle:322]org.eclipse.jetty.servlet.ServletHandler@3a45c42a added {com.cellsgame.game.servlet.ReissuePayFailOrderServlet-61a5b4ae@4b91f08e==com.cellsgame.game.servlet.ReissuePayFailOrderServlet,jsp=null,order=-1,inst=true,AUTO}
[][11518][2018-10-11 14:53:20][DEBUG][main][org.eclipse.jetty.util.component.ContainerLifeCycle:322]org.eclipse.jetty.servlet.ServletHandler@3a45c42a added {[/reissueOrder]=>com.cellsgame.game.servlet.ReissuePayFailOrderServlet-61a5b4ae,POJO}
[][11519][2018-10-11 14:53:20][DEBUG][main][org.eclipse.jetty.util.component.ContainerLifeCycle:322]org.eclipse.jetty.servlet.ServletHandler@3a45c42a added {com.cellsgame.game.servlet.CreateStoreServlet-3a71c100@9730ee96==com.cellsgame.game.servlet.CreateStoreServlet,jsp=null,order=-1,inst=true,AUTO}
[][11519][2018-10-11 14:53:20][DEBUG][main][org.eclipse.jetty.util.component.ContainerLifeCycle:322]org.eclipse.jetty.servlet.ServletHandler@3a45c42a added {[/createStore]=>com.cellsgame.game.servlet.CreateStoreServlet-3a71c100,POJO}
[][11519][2018-10-11 14:53:20][DEBUG][main][org.eclipse.jetty.util.component.ContainerLifeCycle:322]org.eclipse.jetty.servlet.ServletHandler@3a45c42a added {com.cellsgame.game.servlet.DeleteStoreServlet-5b69fd74@4937b31c==com.cellsgame.game.servlet.DeleteStoreServlet,jsp=null,order=-1,inst=true,AUTO}
[][11519][2018-10-11 14:53:20][DEBUG][main][org.eclipse.jetty.util.component.ContainerLifeCycle:322]org.eclipse.jetty.servlet.ServletHandler@3a45c42a added {[/deleteStore]=>com.cellsgame.game.servlet.DeleteStoreServlet-5b69fd74,POJO}
[][11520][2018-10-11 14:53:20][DEBUG][main][org.eclipse.jetty.util.component.ContainerLifeCycle:322]org.eclipse.jetty.servlet.ServletHandler@3a45c42a added {com.cellsgame.game.servlet.QueryStoreServlet-f325091@e51924ca==com.cellsgame.game.servlet.QueryStoreServlet,jsp=null,order=-1,inst=true,AUTO}
[][11520][2018-10-11 14:53:20][DEBUG][main][org.eclipse.jetty.util.component.ContainerLifeCycle:322]org.eclipse.jetty.servlet.ServletHandler@3a45c42a added {[/queryStore]=>com.cellsgame.game.servlet.QueryStoreServlet-f325091,POJO}
[][11521][2018-10-11 14:53:20][DEBUG][main][org.eclipse.jetty.util.component.ContainerLifeCycle:322]org.eclipse.jetty.servlet.ServletHandler@3a45c42a added {com.cellsgame.game.servlet.UpdateStoreServlet-437e951d@4d6e0f==com.cellsgame.game.servlet.UpdateStoreServlet,jsp=null,order=-1,inst=true,AUTO}
[][11521][2018-10-11 14:53:20][DEBUG][main][org.eclipse.jetty.util.component.ContainerLifeCycle:322]org.eclipse.jetty.servlet.ServletHandler@3a45c42a added {[/updateStore]=>com.cellsgame.game.servlet.UpdateStoreServlet-437e951d,POJO}
[][11522][2018-10-11 14:53:20][DEBUG][main][org.eclipse.jetty.util.component.ContainerLifeCycle:322]org.eclipse.jetty.servlet.ServletHandler@3a45c42a added {com.cellsgame.game.servlet.GetRankServlet-77b325b3@f6e200e2==com.cellsgame.game.servlet.GetRankServlet,jsp=null,order=-1,inst=true,AUTO}
[][11522][2018-10-11 14:53:20][DEBUG][main][org.eclipse.jetty.util.component.ContainerLifeCycle:322]org.eclipse.jetty.servlet.ServletHandler@3a45c42a added {[/getRank]=>com.cellsgame.game.servlet.GetRankServlet-77b325b3,POJO}
[][11523][2018-10-11 14:53:20][DEBUG][main][org.eclipse.jetty.util.component.ContainerLifeCycle:322]org.eclipse.jetty.servlet.ServletHandler@3a45c42a added {com.cellsgame.game.servlet.ChangeCurrencyServlet-63a5e46c@fa1e0223==com.cellsgame.game.servlet.ChangeCurrencyServlet,jsp=null,order=-1,inst=true,AUTO}
[][11523][2018-10-11 14:53:20][DEBUG][main][org.eclipse.jetty.util.component.ContainerLifeCycle:322]org.eclipse.jetty.servlet.ServletHandler@3a45c42a added {[/changeCurrency]=>com.cellsgame.game.servlet.ChangeCurrencyServlet-63a5e46c,POJO}
[][11525][2018-10-11 14:53:20][DEBUG][main][org.eclipse.jetty.util.component.ContainerLifeCycle:322]org.eclipse.jetty.servlet.ServletHandler@3a45c42a added {com.cellsgame.game.servlet.ChangeGoodsServlet-7e8e8651@7f18cf96==com.cellsgame.game.servlet.ChangeGoodsServlet,jsp=null,order=-1,inst=true,AUTO}
[][11525][2018-10-11 14:53:20][DEBUG][main][org.eclipse.jetty.util.component.ContainerLifeCycle:322]org.eclipse.jetty.servlet.ServletHandler@3a45c42a added {[/changeGoods]=>com.cellsgame.game.servlet.ChangeGoodsServlet-7e8e8651,POJO}
[][11526][2018-10-11 14:53:20][DEBUG][main][org.eclipse.jetty.util.component.ContainerLifeCycle:322]org.eclipse.jetty.servlet.ServletHandler@3a45c42a added {com.cellsgame.game.servlet.UpdateAllowLoginIpServlet-49ef32e0@17db3775==com.cellsgame.game.servlet.UpdateAllowLoginIpServlet,jsp=null,order=-1,inst=true,AUTO}
[][11527][2018-10-11 14:53:20][DEBUG][main][org.eclipse.jetty.util.component.ContainerLifeCycle:322]org.eclipse.jetty.servlet.ServletHandler@3a45c42a added {[/updateAllowLoginIp]=>com.cellsgame.game.servlet.UpdateAllowLoginIpServlet-49ef32e0,POJO}
[][11537][2018-10-11 14:53:20][DEBUG][main][org.eclipse.jetty.util.component.ContainerLifeCycle:322]org.eclipse.jetty.server.Server@66b72664 added {qtp623131585{STOPPED,8<=0<=200,i=0,q=0},AUTO}
[][11614][2018-10-11 14:53:20][DEBUG][main][org.eclipse.jetty.util.component.ContainerLifeCycle:322]HttpConnectionFactory@5dda14d0[HTTP/1.1] added {HttpConfiguration@1db0ec27{32768/8192,8192/8192,https://:0,[]},POJO}
[][11620][2018-10-11 14:53:20][DEBUG][main][org.eclipse.jetty.util.component.ContainerLifeCycle:322]ServerConnector@54f5f647{null,[]}{0.0.0.0:0} added {org.eclipse.jetty.server.Server@66b72664,UNMANAGED}
[][11620][2018-10-11 14:53:20][DEBUG][main][org.eclipse.jetty.util.component.ContainerLifeCycle:322]ServerConnector@54f5f647{null,[]}{0.0.0.0:0} added {qtp623131585{STOPPED,8<=0<=200,i=0,q=0},AUTO}
[][11621][2018-10-11 14:53:20][DEBUG][main][org.eclipse.jetty.util.component.ContainerLifeCycle:322]ServerConnector@54f5f647{null,[]}{0.0.0.0:0} added {org.eclipse.jetty.util.thread.ScheduledExecutorScheduler@5987e932,AUTO}
[][11623][2018-10-11 14:53:20][DEBUG][main][org.eclipse.jetty.util.component.ContainerLifeCycle:322]ServerConnector@54f5f647{null,[]}{0.0.0.0:0} added {org.eclipse.jetty.io.ArrayByteBufferPool@6979efad,POJO}
[][11624][2018-10-11 14:53:20][DEBUG][main][org.eclipse.jetty.util.component.ContainerLifeCycle:322]ServerConnector@54f5f647{null,[http/1.1]}{0.0.0.0:0} added {HttpConnectionFactory@5dda14d0[HTTP/1.1],AUTO}
[][11624][2018-10-11 14:53:20][DEBUG][main][org.eclipse.jetty.server.AbstractConnector:406]ServerConnector@54f5f647{HTTP/1.1,[http/1.1]}{0.0.0.0:0} added HttpConnectionFactory@5dda14d0[HTTP/1.1]
[][11627][2018-10-11 14:53:20][DEBUG][main][org.eclipse.jetty.util.component.ContainerLifeCycle:322]ServerConnector@54f5f647{HTTP/1.1,[http/1.1]}{0.0.0.0:0} added {org.eclipse.jetty.server.ServerConnector$ServerConnectorManager@315ba14a,MANAGED}
[][11627][2018-10-11 14:53:20][DEBUG][main][org.eclipse.jetty.util.component.ContainerLifeCycle:322]org.eclipse.jetty.server.Server@66b72664 added {ServerConnector@54f5f647{HTTP/1.1,[http/1.1]}{0.0.0.0:7001},AUTO}
[][11627][2018-10-11 14:53:20][DEBUG][main][org.eclipse.jetty.util.component.ContainerLifeCycle:322]org.eclipse.jetty.server.Server@66b72664 added {o.e.j.s.ServletContextHandler@6f6a7463{/game,null,UNAVAILABLE},MANAGED}
[][11627][2018-10-11 14:53:20][DEBUG][main][org.eclipse.jetty.util.component.AbstractLifeCycle:185]starting org.eclipse.jetty.server.Server@66b72664
[][11630][2018-10-11 14:53:20][DEBUG][main][org.eclipse.jetty.util.component.ContainerLifeCycle:322]org.eclipse.jetty.server.Server@66b72664 added {org.eclipse.jetty.server.handler.ErrorHandler@6650813a,AUTO}
[][11687][2018-10-11 14:53:20][DEBUG][main][org.eclipse.jetty.server.handler.AbstractHandler:110]starting org.eclipse.jetty.server.Server@66b72664
[][11687][2018-10-11 14:53:20][DEBUG][main][org.eclipse.jetty.util.component.AbstractLifeCycle:185]starting qtp623131585{STOPPED,8<=0<=200,i=0,q=0}
[][11689][2018-10-11 14:53:20][DEBUG][main][org.eclipse.jetty.util.component.AbstractLifeCycle:177]STARTED @11894ms qtp623131585{STARTED,8<=8<=200,i=7,q=0}
[][11689][2018-10-11 14:53:20][DEBUG][main][org.eclipse.jetty.util.component.AbstractLifeCycle:185]starting o.e.j.s.ServletContextHandler@6f6a7463{/game,null,UNAVAILABLE}
[][11695][2018-10-11 14:53:20][DEBUG][main][org.eclipse.jetty.http.PreEncodedHttpField:64]HttpField encoders loaded: [org.eclipse.jetty.http.Http1FieldPreEncoder@236ab296]
[][11710][2018-10-11 14:53:20][DEBUG][main][org.eclipse.jetty.server.handler.AbstractHandler:110]starting o.e.j.s.ServletContextHandler@6f6a7463{/game,null,STARTING}
[][11711][2018-10-11 14:53:20][DEBUG][main][org.eclipse.jetty.util.component.AbstractLifeCycle:185]starting org.eclipse.jetty.server.session.SessionHandler467313213==dftMaxIdleSec=-1
[][11760][2018-10-11 14:53:20][DEBUG][main][org.eclipse.jetty.util.component.ContainerLifeCycle:322]org.eclipse.jetty.server.session.SessionHandler467313213==dftMaxIdleSec=-1 added {org.eclipse.jetty.server.session.DefaultSessionCache@350b3a17[evict=-1,removeUnloadable=false,saveOnCreate=false,saveOnInactiveEvict=false],AUTO}
[][11764][2018-10-11 14:53:20][DEBUG][main][org.eclipse.jetty.util.component.ContainerLifeCycle:322]org.eclipse.jetty.server.session.DefaultSessionCache@350b3a17[evict=-1,removeUnloadable=false,saveOnCreate=false,saveOnInactiveEvict=false] added {org.eclipse.jetty.server.session.NullSessionDataStore@553f3b6e[passivating=false,graceSec=3600],AUTO}
[][11767][2018-10-11 14:53:20][DEBUG][main][org.eclipse.jetty.util.component.AbstractLifeCycle:185]starting org.eclipse.jetty.server.session.DefaultSessionIdManager@5ab9b447[worker=null]
[][11777][2018-10-11 14:53:20][DEBUG][main][org.eclipse.jetty.util.component.ContainerLifeCycle:322]org.eclipse.jetty.server.session.DefaultSessionIdManager@5ab9b447[worker=node0] added {org.eclipse.jetty.server.session.HouseKeeper@48d7ad8b[interval=600000, ownscheduler=false],MANAGED}
[][11778][2018-10-11 14:53:20][DEBUG][main][org.eclipse.jetty.util.component.AbstractLifeCycle:185]starting org.eclipse.jetty.server.session.HouseKeeper@48d7ad8b[interval=600000, ownscheduler=false]
[][11778][2018-10-11 14:53:20][DEBUG][main][org.eclipse.jetty.util.component.AbstractLifeCycle:185]starting org.eclipse.jetty.util.thread.ScheduledExecutorScheduler@7e053511
[][11780][2018-10-11 14:53:20][DEBUG][main][org.eclipse.jetty.util.component.AbstractLifeCycle:177]STARTED @11984ms org.eclipse.jetty.util.thread.ScheduledExecutorScheduler@7e053511
[][11780][2018-10-11 14:53:20][DEBUG][main][org.eclipse.jetty.server.session:127]Using own scheduler for scavenging
[][11784][2018-10-11 14:53:20][DEBUG][main][org.eclipse.jetty.util.component.AbstractLifeCycle:177]STARTED @11989ms org.eclipse.jetty.server.session.HouseKeeper@48d7ad8b[interval=600000, ownscheduler=true]
[][11784][2018-10-11 14:53:20][DEBUG][main][org.eclipse.jetty.util.component.AbstractLifeCycle:177]STARTED @11989ms org.eclipse.jetty.server.session.DefaultSessionIdManager@5ab9b447[worker=node0]
[][11785][2018-10-11 14:53:20][DEBUG][main][org.eclipse.jetty.util.component.ContainerLifeCycle:322]org.eclipse.jetty.server.Server@66b72664 added {org.eclipse.jetty.server.session.DefaultSessionIdManager@5ab9b447[worker=node0],MANAGED}
[][11785][2018-10-11 14:53:20][DEBUG][main][org.eclipse.jetty.util.component.ContainerLifeCycle:322]org.eclipse.jetty.server.session.SessionHandler467313213==dftMaxIdleSec=-1 added {org.eclipse.jetty.server.session.DefaultSessionIdManager@5ab9b447[worker=node0],UNMANAGED}
[][11785][2018-10-11 14:53:20][DEBUG][main][org.eclipse.jetty.util.component.AbstractLifeCycle:185]starting org.eclipse.jetty.util.thread.ScheduledExecutorScheduler@2f6bbeb0
[][11785][2018-10-11 14:53:20][DEBUG][main][org.eclipse.jetty.util.component.AbstractLifeCycle:177]STARTED @11990ms org.eclipse.jetty.util.thread.ScheduledExecutorScheduler@2f6bbeb0
[][11786][2018-10-11 14:53:20][DEBUG][main][org.eclipse.jetty.server.handler.AbstractHandler:110]starting org.eclipse.jetty.server.session.SessionHandler467313213==dftMaxIdleSec=-1
[][11786][2018-10-11 14:53:20][DEBUG][main][org.eclipse.jetty.util.component.AbstractLifeCycle:185]starting org.eclipse.jetty.servlet.ServletHandler@3a45c42a
[][11789][2018-10-11 14:53:20][DEBUG][main][org.eclipse.jetty.servlet.ServletHandler:1439]Path=/releaseActivity[EMBEDDED:null] mapped to servlet=com.cellsgame.game.servlet.ReleaseActivityServlet-5f577419[EMBEDDED:null]
[][11791][2018-10-11 14:53:20][DEBUG][main][org.eclipse.jetty.http.pathmap.PathMappings:239]Added MappedResource[pathSpec=ServletPathSpec["/releaseActivity",pathDepth=1,group=EXACT],resource=com.cellsgame.game.servlet.ReleaseActivityServlet-5f577419@41c3f6e9==com.cellsgame.game.servlet.ReleaseActivityServlet,jsp=null,order=-1,inst=true] to PathMappings[size=1]
[][11792][2018-10-11 14:53:20][DEBUG][main][org.eclipse.jetty.servlet.ServletHandler:1439]Path=/updateAllowLoginIp[EMBEDDED:null] mapped to servlet=com.cellsgame.game.servlet.UpdateAllowLoginIpServlet-49ef32e0[EMBEDDED:null]
[][11792][2018-10-11 14:53:20][DEBUG][main][org.eclipse.jetty.http.pathmap.PathMappings:239]Added MappedResource[pathSpec=ServletPathSpec["/updateAllowLoginIp",pathDepth=1,group=EXACT],resource=com.cellsgame.game.servlet.UpdateAllowLoginIpServlet-49ef32e0@17db3775==com.cellsgame.game.servlet.UpdateAllowLoginIpServlet,jsp=null,order=-1,inst=true] to PathMappings[size=2]
[][11792][2018-10-11 14:53:20][DEBUG][main][org.eclipse.jetty.servlet.ServletHandler:1439]Path=/getPlayerBaseInfo[EMBEDDED:null] mapped to servlet=com.cellsgame.game.servlet.GetPlayerBaseInfoServlet-622ef26a[EMBEDDED:null]
[][11792][2018-10-11 14:53:20][DEBUG][main][org.eclipse.jetty.http.pathmap.PathMappings:239]Added MappedResource[pathSpec=ServletPathSpec["/getPlayerBaseInfo",pathDepth=1,group=EXACT],resource=com.cellsgame.game.servlet.GetPlayerBaseInfoServlet-622ef26a@b6b2e9b7==com.cellsgame.game.servlet.GetPlayerBaseInfoServlet,jsp=null,order=-1,inst=true] to PathMappings[size=3]
[][11792][2018-10-11 14:53:20][DEBUG][main][org.eclipse.jetty.servlet.ServletHandler:1439]Path=/queryActivity[EMBEDDED:null] mapped to servlet=com.cellsgame.game.servlet.QueryActivityServlet-3d526ad9[EMBEDDED:null]
[][11793][2018-10-11 14:53:20][DEBUG][main][org.eclipse.jetty.http.pathmap.PathMappings:239]Added MappedResource[pathSpec=ServletPathSpec["/queryActivity",pathDepth=1,group=EXACT],resource=com.cellsgame.game.servlet.QueryActivityServlet-3d526ad9@6b407260==com.cellsgame.game.servlet.QueryActivityServlet,jsp=null,order=-1,inst=true] to PathMappings[size=4]
[][11793][2018-10-11 14:53:20][DEBUG][main][org.eclipse.jetty.servlet.ServletHandler:1439]Path=/queryStore[EMBEDDED:null] mapped to servlet=com.cellsgame.game.servlet.QueryStoreServlet-f325091[EMBEDDED:null]
[][11793][2018-10-11 14:53:20][DEBUG][main][org.eclipse.jetty.http.pathmap.PathMappings:239]Added MappedResource[pathSpec=ServletPathSpec["/queryStore",pathDepth=1,group=EXACT],resource=com.cellsgame.game.servlet.QueryStoreServlet-f325091@e51924ca==com.cellsgame.game.servlet.QueryStoreServlet,jsp=null,order=-1,inst=true] to PathMappings[size=5]
[][11793][2018-10-11 14:53:20][DEBUG][main][org.eclipse.jetty.servlet.ServletHandler:1439]Path=/getRank[EMBEDDED:null] mapped to servlet=com.cellsgame.game.servlet.GetRankServlet-77b325b3[EMBEDDED:null]
[][11794][2018-10-11 14:53:20][DEBUG][main][org.eclipse.jetty.http.pathmap.PathMappings:239]Added MappedResource[pathSpec=ServletPathSpec["/getRank",pathDepth=1,group=EXACT],resource=com.cellsgame.game.servlet.GetRankServlet-77b325b3@f6e200e2==com.cellsgame.game.servlet.GetRankServlet,jsp=null,order=-1,inst=true] to PathMappings[size=6]
[][11794][2018-10-11 14:53:20][DEBUG][main][org.eclipse.jetty.servlet.ServletHandler:1439]Path=/setPlayerState[EMBEDDED:null] mapped to servlet=com.cellsgame.game.servlet.ChangePlayerStateServlet-11ee02f8[EMBEDDED:null]
[][11794][2018-10-11 14:53:20][DEBUG][main][org.eclipse.jetty.http.pathmap.PathMappings:239]Added MappedResource[pathSpec=ServletPathSpec["/setPlayerState",pathDepth=1,group=EXACT],resource=com.cellsgame.game.servlet.ChangePlayerStateServlet-11ee02f8@f9a675af==com.cellsgame.game.servlet.ChangePlayerStateServlet,jsp=null,order=-1,inst=true] to PathMappings[size=7]
[][11794][2018-10-11 14:53:20][DEBUG][main][org.eclipse.jetty.servlet.ServletHandler:1439]Path=/resetPlayerState[EMBEDDED:null] mapped to servlet=com.cellsgame.game.servlet.ChangePlayerStateServlet-4102b1b1[EMBEDDED:null]
[][11794][2018-10-11 14:53:20][DEBUG][main][org.eclipse.jetty.http.pathmap.PathMappings:239]Added MappedResource[pathSpec=ServletPathSpec["/resetPlayerState",pathDepth=1,group=EXACT],resource=com.cellsgame.game.servlet.ChangePlayerStateServlet-4102b1b1@d4212af8==com.cellsgame.game.servlet.ChangePlayerStateServlet,jsp=null,order=-1,inst=true] to PathMappings[size=8]
[][11794][2018-10-11 14:53:20][DEBUG][main][org.eclipse.jetty.servlet.ServletHandler:1439]Path=/mail[EMBEDDED:null] mapped to servlet=com.cellsgame.game.servlet.MailServlet-e041f0c[EMBEDDED:null]
[][11795][2018-10-11 14:53:20][DEBUG][main][org.eclipse.jetty.http.pathmap.PathMappings:239]Added MappedResource[pathSpec=ServletPathSpec["/mail",pathDepth=1,group=EXACT],resource=com.cellsgame.game.servlet.MailServlet-e041f0c@40ec34c5==com.cellsgame.game.servlet.MailServlet,jsp=null,order=-1,inst=true] to PathMappings[size=9]
[][11795][2018-10-11 14:53:20][DEBUG][main][org.eclipse.jetty.servlet.ServletHandler:1439]Path=/updateStore[EMBEDDED:null] mapped to servlet=com.cellsgame.game.servlet.UpdateStoreServlet-437e951d[EMBEDDED:null]
[][11795][2018-10-11 14:53:20][DEBUG][main][org.eclipse.jetty.http.pathmap.PathMappings:239]Added MappedResource[pathSpec=ServletPathSpec["/updateStore",pathDepth=1,group=EXACT],resource=com.cellsgame.game.servlet.UpdateStoreServlet-437e951d@4d6e0f==com.cellsgame.game.servlet.UpdateStoreServlet,jsp=null,order=-1,inst=true] to PathMappings[size=10]
[][11795][2018-10-11 14:53:20][DEBUG][main][org.eclipse.jetty.servlet.ServletHandler:1439]Path=/deleteStore[EMBEDDED:null] mapped to servlet=com.cellsgame.game.servlet.DeleteStoreServlet-5b69fd74[EMBEDDED:null]
[][11796][2018-10-11 14:53:20][DEBUG][main][org.eclipse.jetty.http.pathmap.PathMappings:239]Added MappedResource[pathSpec=ServletPathSpec["/deleteStore",pathDepth=1,group=EXACT],resource=com.cellsgame.game.servlet.DeleteStoreServlet-5b69fd74@4937b31c==com.cellsgame.game.servlet.DeleteStoreServlet,jsp=null,order=-1,inst=true] to PathMappings[size=11]
[][11796][2018-10-11 14:53:20][DEBUG][main][org.eclipse.jetty.servlet.ServletHandler:1439]Path=/getState[EMBEDDED:null] mapped to servlet=com.cellsgame.game.servlet.GetGameStateServlet-11963225[EMBEDDED:null]
[][11796][2018-10-11 14:53:20][DEBUG][main][org.eclipse.jetty.http.pathmap.PathMappings:239]Added MappedResource[pathSpec=ServletPathSpec["/getState",pathDepth=1,group=EXACT],resource=com.cellsgame.game.servlet.GetGameStateServlet-11963225@cd661f9d==com.cellsgame.game.servlet.GetGameStateServlet,jsp=null,order=-1,inst=true] to PathMappings[size=12]
[][11797][2018-10-11 14:53:20][DEBUG][main][org.eclipse.jetty.servlet.ServletHandler:1439]Path=/notify[EMBEDDED:null] mapped to servlet=com.cellsgame.game.servlet.NotifyServlet-41de5768[EMBEDDED:null]
[][11797][2018-10-11 14:53:20][DEBUG][main][org.eclipse.jetty.http.pathmap.PathMappings:239]Added MappedResource[pathSpec=ServletPathSpec["/notify",pathDepth=1,group=EXACT],resource=com.cellsgame.game.servlet.NotifyServlet-41de5768@8693c9a0==com.cellsgame.game.servlet.NotifyServlet,jsp=null,order=-1,inst=true] to PathMappings[size=13]
[][11800][2018-10-11 14:53:20][DEBUG][main][org.eclipse.jetty.servlet.ServletHandler:1439]Path=/onlineSize[EMBEDDED:null] mapped to servlet=com.cellsgame.game.servlet.GetOnlineSizeServlet-3f3c966c[EMBEDDED:null]
[][11801][2018-10-11 14:53:20][DEBUG][main][org.eclipse.jetty.http.pathmap.PathMappings:239]Added MappedResource[pathSpec=ServletPathSpec["/onlineSize",pathDepth=1,group=EXACT],resource=com.cellsgame.game.servlet.GetOnlineSizeServlet-3f3c966c@f2096092==com.cellsgame.game.servlet.GetOnlineSizeServlet,jsp=null,order=-1,inst=true] to PathMappings[size=14]
[][11801][2018-10-11 14:53:20][DEBUG][main][org.eclipse.jetty.servlet.ServletHandler:1439]Path=/stateChange[EMBEDDED:null] mapped to servlet=com.cellsgame.game.servlet.GameStateChangeServlet-6a175569[EMBEDDED:null]
[][11801][2018-10-11 14:53:20][DEBUG][main][org.eclipse.jetty.http.pathmap.PathMappings:239]Added MappedResource[pathSpec=ServletPathSpec["/stateChange",pathDepth=1,group=EXACT],resource=com.cellsgame.game.servlet.GameStateChangeServlet-6a175569@6177febe==com.cellsgame.game.servlet.GameStateChangeServlet,jsp=null,order=-1,inst=true] to PathMappings[size=15]
[][11801][2018-10-11 14:53:20][DEBUG][main][org.eclipse.jetty.servlet.ServletHandler:1439]Path=/changeGoods[EMBEDDED:null] mapped to servlet=com.cellsgame.game.servlet.ChangeGoodsServlet-7e8e8651[EMBEDDED:null]
[][11801][2018-10-11 14:53:20][DEBUG][main][org.eclipse.jetty.http.pathmap.PathMappings:239]Added MappedResource[pathSpec=ServletPathSpec["/changeGoods",pathDepth=1,group=EXACT],resource=com.cellsgame.game.servlet.ChangeGoodsServlet-7e8e8651@7f18cf96==com.cellsgame.game.servlet.ChangeGoodsServlet,jsp=null,order=-1,inst=true] to PathMappings[size=16]
[][11802][2018-10-11 14:53:20][DEBUG][main][org.eclipse.jetty.servlet.ServletHandler:1439]Path=/reissueOrder[EMBEDDED:null] mapped to servlet=com.cellsgame.game.servlet.ReissuePayFailOrderServlet-61a5b4ae[EMBEDDED:null]
[][11802][2018-10-11 14:53:20][DEBUG][main][org.eclipse.jetty.http.pathmap.PathMappings:239]Added MappedResource[pathSpec=ServletPathSpec["/reissueOrder",pathDepth=1,group=EXACT],resource=com.cellsgame.game.servlet.ReissuePayFailOrderServlet-61a5b4ae@4b91f08e==com.cellsgame.game.servlet.ReissuePayFailOrderServlet,jsp=null,order=-1,inst=true] to PathMappings[size=17]
[][11802][2018-10-11 14:53:20][DEBUG][main][org.eclipse.jetty.servlet.ServletHandler:1439]Path=/loadPlayer[EMBEDDED:null] mapped to servlet=com.cellsgame.game.servlet.LoadPlayerServlet-50b0bc4c[EMBEDDED:null]
[][11802][2018-10-11 14:53:20][DEBUG][main][org.eclipse.jetty.http.pathmap.PathMappings:239]Added MappedResource[pathSpec=ServletPathSpec["/loadPlayer",pathDepth=1,group=EXACT],resource=com.cellsgame.game.servlet.LoadPlayerServlet-50b0bc4c@123d6bb5==com.cellsgame.game.servlet.LoadPlayerServlet,jsp=null,order=-1,inst=true] to PathMappings[size=18]
[][11802][2018-10-11 14:53:20][DEBUG][main][org.eclipse.jetty.servlet.ServletHandler:1439]Path=/deleteActivity[EMBEDDED:null] mapped to servlet=com.cellsgame.game.servlet.DeleteActivityServlet-28fa700e[EMBEDDED:null]
[][11803][2018-10-11 14:53:20][DEBUG][main][org.eclipse.jetty.http.pathmap.PathMappings:239]Added MappedResource[pathSpec=ServletPathSpec["/deleteActivity",pathDepth=1,group=EXACT],resource=com.cellsgame.game.servlet.DeleteActivityServlet-28fa700e@3725fb5e==com.cellsgame.game.servlet.DeleteActivityServlet,jsp=null,order=-1,inst=true] to PathMappings[size=19]
[][11803][2018-10-11 14:53:20][DEBUG][main][org.eclipse.jetty.servlet.ServletHandler:1439]Path=/createStore[EMBEDDED:null] mapped to servlet=com.cellsgame.game.servlet.CreateStoreServlet-3a71c100[EMBEDDED:null]
[][11803][2018-10-11 14:53:20][DEBUG][main][org.eclipse.jetty.http.pathmap.PathMappings:239]Added MappedResource[pathSpec=ServletPathSpec["/createStore",pathDepth=1,group=EXACT],resource=com.cellsgame.game.servlet.CreateStoreServlet-3a71c100@9730ee96==com.cellsgame.game.servlet.CreateStoreServlet,jsp=null,order=-1,inst=true] to PathMappings[size=20]
[][11803][2018-10-11 14:53:20][DEBUG][main][org.eclipse.jetty.servlet.ServletHandler:1439]Path=/changeCurrency[EMBEDDED:null] mapped to servlet=com.cellsgame.game.servlet.ChangeCurrencyServlet-63a5e46c[EMBEDDED:null]
[][11803][2018-10-11 14:53:20][DEBUG][main][org.eclipse.jetty.http.pathmap.PathMappings:239]Added MappedResource[pathSpec=ServletPathSpec["/changeCurrency",pathDepth=1,group=EXACT],resource=com.cellsgame.game.servlet.ChangeCurrencyServlet-63a5e46c@fa1e0223==com.cellsgame.game.servlet.ChangeCurrencyServlet,jsp=null,order=-1,inst=true] to PathMappings[size=21]
[][11804][2018-10-11 14:53:20][DEBUG][main][org.eclipse.jetty.servlet.ServletHandler:1464]filterNameMap={}
[][11804][2018-10-11 14:53:20][DEBUG][main][org.eclipse.jetty.servlet.ServletHandler:1465]pathFilters=null
[][11804][2018-10-11 14:53:20][DEBUG][main][org.eclipse.jetty.servlet.ServletHandler:1466]servletFilterMap=null
[][11804][2018-10-11 14:53:20][DEBUG][main][org.eclipse.jetty.servlet.ServletHandler:1467]servletPathMap=PathMappings[size=21]
[][11805][2018-10-11 14:53:20][DEBUG][main][org.eclipse.jetty.servlet.ServletHandler:1468]servletNameMap={com.cellsgame.game.servlet.QueryActivityServlet-3d526ad9=com.cellsgame.game.servlet.QueryActivityServlet-3d526ad9@6b407260==com.cellsgame.game.servlet.QueryActivityServlet,jsp=null,order=-1,inst=true, com.cellsgame.game.servlet.GetRankServlet-77b325b3=com.cellsgame.game.servlet.GetRankServlet-77b325b3@f6e200e2==com.cellsgame.game.servlet.GetRankServlet,jsp=null,order=-1,inst=true, com.cellsgame.game.servlet.UpdateStoreServlet-437e951d=com.cellsgame.game.servlet.UpdateStoreServlet-437e951d@4d6e0f==com.cellsgame.game.servlet.UpdateStoreServlet,jsp=null,order=-1,inst=true, com.cellsgame.game.servlet.GetPlayerBaseInfoServlet-622ef26a=com.cellsgame.game.servlet.GetPlayerBaseInfoServlet-622ef26a@b6b2e9b7==com.cellsgame.game.servlet.GetPlayerBaseInfoServlet,jsp=null,order=-1,inst=true, com.cellsgame.game.servlet.CreateStoreServlet-3a71c100=com.cellsgame.game.servlet.CreateStoreServlet-3a71c100@9730ee96==com.cellsgame.game.servlet.CreateStoreServlet,jsp=null,order=-1,inst=true, com.cellsgame.game.servlet.LoadPlayerServlet-50b0bc4c=com.cellsgame.game.servlet.LoadPlayerServlet-50b0bc4c@123d6bb5==com.cellsgame.game.servlet.LoadPlayerServlet,jsp=null,order=-1,inst=true, com.cellsgame.game.servlet.MailServlet-e041f0c=com.cellsgame.game.servlet.MailServlet-e041f0c@40ec34c5==com.cellsgame.game.servlet.MailServlet,jsp=null,order=-1,inst=true, com.cellsgame.game.servlet.GameStateChangeServlet-6a175569=com.cellsgame.game.servlet.GameStateChangeServlet-6a175569@6177febe==com.cellsgame.game.servlet.GameStateChangeServlet,jsp=null,order=-1,inst=true, com.cellsgame.game.servlet.ChangePlayerStateServlet-11ee02f8=com.cellsgame.game.servlet.ChangePlayerStateServlet-11ee02f8@f9a675af==com.cellsgame.game.servlet.ChangePlayerStateServlet,jsp=null,order=-1,inst=true, com.cellsgame.game.servlet.ReleaseActivityServlet-5f577419=com.cellsgame.game.servlet.ReleaseActivityServlet-5f577419@41c3f6e9==com.cellsgame.game.servlet.ReleaseActivityServlet,jsp=null,order=-1,inst=true, com.cellsgame.game.servlet.DeleteStoreServlet-5b69fd74=com.cellsgame.game.servlet.DeleteStoreServlet-5b69fd74@4937b31c==com.cellsgame.game.servlet.DeleteStoreServlet,jsp=null,order=-1,inst=true, com.cellsgame.game.servlet.ChangeGoodsServlet-7e8e8651=com.cellsgame.game.servlet.ChangeGoodsServlet-7e8e8651@7f18cf96==com.cellsgame.game.servlet.ChangeGoodsServlet,jsp=null,order=-1,inst=true, com.cellsgame.game.servlet.UpdateAllowLoginIpServlet-49ef32e0=com.cellsgame.game.servlet.UpdateAllowLoginIpServlet-49ef32e0@17db3775==com.cellsgame.game.servlet.UpdateAllowLoginIpServlet,jsp=null,order=-1,inst=true, com.cellsgame.game.servlet.NotifyServlet-41de5768=com.cellsgame.game.servlet.NotifyServlet-41de5768@8693c9a0==com.cellsgame.game.servlet.NotifyServlet,jsp=null,order=-1,inst=true, com.cellsgame.game.servlet.QueryStoreServlet-f325091=com.cellsgame.game.servlet.QueryStoreServlet-f325091@e51924ca==com.cellsgame.game.servlet.QueryStoreServlet,jsp=null,order=-1,inst=true, com.cellsgame.game.servlet.ChangePlayerStateServlet-4102b1b1=com.cellsgame.game.servlet.ChangePlayerStateServlet-4102b1b1@d4212af8==com.cellsgame.game.servlet.ChangePlayerStateServlet,jsp=null,order=-1,inst=true, com.cellsgame.game.servlet.DeleteActivityServlet-28fa700e=com.cellsgame.game.servlet.DeleteActivityServlet-28fa700e@3725fb5e==com.cellsgame.game.servlet.DeleteActivityServlet,jsp=null,order=-1,inst=true, com.cellsgame.game.servlet.GetGameStateServlet-11963225=com.cellsgame.game.servlet.GetGameStateServlet-11963225@cd661f9d==com.cellsgame.game.servlet.GetGameStateServlet,jsp=null,order=-1,inst=true, com.cellsgame.game.servlet.GetOnlineSizeServlet-3f3c966c=com.cellsgame.game.servlet.GetOnlineSizeServlet-3f3c966c@f2096092==com.cellsgame.game.servlet.GetOnlineSizeServlet,jsp=null,order=-1,inst=true, com.cellsgame.game.servlet.ChangeCurrencyServlet-63a5e46c=com.cellsgame.game.servlet.ChangeCurrencyServlet-63a5e46c@fa1e0223==com.cellsgame.game.servlet.ChangeCurrencyServlet,jsp=null,order=-1,inst=true, com.cellsgame.game.servlet.ReissuePayFailOrderServlet-61a5b4ae=com.cellsgame.game.servlet.ReissuePayFailOrderServlet-61a5b4ae@4b91f08e==com.cellsgame.game.servlet.ReissuePayFailOrderServlet,jsp=null,order=-1,inst=true}
[][11805][2018-10-11 14:53:20][DEBUG][main][org.eclipse.jetty.servlet.ServletHandler:158]Adding Default404Servlet to org.eclipse.jetty.servlet.ServletHandler@3a45c42a
[][11806][2018-10-11 14:53:20][DEBUG][main][org.eclipse.jetty.util.component.ContainerLifeCycle:322]org.eclipse.jetty.servlet.ServletHandler@3a45c42a added {org.eclipse.jetty.servlet.ServletHandler$Default404Servlet-737edcfa@9c0000f8==org.eclipse.jetty.servlet.ServletHandler$Default404Servlet,jsp=null,order=-1,inst=false,AUTO}
[][11807][2018-10-11 14:53:20][DEBUG][main][org.eclipse.jetty.util.component.ContainerLifeCycle:322]org.eclipse.jetty.servlet.ServletHandler@3a45c42a added {[/]=>org.eclipse.jetty.servlet.ServletHandler$Default404Servlet-737edcfa,POJO}
[][11807][2018-10-11 14:53:20][DEBUG][main][org.eclipse.jetty.servlet.ServletHandler:1439]Path=/releaseActivity[EMBEDDED:null] mapped to servlet=com.cellsgame.game.servlet.ReleaseActivityServlet-5f577419[EMBEDDED:null]
[][11807][2018-10-11 14:53:20][DEBUG][main][org.eclipse.jetty.http.pathmap.PathMappings:239]Added MappedResource[pathSpec=ServletPathSpec["/releaseActivity",pathDepth=1,group=EXACT],resource=com.cellsgame.game.servlet.ReleaseActivityServlet-5f577419@41c3f6e9==com.cellsgame.game.servlet.ReleaseActivityServlet,jsp=null,order=-1,inst=true] to PathMappings[size=1]
[][11807][2018-10-11 14:53:20][DEBUG][main][org.eclipse.jetty.servlet.ServletHandler:1439]Path=/updateAllowLoginIp[EMBEDDED:null] mapped to servlet=com.cellsgame.game.servlet.UpdateAllowLoginIpServlet-49ef32e0[EMBEDDED:null]
[][11807][2018-10-11 14:53:20][DEBUG][main][org.eclipse.jetty.http.pathmap.PathMappings:239]Added MappedResource[pathSpec=ServletPathSpec["/updateAllowLoginIp",pathDepth=1,group=EXACT],resource=com.cellsgame.game.servlet.UpdateAllowLoginIpServlet-49ef32e0@17db3775==com.cellsgame.game.servlet.UpdateAllowLoginIpServlet,jsp=null,order=-1,inst=true] to PathMappings[size=2]
[][11807][2018-10-11 14:53:20][DEBUG][main][org.eclipse.jetty.servlet.ServletHandler:1439]Path=/getPlayerBaseInfo[EMBEDDED:null] mapped to servlet=com.cellsgame.game.servlet.GetPlayerBaseInfoServlet-622ef26a[EMBEDDED:null]
[][11808][2018-10-11 14:53:20][DEBUG][main][org.eclipse.jetty.http.pathmap.PathMappings:239]Added MappedResource[pathSpec=ServletPathSpec["/getPlayerBaseInfo",pathDepth=1,group=EXACT],resource=com.cellsgame.game.servlet.GetPlayerBaseInfoServlet-622ef26a@b6b2e9b7==com.cellsgame.game.servlet.GetPlayerBaseInfoServlet,jsp=null,order=-1,inst=true] to PathMappings[size=3]
[][11808][2018-10-11 14:53:20][DEBUG][main][org.eclipse.jetty.servlet.ServletHandler:1439]Path=/queryActivity[EMBEDDED:null] mapped to servlet=com.cellsgame.game.servlet.QueryActivityServlet-3d526ad9[EMBEDDED:null]
[][11808][2018-10-11 14:53:20][DEBUG][main][org.eclipse.jetty.http.pathmap.PathMappings:239]Added MappedResource[pathSpec=ServletPathSpec["/queryActivity",pathDepth=1,group=EXACT],resource=com.cellsgame.game.servlet.QueryActivityServlet-3d526ad9@6b407260==com.cellsgame.game.servlet.QueryActivityServlet,jsp=null,order=-1,inst=true] to PathMappings[size=4]
[][11808][2018-10-11 14:53:20][DEBUG][main][org.eclipse.jetty.servlet.ServletHandler:1439]Path=/queryStore[EMBEDDED:null] mapped to servlet=com.cellsgame.game.servlet.QueryStoreServlet-f325091[EMBEDDED:null]
[][11808][2018-10-11 14:53:20][DEBUG][main][org.eclipse.jetty.http.pathmap.PathMappings:239]Added MappedResource[pathSpec=ServletPathSpec["/queryStore",pathDepth=1,group=EXACT],resource=com.cellsgame.game.servlet.QueryStoreServlet-f325091@e51924ca==com.cellsgame.game.servlet.QueryStoreServlet,jsp=null,order=-1,inst=true] to PathMappings[size=5]
[][11808][2018-10-11 14:53:20][DEBUG][main][org.eclipse.jetty.servlet.ServletHandler:1439]Path=/getRank[EMBEDDED:null] mapped to servlet=com.cellsgame.game.servlet.GetRankServlet-77b325b3[EMBEDDED:null]
[][11809][2018-10-11 14:53:20][DEBUG][main][org.eclipse.jetty.http.pathmap.PathMappings:239]Added MappedResource[pathSpec=ServletPathSpec["/getRank",pathDepth=1,group=EXACT],resource=com.cellsgame.game.servlet.GetRankServlet-77b325b3@f6e200e2==com.cellsgame.game.servlet.GetRankServlet,jsp=null,order=-1,inst=true] to PathMappings[size=6]
[][11809][2018-10-11 14:53:20][DEBUG][main][org.eclipse.jetty.servlet.ServletHandler:1439]Path=/setPlayerState[EMBEDDED:null] mapped to servlet=com.cellsgame.game.servlet.ChangePlayerStateServlet-11ee02f8[EMBEDDED:null]
[][11809][2018-10-11 14:53:20][DEBUG][main][org.eclipse.jetty.http.pathmap.PathMappings:239]Added MappedResource[pathSpec=ServletPathSpec["/setPlayerState",pathDepth=1,group=EXACT],resource=com.cellsgame.game.servlet.ChangePlayerStateServlet-11ee02f8@f9a675af==com.cellsgame.game.servlet.ChangePlayerStateServlet,jsp=null,order=-1,inst=true] to PathMappings[size=7]
[][11809][2018-10-11 14:53:20][DEBUG][main][org.eclipse.jetty.servlet.ServletHandler:1439]Path=/resetPlayerState[EMBEDDED:null] mapped to servlet=com.cellsgame.game.servlet.ChangePlayerStateServlet-4102b1b1[EMBEDDED:null]
[][11809][2018-10-11 14:53:20][DEBUG][main][org.eclipse.jetty.http.pathmap.PathMappings:239]Added MappedResource[pathSpec=ServletPathSpec["/resetPlayerState",pathDepth=1,group=EXACT],resource=com.cellsgame.game.servlet.ChangePlayerStateServlet-4102b1b1@d4212af8==com.cellsgame.game.servlet.ChangePlayerStateServlet,jsp=null,order=-1,inst=true] to PathMappings[size=8]
[][11809][2018-10-11 14:53:20][DEBUG][main][org.eclipse.jetty.servlet.ServletHandler:1439]Path=/mail[EMBEDDED:null] mapped to servlet=com.cellsgame.game.servlet.MailServlet-e041f0c[EMBEDDED:null]
[][11810][2018-10-11 14:53:20][DEBUG][main][org.eclipse.jetty.http.pathmap.PathMappings:239]Added MappedResource[pathSpec=ServletPathSpec["/mail",pathDepth=1,group=EXACT],resource=com.cellsgame.game.servlet.MailServlet-e041f0c@40ec34c5==com.cellsgame.game.servlet.MailServlet,jsp=null,order=-1,inst=true] to PathMappings[size=9]
[][11810][2018-10-11 14:53:20][DEBUG][main][org.eclipse.jetty.servlet.ServletHandler:1439]Path=/updateStore[EMBEDDED:null] mapped to servlet=com.cellsgame.game.servlet.UpdateStoreServlet-437e951d[EMBEDDED:null]
[][11810][2018-10-11 14:53:20][DEBUG][main][org.eclipse.jetty.http.pathmap.PathMappings:239]Added MappedResource[pathSpec=ServletPathSpec["/updateStore",pathDepth=1,group=EXACT],resource=com.cellsgame.game.servlet.UpdateStoreServlet-437e951d@4d6e0f==com.cellsgame.game.servlet.UpdateStoreServlet,jsp=null,order=-1,inst=true] to PathMappings[size=10]
[][11810][2018-10-11 14:53:20][DEBUG][main][org.eclipse.jetty.servlet.ServletHandler:1439]Path=/[EMBEDDED:null] mapped to servlet=org.eclipse.jetty.servlet.ServletHandler$Default404Servlet-737edcfa[EMBEDDED:null]
[][11810][2018-10-11 14:53:20][DEBUG][main][org.eclipse.jetty.http.pathmap.PathMappings:239]Added MappedResource[pathSpec=ServletPathSpec["/",pathDepth=-1,group=DEFAULT],resource=org.eclipse.jetty.servlet.ServletHandler$Default404Servlet-737edcfa@9c0000f8==org.eclipse.jetty.servlet.ServletHandler$Default404Servlet,jsp=null,order=-1,inst=false] to PathMappings[size=11]
[][11810][2018-10-11 14:53:20][DEBUG][main][org.eclipse.jetty.servlet.ServletHandler:1439]Path=/deleteStore[EMBEDDED:null] mapped to servlet=com.cellsgame.game.servlet.DeleteStoreServlet-5b69fd74[EMBEDDED:null]
[][11811][2018-10-11 14:53:20][DEBUG][main][org.eclipse.jetty.http.pathmap.PathMappings:239]Added MappedResource[pathSpec=ServletPathSpec["/deleteStore",pathDepth=1,group=EXACT],resource=com.cellsgame.game.servlet.DeleteStoreServlet-5b69fd74@4937b31c==com.cellsgame.game.servlet.DeleteStoreServlet,jsp=null,order=-1,inst=true] to PathMappings[size=12]
[][11811][2018-10-11 14:53:20][DEBUG][main][org.eclipse.jetty.servlet.ServletHandler:1439]Path=/getState[EMBEDDED:null] mapped to servlet=com.cellsgame.game.servlet.GetGameStateServlet-11963225[EMBEDDED:null]
[][11811][2018-10-11 14:53:20][DEBUG][main][org.eclipse.jetty.http.pathmap.PathMappings:239]Added MappedResource[pathSpec=ServletPathSpec["/getState",pathDepth=1,group=EXACT],resource=com.cellsgame.game.servlet.GetGameStateServlet-11963225@cd661f9d==com.cellsgame.game.servlet.GetGameStateServlet,jsp=null,order=-1,inst=true] to PathMappings[size=13]
[][11811][2018-10-11 14:53:20][DEBUG][main][org.eclipse.jetty.servlet.ServletHandler:1439]Path=/notify[EMBEDDED:null] mapped to servlet=com.cellsgame.game.servlet.NotifyServlet-41de5768[EMBEDDED:null]
[][11812][2018-10-11 14:53:20][DEBUG][main][org.eclipse.jetty.http.pathmap.PathMappings:239]Added MappedResource[pathSpec=ServletPathSpec["/notify",pathDepth=1,group=EXACT],resource=com.cellsgame.game.servlet.NotifyServlet-41de5768@8693c9a0==com.cellsgame.game.servlet.NotifyServlet,jsp=null,order=-1,inst=true] to PathMappings[size=14]
[][11812][2018-10-11 14:53:20][DEBUG][main][org.eclipse.jetty.servlet.ServletHandler:1439]Path=/onlineSize[EMBEDDED:null] mapped to servlet=com.cellsgame.game.servlet.GetOnlineSizeServlet-3f3c966c[EMBEDDED:null]
[][11812][2018-10-11 14:53:20][DEBUG][main][org.eclipse.jetty.http.pathmap.PathMappings:239]Added MappedResource[pathSpec=ServletPathSpec["/onlineSize",pathDepth=1,group=EXACT],resource=com.cellsgame.game.servlet.GetOnlineSizeServlet-3f3c966c@f2096092==com.cellsgame.game.servlet.GetOnlineSizeServlet,jsp=null,order=-1,inst=true] to PathMappings[size=15]
[][11812][2018-10-11 14:53:20][DEBUG][main][org.eclipse.jetty.servlet.ServletHandler:1439]Path=/stateChange[EMBEDDED:null] mapped to servlet=com.cellsgame.game.servlet.GameStateChangeServlet-6a175569[EMBEDDED:null]
[][11812][2018-10-11 14:53:20][DEBUG][main][org.eclipse.jetty.http.pathmap.PathMappings:239]Added MappedResource[pathSpec=ServletPathSpec["/stateChange",pathDepth=1,group=EXACT],resource=com.cellsgame.game.servlet.GameStateChangeServlet-6a175569@6177febe==com.cellsgame.game.servlet.GameStateChangeServlet,jsp=null,order=-1,inst=true] to PathMappings[size=16]
[][11812][2018-10-11 14:53:20][DEBUG][main][org.eclipse.jetty.servlet.ServletHandler:1439]Path=/changeGoods[EMBEDDED:null] mapped to servlet=com.cellsgame.game.servlet.ChangeGoodsServlet-7e8e8651[EMBEDDED:null]
[][11813][2018-10-11 14:53:20][DEBUG][main][org.eclipse.jetty.http.pathmap.PathMappings:239]Added MappedResource[pathSpec=ServletPathSpec["/changeGoods",pathDepth=1,group=EXACT],resource=com.cellsgame.game.servlet.ChangeGoodsServlet-7e8e8651@7f18cf96==com.cellsgame.game.servlet.ChangeGoodsServlet,jsp=null,order=-1,inst=true] to PathMappings[size=17]
[][11813][2018-10-11 14:53:20][DEBUG][main][org.eclipse.jetty.servlet.ServletHandler:1439]Path=/reissueOrder[EMBEDDED:null] mapped to servlet=com.cellsgame.game.servlet.ReissuePayFailOrderServlet-61a5b4ae[EMBEDDED:null]
[][11813][2018-10-11 14:53:20][DEBUG][main][org.eclipse.jetty.http.pathmap.PathMappings:239]Added MappedResource[pathSpec=ServletPathSpec["/reissueOrder",pathDepth=1,group=EXACT],resource=com.cellsgame.game.servlet.ReissuePayFailOrderServlet-61a5b4ae@4b91f08e==com.cellsgame.game.servlet.ReissuePayFailOrderServlet,jsp=null,order=-1,inst=true] to PathMappings[size=18]
[][11813][2018-10-11 14:53:20][DEBUG][main][org.eclipse.jetty.servlet.ServletHandler:1439]Path=/loadPlayer[EMBEDDED:null] mapped to servlet=com.cellsgame.game.servlet.LoadPlayerServlet-50b0bc4c[EMBEDDED:null]
[][11813][2018-10-11 14:53:20][DEBUG][main][org.eclipse.jetty.http.pathmap.PathMappings:239]Added MappedResource[pathSpec=ServletPathSpec["/loadPlayer",pathDepth=1,group=EXACT],resource=com.cellsgame.game.servlet.LoadPlayerServlet-50b0bc4c@123d6bb5==com.cellsgame.game.servlet.LoadPlayerServlet,jsp=null,order=-1,inst=true] to PathMappings[size=19]
[][11813][2018-10-11 14:53:20][DEBUG][main][org.eclipse.jetty.servlet.ServletHandler:1439]Path=/deleteActivity[EMBEDDED:null] mapped to servlet=com.cellsgame.game.servlet.DeleteActivityServlet-28fa700e[EMBEDDED:null]
[][11814][2018-10-11 14:53:20][DEBUG][main][org.eclipse.jetty.http.pathmap.PathMappings:239]Added MappedResource[pathSpec=ServletPathSpec["/deleteActivity",pathDepth=1,group=EXACT],resource=com.cellsgame.game.servlet.DeleteActivityServlet-28fa700e@3725fb5e==com.cellsgame.game.servlet.DeleteActivityServlet,jsp=null,order=-1,inst=true] to PathMappings[size=20]
[][11814][2018-10-11 14:53:20][DEBUG][main][org.eclipse.jetty.servlet.ServletHandler:1439]Path=/createStore[EMBEDDED:null] mapped to servlet=com.cellsgame.game.servlet.CreateStoreServlet-3a71c100[EMBEDDED:null]
[][11814][2018-10-11 14:53:20][DEBUG][main][org.eclipse.jetty.http.pathmap.PathMappings:239]Added MappedResource[pathSpec=ServletPathSpec["/createStore",pathDepth=1,group=EXACT],resource=com.cellsgame.game.servlet.CreateStoreServlet-3a71c100@9730ee96==com.cellsgame.game.servlet.CreateStoreServlet,jsp=null,order=-1,inst=true] to PathMappings[size=21]
[][11814][2018-10-11 14:53:20][DEBUG][main][org.eclipse.jetty.servlet.ServletHandler:1439]Path=/changeCurrency[EMBEDDED:null] mapped to servlet=com.cellsgame.game.servlet.ChangeCurrencyServlet-63a5e46c[EMBEDDED:null]
[][11814][2018-10-11 14:53:20][DEBUG][main][org.eclipse.jetty.http.pathmap.PathMappings:239]Added MappedResource[pathSpec=ServletPathSpec["/changeCurrency",pathDepth=1,group=EXACT],resource=com.cellsgame.game.servlet.ChangeCurrencyServlet-63a5e46c@fa1e0223==com.cellsgame.game.servlet.ChangeCurrencyServlet,jsp=null,order=-1,inst=true] to PathMappings[size=22]
[][11814][2018-10-11 14:53:20][DEBUG][main][org.eclipse.jetty.servlet.ServletHandler:1464]filterNameMap={}
[][11814][2018-10-11 14:53:20][DEBUG][main][org.eclipse.jetty.servlet.ServletHandler:1465]pathFilters=null
[][11814][2018-10-11 14:53:20][DEBUG][main][org.eclipse.jetty.servlet.ServletHandler:1466]servletFilterMap=null
[][11815][2018-10-11 14:53:20][DEBUG][main][org.eclipse.jetty.servlet.ServletHandler:1467]servletPathMap=PathMappings[size=22]
[][11816][2018-10-11 14:53:20][DEBUG][main][org.eclipse.jetty.servlet.ServletHandler:1468]servletNameMap={com.cellsgame.game.servlet.QueryActivityServlet-3d526ad9=com.cellsgame.game.servlet.QueryActivityServlet-3d526ad9@6b407260==com.cellsgame.game.servlet.QueryActivityServlet,jsp=null,order=-1,inst=true, com.cellsgame.game.servlet.GetRankServlet-77b325b3=com.cellsgame.game.servlet.GetRankServlet-77b325b3@f6e200e2==com.cellsgame.game.servlet.GetRankServlet,jsp=null,order=-1,inst=true, com.cellsgame.game.servlet.UpdateStoreServlet-437e951d=com.cellsgame.game.servlet.UpdateStoreServlet-437e951d@4d6e0f==com.cellsgame.game.servlet.UpdateStoreServlet,jsp=null,order=-1,inst=true, com.cellsgame.game.servlet.GetPlayerBaseInfoServlet-622ef26a=com.cellsgame.game.servlet.GetPlayerBaseInfoServlet-622ef26a@b6b2e9b7==com.cellsgame.game.servlet.GetPlayerBaseInfoServlet,jsp=null,order=-1,inst=true, com.cellsgame.game.servlet.CreateStoreServlet-3a71c100=com.cellsgame.game.servlet.CreateStoreServlet-3a71c100@9730ee96==com.cellsgame.game.servlet.CreateStoreServlet,jsp=null,order=-1,inst=true, com.cellsgame.game.servlet.LoadPlayerServlet-50b0bc4c=com.cellsgame.game.servlet.LoadPlayerServlet-50b0bc4c@123d6bb5==com.cellsgame.game.servlet.LoadPlayerServlet,jsp=null,order=-1,inst=true, com.cellsgame.game.servlet.MailServlet-e041f0c=com.cellsgame.game.servlet.MailServlet-e041f0c@40ec34c5==com.cellsgame.game.servlet.MailServlet,jsp=null,order=-1,inst=true, com.cellsgame.game.servlet.GameStateChangeServlet-6a175569=com.cellsgame.game.servlet.GameStateChangeServlet-6a175569@6177febe==com.cellsgame.game.servlet.GameStateChangeServlet,jsp=null,order=-1,inst=true, com.cellsgame.game.servlet.ChangePlayerStateServlet-11ee02f8=com.cellsgame.game.servlet.ChangePlayerStateServlet-11ee02f8@f9a675af==com.cellsgame.game.servlet.ChangePlayerStateServlet,jsp=null,order=-1,inst=true, com.cellsgame.game.servlet.ReleaseActivityServlet-5f577419=com.cellsgame.game.servlet.ReleaseActivityServlet-5f577419@41c3f6e9==com.cellsgame.game.servlet.ReleaseActivityServlet,jsp=null,order=-1,inst=true, com.cellsgame.game.servlet.DeleteStoreServlet-5b69fd74=com.cellsgame.game.servlet.DeleteStoreServlet-5b69fd74@4937b31c==com.cellsgame.game.servlet.DeleteStoreServlet,jsp=null,order=-1,inst=true, com.cellsgame.game.servlet.ChangeGoodsServlet-7e8e8651=com.cellsgame.game.servlet.ChangeGoodsServlet-7e8e8651@7f18cf96==com.cellsgame.game.servlet.ChangeGoodsServlet,jsp=null,order=-1,inst=true, com.cellsgame.game.servlet.UpdateAllowLoginIpServlet-49ef32e0=com.cellsgame.game.servlet.UpdateAllowLoginIpServlet-49ef32e0@17db3775==com.cellsgame.game.servlet.UpdateAllowLoginIpServlet,jsp=null,order=-1,inst=true, com.cellsgame.game.servlet.NotifyServlet-41de5768=com.cellsgame.game.servlet.NotifyServlet-41de5768@8693c9a0==com.cellsgame.game.servlet.NotifyServlet,jsp=null,order=-1,inst=true, com.cellsgame.game.servlet.QueryStoreServlet-f325091=com.cellsgame.game.servlet.QueryStoreServlet-f325091@e51924ca==com.cellsgame.game.servlet.QueryStoreServlet,jsp=null,order=-1,inst=true, org.eclipse.jetty.servlet.ServletHandler$Default404Servlet-737edcfa=org.eclipse.jetty.servlet.ServletHandler$Default404Servlet-737edcfa@9c0000f8==org.eclipse.jetty.servlet.ServletHandler$Default404Servlet,jsp=null,order=-1,inst=false, com.cellsgame.game.servlet.ChangePlayerStateServlet-4102b1b1=com.cellsgame.game.servlet.ChangePlayerStateServlet-4102b1b1@d4212af8==com.cellsgame.game.servlet.ChangePlayerStateServlet,jsp=null,order=-1,inst=true, com.cellsgame.game.servlet.DeleteActivityServlet-28fa700e=com.cellsgame.game.servlet.DeleteActivityServlet-28fa700e@3725fb5e==com.cellsgame.game.servlet.DeleteActivityServlet,jsp=null,order=-1,inst=true, com.cellsgame.game.servlet.GetGameStateServlet-11963225=com.cellsgame.game.servlet.GetGameStateServlet-11963225@cd661f9d==com.cellsgame.game.servlet.GetGameStateServlet,jsp=null,order=-1,inst=true, com.cellsgame.game.servlet.GetOnlineSizeServlet-3f3c966c=com.cellsgame.game.servlet.GetOnlineSizeServlet-3f3c966c@f2096092==com.cellsgame.game.servlet.GetOnlineSizeServlet,jsp=null,order=-1,inst=true, com.cellsgame.game.servlet.ChangeCurrencyServlet-63a5e46c=com.cellsgame.game.servlet.ChangeCurrencyServlet-63a5e46c@fa1e0223==com.cellsgame.game.servlet.ChangeCurrencyServlet,jsp=null,order=-1,inst=true, com.cellsgame.game.servlet.ReissuePayFailOrderServlet-61a5b4ae=com.cellsgame.game.servlet.ReissuePayFailOrderServlet-61a5b4ae@4b91f08e==com.cellsgame.game.servlet.ReissuePayFailOrderServlet,jsp=null,order=-1,inst=true}
[][11816][2018-10-11 14:53:20][DEBUG][main][org.eclipse.jetty.server.handler.AbstractHandler:110]starting org.eclipse.jetty.servlet.ServletHandler@3a45c42a
[][11816][2018-10-11 14:53:20][DEBUG][main][org.eclipse.jetty.util.component.AbstractLifeCycle:177]STARTED @12021ms org.eclipse.jetty.servlet.ServletHandler@3a45c42a
[][11816][2018-10-11 14:53:20][DEBUG][main][org.eclipse.jetty.util.component.AbstractLifeCycle:185]starting org.eclipse.jetty.server.session.DefaultSessionCache@350b3a17[evict=-1,removeUnloadable=false,saveOnCreate=false,saveOnInactiveEvict=false]
[][11817][2018-10-11 14:53:20][DEBUG][main][org.eclipse.jetty.util.component.AbstractLifeCycle:185]starting org.eclipse.jetty.server.session.NullSessionDataStore@553f3b6e[passivating=false,graceSec=3600]
[][11817][2018-10-11 14:53:20][DEBUG][main][org.eclipse.jetty.util.component.AbstractLifeCycle:177]STARTED @12022ms org.eclipse.jetty.server.session.NullSessionDataStore@553f3b6e[passivating=false,graceSec=3600]
[][11817][2018-10-11 14:53:20][DEBUG][main][org.eclipse.jetty.util.component.AbstractLifeCycle:177]STARTED @12022ms org.eclipse.jetty.server.session.DefaultSessionCache@350b3a17[evict=-1,removeUnloadable=false,saveOnCreate=false,saveOnInactiveEvict=false]
[][11817][2018-10-11 14:53:20][DEBUG][main][org.eclipse.jetty.util.component.AbstractLifeCycle:177]STARTED @12022ms org.eclipse.jetty.server.session.SessionHandler467313213==dftMaxIdleSec=-1
[][11817][2018-10-11 14:53:20][DEBUG][main][org.eclipse.jetty.util.component.AbstractLifeCycle:185]starting com.cellsgame.game.servlet.ChangeCurrencyServlet-63a5e46c@fa1e0223==com.cellsgame.game.servlet.ChangeCurrencyServlet,jsp=null,order=-1,inst=true
[][11819][2018-10-11 14:53:20][DEBUG][main][org.eclipse.jetty.util.component.AbstractLifeCycle:177]STARTED @12024ms com.cellsgame.game.servlet.ChangeCurrencyServlet-63a5e46c@fa1e0223==com.cellsgame.game.servlet.ChangeCurrencyServlet,jsp=null,order=-1,inst=true
[][11848][2018-10-11 14:53:20][DEBUG][main][org.eclipse.jetty.servlet.ServletHolder:636]Servlet.init com.cellsgame.game.servlet.ChangeCurrencyServlet@1f9d6c7b for com.cellsgame.game.servlet.ChangeCurrencyServlet-63a5e46c
[][11848][2018-10-11 14:53:20][DEBUG][main][org.eclipse.jetty.util.component.AbstractLifeCycle:185]starting com.cellsgame.game.servlet.ChangeGoodsServlet-7e8e8651@7f18cf96==com.cellsgame.game.servlet.ChangeGoodsServlet,jsp=null,order=-1,inst=true
[][11849][2018-10-11 14:53:20][DEBUG][main][org.eclipse.jetty.util.component.AbstractLifeCycle:177]STARTED @12053ms com.cellsgame.game.servlet.ChangeGoodsServlet-7e8e8651@7f18cf96==com.cellsgame.game.servlet.ChangeGoodsServlet,jsp=null,order=-1,inst=true
[][11849][2018-10-11 14:53:20][DEBUG][main][org.eclipse.jetty.servlet.ServletHolder:636]Servlet.init com.cellsgame.game.servlet.ChangeGoodsServlet@6df20ade for com.cellsgame.game.servlet.ChangeGoodsServlet-7e8e8651
[][11849][2018-10-11 14:53:20][DEBUG][main][org.eclipse.jetty.util.component.AbstractLifeCycle:185]starting com.cellsgame.game.servlet.ChangePlayerStateServlet-11ee02f8@f9a675af==com.cellsgame.game.servlet.ChangePlayerStateServlet,jsp=null,order=-1,inst=true
[][11849][2018-10-11 14:53:20][DEBUG][main][org.eclipse.jetty.util.component.AbstractLifeCycle:177]STARTED @12054ms com.cellsgame.game.servlet.ChangePlayerStateServlet-11ee02f8@f9a675af==com.cellsgame.game.servlet.ChangePlayerStateServlet,jsp=null,order=-1,inst=true
[][11849][2018-10-11 14:53:20][DEBUG][main][org.eclipse.jetty.servlet.ServletHolder:636]Servlet.init com.cellsgame.game.servlet.ChangePlayerStateServlet@4fbb001b for com.cellsgame.game.servlet.ChangePlayerStateServlet-11ee02f8
[][11849][2018-10-11 14:53:20][DEBUG][main][org.eclipse.jetty.util.component.AbstractLifeCycle:185]starting com.cellsgame.game.servlet.ChangePlayerStateServlet-4102b1b1@d4212af8==com.cellsgame.game.servlet.ChangePlayerStateServlet,jsp=null,order=-1,inst=true
[][11849][2018-10-11 14:53:20][DEBUG][main][org.eclipse.jetty.util.component.AbstractLifeCycle:177]STARTED @12054ms com.cellsgame.game.servlet.ChangePlayerStateServlet-4102b1b1@d4212af8==com.cellsgame.game.servlet.ChangePlayerStateServlet,jsp=null,order=-1,inst=true
[][11849][2018-10-11 14:53:20][DEBUG][main][org.eclipse.jetty.servlet.ServletHolder:636]Servlet.init com.cellsgame.game.servlet.ChangePlayerStateServlet@4010d494 for com.cellsgame.game.servlet.ChangePlayerStateServlet-4102b1b1
[][11849][2018-10-11 14:53:20][DEBUG][main][org.eclipse.jetty.util.component.AbstractLifeCycle:185]starting com.cellsgame.game.servlet.CreateStoreServlet-3a71c100@9730ee96==com.cellsgame.game.servlet.CreateStoreServlet,jsp=null,order=-1,inst=true
[][11849][2018-10-11 14:53:20][DEBUG][main][org.eclipse.jetty.util.component.AbstractLifeCycle:177]STARTED @12054ms com.cellsgame.game.servlet.CreateStoreServlet-3a71c100@9730ee96==com.cellsgame.game.servlet.CreateStoreServlet,jsp=null,order=-1,inst=true
[][11850][2018-10-11 14:53:20][DEBUG][main][org.eclipse.jetty.servlet.ServletHolder:636]Servlet.init com.cellsgame.game.servlet.CreateStoreServlet@341a8659 for com.cellsgame.game.servlet.CreateStoreServlet-3a71c100
[][11850][2018-10-11 14:53:20][DEBUG][main][org.eclipse.jetty.util.component.AbstractLifeCycle:185]starting com.cellsgame.game.servlet.DeleteActivityServlet-28fa700e@3725fb5e==com.cellsgame.game.servlet.DeleteActivityServlet,jsp=null,order=-1,inst=true
[][11850][2018-10-11 14:53:20][DEBUG][main][org.eclipse.jetty.util.component.AbstractLifeCycle:177]STARTED @12055ms com.cellsgame.game.servlet.DeleteActivityServlet-28fa700e@3725fb5e==com.cellsgame.game.servlet.DeleteActivityServlet,jsp=null,order=-1,inst=true
[][11850][2018-10-11 14:53:20][DEBUG][main][org.eclipse.jetty.servlet.ServletHolder:636]Servlet.init com.cellsgame.game.servlet.DeleteActivityServlet@5eefa415 for com.cellsgame.game.servlet.DeleteActivityServlet-28fa700e
[][11851][2018-10-11 14:53:20][DEBUG][main][org.eclipse.jetty.util.component.AbstractLifeCycle:185]starting com.cellsgame.game.servlet.DeleteStoreServlet-5b69fd74@4937b31c==com.cellsgame.game.servlet.DeleteStoreServlet,jsp=null,order=-1,inst=true
[][11851][2018-10-11 14:53:20][DEBUG][main][org.eclipse.jetty.util.component.AbstractLifeCycle:177]STARTED @12055ms com.cellsgame.game.servlet.DeleteStoreServlet-5b69fd74@4937b31c==com.cellsgame.game.servlet.DeleteStoreServlet,jsp=null,order=-1,inst=true
[][11851][2018-10-11 14:53:20][DEBUG][main][org.eclipse.jetty.servlet.ServletHolder:636]Servlet.init com.cellsgame.game.servlet.DeleteStoreServlet@181d7f28 for com.cellsgame.game.servlet.DeleteStoreServlet-5b69fd74
[][11851][2018-10-11 14:53:20][DEBUG][main][org.eclipse.jetty.util.component.AbstractLifeCycle:185]starting com.cellsgame.game.servlet.GameStateChangeServlet-6a175569@6177febe==com.cellsgame.game.servlet.GameStateChangeServlet,jsp=null,order=-1,inst=true
[][11851][2018-10-11 14:53:20][DEBUG][main][org.eclipse.jetty.util.component.AbstractLifeCycle:177]STARTED @12056ms com.cellsgame.game.servlet.GameStateChangeServlet-6a175569@6177febe==com.cellsgame.game.servlet.GameStateChangeServlet,jsp=null,order=-1,inst=true
[][11851][2018-10-11 14:53:20][DEBUG][main][org.eclipse.jetty.servlet.ServletHolder:636]Servlet.init com.cellsgame.game.servlet.GameStateChangeServlet@78d50a3c for com.cellsgame.game.servlet.GameStateChangeServlet-6a175569
[][11851][2018-10-11 14:53:20][DEBUG][main][org.eclipse.jetty.util.component.AbstractLifeCycle:185]starting com.cellsgame.game.servlet.GetGameStateServlet-11963225@cd661f9d==com.cellsgame.game.servlet.GetGameStateServlet,jsp=null,order=-1,inst=true
[][11851][2018-10-11 14:53:20][DEBUG][main][org.eclipse.jetty.util.component.AbstractLifeCycle:177]STARTED @12056ms com.cellsgame.game.servlet.GetGameStateServlet-11963225@cd661f9d==com.cellsgame.game.servlet.GetGameStateServlet,jsp=null,order=-1,inst=true
[][11851][2018-10-11 14:53:20][DEBUG][main][org.eclipse.jetty.servlet.ServletHolder:636]Servlet.init com.cellsgame.game.servlet.GetGameStateServlet@2fb69ff6 for com.cellsgame.game.servlet.GetGameStateServlet-11963225
[][11851][2018-10-11 14:53:20][DEBUG][main][org.eclipse.jetty.util.component.AbstractLifeCycle:185]starting com.cellsgame.game.servlet.GetOnlineSizeServlet-3f3c966c@f2096092==com.cellsgame.game.servlet.GetOnlineSizeServlet,jsp=null,order=-1,inst=true
[][11852][2018-10-11 14:53:20][DEBUG][main][org.eclipse.jetty.util.component.AbstractLifeCycle:177]STARTED @12056ms com.cellsgame.game.servlet.GetOnlineSizeServlet-3f3c966c@f2096092==com.cellsgame.game.servlet.GetOnlineSizeServlet,jsp=null,order=-1,inst=true
[][11852][2018-10-11 14:53:20][DEBUG][main][org.eclipse.jetty.servlet.ServletHolder:636]Servlet.init com.cellsgame.game.servlet.GetOnlineSizeServlet@cda4919 for com.cellsgame.game.servlet.GetOnlineSizeServlet-3f3c966c
[][11852][2018-10-11 14:53:20][DEBUG][main][org.eclipse.jetty.util.component.AbstractLifeCycle:185]starting com.cellsgame.game.servlet.GetPlayerBaseInfoServlet-622ef26a@b6b2e9b7==com.cellsgame.game.servlet.GetPlayerBaseInfoServlet,jsp=null,order=-1,inst=true
[][11852][2018-10-11 14:53:20][DEBUG][main][org.eclipse.jetty.util.component.AbstractLifeCycle:177]STARTED @12057ms com.cellsgame.game.servlet.GetPlayerBaseInfoServlet-622ef26a@b6b2e9b7==com.cellsgame.game.servlet.GetPlayerBaseInfoServlet,jsp=null,order=-1,inst=true
[][11852][2018-10-11 14:53:20][DEBUG][main][org.eclipse.jetty.servlet.ServletHolder:636]Servlet.init com.cellsgame.game.servlet.GetPlayerBaseInfoServlet@7f4d9395 for com.cellsgame.game.servlet.GetPlayerBaseInfoServlet-622ef26a
[][11852][2018-10-11 14:53:20][DEBUG][main][org.eclipse.jetty.util.component.AbstractLifeCycle:185]starting com.cellsgame.game.servlet.GetRankServlet-77b325b3@f6e200e2==com.cellsgame.game.servlet.GetRankServlet,jsp=null,order=-1,inst=true
[][11852][2018-10-11 14:53:20][DEBUG][main][org.eclipse.jetty.util.component.AbstractLifeCycle:177]STARTED @12057ms com.cellsgame.game.servlet.GetRankServlet-77b325b3@f6e200e2==com.cellsgame.game.servlet.GetRankServlet,jsp=null,order=-1,inst=true
[][11852][2018-10-11 14:53:20][DEBUG][main][org.eclipse.jetty.servlet.ServletHolder:636]Servlet.init com.cellsgame.game.servlet.GetRankServlet@2f19f2aa for com.cellsgame.game.servlet.GetRankServlet-77b325b3
[][11852][2018-10-11 14:53:20][DEBUG][main][org.eclipse.jetty.util.component.AbstractLifeCycle:185]starting com.cellsgame.game.servlet.LoadPlayerServlet-50b0bc4c@123d6bb5==com.cellsgame.game.servlet.LoadPlayerServlet,jsp=null,order=-1,inst=true
[][11852][2018-10-11 14:53:20][DEBUG][main][org.eclipse.jetty.util.component.AbstractLifeCycle:177]STARTED @12057ms com.cellsgame.game.servlet.LoadPlayerServlet-50b0bc4c@123d6bb5==com.cellsgame.game.servlet.LoadPlayerServlet,jsp=null,order=-1,inst=true
[][11853][2018-10-11 14:53:20][DEBUG][main][org.eclipse.jetty.servlet.ServletHolder:636]Servlet.init com.cellsgame.game.servlet.LoadPlayerServlet@344b8190 for com.cellsgame.game.servlet.LoadPlayerServlet-50b0bc4c
[][11853][2018-10-11 14:53:20][DEBUG][main][org.eclipse.jetty.util.component.AbstractLifeCycle:185]starting com.cellsgame.game.servlet.MailServlet-e041f0c@40ec34c5==com.cellsgame.game.servlet.MailServlet,jsp=null,order=-1,inst=true
[][11853][2018-10-11 14:53:20][DEBUG][main][org.eclipse.jetty.util.component.AbstractLifeCycle:177]STARTED @12058ms com.cellsgame.game.servlet.MailServlet-e041f0c@40ec34c5==com.cellsgame.game.servlet.MailServlet,jsp=null,order=-1,inst=true
[][11853][2018-10-11 14:53:20][DEBUG][main][org.eclipse.jetty.servlet.ServletHolder:636]Servlet.init com.cellsgame.game.servlet.MailServlet@6a078481 for com.cellsgame.game.servlet.MailServlet-e041f0c
[][11853][2018-10-11 14:53:20][DEBUG][main][org.eclipse.jetty.util.component.AbstractLifeCycle:185]starting com.cellsgame.game.servlet.NotifyServlet-41de5768@8693c9a0==com.cellsgame.game.servlet.NotifyServlet,jsp=null,order=-1,inst=true
[][11853][2018-10-11 14:53:20][DEBUG][main][org.eclipse.jetty.util.component.AbstractLifeCycle:177]STARTED @12058ms com.cellsgame.game.servlet.NotifyServlet-41de5768@8693c9a0==com.cellsgame.game.servlet.NotifyServlet,jsp=null,order=-1,inst=true
[][11853][2018-10-11 14:53:20][DEBUG][main][org.eclipse.jetty.servlet.ServletHolder:636]Servlet.init com.cellsgame.game.servlet.NotifyServlet@79c5636f for com.cellsgame.game.servlet.NotifyServlet-41de5768
[][11853][2018-10-11 14:53:20][DEBUG][main][org.eclipse.jetty.util.component.AbstractLifeCycle:185]starting com.cellsgame.game.servlet.QueryActivityServlet-3d526ad9@6b407260==com.cellsgame.game.servlet.QueryActivityServlet,jsp=null,order=-1,inst=true
[][11853][2018-10-11 14:53:20][DEBUG][main][org.eclipse.jetty.util.component.AbstractLifeCycle:177]STARTED @12058ms com.cellsgame.game.servlet.QueryActivityServlet-3d526ad9@6b407260==com.cellsgame.game.servlet.QueryActivityServlet,jsp=null,order=-1,inst=true
[][11853][2018-10-11 14:53:20][DEBUG][main][org.eclipse.jetty.servlet.ServletHolder:636]Servlet.init com.cellsgame.game.servlet.QueryActivityServlet@1929425f for com.cellsgame.game.servlet.QueryActivityServlet-3d526ad9
[][11854][2018-10-11 14:53:20][DEBUG][main][org.eclipse.jetty.util.component.AbstractLifeCycle:185]starting com.cellsgame.game.servlet.QueryStoreServlet-f325091@e51924ca==com.cellsgame.game.servlet.QueryStoreServlet,jsp=null,order=-1,inst=true
[][11854][2018-10-11 14:53:20][DEBUG][main][org.eclipse.jetty.util.component.AbstractLifeCycle:177]STARTED @12059ms com.cellsgame.game.servlet.QueryStoreServlet-f325091@e51924ca==com.cellsgame.game.servlet.QueryStoreServlet,jsp=null,order=-1,inst=true
[][11854][2018-10-11 14:53:20][DEBUG][main][org.eclipse.jetty.servlet.ServletHolder:636]Servlet.init com.cellsgame.game.servlet.QueryStoreServlet@718607eb for com.cellsgame.game.servlet.QueryStoreServlet-f325091
[][11854][2018-10-11 14:53:20][DEBUG][main][org.eclipse.jetty.util.component.AbstractLifeCycle:185]starting com.cellsgame.game.servlet.ReissuePayFailOrderServlet-61a5b4ae@4b91f08e==com.cellsgame.game.servlet.ReissuePayFailOrderServlet,jsp=null,order=-1,inst=true
[][11854][2018-10-11 14:53:20][DEBUG][main][org.eclipse.jetty.util.component.AbstractLifeCycle:177]STARTED @12059ms com.cellsgame.game.servlet.ReissuePayFailOrderServlet-61a5b4ae@4b91f08e==com.cellsgame.game.servlet.ReissuePayFailOrderServlet,jsp=null,order=-1,inst=true
[][11854][2018-10-11 14:53:20][DEBUG][main][org.eclipse.jetty.servlet.ServletHolder:636]Servlet.init com.cellsgame.game.servlet.ReissuePayFailOrderServlet@27f3b6d6 for com.cellsgame.game.servlet.ReissuePayFailOrderServlet-61a5b4ae
[][11854][2018-10-11 14:53:20][DEBUG][main][org.eclipse.jetty.util.component.AbstractLifeCycle:185]starting com.cellsgame.game.servlet.ReleaseActivityServlet-5f577419@41c3f6e9==com.cellsgame.game.servlet.ReleaseActivityServlet,jsp=null,order=-1,inst=true
[][11854][2018-10-11 14:53:20][DEBUG][main][org.eclipse.jetty.util.component.AbstractLifeCycle:177]STARTED @12059ms com.cellsgame.game.servlet.ReleaseActivityServlet-5f577419@41c3f6e9==com.cellsgame.game.servlet.ReleaseActivityServlet,jsp=null,order=-1,inst=true
[][11854][2018-10-11 14:53:20][DEBUG][main][org.eclipse.jetty.servlet.ServletHolder:636]Servlet.init com.cellsgame.game.servlet.ReleaseActivityServlet@757f675c for com.cellsgame.game.servlet.ReleaseActivityServlet-5f577419
[][11854][2018-10-11 14:53:20][DEBUG][main][org.eclipse.jetty.util.component.AbstractLifeCycle:185]starting com.cellsgame.game.servlet.UpdateAllowLoginIpServlet-49ef32e0@17db3775==com.cellsgame.game.servlet.UpdateAllowLoginIpServlet,jsp=null,order=-1,inst=true
[][11855][2018-10-11 14:53:20][DEBUG][main][org.eclipse.jetty.util.component.AbstractLifeCycle:177]STARTED @12059ms com.cellsgame.game.servlet.UpdateAllowLoginIpServlet-49ef32e0@17db3775==com.cellsgame.game.servlet.UpdateAllowLoginIpServlet,jsp=null,order=-1,inst=true
[][11855][2018-10-11 14:53:20][DEBUG][main][org.eclipse.jetty.servlet.ServletHolder:636]Servlet.init com.cellsgame.game.servlet.UpdateAllowLoginIpServlet@2617f816 for com.cellsgame.game.servlet.UpdateAllowLoginIpServlet-49ef32e0
[][11855][2018-10-11 14:53:20][DEBUG][main][org.eclipse.jetty.util.component.AbstractLifeCycle:185]starting com.cellsgame.game.servlet.UpdateStoreServlet-437e951d@4d6e0f==com.cellsgame.game.servlet.UpdateStoreServlet,jsp=null,order=-1,inst=true
[][11855][2018-10-11 14:53:20][DEBUG][main][org.eclipse.jetty.util.component.AbstractLifeCycle:177]STARTED @12060ms com.cellsgame.game.servlet.UpdateStoreServlet-437e951d@4d6e0f==com.cellsgame.game.servlet.UpdateStoreServlet,jsp=null,order=-1,inst=true
[][11855][2018-10-11 14:53:20][DEBUG][main][org.eclipse.jetty.servlet.ServletHolder:636]Servlet.init com.cellsgame.game.servlet.UpdateStoreServlet@676f0a60 for com.cellsgame.game.servlet.UpdateStoreServlet-437e951d
[][11855][2018-10-11 14:53:20][DEBUG][main][org.eclipse.jetty.util.component.AbstractLifeCycle:185]starting org.eclipse.jetty.servlet.ServletHandler$Default404Servlet-737edcfa@9c0000f8==org.eclipse.jetty.servlet.ServletHandler$Default404Servlet,jsp=null,order=-1,inst=false
[][11855][2018-10-11 14:53:20][DEBUG][main][org.eclipse.jetty.util.component.AbstractLifeCycle:177]STARTED @12060ms org.eclipse.jetty.servlet.ServletHandler$Default404Servlet-737edcfa@9c0000f8==org.eclipse.jetty.servlet.ServletHandler$Default404Servlet,jsp=null,order=-1,inst=false
[][11856][2018-10-11 14:53:20][DEBUG][main][org.eclipse.jetty.util.component.AbstractLifeCycle:177]STARTED @12060ms o.e.j.s.ServletContextHandler@6f6a7463{/game,null,AVAILABLE}
[][11856][2018-10-11 14:53:20][DEBUG][main][org.eclipse.jetty.util.component.AbstractLifeCycle:185]starting org.eclipse.jetty.server.handler.ErrorHandler@6650813a
[][11856][2018-10-11 14:53:20][DEBUG][main][org.eclipse.jetty.server.handler.AbstractHandler:110]starting org.eclipse.jetty.server.handler.ErrorHandler@6650813a
[][11856][2018-10-11 14:53:20][DEBUG][main][org.eclipse.jetty.util.component.AbstractLifeCycle:177]STARTED @12061ms org.eclipse.jetty.server.handler.ErrorHandler@6650813a
[][11856][2018-10-11 14:53:20][DEBUG][main][org.eclipse.jetty.util.component.AbstractLifeCycle:185]starting ServerConnector@54f5f647{HTTP/1.1,[http/1.1]}{0.0.0.0:7001}
[][11890][2018-10-11 14:53:20][DEBUG][main][org.eclipse.jetty.util.component.ContainerLifeCycle:322]ServerConnector@54f5f647{HTTP/1.1,[http/1.1]}{0.0.0.0:7001} added {sun.nio.ch.ServerSocketChannelImpl[/0:0:0:0:0:0:0:0:7001],POJO}
[][11892][2018-10-11 14:53:20][DEBUG][main][org.eclipse.jetty.util.component.AbstractLifeCycle:185]starting org.eclipse.jetty.util.thread.ScheduledExecutorScheduler@5987e932
[][11892][2018-10-11 14:53:20][DEBUG][main][org.eclipse.jetty.util.component.AbstractLifeCycle:177]STARTED @12097ms org.eclipse.jetty.util.thread.ScheduledExecutorScheduler@5987e932
[][11892][2018-10-11 14:53:20][DEBUG][main][org.eclipse.jetty.util.component.AbstractLifeCycle:185]starting HttpConnectionFactory@5dda14d0[HTTP/1.1]
[][11892][2018-10-11 14:53:20][DEBUG][main][org.eclipse.jetty.util.component.AbstractLifeCycle:177]STARTED @12097ms HttpConnectionFactory@5dda14d0[HTTP/1.1]
[][11892][2018-10-11 14:53:20][DEBUG][main][org.eclipse.jetty.util.component.AbstractLifeCycle:185]starting org.eclipse.jetty.server.ServerConnector$ServerConnectorManager@315ba14a
[][11907][2018-10-11 14:53:20][DEBUG][main][org.eclipse.jetty.util.component.ContainerLifeCycle:322]org.eclipse.jetty.io.ManagedSelector@31be6b49 id=0 keys=-1 selected=-1 added {EatWhatYouKill@2e16b08d/org.eclipse.jetty.io.ManagedSelector$SelectorProducer@5b989dc7/IDLE/0/1,AUTO}
[][11908][2018-10-11 14:53:20][DEBUG][main][org.eclipse.jetty.util.component.ContainerLifeCycle:322]org.eclipse.jetty.server.ServerConnector$ServerConnectorManager@315ba14a added {org.eclipse.jetty.io.ManagedSelector@31be6b49 id=0 keys=-1 selected=-1,AUTO}
[][11908][2018-10-11 14:53:20][DEBUG][main][org.eclipse.jetty.util.component.ContainerLifeCycle:322]org.eclipse.jetty.io.ManagedSelector@70d8de id=1 keys=-1 selected=-1 added {EatWhatYouKill@42561fba/org.eclipse.jetty.io.ManagedSelector$SelectorProducer@595f4da5/IDLE/0/1,AUTO}
[][11908][2018-10-11 14:53:20][DEBUG][main][org.eclipse.jetty.util.component.ContainerLifeCycle:322]org.eclipse.jetty.server.ServerConnector$ServerConnectorManager@315ba14a added {org.eclipse.jetty.io.ManagedSelector@70d8de id=1 keys=-1 selected=-1,AUTO}
[][11908][2018-10-11 14:53:20][DEBUG][main][org.eclipse.jetty.util.component.AbstractLifeCycle:185]starting org.eclipse.jetty.io.ManagedSelector@31be6b49 id=0 keys=-1 selected=-1
[][11908][2018-10-11 14:53:20][DEBUG][main][org.eclipse.jetty.util.component.AbstractLifeCycle:185]starting EatWhatYouKill@2e16b08d/org.eclipse.jetty.io.ManagedSelector$SelectorProducer@5b989dc7/IDLE/0/1
[][11908][2018-10-11 14:53:20][DEBUG][main][org.eclipse.jetty.util.component.AbstractLifeCycle:177]STARTED @12113ms EatWhatYouKill@2e16b08d/org.eclipse.jetty.io.ManagedSelector$SelectorProducer@5b989dc7/IDLE/0/1
[][12053][2018-10-11 14:53:20][DEBUG][main][org.eclipse.jetty.util.thread.QueuedThreadPool:381]queue org.eclipse.jetty.io.ManagedSelector$$Lambda$52/1132379993@41c89d2f
[][12054][2018-10-11 14:53:20][DEBUG][main][org.eclipse.jetty.util.component.AbstractLifeCycle:177]STARTED @12258ms org.eclipse.jetty.io.ManagedSelector@31be6b49 id=0 keys=0 selected=0
[][12054][2018-10-11 14:53:20][DEBUG][main][org.eclipse.jetty.util.component.AbstractLifeCycle:185]starting org.eclipse.jetty.io.ManagedSelector@70d8de id=1 keys=-1 selected=-1
[][12054][2018-10-11 14:53:20][DEBUG][main][org.eclipse.jetty.util.component.AbstractLifeCycle:185]starting EatWhatYouKill@42561fba/org.eclipse.jetty.io.ManagedSelector$SelectorProducer@595f4da5/IDLE/0/1
[][12054][2018-10-11 14:53:20][DEBUG][main][org.eclipse.jetty.util.component.AbstractLifeCycle:177]STARTED @12259ms EatWhatYouKill@42561fba/org.eclipse.jetty.io.ManagedSelector$SelectorProducer@595f4da5/IDLE/0/1
[][12055][2018-10-11 14:53:20][DEBUG][main][org.eclipse.jetty.util.thread.QueuedThreadPool:381]queue org.eclipse.jetty.io.ManagedSelector$$Lambda$52/1132379993@410e94e
[][12056][2018-10-11 14:53:20][DEBUG][main][org.eclipse.jetty.util.component.AbstractLifeCycle:177]STARTED @12260ms org.eclipse.jetty.io.ManagedSelector@70d8de id=1 keys=0 selected=0
[][12056][2018-10-11 14:53:20][DEBUG][main][org.eclipse.jetty.util.component.AbstractLifeCycle:177]STARTED @12260ms org.eclipse.jetty.server.ServerConnector$ServerConnectorManager@315ba14a
[][12058][2018-10-11 14:53:20][DEBUG][qtp623131585-32][org.eclipse.jetty.util.thread.QueuedThreadPool:590]run org.eclipse.jetty.io.ManagedSelector$$Lambda$52/1132379993@410e94e
[][12058][2018-10-11 14:53:20][DEBUG][qtp623131585-31][org.eclipse.jetty.util.thread.QueuedThreadPool:590]run org.eclipse.jetty.io.ManagedSelector$$Lambda$52/1132379993@41c89d2f
[][12084][2018-10-11 14:53:20][DEBUG][main][org.eclipse.jetty.util.component.ContainerLifeCycle:322]ServerConnector@54f5f647{HTTP/1.1,[http/1.1]}{0.0.0.0:7001} added {acceptor-0@1e7f2e0f,POJO}
[][12084][2018-10-11 14:53:20][DEBUG][main][org.eclipse.jetty.util.thread.QueuedThreadPool:381]queue acceptor-0@1e7f2e0f
[][12084][2018-10-11 14:53:20][DEBUG][qtp623131585-33][org.eclipse.jetty.util.thread.QueuedThreadPool:590]run acceptor-0@1e7f2e0f
[][12084][2018-10-11 14:53:20][DEBUG][main][org.eclipse.jetty.util.component.AbstractLifeCycle:177]STARTED @12289ms ServerConnector@54f5f647{HTTP/1.1,[http/1.1]}{0.0.0.0:7001}
[][12085][2018-10-11 14:53:20][DEBUG][main][org.eclipse.jetty.util.component.AbstractLifeCycle:177]STARTED @12290ms org.eclipse.jetty.server.Server@66b72664
[][12108][2018-10-11 14:53:20][DEBUG][qtp623131585-32][org.eclipse.jetty.util.thread.strategy.EatWhatYouKill:123]EatWhatYouKill@42561fba/org.eclipse.jetty.io.ManagedSelector$SelectorProducer@595f4da5/PRODUCING/0/1 execute true
[][12109][2018-10-11 14:53:20][DEBUG][qtp623131585-31][org.eclipse.jetty.util.thread.strategy.EatWhatYouKill:123]EatWhatYouKill@2e16b08d/org.eclipse.jetty.io.ManagedSelector$SelectorProducer@5b989dc7/PRODUCING/0/1 execute true
[][12109][2018-10-11 14:53:20][DEBUG][qtp623131585-32][org.eclipse.jetty.util.thread.strategy.EatWhatYouKill:206]EatWhatYouKill@42561fba/org.eclipse.jetty.io.ManagedSelector$SelectorProducer@595f4da5/PRODUCING/0/1 produce non-blocking
[][12109][2018-10-11 14:53:20][DEBUG][qtp623131585-31][org.eclipse.jetty.util.thread.strategy.EatWhatYouKill:206]EatWhatYouKill@2e16b08d/org.eclipse.jetty.io.ManagedSelector$SelectorProducer@5b989dc7/PRODUCING/0/1 produce non-blocking
[][12109][2018-10-11 14:53:20][DEBUG][qtp623131585-32][org.eclipse.jetty.io.ManagedSelector:233]Selector loop waiting on select
[][12109][2018-10-11 14:53:20][DEBUG][qtp623131585-31][org.eclipse.jetty.io.ManagedSelector:233]Selector loop waiting on select
