[][4805][2018-10-11 15:26:08][DEBUG][main][org.eclipse.jetty.util.log:180]Logging to org.apache.logging.slf4j.Log4jLogger@30c0ccff via org.eclipse.jetty.util.log.Slf4jLog
[][4823][2018-10-11 15:26:08][DEBUG][main][org.eclipse.jetty.util.DecoratedObjectFactory:52]Adding Decorator: org.eclipse.jetty.util.DeprecationWarning@751e664e
[][4836][2018-10-11 15:26:08][DEBUG][main][org.eclipse.jetty.util.component.ContainerLifeCycle:322]o.e.j.s.ServletContextHandler@6754ef00{/,null,UNAVAILABLE} added {org.eclipse.jetty.server.session.SessionHandler1637601612==dftMaxIdleSec=-1,MANAGED}
[][4843][2018-10-11 15:26:08][DEBUG][main][org.eclipse.jetty.util.component.ContainerLifeCycle:322]org.eclipse.jetty.server.session.SessionHandler1637601612==dftMaxIdleSec=-1 added {org.eclipse.jetty.servlet.ServletHandler@106faf11,MANAGED}
[][4858][2018-10-11 15:26:08][DEBUG][main][org.eclipse.jetty.util.component.ContainerLifeCycle:322]org.eclipse.jetty.servlet.ServletHandler@106faf11 added {com.cellsgame.game.servlet.LoadPlayerServlet-28fa700e@8b3d556b==com.cellsgame.game.servlet.LoadPlayerServlet,jsp=null,order=-1,inst=true,AUTO}
[][4859][2018-10-11 15:26:08][DEBUG][main][org.eclipse.jetty.util.component.ContainerLifeCycle:322]org.eclipse.jetty.servlet.ServletHandler@106faf11 added {[/loadPlayer]=>com.cellsgame.game.servlet.LoadPlayerServlet-28fa700e,POJO}
[][4859][2018-10-11 15:26:08][DEBUG][main][org.eclipse.jetty.util.component.ContainerLifeCycle:322]org.eclipse.jetty.servlet.ServletHandler@106faf11 added {com.cellsgame.game.servlet.GetPlayerBaseInfoServlet-3f3c966c@3f57b03e==com.cellsgame.game.servlet.GetPlayerBaseInfoServlet,jsp=null,order=-1,inst=true,AUTO}
[][4860][2018-10-11 15:26:08][DEBUG][main][org.eclipse.jetty.util.component.ContainerLifeCycle:322]org.eclipse.jetty.servlet.ServletHandler@106faf11 added {[/getPlayerBaseInfo]=>com.cellsgame.game.servlet.GetPlayerBaseInfoServlet-3f3c966c,POJO}
[][4860][2018-10-11 15:26:08][DEBUG][main][org.eclipse.jetty.util.component.ContainerLifeCycle:322]org.eclipse.jetty.servlet.ServletHandler@106faf11 added {com.cellsgame.game.servlet.NotifyServlet-11ee02f8@50a2c8d2==com.cellsgame.game.servlet.NotifyServlet,jsp=null,order=-1,inst=true,AUTO}
[][4860][2018-10-11 15:26:08][DEBUG][main][org.eclipse.jetty.util.component.ContainerLifeCycle:322]org.eclipse.jetty.servlet.ServletHandler@106faf11 added {[/notify]=>com.cellsgame.game.servlet.NotifyServlet-11ee02f8,POJO}
[][4861][2018-10-11 15:26:08][DEBUG][main][org.eclipse.jetty.util.component.ContainerLifeCycle:322]org.eclipse.jetty.servlet.ServletHandler@106faf11 added {com.cellsgame.game.servlet.ReleaseActivityServlet-4102b1b1@dd7d5b8e==com.cellsgame.game.servlet.ReleaseActivityServlet,jsp=null,order=-1,inst=true,AUTO}
[][4861][2018-10-11 15:26:08][DEBUG][main][org.eclipse.jetty.util.component.ContainerLifeCycle:322]org.eclipse.jetty.servlet.ServletHandler@106faf11 added {[/releaseActivity]=>com.cellsgame.game.servlet.ReleaseActivityServlet-4102b1b1,POJO}
[][4862][2018-10-11 15:26:08][DEBUG][main][org.eclipse.jetty.util.component.ContainerLifeCycle:322]org.eclipse.jetty.servlet.ServletHandler@106faf11 added {com.cellsgame.game.servlet.DeleteActivityServlet-61a5b4ae@597e6bb4==com.cellsgame.game.servlet.DeleteActivityServlet,jsp=null,order=-1,inst=true,AUTO}
[][4862][2018-10-11 15:26:08][DEBUG][main][org.eclipse.jetty.util.component.ContainerLifeCycle:322]org.eclipse.jetty.servlet.ServletHandler@106faf11 added {[/deleteActivity]=>com.cellsgame.game.servlet.DeleteActivityServlet-61a5b4ae,POJO}
[][4862][2018-10-11 15:26:08][DEBUG][main][org.eclipse.jetty.util.component.ContainerLifeCycle:322]org.eclipse.jetty.servlet.ServletHandler@106faf11 added {com.cellsgame.game.servlet.QueryActivityServlet-3a71c100@cffd1488==com.cellsgame.game.servlet.QueryActivityServlet,jsp=null,order=-1,inst=true,AUTO}
[][4862][2018-10-11 15:26:08][DEBUG][main][org.eclipse.jetty.util.component.ContainerLifeCycle:322]org.eclipse.jetty.servlet.ServletHandler@106faf11 added {[/queryActivity]=>com.cellsgame.game.servlet.QueryActivityServlet-3a71c100,POJO}
[][4863][2018-10-11 15:26:08][DEBUG][main][org.eclipse.jetty.util.component.ContainerLifeCycle:322]org.eclipse.jetty.servlet.ServletHandler@106faf11 added {com.cellsgame.game.servlet.MailServlet-5b69fd74@bb34b817==com.cellsgame.game.servlet.MailServlet,jsp=null,order=-1,inst=true,AUTO}
[][4863][2018-10-11 15:26:08][DEBUG][main][org.eclipse.jetty.util.component.ContainerLifeCycle:322]org.eclipse.jetty.servlet.ServletHandler@106faf11 added {[/mail]=>com.cellsgame.game.servlet.MailServlet-5b69fd74,POJO}
[][4864][2018-10-11 15:26:08][DEBUG][main][org.eclipse.jetty.util.component.ContainerLifeCycle:322]org.eclipse.jetty.servlet.ServletHandler@106faf11 added {com.cellsgame.game.servlet.GameStateChangeServlet-f325091@fab4e8ee==com.cellsgame.game.servlet.GameStateChangeServlet,jsp=null,order=-1,inst=true,AUTO}
[][4864][2018-10-11 15:26:08][DEBUG][main][org.eclipse.jetty.util.component.ContainerLifeCycle:322]org.eclipse.jetty.servlet.ServletHandler@106faf11 added {[/stateChange]=>com.cellsgame.game.servlet.GameStateChangeServlet-f325091,POJO}
[][4864][2018-10-11 15:26:08][DEBUG][main][org.eclipse.jetty.util.component.ContainerLifeCycle:322]org.eclipse.jetty.servlet.ServletHandler@106faf11 added {com.cellsgame.game.servlet.GetGameStateServlet-437e951d@6e0581ba==com.cellsgame.game.servlet.GetGameStateServlet,jsp=null,order=-1,inst=true,AUTO}
[][4864][2018-10-11 15:26:08][DEBUG][main][org.eclipse.jetty.util.component.ContainerLifeCycle:322]org.eclipse.jetty.servlet.ServletHandler@106faf11 added {[/getState]=>com.cellsgame.game.servlet.GetGameStateServlet-437e951d,POJO}
[][4865][2018-10-11 15:26:08][DEBUG][main][org.eclipse.jetty.util.component.ContainerLifeCycle:322]org.eclipse.jetty.servlet.ServletHandler@106faf11 added {com.cellsgame.game.servlet.GetOnlineSizeServlet-77b325b3@28d562ea==com.cellsgame.game.servlet.GetOnlineSizeServlet,jsp=null,order=-1,inst=true,AUTO}
[][4865][2018-10-11 15:26:08][DEBUG][main][org.eclipse.jetty.util.component.ContainerLifeCycle:322]org.eclipse.jetty.servlet.ServletHandler@106faf11 added {[/onlineSize]=>com.cellsgame.game.servlet.GetOnlineSizeServlet-77b325b3,POJO}
[][4865][2018-10-11 15:26:08][DEBUG][main][org.eclipse.jetty.util.component.ContainerLifeCycle:322]org.eclipse.jetty.servlet.ServletHandler@106faf11 added {com.cellsgame.game.servlet.ChangePlayerStateServlet-63a5e46c@61791b68==com.cellsgame.game.servlet.ChangePlayerStateServlet,jsp=null,order=-1,inst=true,AUTO}
[][4865][2018-10-11 15:26:08][DEBUG][main][org.eclipse.jetty.util.component.ContainerLifeCycle:322]org.eclipse.jetty.servlet.ServletHandler@106faf11 added {[/setPlayerState]=>com.cellsgame.game.servlet.ChangePlayerStateServlet-63a5e46c,POJO}
[][4866][2018-10-11 15:26:08][DEBUG][main][org.eclipse.jetty.util.component.ContainerLifeCycle:322]org.eclipse.jetty.servlet.ServletHandler@106faf11 added {com.cellsgame.game.servlet.ChangePlayerStateServlet-7e8e8651@daeb2430==com.cellsgame.game.servlet.ChangePlayerStateServlet,jsp=null,order=-1,inst=true,AUTO}
[][4866][2018-10-11 15:26:08][DEBUG][main][org.eclipse.jetty.util.component.ContainerLifeCycle:322]org.eclipse.jetty.servlet.ServletHandler@106faf11 added {[/resetPlayerState]=>com.cellsgame.game.servlet.ChangePlayerStateServlet-7e8e8651,POJO}
[][4866][2018-10-11 15:26:08][DEBUG][main][org.eclipse.jetty.util.component.ContainerLifeCycle:322]org.eclipse.jetty.servlet.ServletHandler@106faf11 added {com.cellsgame.game.servlet.ReissuePayFailOrderServlet-49ef32e0@2c71ee59==com.cellsgame.game.servlet.ReissuePayFailOrderServlet,jsp=null,order=-1,inst=true,AUTO}
[][4866][2018-10-11 15:26:08][DEBUG][main][org.eclipse.jetty.util.component.ContainerLifeCycle:322]org.eclipse.jetty.servlet.ServletHandler@106faf11 added {[/reissueOrder]=>com.cellsgame.game.servlet.ReissuePayFailOrderServlet-49ef32e0,POJO}
[][4867][2018-10-11 15:26:08][DEBUG][main][org.eclipse.jetty.util.component.ContainerLifeCycle:322]org.eclipse.jetty.servlet.ServletHandler@106faf11 added {com.cellsgame.game.servlet.CreateStoreServlet-271f18d3@7a213910==com.cellsgame.game.servlet.CreateStoreServlet,jsp=null,order=-1,inst=true,AUTO}
[][4867][2018-10-11 15:26:08][DEBUG][main][org.eclipse.jetty.util.component.ContainerLifeCycle:322]org.eclipse.jetty.servlet.ServletHandler@106faf11 added {[/createStore]=>com.cellsgame.game.servlet.CreateStoreServlet-271f18d3,POJO}
[][4869][2018-10-11 15:26:08][DEBUG][main][org.eclipse.jetty.util.component.ContainerLifeCycle:322]org.eclipse.jetty.servlet.ServletHandler@106faf11 added {com.cellsgame.game.servlet.DeleteStoreServlet-6bd51ed8@ff476016==com.cellsgame.game.servlet.DeleteStoreServlet,jsp=null,order=-1,inst=true,AUTO}
[][4869][2018-10-11 15:26:08][DEBUG][main][org.eclipse.jetty.util.component.ContainerLifeCycle:322]org.eclipse.jetty.servlet.ServletHandler@106faf11 added {[/deleteStore]=>com.cellsgame.game.servlet.DeleteStoreServlet-6bd51ed8,POJO}
[][4870][2018-10-11 15:26:08][DEBUG][main][org.eclipse.jetty.util.component.ContainerLifeCycle:322]org.eclipse.jetty.servlet.ServletHandler@106faf11 added {com.cellsgame.game.servlet.QueryStoreServlet-61e3a1fd@3107bbc5==com.cellsgame.game.servlet.QueryStoreServlet,jsp=null,order=-1,inst=true,AUTO}
[][4870][2018-10-11 15:26:08][DEBUG][main][org.eclipse.jetty.util.component.ContainerLifeCycle:322]org.eclipse.jetty.servlet.ServletHandler@106faf11 added {[/queryStore]=>com.cellsgame.game.servlet.QueryStoreServlet-61e3a1fd,POJO}
[][4871][2018-10-11 15:26:08][DEBUG][main][org.eclipse.jetty.util.component.ContainerLifeCycle:322]org.eclipse.jetty.servlet.ServletHandler@106faf11 added {com.cellsgame.game.servlet.UpdateStoreServlet-51abf713@45f7e403==com.cellsgame.game.servlet.UpdateStoreServlet,jsp=null,order=-1,inst=true,AUTO}
[][4871][2018-10-11 15:26:08][DEBUG][main][org.eclipse.jetty.util.component.ContainerLifeCycle:322]org.eclipse.jetty.servlet.ServletHandler@106faf11 added {[/updateStore]=>com.cellsgame.game.servlet.UpdateStoreServlet-51abf713,POJO}
[][4872][2018-10-11 15:26:08][DEBUG][main][org.eclipse.jetty.util.component.ContainerLifeCycle:322]org.eclipse.jetty.servlet.ServletHandler@106faf11 added {com.cellsgame.game.servlet.GetRankServlet-eadb475@44cf713b==com.cellsgame.game.servlet.GetRankServlet,jsp=null,order=-1,inst=true,AUTO}
[][4872][2018-10-11 15:26:08][DEBUG][main][org.eclipse.jetty.util.component.ContainerLifeCycle:322]org.eclipse.jetty.servlet.ServletHandler@106faf11 added {[/getRank]=>com.cellsgame.game.servlet.GetRankServlet-eadb475,POJO}
[][4873][2018-10-11 15:26:08][DEBUG][main][org.eclipse.jetty.util.component.ContainerLifeCycle:322]org.eclipse.jetty.servlet.ServletHandler@106faf11 added {com.cellsgame.game.servlet.ChangeCurrencyServlet-4d4d48a6@230a6f==com.cellsgame.game.servlet.ChangeCurrencyServlet,jsp=null,order=-1,inst=true,AUTO}
[][4873][2018-10-11 15:26:08][DEBUG][main][org.eclipse.jetty.util.component.ContainerLifeCycle:322]org.eclipse.jetty.servlet.ServletHandler@106faf11 added {[/changeCurrency]=>com.cellsgame.game.servlet.ChangeCurrencyServlet-4d4d48a6,POJO}
[][4874][2018-10-11 15:26:08][DEBUG][main][org.eclipse.jetty.util.component.ContainerLifeCycle:322]org.eclipse.jetty.servlet.ServletHandler@106faf11 added {com.cellsgame.game.servlet.ChangeGoodsServlet-315df4bb@1bb858bc==com.cellsgame.game.servlet.ChangeGoodsServlet,jsp=null,order=-1,inst=true,AUTO}
[][4874][2018-10-11 15:26:08][DEBUG][main][org.eclipse.jetty.util.component.ContainerLifeCycle:322]org.eclipse.jetty.servlet.ServletHandler@106faf11 added {[/changeGoods]=>com.cellsgame.game.servlet.ChangeGoodsServlet-315df4bb,POJO}
[][4875][2018-10-11 15:26:08][DEBUG][main][org.eclipse.jetty.util.component.ContainerLifeCycle:322]org.eclipse.jetty.servlet.ServletHandler@106faf11 added {com.cellsgame.game.servlet.UpdateAllowLoginIpServlet-3fc08eec@f612d410==com.cellsgame.game.servlet.UpdateAllowLoginIpServlet,jsp=null,order=-1,inst=true,AUTO}
[][4875][2018-10-11 15:26:08][DEBUG][main][org.eclipse.jetty.util.component.ContainerLifeCycle:322]org.eclipse.jetty.servlet.ServletHandler@106faf11 added {[/updateAllowLoginIp]=>com.cellsgame.game.servlet.UpdateAllowLoginIpServlet-3fc08eec,POJO}
[][4884][2018-10-11 15:26:08][DEBUG][main][org.eclipse.jetty.util.component.ContainerLifeCycle:322]org.eclipse.jetty.server.Server@85ec632 added {qtp814377348{STOPPED,8<=0<=200,i=0,q=0},AUTO}
[][4908][2018-10-11 15:26:08][DEBUG][main][org.eclipse.jetty.util.component.ContainerLifeCycle:322]HttpConnectionFactory@5bbbdd4b[HTTP/1.1] added {HttpConfiguration@438bad7c{32768/8192,8192/8192,https://:0,[]},POJO}
[][4912][2018-10-11 15:26:08][DEBUG][main][org.eclipse.jetty.util.component.ContainerLifeCycle:322]ServerConnector@38d5b107{null,[]}{0.0.0.0:0} added {org.eclipse.jetty.server.Server@85ec632,UNMANAGED}
[][4912][2018-10-11 15:26:08][DEBUG][main][org.eclipse.jetty.util.component.ContainerLifeCycle:322]ServerConnector@38d5b107{null,[]}{0.0.0.0:0} added {qtp814377348{STOPPED,8<=0<=200,i=0,q=0},AUTO}
[][4913][2018-10-11 15:26:08][DEBUG][main][org.eclipse.jetty.util.component.ContainerLifeCycle:322]ServerConnector@38d5b107{null,[]}{0.0.0.0:0} added {org.eclipse.jetty.util.thread.ScheduledExecutorScheduler@6979efad,AUTO}
[][4913][2018-10-11 15:26:08][DEBUG][main][org.eclipse.jetty.util.component.ContainerLifeCycle:322]ServerConnector@38d5b107{null,[]}{0.0.0.0:0} added {org.eclipse.jetty.io.ArrayByteBufferPool@6650813a,POJO}
[][4914][2018-10-11 15:26:08][DEBUG][main][org.eclipse.jetty.util.component.ContainerLifeCycle:322]ServerConnector@38d5b107{null,[http/1.1]}{0.0.0.0:0} added {HttpConnectionFactory@5bbbdd4b[HTTP/1.1],AUTO}
[][4914][2018-10-11 15:26:08][DEBUG][main][org.eclipse.jetty.server.AbstractConnector:406]ServerConnector@38d5b107{HTTP/1.1,[http/1.1]}{0.0.0.0:0} added HttpConnectionFactory@5bbbdd4b[HTTP/1.1]
[][4917][2018-10-11 15:26:08][DEBUG][main][org.eclipse.jetty.util.component.ContainerLifeCycle:322]ServerConnector@38d5b107{HTTP/1.1,[http/1.1]}{0.0.0.0:0} added {org.eclipse.jetty.server.ServerConnector$ServerConnectorManager@450794b4,MANAGED}
[][4918][2018-10-11 15:26:08][DEBUG][main][org.eclipse.jetty.util.component.ContainerLifeCycle:322]org.eclipse.jetty.server.Server@85ec632 added {ServerConnector@38d5b107{HTTP/1.1,[http/1.1]}{0.0.0.0:7001},AUTO}
[][4919][2018-10-11 15:26:08][DEBUG][main][org.eclipse.jetty.util.component.ContainerLifeCycle:322]org.eclipse.jetty.server.Server@85ec632 added {o.e.j.s.ServletContextHandler@6754ef00{/game,null,UNAVAILABLE},MANAGED}
[][4919][2018-10-11 15:26:08][DEBUG][main][org.eclipse.jetty.util.component.AbstractLifeCycle:185]starting org.eclipse.jetty.server.Server@85ec632
[][4921][2018-10-11 15:26:08][DEBUG][main][org.eclipse.jetty.util.component.ContainerLifeCycle:322]org.eclipse.jetty.server.Server@85ec632 added {org.eclipse.jetty.server.handler.ErrorHandler@20765ed5,AUTO}
[][4940][2018-10-11 15:26:08][DEBUG][main][org.eclipse.jetty.server.handler.AbstractHandler:110]starting org.eclipse.jetty.server.Server@85ec632
[][4940][2018-10-11 15:26:08][DEBUG][main][org.eclipse.jetty.util.component.AbstractLifeCycle:185]starting qtp814377348{STOPPED,8<=0<=200,i=0,q=0}
[][4942][2018-10-11 15:26:08][DEBUG][main][org.eclipse.jetty.util.component.AbstractLifeCycle:177]STARTED @5053ms qtp814377348{STARTED,8<=8<=200,i=7,q=0}
[][4942][2018-10-11 15:26:08][DEBUG][main][org.eclipse.jetty.util.component.AbstractLifeCycle:185]starting o.e.j.s.ServletContextHandler@6754ef00{/game,null,UNAVAILABLE}
[][4948][2018-10-11 15:26:08][DEBUG][main][org.eclipse.jetty.http.PreEncodedHttpField:64]HttpField encoders loaded: [org.eclipse.jetty.http.Http1FieldPreEncoder@62b3df3a]
[][4957][2018-10-11 15:26:08][DEBUG][main][org.eclipse.jetty.server.handler.AbstractHandler:110]starting o.e.j.s.ServletContextHandler@6754ef00{/game,null,STARTING}
[][4958][2018-10-11 15:26:08][DEBUG][main][org.eclipse.jetty.util.component.AbstractLifeCycle:185]starting org.eclipse.jetty.server.session.SessionHandler1637601612==dftMaxIdleSec=-1
[][4962][2018-10-11 15:26:08][DEBUG][main][org.eclipse.jetty.util.component.ContainerLifeCycle:322]org.eclipse.jetty.server.session.SessionHandler1637601612==dftMaxIdleSec=-1 added {org.eclipse.jetty.server.session.DefaultSessionCache@4c7a078[evict=-1,removeUnloadable=false,saveOnCreate=false,saveOnInactiveEvict=false],AUTO}
[][4964][2018-10-11 15:26:08][DEBUG][main][org.eclipse.jetty.util.component.ContainerLifeCycle:322]org.eclipse.jetty.server.session.DefaultSessionCache@4c7a078[evict=-1,removeUnloadable=false,saveOnCreate=false,saveOnInactiveEvict=false] added {org.eclipse.jetty.server.session.NullSessionDataStore@6bb7cce7[passivating=false,graceSec=3600],AUTO}
[][4967][2018-10-11 15:26:08][DEBUG][main][org.eclipse.jetty.util.component.AbstractLifeCycle:185]starting org.eclipse.jetty.server.session.DefaultSessionIdManager@328572f0[worker=null]
[][4974][2018-10-11 15:26:08][DEBUG][main][org.eclipse.jetty.util.component.ContainerLifeCycle:322]org.eclipse.jetty.server.session.DefaultSessionIdManager@328572f0[worker=node0] added {org.eclipse.jetty.server.session.HouseKeeper@7cf7aee[interval=600000, ownscheduler=false],MANAGED}
[][4974][2018-10-11 15:26:08][DEBUG][main][org.eclipse.jetty.util.component.AbstractLifeCycle:185]starting org.eclipse.jetty.server.session.HouseKeeper@7cf7aee[interval=600000, ownscheduler=false]
[][4974][2018-10-11 15:26:08][DEBUG][main][org.eclipse.jetty.util.component.AbstractLifeCycle:185]starting org.eclipse.jetty.util.thread.ScheduledExecutorScheduler@2f6bbeb0
[][4976][2018-10-11 15:26:08][DEBUG][main][org.eclipse.jetty.util.component.AbstractLifeCycle:177]STARTED @5087ms org.eclipse.jetty.util.thread.ScheduledExecutorScheduler@2f6bbeb0
[][4976][2018-10-11 15:26:08][DEBUG][main][org.eclipse.jetty.server.session:127]Using own scheduler for scavenging
[][4979][2018-10-11 15:26:08][DEBUG][main][org.eclipse.jetty.util.component.AbstractLifeCycle:177]STARTED @5091ms org.eclipse.jetty.server.session.HouseKeeper@7cf7aee[interval=660000, ownscheduler=true]
[][4980][2018-10-11 15:26:08][DEBUG][main][org.eclipse.jetty.util.component.AbstractLifeCycle:177]STARTED @5091ms org.eclipse.jetty.server.session.DefaultSessionIdManager@328572f0[worker=node0]
[][4980][2018-10-11 15:26:08][DEBUG][main][org.eclipse.jetty.util.component.ContainerLifeCycle:322]org.eclipse.jetty.server.Server@85ec632 added {org.eclipse.jetty.server.session.DefaultSessionIdManager@328572f0[worker=node0],MANAGED}
[][4980][2018-10-11 15:26:08][DEBUG][main][org.eclipse.jetty.util.component.ContainerLifeCycle:322]org.eclipse.jetty.server.session.SessionHandler1637601612==dftMaxIdleSec=-1 added {org.eclipse.jetty.server.session.DefaultSessionIdManager@328572f0[worker=node0],UNMANAGED}
[][4980][2018-10-11 15:26:08][DEBUG][main][org.eclipse.jetty.util.component.AbstractLifeCycle:185]starting org.eclipse.jetty.util.thread.ScheduledExecutorScheduler@1bf0f6f6
[][4980][2018-10-11 15:26:08][DEBUG][main][org.eclipse.jetty.util.component.AbstractLifeCycle:177]STARTED @5092ms org.eclipse.jetty.util.thread.ScheduledExecutorScheduler@1bf0f6f6
[][4982][2018-10-11 15:26:08][DEBUG][main][org.eclipse.jetty.server.handler.AbstractHandler:110]starting org.eclipse.jetty.server.session.SessionHandler1637601612==dftMaxIdleSec=-1
[][4982][2018-10-11 15:26:08][DEBUG][main][org.eclipse.jetty.util.component.AbstractLifeCycle:185]starting org.eclipse.jetty.servlet.ServletHandler@106faf11
[][4985][2018-10-11 15:26:08][DEBUG][main][org.eclipse.jetty.servlet.ServletHandler:1439]Path=/releaseActivity[EMBEDDED:null] mapped to servlet=com.cellsgame.game.servlet.ReleaseActivityServlet-4102b1b1[EMBEDDED:null]
[][4988][2018-10-11 15:26:08][DEBUG][main][org.eclipse.jetty.http.pathmap.PathMappings:239]Added MappedResource[pathSpec=ServletPathSpec["/releaseActivity",pathDepth=1,group=EXACT],resource=com.cellsgame.game.servlet.ReleaseActivityServlet-4102b1b1@dd7d5b8e==com.cellsgame.game.servlet.ReleaseActivityServlet,jsp=null,order=-1,inst=true] to PathMappings[size=1]
[][4988][2018-10-11 15:26:08][DEBUG][main][org.eclipse.jetty.servlet.ServletHandler:1439]Path=/updateAllowLoginIp[EMBEDDED:null] mapped to servlet=com.cellsgame.game.servlet.UpdateAllowLoginIpServlet-3fc08eec[EMBEDDED:null]
[][4988][2018-10-11 15:26:08][DEBUG][main][org.eclipse.jetty.http.pathmap.PathMappings:239]Added MappedResource[pathSpec=ServletPathSpec["/updateAllowLoginIp",pathDepth=1,group=EXACT],resource=com.cellsgame.game.servlet.UpdateAllowLoginIpServlet-3fc08eec@f612d410==com.cellsgame.game.servlet.UpdateAllowLoginIpServlet,jsp=null,order=-1,inst=true] to PathMappings[size=2]
[][4989][2018-10-11 15:26:08][DEBUG][main][org.eclipse.jetty.servlet.ServletHandler:1439]Path=/getPlayerBaseInfo[EMBEDDED:null] mapped to servlet=com.cellsgame.game.servlet.GetPlayerBaseInfoServlet-3f3c966c[EMBEDDED:null]
[][4989][2018-10-11 15:26:08][DEBUG][main][org.eclipse.jetty.http.pathmap.PathMappings:239]Added MappedResource[pathSpec=ServletPathSpec["/getPlayerBaseInfo",pathDepth=1,group=EXACT],resource=com.cellsgame.game.servlet.GetPlayerBaseInfoServlet-3f3c966c@3f57b03e==com.cellsgame.game.servlet.GetPlayerBaseInfoServlet,jsp=null,order=-1,inst=true] to PathMappings[size=3]
[][4989][2018-10-11 15:26:08][DEBUG][main][org.eclipse.jetty.servlet.ServletHandler:1439]Path=/queryActivity[EMBEDDED:null] mapped to servlet=com.cellsgame.game.servlet.QueryActivityServlet-3a71c100[EMBEDDED:null]
[][4990][2018-10-11 15:26:08][DEBUG][main][org.eclipse.jetty.http.pathmap.PathMappings:239]Added MappedResource[pathSpec=ServletPathSpec["/queryActivity",pathDepth=1,group=EXACT],resource=com.cellsgame.game.servlet.QueryActivityServlet-3a71c100@cffd1488==com.cellsgame.game.servlet.QueryActivityServlet,jsp=null,order=-1,inst=true] to PathMappings[size=4]
[][4990][2018-10-11 15:26:08][DEBUG][main][org.eclipse.jetty.servlet.ServletHandler:1439]Path=/queryStore[EMBEDDED:null] mapped to servlet=com.cellsgame.game.servlet.QueryStoreServlet-61e3a1fd[EMBEDDED:null]
[][4990][2018-10-11 15:26:08][DEBUG][main][org.eclipse.jetty.http.pathmap.PathMappings:239]Added MappedResource[pathSpec=ServletPathSpec["/queryStore",pathDepth=1,group=EXACT],resource=com.cellsgame.game.servlet.QueryStoreServlet-61e3a1fd@3107bbc5==com.cellsgame.game.servlet.QueryStoreServlet,jsp=null,order=-1,inst=true] to PathMappings[size=5]
[][4990][2018-10-11 15:26:08][DEBUG][main][org.eclipse.jetty.servlet.ServletHandler:1439]Path=/getRank[EMBEDDED:null] mapped to servlet=com.cellsgame.game.servlet.GetRankServlet-eadb475[EMBEDDED:null]
[][4991][2018-10-11 15:26:08][DEBUG][main][org.eclipse.jetty.http.pathmap.PathMappings:239]Added MappedResource[pathSpec=ServletPathSpec["/getRank",pathDepth=1,group=EXACT],resource=com.cellsgame.game.servlet.GetRankServlet-eadb475@44cf713b==com.cellsgame.game.servlet.GetRankServlet,jsp=null,order=-1,inst=true] to PathMappings[size=6]
[][4991][2018-10-11 15:26:08][DEBUG][main][org.eclipse.jetty.servlet.ServletHandler:1439]Path=/setPlayerState[EMBEDDED:null] mapped to servlet=com.cellsgame.game.servlet.ChangePlayerStateServlet-63a5e46c[EMBEDDED:null]
[][4991][2018-10-11 15:26:08][DEBUG][main][org.eclipse.jetty.http.pathmap.PathMappings:239]Added MappedResource[pathSpec=ServletPathSpec["/setPlayerState",pathDepth=1,group=EXACT],resource=com.cellsgame.game.servlet.ChangePlayerStateServlet-63a5e46c@61791b68==com.cellsgame.game.servlet.ChangePlayerStateServlet,jsp=null,order=-1,inst=true] to PathMappings[size=7]
[][4991][2018-10-11 15:26:08][DEBUG][main][org.eclipse.jetty.servlet.ServletHandler:1439]Path=/resetPlayerState[EMBEDDED:null] mapped to servlet=com.cellsgame.game.servlet.ChangePlayerStateServlet-7e8e8651[EMBEDDED:null]
[][4991][2018-10-11 15:26:08][DEBUG][main][org.eclipse.jetty.http.pathmap.PathMappings:239]Added MappedResource[pathSpec=ServletPathSpec["/resetPlayerState",pathDepth=1,group=EXACT],resource=com.cellsgame.game.servlet.ChangePlayerStateServlet-7e8e8651@daeb2430==com.cellsgame.game.servlet.ChangePlayerStateServlet,jsp=null,order=-1,inst=true] to PathMappings[size=8]
[][4991][2018-10-11 15:26:08][DEBUG][main][org.eclipse.jetty.servlet.ServletHandler:1439]Path=/mail[EMBEDDED:null] mapped to servlet=com.cellsgame.game.servlet.MailServlet-5b69fd74[EMBEDDED:null]
[][4992][2018-10-11 15:26:08][DEBUG][main][org.eclipse.jetty.http.pathmap.PathMappings:239]Added MappedResource[pathSpec=ServletPathSpec["/mail",pathDepth=1,group=EXACT],resource=com.cellsgame.game.servlet.MailServlet-5b69fd74@bb34b817==com.cellsgame.game.servlet.MailServlet,jsp=null,order=-1,inst=true] to PathMappings[size=9]
[][4992][2018-10-11 15:26:08][DEBUG][main][org.eclipse.jetty.servlet.ServletHandler:1439]Path=/updateStore[EMBEDDED:null] mapped to servlet=com.cellsgame.game.servlet.UpdateStoreServlet-51abf713[EMBEDDED:null]
[][4992][2018-10-11 15:26:08][DEBUG][main][org.eclipse.jetty.http.pathmap.PathMappings:239]Added MappedResource[pathSpec=ServletPathSpec["/updateStore",pathDepth=1,group=EXACT],resource=com.cellsgame.game.servlet.UpdateStoreServlet-51abf713@45f7e403==com.cellsgame.game.servlet.UpdateStoreServlet,jsp=null,order=-1,inst=true] to PathMappings[size=10]
[][4992][2018-10-11 15:26:08][DEBUG][main][org.eclipse.jetty.servlet.ServletHandler:1439]Path=/deleteStore[EMBEDDED:null] mapped to servlet=com.cellsgame.game.servlet.DeleteStoreServlet-6bd51ed8[EMBEDDED:null]
[][4992][2018-10-11 15:26:08][DEBUG][main][org.eclipse.jetty.http.pathmap.PathMappings:239]Added MappedResource[pathSpec=ServletPathSpec["/deleteStore",pathDepth=1,group=EXACT],resource=com.cellsgame.game.servlet.DeleteStoreServlet-6bd51ed8@ff476016==com.cellsgame.game.servlet.DeleteStoreServlet,jsp=null,order=-1,inst=true] to PathMappings[size=11]
[][4992][2018-10-11 15:26:08][DEBUG][main][org.eclipse.jetty.servlet.ServletHandler:1439]Path=/getState[EMBEDDED:null] mapped to servlet=com.cellsgame.game.servlet.GetGameStateServlet-437e951d[EMBEDDED:null]
[][4993][2018-10-11 15:26:08][DEBUG][main][org.eclipse.jetty.http.pathmap.PathMappings:239]Added MappedResource[pathSpec=ServletPathSpec["/getState",pathDepth=1,group=EXACT],resource=com.cellsgame.game.servlet.GetGameStateServlet-437e951d@6e0581ba==com.cellsgame.game.servlet.GetGameStateServlet,jsp=null,order=-1,inst=true] to PathMappings[size=12]
[][4993][2018-10-11 15:26:08][DEBUG][main][org.eclipse.jetty.servlet.ServletHandler:1439]Path=/notify[EMBEDDED:null] mapped to servlet=com.cellsgame.game.servlet.NotifyServlet-11ee02f8[EMBEDDED:null]
[][4993][2018-10-11 15:26:08][DEBUG][main][org.eclipse.jetty.http.pathmap.PathMappings:239]Added MappedResource[pathSpec=ServletPathSpec["/notify",pathDepth=1,group=EXACT],resource=com.cellsgame.game.servlet.NotifyServlet-11ee02f8@50a2c8d2==com.cellsgame.game.servlet.NotifyServlet,jsp=null,order=-1,inst=true] to PathMappings[size=13]
[][4993][2018-10-11 15:26:08][DEBUG][main][org.eclipse.jetty.servlet.ServletHandler:1439]Path=/onlineSize[EMBEDDED:null] mapped to servlet=com.cellsgame.game.servlet.GetOnlineSizeServlet-77b325b3[EMBEDDED:null]
[][4993][2018-10-11 15:26:08][DEBUG][main][org.eclipse.jetty.http.pathmap.PathMappings:239]Added MappedResource[pathSpec=ServletPathSpec["/onlineSize",pathDepth=1,group=EXACT],resource=com.cellsgame.game.servlet.GetOnlineSizeServlet-77b325b3@28d562ea==com.cellsgame.game.servlet.GetOnlineSizeServlet,jsp=null,order=-1,inst=true] to PathMappings[size=14]
[][4993][2018-10-11 15:26:08][DEBUG][main][org.eclipse.jetty.servlet.ServletHandler:1439]Path=/stateChange[EMBEDDED:null] mapped to servlet=com.cellsgame.game.servlet.GameStateChangeServlet-f325091[EMBEDDED:null]
[][4994][2018-10-11 15:26:08][DEBUG][main][org.eclipse.jetty.http.pathmap.PathMappings:239]Added MappedResource[pathSpec=ServletPathSpec["/stateChange",pathDepth=1,group=EXACT],resource=com.cellsgame.game.servlet.GameStateChangeServlet-f325091@fab4e8ee==com.cellsgame.game.servlet.GameStateChangeServlet,jsp=null,order=-1,inst=true] to PathMappings[size=15]
[][4994][2018-10-11 15:26:08][DEBUG][main][org.eclipse.jetty.servlet.ServletHandler:1439]Path=/changeGoods[EMBEDDED:null] mapped to servlet=com.cellsgame.game.servlet.ChangeGoodsServlet-315df4bb[EMBEDDED:null]
[][4994][2018-10-11 15:26:08][DEBUG][main][org.eclipse.jetty.http.pathmap.PathMappings:239]Added MappedResource[pathSpec=ServletPathSpec["/changeGoods",pathDepth=1,group=EXACT],resource=com.cellsgame.game.servlet.ChangeGoodsServlet-315df4bb@1bb858bc==com.cellsgame.game.servlet.ChangeGoodsServlet,jsp=null,order=-1,inst=true] to PathMappings[size=16]
[][4994][2018-10-11 15:26:08][DEBUG][main][org.eclipse.jetty.servlet.ServletHandler:1439]Path=/reissueOrder[EMBEDDED:null] mapped to servlet=com.cellsgame.game.servlet.ReissuePayFailOrderServlet-49ef32e0[EMBEDDED:null]
[][4994][2018-10-11 15:26:08][DEBUG][main][org.eclipse.jetty.http.pathmap.PathMappings:239]Added MappedResource[pathSpec=ServletPathSpec["/reissueOrder",pathDepth=1,group=EXACT],resource=com.cellsgame.game.servlet.ReissuePayFailOrderServlet-49ef32e0@2c71ee59==com.cellsgame.game.servlet.ReissuePayFailOrderServlet,jsp=null,order=-1,inst=true] to PathMappings[size=17]
[][4994][2018-10-11 15:26:08][DEBUG][main][org.eclipse.jetty.servlet.ServletHandler:1439]Path=/loadPlayer[EMBEDDED:null] mapped to servlet=com.cellsgame.game.servlet.LoadPlayerServlet-28fa700e[EMBEDDED:null]
[][4995][2018-10-11 15:26:08][DEBUG][main][org.eclipse.jetty.http.pathmap.PathMappings:239]Added MappedResource[pathSpec=ServletPathSpec["/loadPlayer",pathDepth=1,group=EXACT],resource=com.cellsgame.game.servlet.LoadPlayerServlet-28fa700e@8b3d556b==com.cellsgame.game.servlet.LoadPlayerServlet,jsp=null,order=-1,inst=true] to PathMappings[size=18]
[][4995][2018-10-11 15:26:08][DEBUG][main][org.eclipse.jetty.servlet.ServletHandler:1439]Path=/deleteActivity[EMBEDDED:null] mapped to servlet=com.cellsgame.game.servlet.DeleteActivityServlet-61a5b4ae[EMBEDDED:null]
[][4995][2018-10-11 15:26:08][DEBUG][main][org.eclipse.jetty.http.pathmap.PathMappings:239]Added MappedResource[pathSpec=ServletPathSpec["/deleteActivity",pathDepth=1,group=EXACT],resource=com.cellsgame.game.servlet.DeleteActivityServlet-61a5b4ae@597e6bb4==com.cellsgame.game.servlet.DeleteActivityServlet,jsp=null,order=-1,inst=true] to PathMappings[size=19]
[][4995][2018-10-11 15:26:08][DEBUG][main][org.eclipse.jetty.servlet.ServletHandler:1439]Path=/createStore[EMBEDDED:null] mapped to servlet=com.cellsgame.game.servlet.CreateStoreServlet-271f18d3[EMBEDDED:null]
[][4995][2018-10-11 15:26:08][DEBUG][main][org.eclipse.jetty.http.pathmap.PathMappings:239]Added MappedResource[pathSpec=ServletPathSpec["/createStore",pathDepth=1,group=EXACT],resource=com.cellsgame.game.servlet.CreateStoreServlet-271f18d3@7a213910==com.cellsgame.game.servlet.CreateStoreServlet,jsp=null,order=-1,inst=true] to PathMappings[size=20]
[][4997][2018-10-11 15:26:08][DEBUG][main][org.eclipse.jetty.servlet.ServletHandler:1439]Path=/changeCurrency[EMBEDDED:null] mapped to servlet=com.cellsgame.game.servlet.ChangeCurrencyServlet-4d4d48a6[EMBEDDED:null]
[][4997][2018-10-11 15:26:08][DEBUG][main][org.eclipse.jetty.http.pathmap.PathMappings:239]Added MappedResource[pathSpec=ServletPathSpec["/changeCurrency",pathDepth=1,group=EXACT],resource=com.cellsgame.game.servlet.ChangeCurrencyServlet-4d4d48a6@230a6f==com.cellsgame.game.servlet.ChangeCurrencyServlet,jsp=null,order=-1,inst=true] to PathMappings[size=21]
[][4997][2018-10-11 15:26:08][DEBUG][main][org.eclipse.jetty.servlet.ServletHandler:1464]filterNameMap={}
[][4998][2018-10-11 15:26:08][DEBUG][main][org.eclipse.jetty.servlet.ServletHandler:1465]pathFilters=null
[][4998][2018-10-11 15:26:08][DEBUG][main][org.eclipse.jetty.servlet.ServletHandler:1466]servletFilterMap=null
[][4998][2018-10-11 15:26:08][DEBUG][main][org.eclipse.jetty.servlet.ServletHandler:1467]servletPathMap=PathMappings[size=21]
[][4999][2018-10-11 15:26:08][DEBUG][main][org.eclipse.jetty.servlet.ServletHandler:1468]servletNameMap={com.cellsgame.game.servlet.QueryStoreServlet-61e3a1fd=com.cellsgame.game.servlet.QueryStoreServlet-61e3a1fd@3107bbc5==com.cellsgame.game.servlet.QueryStoreServlet,jsp=null,order=-1,inst=true, com.cellsgame.game.servlet.UpdateAllowLoginIpServlet-3fc08eec=com.cellsgame.game.servlet.UpdateAllowLoginIpServlet-3fc08eec@f612d410==com.cellsgame.game.servlet.UpdateAllowLoginIpServlet,jsp=null,order=-1,inst=true, com.cellsgame.game.servlet.MailServlet-5b69fd74=com.cellsgame.game.servlet.MailServlet-5b69fd74@bb34b817==com.cellsgame.game.servlet.MailServlet,jsp=null,order=-1,inst=true, com.cellsgame.game.servlet.ChangeGoodsServlet-315df4bb=com.cellsgame.game.servlet.ChangeGoodsServlet-315df4bb@1bb858bc==com.cellsgame.game.servlet.ChangeGoodsServlet,jsp=null,order=-1,inst=true, com.cellsgame.game.servlet.ReissuePayFailOrderServlet-49ef32e0=com.cellsgame.game.servlet.ReissuePayFailOrderServlet-49ef32e0@2c71ee59==com.cellsgame.game.servlet.ReissuePayFailOrderServlet,jsp=null,order=-1,inst=true, com.cellsgame.game.servlet.GetPlayerBaseInfoServlet-3f3c966c=com.cellsgame.game.servlet.GetPlayerBaseInfoServlet-3f3c966c@3f57b03e==com.cellsgame.game.servlet.GetPlayerBaseInfoServlet,jsp=null,order=-1,inst=true, com.cellsgame.game.servlet.DeleteActivityServlet-61a5b4ae=com.cellsgame.game.servlet.DeleteActivityServlet-61a5b4ae@597e6bb4==com.cellsgame.game.servlet.DeleteActivityServlet,jsp=null,order=-1,inst=true, com.cellsgame.game.servlet.ChangeCurrencyServlet-4d4d48a6=com.cellsgame.game.servlet.ChangeCurrencyServlet-4d4d48a6@230a6f==com.cellsgame.game.servlet.ChangeCurrencyServlet,jsp=null,order=-1,inst=true, com.cellsgame.game.servlet.NotifyServlet-11ee02f8=com.cellsgame.game.servlet.NotifyServlet-11ee02f8@50a2c8d2==com.cellsgame.game.servlet.NotifyServlet,jsp=null,order=-1,inst=true, com.cellsgame.game.servlet.ChangePlayerStateServlet-63a5e46c=com.cellsgame.game.servlet.ChangePlayerStateServlet-63a5e46c@61791b68==com.cellsgame.game.servlet.ChangePlayerStateServlet,jsp=null,order=-1,inst=true, com.cellsgame.game.servlet.CreateStoreServlet-271f18d3=com.cellsgame.game.servlet.CreateStoreServlet-271f18d3@7a213910==com.cellsgame.game.servlet.CreateStoreServlet,jsp=null,order=-1,inst=true, com.cellsgame.game.servlet.DeleteStoreServlet-6bd51ed8=com.cellsgame.game.servlet.DeleteStoreServlet-6bd51ed8@ff476016==com.cellsgame.game.servlet.DeleteStoreServlet,jsp=null,order=-1,inst=true, com.cellsgame.game.servlet.ReleaseActivityServlet-4102b1b1=com.cellsgame.game.servlet.ReleaseActivityServlet-4102b1b1@dd7d5b8e==com.cellsgame.game.servlet.ReleaseActivityServlet,jsp=null,order=-1,inst=true, com.cellsgame.game.servlet.UpdateStoreServlet-51abf713=com.cellsgame.game.servlet.UpdateStoreServlet-51abf713@45f7e403==com.cellsgame.game.servlet.UpdateStoreServlet,jsp=null,order=-1,inst=true, com.cellsgame.game.servlet.GetRankServlet-eadb475=com.cellsgame.game.servlet.GetRankServlet-eadb475@44cf713b==com.cellsgame.game.servlet.GetRankServlet,jsp=null,order=-1,inst=true, com.cellsgame.game.servlet.QueryActivityServlet-3a71c100=com.cellsgame.game.servlet.QueryActivityServlet-3a71c100@cffd1488==com.cellsgame.game.servlet.QueryActivityServlet,jsp=null,order=-1,inst=true, com.cellsgame.game.servlet.LoadPlayerServlet-28fa700e=com.cellsgame.game.servlet.LoadPlayerServlet-28fa700e@8b3d556b==com.cellsgame.game.servlet.LoadPlayerServlet,jsp=null,order=-1,inst=true, com.cellsgame.game.servlet.GameStateChangeServlet-f325091=com.cellsgame.game.servlet.GameStateChangeServlet-f325091@fab4e8ee==com.cellsgame.game.servlet.GameStateChangeServlet,jsp=null,order=-1,inst=true, com.cellsgame.game.servlet.ChangePlayerStateServlet-7e8e8651=com.cellsgame.game.servlet.ChangePlayerStateServlet-7e8e8651@daeb2430==com.cellsgame.game.servlet.ChangePlayerStateServlet,jsp=null,order=-1,inst=true, com.cellsgame.game.servlet.GetGameStateServlet-437e951d=com.cellsgame.game.servlet.GetGameStateServlet-437e951d@6e0581ba==com.cellsgame.game.servlet.GetGameStateServlet,jsp=null,order=-1,inst=true, com.cellsgame.game.servlet.GetOnlineSizeServlet-77b325b3=com.cellsgame.game.servlet.GetOnlineSizeServlet-77b325b3@28d562ea==com.cellsgame.game.servlet.GetOnlineSizeServlet,jsp=null,order=-1,inst=true}
[][4999][2018-10-11 15:26:08][DEBUG][main][org.eclipse.jetty.servlet.ServletHandler:158]Adding Default404Servlet to org.eclipse.jetty.servlet.ServletHandler@106faf11
[][5000][2018-10-11 15:26:08][DEBUG][main][org.eclipse.jetty.util.component.ContainerLifeCycle:322]org.eclipse.jetty.servlet.ServletHandler@106faf11 added {org.eclipse.jetty.servlet.ServletHandler$Default404Servlet-125c082e@f4348d3e==org.eclipse.jetty.servlet.ServletHandler$Default404Servlet,jsp=null,order=-1,inst=false,AUTO}
[][5001][2018-10-11 15:26:08][DEBUG][main][org.eclipse.jetty.util.component.ContainerLifeCycle:322]org.eclipse.jetty.servlet.ServletHandler@106faf11 added {[/]=>org.eclipse.jetty.servlet.ServletHandler$Default404Servlet-125c082e,POJO}
[][5001][2018-10-11 15:26:08][DEBUG][main][org.eclipse.jetty.servlet.ServletHandler:1439]Path=/releaseActivity[EMBEDDED:null] mapped to servlet=com.cellsgame.game.servlet.ReleaseActivityServlet-4102b1b1[EMBEDDED:null]
[][5001][2018-10-11 15:26:08][DEBUG][main][org.eclipse.jetty.http.pathmap.PathMappings:239]Added MappedResource[pathSpec=ServletPathSpec["/releaseActivity",pathDepth=1,group=EXACT],resource=com.cellsgame.game.servlet.ReleaseActivityServlet-4102b1b1@dd7d5b8e==com.cellsgame.game.servlet.ReleaseActivityServlet,jsp=null,order=-1,inst=true] to PathMappings[size=1]
[][5001][2018-10-11 15:26:08][DEBUG][main][org.eclipse.jetty.servlet.ServletHandler:1439]Path=/updateAllowLoginIp[EMBEDDED:null] mapped to servlet=com.cellsgame.game.servlet.UpdateAllowLoginIpServlet-3fc08eec[EMBEDDED:null]
[][5001][2018-10-11 15:26:08][DEBUG][main][org.eclipse.jetty.http.pathmap.PathMappings:239]Added MappedResource[pathSpec=ServletPathSpec["/updateAllowLoginIp",pathDepth=1,group=EXACT],resource=com.cellsgame.game.servlet.UpdateAllowLoginIpServlet-3fc08eec@f612d410==com.cellsgame.game.servlet.UpdateAllowLoginIpServlet,jsp=null,order=-1,inst=true] to PathMappings[size=2]
[][5001][2018-10-11 15:26:08][DEBUG][main][org.eclipse.jetty.servlet.ServletHandler:1439]Path=/getPlayerBaseInfo[EMBEDDED:null] mapped to servlet=com.cellsgame.game.servlet.GetPlayerBaseInfoServlet-3f3c966c[EMBEDDED:null]
[][5001][2018-10-11 15:26:08][DEBUG][main][org.eclipse.jetty.http.pathmap.PathMappings:239]Added MappedResource[pathSpec=ServletPathSpec["/getPlayerBaseInfo",pathDepth=1,group=EXACT],resource=com.cellsgame.game.servlet.GetPlayerBaseInfoServlet-3f3c966c@3f57b03e==com.cellsgame.game.servlet.GetPlayerBaseInfoServlet,jsp=null,order=-1,inst=true] to PathMappings[size=3]
[][5002][2018-10-11 15:26:08][DEBUG][main][org.eclipse.jetty.servlet.ServletHandler:1439]Path=/queryActivity[EMBEDDED:null] mapped to servlet=com.cellsgame.game.servlet.QueryActivityServlet-3a71c100[EMBEDDED:null]
[][5002][2018-10-11 15:26:08][DEBUG][main][org.eclipse.jetty.http.pathmap.PathMappings:239]Added MappedResource[pathSpec=ServletPathSpec["/queryActivity",pathDepth=1,group=EXACT],resource=com.cellsgame.game.servlet.QueryActivityServlet-3a71c100@cffd1488==com.cellsgame.game.servlet.QueryActivityServlet,jsp=null,order=-1,inst=true] to PathMappings[size=4]
[][5002][2018-10-11 15:26:08][DEBUG][main][org.eclipse.jetty.servlet.ServletHandler:1439]Path=/queryStore[EMBEDDED:null] mapped to servlet=com.cellsgame.game.servlet.QueryStoreServlet-61e3a1fd[EMBEDDED:null]
[][5002][2018-10-11 15:26:08][DEBUG][main][org.eclipse.jetty.http.pathmap.PathMappings:239]Added MappedResource[pathSpec=ServletPathSpec["/queryStore",pathDepth=1,group=EXACT],resource=com.cellsgame.game.servlet.QueryStoreServlet-61e3a1fd@3107bbc5==com.cellsgame.game.servlet.QueryStoreServlet,jsp=null,order=-1,inst=true] to PathMappings[size=5]
[][5002][2018-10-11 15:26:08][DEBUG][main][org.eclipse.jetty.servlet.ServletHandler:1439]Path=/getRank[EMBEDDED:null] mapped to servlet=com.cellsgame.game.servlet.GetRankServlet-eadb475[EMBEDDED:null]
[][5002][2018-10-11 15:26:08][DEBUG][main][org.eclipse.jetty.http.pathmap.PathMappings:239]Added MappedResource[pathSpec=ServletPathSpec["/getRank",pathDepth=1,group=EXACT],resource=com.cellsgame.game.servlet.GetRankServlet-eadb475@44cf713b==com.cellsgame.game.servlet.GetRankServlet,jsp=null,order=-1,inst=true] to PathMappings[size=6]
[][5002][2018-10-11 15:26:08][DEBUG][main][org.eclipse.jetty.servlet.ServletHandler:1439]Path=/setPlayerState[EMBEDDED:null] mapped to servlet=com.cellsgame.game.servlet.ChangePlayerStateServlet-63a5e46c[EMBEDDED:null]
[][5003][2018-10-11 15:26:08][DEBUG][main][org.eclipse.jetty.http.pathmap.PathMappings:239]Added MappedResource[pathSpec=ServletPathSpec["/setPlayerState",pathDepth=1,group=EXACT],resource=com.cellsgame.game.servlet.ChangePlayerStateServlet-63a5e46c@61791b68==com.cellsgame.game.servlet.ChangePlayerStateServlet,jsp=null,order=-1,inst=true] to PathMappings[size=7]
[][5003][2018-10-11 15:26:08][DEBUG][main][org.eclipse.jetty.servlet.ServletHandler:1439]Path=/resetPlayerState[EMBEDDED:null] mapped to servlet=com.cellsgame.game.servlet.ChangePlayerStateServlet-7e8e8651[EMBEDDED:null]
[][5003][2018-10-11 15:26:08][DEBUG][main][org.eclipse.jetty.http.pathmap.PathMappings:239]Added MappedResource[pathSpec=ServletPathSpec["/resetPlayerState",pathDepth=1,group=EXACT],resource=com.cellsgame.game.servlet.ChangePlayerStateServlet-7e8e8651@daeb2430==com.cellsgame.game.servlet.ChangePlayerStateServlet,jsp=null,order=-1,inst=true] to PathMappings[size=8]
[][5003][2018-10-11 15:26:08][DEBUG][main][org.eclipse.jetty.servlet.ServletHandler:1439]Path=/mail[EMBEDDED:null] mapped to servlet=com.cellsgame.game.servlet.MailServlet-5b69fd74[EMBEDDED:null]
[][5003][2018-10-11 15:26:08][DEBUG][main][org.eclipse.jetty.http.pathmap.PathMappings:239]Added MappedResource[pathSpec=ServletPathSpec["/mail",pathDepth=1,group=EXACT],resource=com.cellsgame.game.servlet.MailServlet-5b69fd74@bb34b817==com.cellsgame.game.servlet.MailServlet,jsp=null,order=-1,inst=true] to PathMappings[size=9]
[][5003][2018-10-11 15:26:08][DEBUG][main][org.eclipse.jetty.servlet.ServletHandler:1439]Path=/updateStore[EMBEDDED:null] mapped to servlet=com.cellsgame.game.servlet.UpdateStoreServlet-51abf713[EMBEDDED:null]
[][5003][2018-10-11 15:26:08][DEBUG][main][org.eclipse.jetty.http.pathmap.PathMappings:239]Added MappedResource[pathSpec=ServletPathSpec["/updateStore",pathDepth=1,group=EXACT],resource=com.cellsgame.game.servlet.UpdateStoreServlet-51abf713@45f7e403==com.cellsgame.game.servlet.UpdateStoreServlet,jsp=null,order=-1,inst=true] to PathMappings[size=10]
[][5004][2018-10-11 15:26:08][DEBUG][main][org.eclipse.jetty.servlet.ServletHandler:1439]Path=/[EMBEDDED:null] mapped to servlet=org.eclipse.jetty.servlet.ServletHandler$Default404Servlet-125c082e[EMBEDDED:null]
[][5004][2018-10-11 15:26:08][DEBUG][main][org.eclipse.jetty.http.pathmap.PathMappings:239]Added MappedResource[pathSpec=ServletPathSpec["/",pathDepth=-1,group=DEFAULT],resource=org.eclipse.jetty.servlet.ServletHandler$Default404Servlet-125c082e@f4348d3e==org.eclipse.jetty.servlet.ServletHandler$Default404Servlet,jsp=null,order=-1,inst=false] to PathMappings[size=11]
[][5004][2018-10-11 15:26:08][DEBUG][main][org.eclipse.jetty.servlet.ServletHandler:1439]Path=/deleteStore[EMBEDDED:null] mapped to servlet=com.cellsgame.game.servlet.DeleteStoreServlet-6bd51ed8[EMBEDDED:null]
[][5004][2018-10-11 15:26:08][DEBUG][main][org.eclipse.jetty.http.pathmap.PathMappings:239]Added MappedResource[pathSpec=ServletPathSpec["/deleteStore",pathDepth=1,group=EXACT],resource=com.cellsgame.game.servlet.DeleteStoreServlet-6bd51ed8@ff476016==com.cellsgame.game.servlet.DeleteStoreServlet,jsp=null,order=-1,inst=true] to PathMappings[size=12]
[][5004][2018-10-11 15:26:08][DEBUG][main][org.eclipse.jetty.servlet.ServletHandler:1439]Path=/getState[EMBEDDED:null] mapped to servlet=com.cellsgame.game.servlet.GetGameStateServlet-437e951d[EMBEDDED:null]
[][5004][2018-10-11 15:26:08][DEBUG][main][org.eclipse.jetty.http.pathmap.PathMappings:239]Added MappedResource[pathSpec=ServletPathSpec["/getState",pathDepth=1,group=EXACT],resource=com.cellsgame.game.servlet.GetGameStateServlet-437e951d@6e0581ba==com.cellsgame.game.servlet.GetGameStateServlet,jsp=null,order=-1,inst=true] to PathMappings[size=13]
[][5004][2018-10-11 15:26:08][DEBUG][main][org.eclipse.jetty.servlet.ServletHandler:1439]Path=/notify[EMBEDDED:null] mapped to servlet=com.cellsgame.game.servlet.NotifyServlet-11ee02f8[EMBEDDED:null]
[][5005][2018-10-11 15:26:08][DEBUG][main][org.eclipse.jetty.http.pathmap.PathMappings:239]Added MappedResource[pathSpec=ServletPathSpec["/notify",pathDepth=1,group=EXACT],resource=com.cellsgame.game.servlet.NotifyServlet-11ee02f8@50a2c8d2==com.cellsgame.game.servlet.NotifyServlet,jsp=null,order=-1,inst=true] to PathMappings[size=14]
[][5005][2018-10-11 15:26:08][DEBUG][main][org.eclipse.jetty.servlet.ServletHandler:1439]Path=/onlineSize[EMBEDDED:null] mapped to servlet=com.cellsgame.game.servlet.GetOnlineSizeServlet-77b325b3[EMBEDDED:null]
[][5005][2018-10-11 15:26:08][DEBUG][main][org.eclipse.jetty.http.pathmap.PathMappings:239]Added MappedResource[pathSpec=ServletPathSpec["/onlineSize",pathDepth=1,group=EXACT],resource=com.cellsgame.game.servlet.GetOnlineSizeServlet-77b325b3@28d562ea==com.cellsgame.game.servlet.GetOnlineSizeServlet,jsp=null,order=-1,inst=true] to PathMappings[size=15]
[][5005][2018-10-11 15:26:08][DEBUG][main][org.eclipse.jetty.servlet.ServletHandler:1439]Path=/stateChange[EMBEDDED:null] mapped to servlet=com.cellsgame.game.servlet.GameStateChangeServlet-f325091[EMBEDDED:null]
[][5005][2018-10-11 15:26:08][DEBUG][main][org.eclipse.jetty.http.pathmap.PathMappings:239]Added MappedResource[pathSpec=ServletPathSpec["/stateChange",pathDepth=1,group=EXACT],resource=com.cellsgame.game.servlet.GameStateChangeServlet-f325091@fab4e8ee==com.cellsgame.game.servlet.GameStateChangeServlet,jsp=null,order=-1,inst=true] to PathMappings[size=16]
[][5005][2018-10-11 15:26:08][DEBUG][main][org.eclipse.jetty.servlet.ServletHandler:1439]Path=/changeGoods[EMBEDDED:null] mapped to servlet=com.cellsgame.game.servlet.ChangeGoodsServlet-315df4bb[EMBEDDED:null]
[][5005][2018-10-11 15:26:08][DEBUG][main][org.eclipse.jetty.http.pathmap.PathMappings:239]Added MappedResource[pathSpec=ServletPathSpec["/changeGoods",pathDepth=1,group=EXACT],resource=com.cellsgame.game.servlet.ChangeGoodsServlet-315df4bb@1bb858bc==com.cellsgame.game.servlet.ChangeGoodsServlet,jsp=null,order=-1,inst=true] to PathMappings[size=17]
[][5006][2018-10-11 15:26:08][DEBUG][main][org.eclipse.jetty.servlet.ServletHandler:1439]Path=/reissueOrder[EMBEDDED:null] mapped to servlet=com.cellsgame.game.servlet.ReissuePayFailOrderServlet-49ef32e0[EMBEDDED:null]
[][5006][2018-10-11 15:26:08][DEBUG][main][org.eclipse.jetty.http.pathmap.PathMappings:239]Added MappedResource[pathSpec=ServletPathSpec["/reissueOrder",pathDepth=1,group=EXACT],resource=com.cellsgame.game.servlet.ReissuePayFailOrderServlet-49ef32e0@2c71ee59==com.cellsgame.game.servlet.ReissuePayFailOrderServlet,jsp=null,order=-1,inst=true] to PathMappings[size=18]
[][5006][2018-10-11 15:26:08][DEBUG][main][org.eclipse.jetty.servlet.ServletHandler:1439]Path=/loadPlayer[EMBEDDED:null] mapped to servlet=com.cellsgame.game.servlet.LoadPlayerServlet-28fa700e[EMBEDDED:null]
[][5006][2018-10-11 15:26:08][DEBUG][main][org.eclipse.jetty.http.pathmap.PathMappings:239]Added MappedResource[pathSpec=ServletPathSpec["/loadPlayer",pathDepth=1,group=EXACT],resource=com.cellsgame.game.servlet.LoadPlayerServlet-28fa700e@8b3d556b==com.cellsgame.game.servlet.LoadPlayerServlet,jsp=null,order=-1,inst=true] to PathMappings[size=19]
[][5006][2018-10-11 15:26:08][DEBUG][main][org.eclipse.jetty.servlet.ServletHandler:1439]Path=/deleteActivity[EMBEDDED:null] mapped to servlet=com.cellsgame.game.servlet.DeleteActivityServlet-61a5b4ae[EMBEDDED:null]
[][5006][2018-10-11 15:26:08][DEBUG][main][org.eclipse.jetty.http.pathmap.PathMappings:239]Added MappedResource[pathSpec=ServletPathSpec["/deleteActivity",pathDepth=1,group=EXACT],resource=com.cellsgame.game.servlet.DeleteActivityServlet-61a5b4ae@597e6bb4==com.cellsgame.game.servlet.DeleteActivityServlet,jsp=null,order=-1,inst=true] to PathMappings[size=20]
[][5006][2018-10-11 15:26:08][DEBUG][main][org.eclipse.jetty.servlet.ServletHandler:1439]Path=/createStore[EMBEDDED:null] mapped to servlet=com.cellsgame.game.servlet.CreateStoreServlet-271f18d3[EMBEDDED:null]
[][5007][2018-10-11 15:26:08][DEBUG][main][org.eclipse.jetty.http.pathmap.PathMappings:239]Added MappedResource[pathSpec=ServletPathSpec["/createStore",pathDepth=1,group=EXACT],resource=com.cellsgame.game.servlet.CreateStoreServlet-271f18d3@7a213910==com.cellsgame.game.servlet.CreateStoreServlet,jsp=null,order=-1,inst=true] to PathMappings[size=21]
[][5007][2018-10-11 15:26:08][DEBUG][main][org.eclipse.jetty.servlet.ServletHandler:1439]Path=/changeCurrency[EMBEDDED:null] mapped to servlet=com.cellsgame.game.servlet.ChangeCurrencyServlet-4d4d48a6[EMBEDDED:null]
[][5007][2018-10-11 15:26:08][DEBUG][main][org.eclipse.jetty.http.pathmap.PathMappings:239]Added MappedResource[pathSpec=ServletPathSpec["/changeCurrency",pathDepth=1,group=EXACT],resource=com.cellsgame.game.servlet.ChangeCurrencyServlet-4d4d48a6@230a6f==com.cellsgame.game.servlet.ChangeCurrencyServlet,jsp=null,order=-1,inst=true] to PathMappings[size=22]
[][5007][2018-10-11 15:26:08][DEBUG][main][org.eclipse.jetty.servlet.ServletHandler:1464]filterNameMap={}
[][5007][2018-10-11 15:26:08][DEBUG][main][org.eclipse.jetty.servlet.ServletHandler:1465]pathFilters=null
[][5007][2018-10-11 15:26:08][DEBUG][main][org.eclipse.jetty.servlet.ServletHandler:1466]servletFilterMap=null
[][5007][2018-10-11 15:26:08][DEBUG][main][org.eclipse.jetty.servlet.ServletHandler:1467]servletPathMap=PathMappings[size=22]
[][5008][2018-10-11 15:26:08][DEBUG][main][org.eclipse.jetty.servlet.ServletHandler:1468]servletNameMap={com.cellsgame.game.servlet.QueryStoreServlet-61e3a1fd=com.cellsgame.game.servlet.QueryStoreServlet-61e3a1fd@3107bbc5==com.cellsgame.game.servlet.QueryStoreServlet,jsp=null,order=-1,inst=true, com.cellsgame.game.servlet.UpdateAllowLoginIpServlet-3fc08eec=com.cellsgame.game.servlet.UpdateAllowLoginIpServlet-3fc08eec@f612d410==com.cellsgame.game.servlet.UpdateAllowLoginIpServlet,jsp=null,order=-1,inst=true, com.cellsgame.game.servlet.MailServlet-5b69fd74=com.cellsgame.game.servlet.MailServlet-5b69fd74@bb34b817==com.cellsgame.game.servlet.MailServlet,jsp=null,order=-1,inst=true, com.cellsgame.game.servlet.ChangeGoodsServlet-315df4bb=com.cellsgame.game.servlet.ChangeGoodsServlet-315df4bb@1bb858bc==com.cellsgame.game.servlet.ChangeGoodsServlet,jsp=null,order=-1,inst=true, com.cellsgame.game.servlet.ReissuePayFailOrderServlet-49ef32e0=com.cellsgame.game.servlet.ReissuePayFailOrderServlet-49ef32e0@2c71ee59==com.cellsgame.game.servlet.ReissuePayFailOrderServlet,jsp=null,order=-1,inst=true, com.cellsgame.game.servlet.GetPlayerBaseInfoServlet-3f3c966c=com.cellsgame.game.servlet.GetPlayerBaseInfoServlet-3f3c966c@3f57b03e==com.cellsgame.game.servlet.GetPlayerBaseInfoServlet,jsp=null,order=-1,inst=true, com.cellsgame.game.servlet.DeleteActivityServlet-61a5b4ae=com.cellsgame.game.servlet.DeleteActivityServlet-61a5b4ae@597e6bb4==com.cellsgame.game.servlet.DeleteActivityServlet,jsp=null,order=-1,inst=true, org.eclipse.jetty.servlet.ServletHandler$Default404Servlet-125c082e=org.eclipse.jetty.servlet.ServletHandler$Default404Servlet-125c082e@f4348d3e==org.eclipse.jetty.servlet.ServletHandler$Default404Servlet,jsp=null,order=-1,inst=false, com.cellsgame.game.servlet.ChangeCurrencyServlet-4d4d48a6=com.cellsgame.game.servlet.ChangeCurrencyServlet-4d4d48a6@230a6f==com.cellsgame.game.servlet.ChangeCurrencyServlet,jsp=null,order=-1,inst=true, com.cellsgame.game.servlet.NotifyServlet-11ee02f8=com.cellsgame.game.servlet.NotifyServlet-11ee02f8@50a2c8d2==com.cellsgame.game.servlet.NotifyServlet,jsp=null,order=-1,inst=true, com.cellsgame.game.servlet.ChangePlayerStateServlet-63a5e46c=com.cellsgame.game.servlet.ChangePlayerStateServlet-63a5e46c@61791b68==com.cellsgame.game.servlet.ChangePlayerStateServlet,jsp=null,order=-1,inst=true, com.cellsgame.game.servlet.CreateStoreServlet-271f18d3=com.cellsgame.game.servlet.CreateStoreServlet-271f18d3@7a213910==com.cellsgame.game.servlet.CreateStoreServlet,jsp=null,order=-1,inst=true, com.cellsgame.game.servlet.DeleteStoreServlet-6bd51ed8=com.cellsgame.game.servlet.DeleteStoreServlet-6bd51ed8@ff476016==com.cellsgame.game.servlet.DeleteStoreServlet,jsp=null,order=-1,inst=true, com.cellsgame.game.servlet.ReleaseActivityServlet-4102b1b1=com.cellsgame.game.servlet.ReleaseActivityServlet-4102b1b1@dd7d5b8e==com.cellsgame.game.servlet.ReleaseActivityServlet,jsp=null,order=-1,inst=true, com.cellsgame.game.servlet.UpdateStoreServlet-51abf713=com.cellsgame.game.servlet.UpdateStoreServlet-51abf713@45f7e403==com.cellsgame.game.servlet.UpdateStoreServlet,jsp=null,order=-1,inst=true, com.cellsgame.game.servlet.GetRankServlet-eadb475=com.cellsgame.game.servlet.GetRankServlet-eadb475@44cf713b==com.cellsgame.game.servlet.GetRankServlet,jsp=null,order=-1,inst=true, com.cellsgame.game.servlet.QueryActivityServlet-3a71c100=com.cellsgame.game.servlet.QueryActivityServlet-3a71c100@cffd1488==com.cellsgame.game.servlet.QueryActivityServlet,jsp=null,order=-1,inst=true, com.cellsgame.game.servlet.LoadPlayerServlet-28fa700e=com.cellsgame.game.servlet.LoadPlayerServlet-28fa700e@8b3d556b==com.cellsgame.game.servlet.LoadPlayerServlet,jsp=null,order=-1,inst=true, com.cellsgame.game.servlet.GameStateChangeServlet-f325091=com.cellsgame.game.servlet.GameStateChangeServlet-f325091@fab4e8ee==com.cellsgame.game.servlet.GameStateChangeServlet,jsp=null,order=-1,inst=true, com.cellsgame.game.servlet.ChangePlayerStateServlet-7e8e8651=com.cellsgame.game.servlet.ChangePlayerStateServlet-7e8e8651@daeb2430==com.cellsgame.game.servlet.ChangePlayerStateServlet,jsp=null,order=-1,inst=true, com.cellsgame.game.servlet.GetGameStateServlet-437e951d=com.cellsgame.game.servlet.GetGameStateServlet-437e951d@6e0581ba==com.cellsgame.game.servlet.GetGameStateServlet,jsp=null,order=-1,inst=true, com.cellsgame.game.servlet.GetOnlineSizeServlet-77b325b3=com.cellsgame.game.servlet.GetOnlineSizeServlet-77b325b3@28d562ea==com.cellsgame.game.servlet.GetOnlineSizeServlet,jsp=null,order=-1,inst=true}
[][5009][2018-10-11 15:26:08][DEBUG][main][org.eclipse.jetty.server.handler.AbstractHandler:110]starting org.eclipse.jetty.servlet.ServletHandler@106faf11
[][5009][2018-10-11 15:26:08][DEBUG][main][org.eclipse.jetty.util.component.AbstractLifeCycle:177]STARTED @5120ms org.eclipse.jetty.servlet.ServletHandler@106faf11
[][5009][2018-10-11 15:26:08][DEBUG][main][org.eclipse.jetty.util.component.AbstractLifeCycle:185]starting org.eclipse.jetty.server.session.DefaultSessionCache@4c7a078[evict=-1,removeUnloadable=false,saveOnCreate=false,saveOnInactiveEvict=false]
[][5009][2018-10-11 15:26:08][DEBUG][main][org.eclipse.jetty.util.component.AbstractLifeCycle:185]starting org.eclipse.jetty.server.session.NullSessionDataStore@6bb7cce7[passivating=false,graceSec=3600]
[][5009][2018-10-11 15:26:08][DEBUG][main][org.eclipse.jetty.util.component.AbstractLifeCycle:177]STARTED @5121ms org.eclipse.jetty.server.session.NullSessionDataStore@6bb7cce7[passivating=false,graceSec=3600]
[][5009][2018-10-11 15:26:08][DEBUG][main][org.eclipse.jetty.util.component.AbstractLifeCycle:177]STARTED @5121ms org.eclipse.jetty.server.session.DefaultSessionCache@4c7a078[evict=-1,removeUnloadable=false,saveOnCreate=false,saveOnInactiveEvict=false]
[][5010][2018-10-11 15:26:08][DEBUG][main][org.eclipse.jetty.util.component.AbstractLifeCycle:177]STARTED @5121ms org.eclipse.jetty.server.session.SessionHandler1637601612==dftMaxIdleSec=-1
[][5010][2018-10-11 15:26:08][DEBUG][main][org.eclipse.jetty.util.component.AbstractLifeCycle:185]starting com.cellsgame.game.servlet.ChangeCurrencyServlet-4d4d48a6@230a6f==com.cellsgame.game.servlet.ChangeCurrencyServlet,jsp=null,order=-1,inst=true
[][5011][2018-10-11 15:26:08][DEBUG][main][org.eclipse.jetty.util.component.AbstractLifeCycle:177]STARTED @5123ms com.cellsgame.game.servlet.ChangeCurrencyServlet-4d4d48a6@230a6f==com.cellsgame.game.servlet.ChangeCurrencyServlet,jsp=null,order=-1,inst=true
[][5013][2018-10-11 15:26:08][DEBUG][main][org.eclipse.jetty.servlet.ServletHolder:636]Servlet.init com.cellsgame.game.servlet.ChangeCurrencyServlet@78d50a3c for com.cellsgame.game.servlet.ChangeCurrencyServlet-4d4d48a6
[][5014][2018-10-11 15:26:08][DEBUG][main][org.eclipse.jetty.util.component.AbstractLifeCycle:185]starting com.cellsgame.game.servlet.ChangeGoodsServlet-315df4bb@1bb858bc==com.cellsgame.game.servlet.ChangeGoodsServlet,jsp=null,order=-1,inst=true
[][5014][2018-10-11 15:26:08][DEBUG][main][org.eclipse.jetty.util.component.AbstractLifeCycle:177]STARTED @5125ms com.cellsgame.game.servlet.ChangeGoodsServlet-315df4bb@1bb858bc==com.cellsgame.game.servlet.ChangeGoodsServlet,jsp=null,order=-1,inst=true
[][5014][2018-10-11 15:26:08][DEBUG][main][org.eclipse.jetty.servlet.ServletHolder:636]Servlet.init com.cellsgame.game.servlet.ChangeGoodsServlet@2fb69ff6 for com.cellsgame.game.servlet.ChangeGoodsServlet-315df4bb
[][5014][2018-10-11 15:26:08][DEBUG][main][org.eclipse.jetty.util.component.AbstractLifeCycle:185]starting com.cellsgame.game.servlet.ChangePlayerStateServlet-63a5e46c@61791b68==com.cellsgame.game.servlet.ChangePlayerStateServlet,jsp=null,order=-1,inst=true
[][5014][2018-10-11 15:26:08][DEBUG][main][org.eclipse.jetty.util.component.AbstractLifeCycle:177]STARTED @5126ms com.cellsgame.game.servlet.ChangePlayerStateServlet-63a5e46c@61791b68==com.cellsgame.game.servlet.ChangePlayerStateServlet,jsp=null,order=-1,inst=true
[][5014][2018-10-11 15:26:08][DEBUG][main][org.eclipse.jetty.servlet.ServletHolder:636]Servlet.init com.cellsgame.game.servlet.ChangePlayerStateServlet@cda4919 for com.cellsgame.game.servlet.ChangePlayerStateServlet-63a5e46c
[][5014][2018-10-11 15:26:08][DEBUG][main][org.eclipse.jetty.util.component.AbstractLifeCycle:185]starting com.cellsgame.game.servlet.ChangePlayerStateServlet-7e8e8651@daeb2430==com.cellsgame.game.servlet.ChangePlayerStateServlet,jsp=null,order=-1,inst=true
[][5014][2018-10-11 15:26:08][DEBUG][main][org.eclipse.jetty.util.component.AbstractLifeCycle:177]STARTED @5126ms com.cellsgame.game.servlet.ChangePlayerStateServlet-7e8e8651@daeb2430==com.cellsgame.game.servlet.ChangePlayerStateServlet,jsp=null,order=-1,inst=true
[][5015][2018-10-11 15:26:08][DEBUG][main][org.eclipse.jetty.servlet.ServletHolder:636]Servlet.init com.cellsgame.game.servlet.ChangePlayerStateServlet@7f4d9395 for com.cellsgame.game.servlet.ChangePlayerStateServlet-7e8e8651
[][5015][2018-10-11 15:26:08][DEBUG][main][org.eclipse.jetty.util.component.AbstractLifeCycle:185]starting com.cellsgame.game.servlet.CreateStoreServlet-271f18d3@7a213910==com.cellsgame.game.servlet.CreateStoreServlet,jsp=null,order=-1,inst=true
[][5015][2018-10-11 15:26:08][DEBUG][main][org.eclipse.jetty.util.component.AbstractLifeCycle:177]STARTED @5126ms com.cellsgame.game.servlet.CreateStoreServlet-271f18d3@7a213910==com.cellsgame.game.servlet.CreateStoreServlet,jsp=null,order=-1,inst=true
[][5015][2018-10-11 15:26:08][DEBUG][main][org.eclipse.jetty.servlet.ServletHolder:636]Servlet.init com.cellsgame.game.servlet.CreateStoreServlet@2f19f2aa for com.cellsgame.game.servlet.CreateStoreServlet-271f18d3
[][5015][2018-10-11 15:26:08][DEBUG][main][org.eclipse.jetty.util.component.AbstractLifeCycle:185]starting com.cellsgame.game.servlet.DeleteActivityServlet-61a5b4ae@597e6bb4==com.cellsgame.game.servlet.DeleteActivityServlet,jsp=null,order=-1,inst=true
[][5016][2018-10-11 15:26:08][DEBUG][main][org.eclipse.jetty.util.component.AbstractLifeCycle:177]STARTED @5127ms com.cellsgame.game.servlet.DeleteActivityServlet-61a5b4ae@597e6bb4==com.cellsgame.game.servlet.DeleteActivityServlet,jsp=null,order=-1,inst=true
[][5016][2018-10-11 15:26:08][DEBUG][main][org.eclipse.jetty.servlet.ServletHolder:636]Servlet.init com.cellsgame.game.servlet.DeleteActivityServlet@6a078481 for com.cellsgame.game.servlet.DeleteActivityServlet-61a5b4ae
[][5016][2018-10-11 15:26:08][DEBUG][main][org.eclipse.jetty.util.component.AbstractLifeCycle:185]starting com.cellsgame.game.servlet.DeleteStoreServlet-6bd51ed8@ff476016==com.cellsgame.game.servlet.DeleteStoreServlet,jsp=null,order=-1,inst=true
[][5016][2018-10-11 15:26:08][DEBUG][main][org.eclipse.jetty.util.component.AbstractLifeCycle:177]STARTED @5127ms com.cellsgame.game.servlet.DeleteStoreServlet-6bd51ed8@ff476016==com.cellsgame.game.servlet.DeleteStoreServlet,jsp=null,order=-1,inst=true
[][5016][2018-10-11 15:26:08][DEBUG][main][org.eclipse.jetty.servlet.ServletHolder:636]Servlet.init com.cellsgame.game.servlet.DeleteStoreServlet@79c5636f for com.cellsgame.game.servlet.DeleteStoreServlet-6bd51ed8
[][5016][2018-10-11 15:26:08][DEBUG][main][org.eclipse.jetty.util.component.AbstractLifeCycle:185]starting com.cellsgame.game.servlet.GameStateChangeServlet-f325091@fab4e8ee==com.cellsgame.game.servlet.GameStateChangeServlet,jsp=null,order=-1,inst=true
[][5016][2018-10-11 15:26:08][DEBUG][main][org.eclipse.jetty.util.component.AbstractLifeCycle:177]STARTED @5128ms com.cellsgame.game.servlet.GameStateChangeServlet-f325091@fab4e8ee==com.cellsgame.game.servlet.GameStateChangeServlet,jsp=null,order=-1,inst=true
[][5016][2018-10-11 15:26:08][DEBUG][main][org.eclipse.jetty.servlet.ServletHolder:636]Servlet.init com.cellsgame.game.servlet.GameStateChangeServlet@1929425f for com.cellsgame.game.servlet.GameStateChangeServlet-f325091
[][5016][2018-10-11 15:26:08][DEBUG][main][org.eclipse.jetty.util.component.AbstractLifeCycle:185]starting com.cellsgame.game.servlet.GetGameStateServlet-437e951d@6e0581ba==com.cellsgame.game.servlet.GetGameStateServlet,jsp=null,order=-1,inst=true
[][5017][2018-10-11 15:26:08][DEBUG][main][org.eclipse.jetty.util.component.AbstractLifeCycle:177]STARTED @5128ms com.cellsgame.game.servlet.GetGameStateServlet-437e951d@6e0581ba==com.cellsgame.game.servlet.GetGameStateServlet,jsp=null,order=-1,inst=true
[][5017][2018-10-11 15:26:08][DEBUG][main][org.eclipse.jetty.servlet.ServletHolder:636]Servlet.init com.cellsgame.game.servlet.GetGameStateServlet@718607eb for com.cellsgame.game.servlet.GetGameStateServlet-437e951d
[][5017][2018-10-11 15:26:08][DEBUG][main][org.eclipse.jetty.util.component.AbstractLifeCycle:185]starting com.cellsgame.game.servlet.GetOnlineSizeServlet-77b325b3@28d562ea==com.cellsgame.game.servlet.GetOnlineSizeServlet,jsp=null,order=-1,inst=true
[][5017][2018-10-11 15:26:08][DEBUG][main][org.eclipse.jetty.util.component.AbstractLifeCycle:177]STARTED @5128ms com.cellsgame.game.servlet.GetOnlineSizeServlet-77b325b3@28d562ea==com.cellsgame.game.servlet.GetOnlineSizeServlet,jsp=null,order=-1,inst=true
[][5017][2018-10-11 15:26:08][DEBUG][main][org.eclipse.jetty.servlet.ServletHolder:636]Servlet.init com.cellsgame.game.servlet.GetOnlineSizeServlet@27f3b6d6 for com.cellsgame.game.servlet.GetOnlineSizeServlet-77b325b3
[][5017][2018-10-11 15:26:08][DEBUG][main][org.eclipse.jetty.util.component.AbstractLifeCycle:185]starting com.cellsgame.game.servlet.GetPlayerBaseInfoServlet-3f3c966c@3f57b03e==com.cellsgame.game.servlet.GetPlayerBaseInfoServlet,jsp=null,order=-1,inst=true
[][5017][2018-10-11 15:26:08][DEBUG][main][org.eclipse.jetty.util.component.AbstractLifeCycle:177]STARTED @5129ms com.cellsgame.game.servlet.GetPlayerBaseInfoServlet-3f3c966c@3f57b03e==com.cellsgame.game.servlet.GetPlayerBaseInfoServlet,jsp=null,order=-1,inst=true
[][5017][2018-10-11 15:26:08][DEBUG][main][org.eclipse.jetty.servlet.ServletHolder:636]Servlet.init com.cellsgame.game.servlet.GetPlayerBaseInfoServlet@757f675c for com.cellsgame.game.servlet.GetPlayerBaseInfoServlet-3f3c966c
[][5017][2018-10-11 15:26:08][DEBUG][main][org.eclipse.jetty.util.component.AbstractLifeCycle:185]starting com.cellsgame.game.servlet.GetRankServlet-eadb475@44cf713b==com.cellsgame.game.servlet.GetRankServlet,jsp=null,order=-1,inst=true
[][5017][2018-10-11 15:26:08][DEBUG][main][org.eclipse.jetty.util.component.AbstractLifeCycle:177]STARTED @5129ms com.cellsgame.game.servlet.GetRankServlet-eadb475@44cf713b==com.cellsgame.game.servlet.GetRankServlet,jsp=null,order=-1,inst=true
[][5018][2018-10-11 15:26:08][DEBUG][main][org.eclipse.jetty.servlet.ServletHolder:636]Servlet.init com.cellsgame.game.servlet.GetRankServlet@2617f816 for com.cellsgame.game.servlet.GetRankServlet-eadb475
[][5018][2018-10-11 15:26:08][DEBUG][main][org.eclipse.jetty.util.component.AbstractLifeCycle:185]starting com.cellsgame.game.servlet.LoadPlayerServlet-28fa700e@8b3d556b==com.cellsgame.game.servlet.LoadPlayerServlet,jsp=null,order=-1,inst=true
[][5018][2018-10-11 15:26:08][DEBUG][main][org.eclipse.jetty.util.component.AbstractLifeCycle:177]STARTED @5129ms com.cellsgame.game.servlet.LoadPlayerServlet-28fa700e@8b3d556b==com.cellsgame.game.servlet.LoadPlayerServlet,jsp=null,order=-1,inst=true
[][5018][2018-10-11 15:26:08][DEBUG][main][org.eclipse.jetty.servlet.ServletHolder:636]Servlet.init com.cellsgame.game.servlet.LoadPlayerServlet@676f0a60 for com.cellsgame.game.servlet.LoadPlayerServlet-28fa700e
[][5018][2018-10-11 15:26:08][DEBUG][main][org.eclipse.jetty.util.component.AbstractLifeCycle:185]starting com.cellsgame.game.servlet.MailServlet-5b69fd74@bb34b817==com.cellsgame.game.servlet.MailServlet,jsp=null,order=-1,inst=true
[][5018][2018-10-11 15:26:08][DEBUG][main][org.eclipse.jetty.util.component.AbstractLifeCycle:177]STARTED @5130ms com.cellsgame.game.servlet.MailServlet-5b69fd74@bb34b817==com.cellsgame.game.servlet.MailServlet,jsp=null,order=-1,inst=true
[][5018][2018-10-11 15:26:08][DEBUG][main][org.eclipse.jetty.servlet.ServletHolder:636]Servlet.init com.cellsgame.game.servlet.MailServlet@5d10455d for com.cellsgame.game.servlet.MailServlet-5b69fd74
[][5018][2018-10-11 15:26:08][DEBUG][main][org.eclipse.jetty.util.component.AbstractLifeCycle:185]starting com.cellsgame.game.servlet.NotifyServlet-11ee02f8@50a2c8d2==com.cellsgame.game.servlet.NotifyServlet,jsp=null,order=-1,inst=true
[][5018][2018-10-11 15:26:08][DEBUG][main][org.eclipse.jetty.util.component.AbstractLifeCycle:177]STARTED @5130ms com.cellsgame.game.servlet.NotifyServlet-11ee02f8@50a2c8d2==com.cellsgame.game.servlet.NotifyServlet,jsp=null,order=-1,inst=true
[][5019][2018-10-11 15:26:08][DEBUG][main][org.eclipse.jetty.servlet.ServletHolder:636]Servlet.init com.cellsgame.game.servlet.NotifyServlet@535b8c24 for com.cellsgame.game.servlet.NotifyServlet-11ee02f8
[][5019][2018-10-11 15:26:08][DEBUG][main][org.eclipse.jetty.util.component.AbstractLifeCycle:185]starting com.cellsgame.game.servlet.QueryActivityServlet-3a71c100@cffd1488==com.cellsgame.game.servlet.QueryActivityServlet,jsp=null,order=-1,inst=true
[][5019][2018-10-11 15:26:08][DEBUG][main][org.eclipse.jetty.util.component.AbstractLifeCycle:177]STARTED @5130ms com.cellsgame.game.servlet.QueryActivityServlet-3a71c100@cffd1488==com.cellsgame.game.servlet.QueryActivityServlet,jsp=null,order=-1,inst=true
[][5019][2018-10-11 15:26:08][DEBUG][main][org.eclipse.jetty.servlet.ServletHolder:636]Servlet.init com.cellsgame.game.servlet.QueryActivityServlet@4a951911 for com.cellsgame.game.servlet.QueryActivityServlet-3a71c100
[][5019][2018-10-11 15:26:08][DEBUG][main][org.eclipse.jetty.util.component.AbstractLifeCycle:185]starting com.cellsgame.game.servlet.QueryStoreServlet-61e3a1fd@3107bbc5==com.cellsgame.game.servlet.QueryStoreServlet,jsp=null,order=-1,inst=true
[][5019][2018-10-11 15:26:08][DEBUG][main][org.eclipse.jetty.util.component.AbstractLifeCycle:177]STARTED @5130ms com.cellsgame.game.servlet.QueryStoreServlet-61e3a1fd@3107bbc5==com.cellsgame.game.servlet.QueryStoreServlet,jsp=null,order=-1,inst=true
[][5019][2018-10-11 15:26:08][DEBUG][main][org.eclipse.jetty.servlet.ServletHolder:636]Servlet.init com.cellsgame.game.servlet.QueryStoreServlet@55b62629 for com.cellsgame.game.servlet.QueryStoreServlet-61e3a1fd
[][5019][2018-10-11 15:26:08][DEBUG][main][org.eclipse.jetty.util.component.AbstractLifeCycle:185]starting com.cellsgame.game.servlet.ReissuePayFailOrderServlet-49ef32e0@2c71ee59==com.cellsgame.game.servlet.ReissuePayFailOrderServlet,jsp=null,order=-1,inst=true
[][5019][2018-10-11 15:26:08][DEBUG][main][org.eclipse.jetty.util.component.AbstractLifeCycle:177]STARTED @5131ms com.cellsgame.game.servlet.ReissuePayFailOrderServlet-49ef32e0@2c71ee59==com.cellsgame.game.servlet.ReissuePayFailOrderServlet,jsp=null,order=-1,inst=true
[][5019][2018-10-11 15:26:08][DEBUG][main][org.eclipse.jetty.servlet.ServletHolder:636]Servlet.init com.cellsgame.game.servlet.ReissuePayFailOrderServlet@a53bb6f for com.cellsgame.game.servlet.ReissuePayFailOrderServlet-49ef32e0
[][5020][2018-10-11 15:26:08][DEBUG][main][org.eclipse.jetty.util.component.AbstractLifeCycle:185]starting com.cellsgame.game.servlet.ReleaseActivityServlet-4102b1b1@dd7d5b8e==com.cellsgame.game.servlet.ReleaseActivityServlet,jsp=null,order=-1,inst=true
[][5020][2018-10-11 15:26:08][DEBUG][main][org.eclipse.jetty.util.component.AbstractLifeCycle:177]STARTED @5131ms com.cellsgame.game.servlet.ReleaseActivityServlet-4102b1b1@dd7d5b8e==com.cellsgame.game.servlet.ReleaseActivityServlet,jsp=null,order=-1,inst=true
[][5020][2018-10-11 15:26:08][DEBUG][main][org.eclipse.jetty.servlet.ServletHolder:636]Servlet.init com.cellsgame.game.servlet.ReleaseActivityServlet@5e63cad for com.cellsgame.game.servlet.ReleaseActivityServlet-4102b1b1
[][5020][2018-10-11 15:26:08][DEBUG][main][org.eclipse.jetty.util.component.AbstractLifeCycle:185]starting com.cellsgame.game.servlet.UpdateAllowLoginIpServlet-3fc08eec@f612d410==com.cellsgame.game.servlet.UpdateAllowLoginIpServlet,jsp=null,order=-1,inst=true
[][5020][2018-10-11 15:26:08][DEBUG][main][org.eclipse.jetty.util.component.AbstractLifeCycle:177]STARTED @5131ms com.cellsgame.game.servlet.UpdateAllowLoginIpServlet-3fc08eec@f612d410==com.cellsgame.game.servlet.UpdateAllowLoginIpServlet,jsp=null,order=-1,inst=true
[][5020][2018-10-11 15:26:08][DEBUG][main][org.eclipse.jetty.servlet.ServletHolder:636]Servlet.init com.cellsgame.game.servlet.UpdateAllowLoginIpServlet@6759f091 for com.cellsgame.game.servlet.UpdateAllowLoginIpServlet-3fc08eec
[][5020][2018-10-11 15:26:08][DEBUG][main][org.eclipse.jetty.util.component.AbstractLifeCycle:185]starting com.cellsgame.game.servlet.UpdateStoreServlet-51abf713@45f7e403==com.cellsgame.game.servlet.UpdateStoreServlet,jsp=null,order=-1,inst=true
[][5020][2018-10-11 15:26:08][DEBUG][main][org.eclipse.jetty.util.component.AbstractLifeCycle:177]STARTED @5132ms com.cellsgame.game.servlet.UpdateStoreServlet-51abf713@45f7e403==com.cellsgame.game.servlet.UpdateStoreServlet,jsp=null,order=-1,inst=true
[][5020][2018-10-11 15:26:08][DEBUG][main][org.eclipse.jetty.servlet.ServletHolder:636]Servlet.init com.cellsgame.game.servlet.UpdateStoreServlet@33a053d for com.cellsgame.game.servlet.UpdateStoreServlet-51abf713
[][5021][2018-10-11 15:26:08][DEBUG][main][org.eclipse.jetty.util.component.AbstractLifeCycle:185]starting org.eclipse.jetty.servlet.ServletHandler$Default404Servlet-125c082e@f4348d3e==org.eclipse.jetty.servlet.ServletHandler$Default404Servlet,jsp=null,order=-1,inst=false
[][5021][2018-10-11 15:26:08][DEBUG][main][org.eclipse.jetty.util.component.AbstractLifeCycle:177]STARTED @5132ms org.eclipse.jetty.servlet.ServletHandler$Default404Servlet-125c082e@f4348d3e==org.eclipse.jetty.servlet.ServletHandler$Default404Servlet,jsp=null,order=-1,inst=false
[][5021][2018-10-11 15:26:08][DEBUG][main][org.eclipse.jetty.util.component.AbstractLifeCycle:177]STARTED @5132ms o.e.j.s.ServletContextHandler@6754ef00{/game,null,AVAILABLE}
[][5021][2018-10-11 15:26:08][DEBUG][main][org.eclipse.jetty.util.component.AbstractLifeCycle:185]starting org.eclipse.jetty.server.handler.ErrorHandler@20765ed5
[][5021][2018-10-11 15:26:08][DEBUG][main][org.eclipse.jetty.server.handler.AbstractHandler:110]starting org.eclipse.jetty.server.handler.ErrorHandler@20765ed5
[][5021][2018-10-11 15:26:08][DEBUG][main][org.eclipse.jetty.util.component.AbstractLifeCycle:177]STARTED @5133ms org.eclipse.jetty.server.handler.ErrorHandler@20765ed5
[][5021][2018-10-11 15:26:08][DEBUG][main][org.eclipse.jetty.util.component.AbstractLifeCycle:185]starting ServerConnector@38d5b107{HTTP/1.1,[http/1.1]}{0.0.0.0:7001}
[][5027][2018-10-11 15:26:08][DEBUG][main][org.eclipse.jetty.util.component.ContainerLifeCycle:322]ServerConnector@38d5b107{HTTP/1.1,[http/1.1]}{0.0.0.0:7001} added {sun.nio.ch.ServerSocketChannelImpl[/0:0:0:0:0:0:0:0:7001],POJO}
[][5028][2018-10-11 15:26:08][DEBUG][main][org.eclipse.jetty.util.component.AbstractLifeCycle:185]starting org.eclipse.jetty.util.thread.ScheduledExecutorScheduler@6979efad
[][5028][2018-10-11 15:26:08][DEBUG][main][org.eclipse.jetty.util.component.AbstractLifeCycle:177]STARTED @5140ms org.eclipse.jetty.util.thread.ScheduledExecutorScheduler@6979efad
[][5029][2018-10-11 15:26:08][DEBUG][main][org.eclipse.jetty.util.component.AbstractLifeCycle:185]starting HttpConnectionFactory@5bbbdd4b[HTTP/1.1]
[][5029][2018-10-11 15:26:08][DEBUG][main][org.eclipse.jetty.util.component.AbstractLifeCycle:177]STARTED @5140ms HttpConnectionFactory@5bbbdd4b[HTTP/1.1]
[][5029][2018-10-11 15:26:08][DEBUG][main][org.eclipse.jetty.util.component.AbstractLifeCycle:185]starting org.eclipse.jetty.server.ServerConnector$ServerConnectorManager@450794b4
[][5036][2018-10-11 15:26:08][DEBUG][main][org.eclipse.jetty.util.component.ContainerLifeCycle:322]org.eclipse.jetty.io.ManagedSelector@325f7fa9 id=0 keys=-1 selected=-1 added {EatWhatYouKill@11ce2e22/org.eclipse.jetty.io.ManagedSelector$SelectorProducer@63a5d002/IDLE/0/1,AUTO}
[][5036][2018-10-11 15:26:08][DEBUG][main][org.eclipse.jetty.util.component.ContainerLifeCycle:322]org.eclipse.jetty.server.ServerConnector$ServerConnectorManager@450794b4 added {org.eclipse.jetty.io.ManagedSelector@325f7fa9 id=0 keys=-1 selected=-1,AUTO}
[][5036][2018-10-11 15:26:08][DEBUG][main][org.eclipse.jetty.util.component.ContainerLifeCycle:322]org.eclipse.jetty.io.ManagedSelector@13cda7c9 id=1 keys=-1 selected=-1 added {EatWhatYouKill@5aa6202e/org.eclipse.jetty.io.ManagedSelector$SelectorProducer@3af9aa66/IDLE/0/1,AUTO}
[][5037][2018-10-11 15:26:08][DEBUG][main][org.eclipse.jetty.util.component.ContainerLifeCycle:322]org.eclipse.jetty.server.ServerConnector$ServerConnectorManager@450794b4 added {org.eclipse.jetty.io.ManagedSelector@13cda7c9 id=1 keys=-1 selected=-1,AUTO}
[][5037][2018-10-11 15:26:08][DEBUG][main][org.eclipse.jetty.util.component.AbstractLifeCycle:185]starting org.eclipse.jetty.io.ManagedSelector@325f7fa9 id=0 keys=-1 selected=-1
[][5037][2018-10-11 15:26:08][DEBUG][main][org.eclipse.jetty.util.component.AbstractLifeCycle:185]starting EatWhatYouKill@11ce2e22/org.eclipse.jetty.io.ManagedSelector$SelectorProducer@63a5d002/IDLE/0/1
[][5037][2018-10-11 15:26:08][DEBUG][main][org.eclipse.jetty.util.component.AbstractLifeCycle:177]STARTED @5148ms EatWhatYouKill@11ce2e22/org.eclipse.jetty.io.ManagedSelector$SelectorProducer@63a5d002/IDLE/0/1
[][5232][2018-10-11 15:26:08][DEBUG][main][org.eclipse.jetty.util.thread.QueuedThreadPool:381]queue org.eclipse.jetty.io.ManagedSelector$$Lambda$52/1015122628@5b69d40d
[][5232][2018-10-11 15:26:08][DEBUG][main][org.eclipse.jetty.util.component.AbstractLifeCycle:177]STARTED @5343ms org.eclipse.jetty.io.ManagedSelector@325f7fa9 id=0 keys=0 selected=0
[][5232][2018-10-11 15:26:08][DEBUG][qtp814377348-32][org.eclipse.jetty.util.thread.QueuedThreadPool:590]run org.eclipse.jetty.io.ManagedSelector$$Lambda$52/1015122628@5b69d40d
[][5232][2018-10-11 15:26:08][DEBUG][main][org.eclipse.jetty.util.component.AbstractLifeCycle:185]starting org.eclipse.jetty.io.ManagedSelector@13cda7c9 id=1 keys=-1 selected=-1
[][5232][2018-10-11 15:26:08][DEBUG][main][org.eclipse.jetty.util.component.AbstractLifeCycle:185]starting EatWhatYouKill@5aa6202e/org.eclipse.jetty.io.ManagedSelector$SelectorProducer@3af9aa66/IDLE/0/1
[][5232][2018-10-11 15:26:08][DEBUG][main][org.eclipse.jetty.util.component.AbstractLifeCycle:177]STARTED @5344ms EatWhatYouKill@5aa6202e/org.eclipse.jetty.io.ManagedSelector$SelectorProducer@3af9aa66/IDLE/0/1
[][5233][2018-10-11 15:26:08][DEBUG][qtp814377348-32][org.eclipse.jetty.util.thread.strategy.EatWhatYouKill:123]EatWhatYouKill@11ce2e22/org.eclipse.jetty.io.ManagedSelector$SelectorProducer@63a5d002/PRODUCING/0/1 execute true
[][5233][2018-10-11 15:26:08][DEBUG][main][org.eclipse.jetty.util.thread.QueuedThreadPool:381]queue org.eclipse.jetty.io.ManagedSelector$$Lambda$52/1015122628@71154f21
[][5234][2018-10-11 15:26:08][DEBUG][main][org.eclipse.jetty.util.component.AbstractLifeCycle:177]STARTED @5345ms org.eclipse.jetty.io.ManagedSelector@13cda7c9 id=1 keys=0 selected=0
[][5234][2018-10-11 15:26:08][DEBUG][main][org.eclipse.jetty.util.component.AbstractLifeCycle:177]STARTED @5346ms org.eclipse.jetty.server.ServerConnector$ServerConnectorManager@450794b4
[][5235][2018-10-11 15:26:08][DEBUG][qtp814377348-32][org.eclipse.jetty.util.thread.strategy.EatWhatYouKill:206]EatWhatYouKill@11ce2e22/org.eclipse.jetty.io.ManagedSelector$SelectorProducer@63a5d002/PRODUCING/0/1 produce non-blocking
[][5235][2018-10-11 15:26:08][DEBUG][qtp814377348-32][org.eclipse.jetty.io.ManagedSelector:233]Selector loop waiting on select
[][5236][2018-10-11 15:26:08][DEBUG][main][org.eclipse.jetty.util.component.ContainerLifeCycle:322]ServerConnector@38d5b107{HTTP/1.1,[http/1.1]}{0.0.0.0:7001} added {acceptor-0@304a9d7b,POJO}
[][5236][2018-10-11 15:26:08][DEBUG][main][org.eclipse.jetty.util.thread.QueuedThreadPool:381]queue acceptor-0@304a9d7b
[][5236][2018-10-11 15:26:08][DEBUG][main][org.eclipse.jetty.util.component.AbstractLifeCycle:177]STARTED @5347ms ServerConnector@38d5b107{HTTP/1.1,[http/1.1]}{0.0.0.0:7001}
[][5236][2018-10-11 15:26:08][DEBUG][main][org.eclipse.jetty.util.component.AbstractLifeCycle:177]STARTED @5348ms org.eclipse.jetty.server.Server@85ec632
[][5237][2018-10-11 15:26:08][DEBUG][qtp814377348-31][org.eclipse.jetty.util.thread.QueuedThreadPool:590]run org.eclipse.jetty.io.ManagedSelector$$Lambda$52/1015122628@71154f21
[][5237][2018-10-11 15:26:08][DEBUG][qtp814377348-31][org.eclipse.jetty.util.thread.strategy.EatWhatYouKill:123]EatWhatYouKill@5aa6202e/org.eclipse.jetty.io.ManagedSelector$SelectorProducer@3af9aa66/PRODUCING/0/1 execute true
[][5237][2018-10-11 15:26:08][DEBUG][qtp814377348-31][org.eclipse.jetty.util.thread.strategy.EatWhatYouKill:206]EatWhatYouKill@5aa6202e/org.eclipse.jetty.io.ManagedSelector$SelectorProducer@3af9aa66/PRODUCING/0/1 produce non-blocking
[][5237][2018-10-11 15:26:08][DEBUG][qtp814377348-31][org.eclipse.jetty.io.ManagedSelector:233]Selector loop waiting on select
[][5238][2018-10-11 15:26:08][DEBUG][qtp814377348-33][org.eclipse.jetty.util.thread.QueuedThreadPool:590]run acceptor-0@304a9d7b
[][664996][2018-10-11 15:37:08][DEBUG][Scheduler-795590320][org.eclipse.jetty.server.session:264]Scavenging sessions
[][664998][2018-10-11 15:37:08][DEBUG][Scheduler-795590320][org.eclipse.jetty.server.session:1260]org.eclipse.jetty.server.session.SessionHandler1637601612==dftMaxIdleSec=-1 scavenging sessions
[][664998][2018-10-11 15:37:08][DEBUG][Scheduler-795590320][org.eclipse.jetty.server.session:1268]Scavenging session ids []
[][664998][2018-10-11 15:37:08][DEBUG][Scheduler-795590320][org.eclipse.jetty.server.session:659]SessionDataStore checking expiration on []
[][1325018][2018-10-11 15:48:08][DEBUG][Scheduler-795590320][org.eclipse.jetty.server.session:264]Scavenging sessions
[][1325028][2018-10-11 15:48:08][DEBUG][Scheduler-795590320][org.eclipse.jetty.server.session:1260]org.eclipse.jetty.server.session.SessionHandler1637601612==dftMaxIdleSec=-1 scavenging sessions
[][1325028][2018-10-11 15:48:08][DEBUG][Scheduler-795590320][org.eclipse.jetty.server.session:1268]Scavenging session ids []
[][1325028][2018-10-11 15:48:08][DEBUG][Scheduler-795590320][org.eclipse.jetty.server.session:659]SessionDataStore checking expiration on []
[][1985046][2018-10-11 15:59:08][DEBUG][Scheduler-795590320][org.eclipse.jetty.server.session:264]Scavenging sessions
[][1985046][2018-10-11 15:59:08][DEBUG][Scheduler-795590320][org.eclipse.jetty.server.session:1260]org.eclipse.jetty.server.session.SessionHandler1637601612==dftMaxIdleSec=-1 scavenging sessions
[][1985046][2018-10-11 15:59:08][DEBUG][Scheduler-795590320][org.eclipse.jetty.server.session:1268]Scavenging session ids []
[][1985046][2018-10-11 15:59:08][DEBUG][Scheduler-795590320][org.eclipse.jetty.server.session:659]SessionDataStore checking expiration on []
