[][6351][2018-10-11 17:44:43][DEBUG][main][org.eclipse.jetty.util.log:180]Logging to org.apache.logging.slf4j.Log4jLogger@30c0ccff via org.eclipse.jetty.util.log.Slf4jLog
[][6384][2018-10-11 17:44:43][DEBUG][main][org.eclipse.jetty.util.DecoratedObjectFactory:52]Adding Decorator: org.eclipse.jetty.util.DeprecationWarning@751e664e
[][6402][2018-10-11 17:44:43][DEBUG][main][org.eclipse.jetty.util.component.ContainerLifeCycle:322]o.e.j.s.ServletContextHandler@6754ef00{/,null,UNAVAILABLE} added {org.eclipse.jetty.server.session.SessionHandler1637601612==dftMaxIdleSec=-1,MANAGED}
[][6440][2018-10-11 17:44:43][DEBUG][main][org.eclipse.jetty.util.component.ContainerLifeCycle:322]org.eclipse.jetty.server.session.SessionHandler1637601612==dftMaxIdleSec=-1 added {org.eclipse.jetty.servlet.ServletHandler@106faf11,MANAGED}
[][6455][2018-10-11 17:44:43][DEBUG][main][org.eclipse.jetty.util.component.ContainerLifeCycle:322]org.eclipse.jetty.servlet.ServletHandler@106faf11 added {com.cellsgame.game.servlet.LoadPlayerServlet-28fa700e@8b3d556b==com.cellsgame.game.servlet.LoadPlayerServlet,jsp=null,order=-1,inst=true,AUTO}
[][6456][2018-10-11 17:44:43][DEBUG][main][org.eclipse.jetty.util.component.ContainerLifeCycle:322]org.eclipse.jetty.servlet.ServletHandler@106faf11 added {[/loadPlayer]=>com.cellsgame.game.servlet.LoadPlayerServlet-28fa700e,POJO}
[][6456][2018-10-11 17:44:43][DEBUG][main][org.eclipse.jetty.util.component.ContainerLifeCycle:322]org.eclipse.jetty.servlet.ServletHandler@106faf11 added {com.cellsgame.game.servlet.GetPlayerBaseInfoServlet-3f3c966c@3f57b03e==com.cellsgame.game.servlet.GetPlayerBaseInfoServlet,jsp=null,order=-1,inst=true,AUTO}
[][6457][2018-10-11 17:44:43][DEBUG][main][org.eclipse.jetty.util.component.ContainerLifeCycle:322]org.eclipse.jetty.servlet.ServletHandler@106faf11 added {[/getPlayerBaseInfo]=>com.cellsgame.game.servlet.GetPlayerBaseInfoServlet-3f3c966c,POJO}
[][6457][2018-10-11 17:44:43][DEBUG][main][org.eclipse.jetty.util.component.ContainerLifeCycle:322]org.eclipse.jetty.servlet.ServletHandler@106faf11 added {com.cellsgame.game.servlet.NotifyServlet-11ee02f8@50a2c8d2==com.cellsgame.game.servlet.NotifyServlet,jsp=null,order=-1,inst=true,AUTO}
[][6457][2018-10-11 17:44:43][DEBUG][main][org.eclipse.jetty.util.component.ContainerLifeCycle:322]org.eclipse.jetty.servlet.ServletHandler@106faf11 added {[/notify]=>com.cellsgame.game.servlet.NotifyServlet-11ee02f8,POJO}
[][6458][2018-10-11 17:44:43][DEBUG][main][org.eclipse.jetty.util.component.ContainerLifeCycle:322]org.eclipse.jetty.servlet.ServletHandler@106faf11 added {com.cellsgame.game.servlet.ReleaseActivityServlet-4102b1b1@dd7d5b8e==com.cellsgame.game.servlet.ReleaseActivityServlet,jsp=null,order=-1,inst=true,AUTO}
[][6458][2018-10-11 17:44:43][DEBUG][main][org.eclipse.jetty.util.component.ContainerLifeCycle:322]org.eclipse.jetty.servlet.ServletHandler@106faf11 added {[/releaseActivity]=>com.cellsgame.game.servlet.ReleaseActivityServlet-4102b1b1,POJO}
[][6458][2018-10-11 17:44:43][DEBUG][main][org.eclipse.jetty.util.component.ContainerLifeCycle:322]org.eclipse.jetty.servlet.ServletHandler@106faf11 added {com.cellsgame.game.servlet.DeleteActivityServlet-61a5b4ae@597e6bb4==com.cellsgame.game.servlet.DeleteActivityServlet,jsp=null,order=-1,inst=true,AUTO}
[][6459][2018-10-11 17:44:43][DEBUG][main][org.eclipse.jetty.util.component.ContainerLifeCycle:322]org.eclipse.jetty.servlet.ServletHandler@106faf11 added {[/deleteActivity]=>com.cellsgame.game.servlet.DeleteActivityServlet-61a5b4ae,POJO}
[][6459][2018-10-11 17:44:43][DEBUG][main][org.eclipse.jetty.util.component.ContainerLifeCycle:322]org.eclipse.jetty.servlet.ServletHandler@106faf11 added {com.cellsgame.game.servlet.QueryActivityServlet-3a71c100@cffd1488==com.cellsgame.game.servlet.QueryActivityServlet,jsp=null,order=-1,inst=true,AUTO}
[][6459][2018-10-11 17:44:43][DEBUG][main][org.eclipse.jetty.util.component.ContainerLifeCycle:322]org.eclipse.jetty.servlet.ServletHandler@106faf11 added {[/queryActivity]=>com.cellsgame.game.servlet.QueryActivityServlet-3a71c100,POJO}
[][6459][2018-10-11 17:44:43][DEBUG][main][org.eclipse.jetty.util.component.ContainerLifeCycle:322]org.eclipse.jetty.servlet.ServletHandler@106faf11 added {com.cellsgame.game.servlet.MailServlet-5b69fd74@bb34b817==com.cellsgame.game.servlet.MailServlet,jsp=null,order=-1,inst=true,AUTO}
[][6460][2018-10-11 17:44:43][DEBUG][main][org.eclipse.jetty.util.component.ContainerLifeCycle:322]org.eclipse.jetty.servlet.ServletHandler@106faf11 added {[/mail]=>com.cellsgame.game.servlet.MailServlet-5b69fd74,POJO}
[][6460][2018-10-11 17:44:43][DEBUG][main][org.eclipse.jetty.util.component.ContainerLifeCycle:322]org.eclipse.jetty.servlet.ServletHandler@106faf11 added {com.cellsgame.game.servlet.GameStateChangeServlet-f325091@fab4e8ee==com.cellsgame.game.servlet.GameStateChangeServlet,jsp=null,order=-1,inst=true,AUTO}
[][6460][2018-10-11 17:44:43][DEBUG][main][org.eclipse.jetty.util.component.ContainerLifeCycle:322]org.eclipse.jetty.servlet.ServletHandler@106faf11 added {[/stateChange]=>com.cellsgame.game.servlet.GameStateChangeServlet-f325091,POJO}
[][6461][2018-10-11 17:44:43][DEBUG][main][org.eclipse.jetty.util.component.ContainerLifeCycle:322]org.eclipse.jetty.servlet.ServletHandler@106faf11 added {com.cellsgame.game.servlet.GetGameStateServlet-437e951d@6e0581ba==com.cellsgame.game.servlet.GetGameStateServlet,jsp=null,order=-1,inst=true,AUTO}
[][6461][2018-10-11 17:44:43][DEBUG][main][org.eclipse.jetty.util.component.ContainerLifeCycle:322]org.eclipse.jetty.servlet.ServletHandler@106faf11 added {[/getState]=>com.cellsgame.game.servlet.GetGameStateServlet-437e951d,POJO}
[][6461][2018-10-11 17:44:43][DEBUG][main][org.eclipse.jetty.util.component.ContainerLifeCycle:322]org.eclipse.jetty.servlet.ServletHandler@106faf11 added {com.cellsgame.game.servlet.GetOnlineSizeServlet-77b325b3@28d562ea==com.cellsgame.game.servlet.GetOnlineSizeServlet,jsp=null,order=-1,inst=true,AUTO}
[][6461][2018-10-11 17:44:43][DEBUG][main][org.eclipse.jetty.util.component.ContainerLifeCycle:322]org.eclipse.jetty.servlet.ServletHandler@106faf11 added {[/onlineSize]=>com.cellsgame.game.servlet.GetOnlineSizeServlet-77b325b3,POJO}
[][6462][2018-10-11 17:44:43][DEBUG][main][org.eclipse.jetty.util.component.ContainerLifeCycle:322]org.eclipse.jetty.servlet.ServletHandler@106faf11 added {com.cellsgame.game.servlet.ChangePlayerStateServlet-63a5e46c@61791b68==com.cellsgame.game.servlet.ChangePlayerStateServlet,jsp=null,order=-1,inst=true,AUTO}
[][6462][2018-10-11 17:44:43][DEBUG][main][org.eclipse.jetty.util.component.ContainerLifeCycle:322]org.eclipse.jetty.servlet.ServletHandler@106faf11 added {[/setPlayerState]=>com.cellsgame.game.servlet.ChangePlayerStateServlet-63a5e46c,POJO}
[][6463][2018-10-11 17:44:43][DEBUG][main][org.eclipse.jetty.util.component.ContainerLifeCycle:322]org.eclipse.jetty.servlet.ServletHandler@106faf11 added {com.cellsgame.game.servlet.ChangePlayerStateServlet-7e8e8651@daeb2430==com.cellsgame.game.servlet.ChangePlayerStateServlet,jsp=null,order=-1,inst=true,AUTO}
[][6463][2018-10-11 17:44:43][DEBUG][main][org.eclipse.jetty.util.component.ContainerLifeCycle:322]org.eclipse.jetty.servlet.ServletHandler@106faf11 added {[/resetPlayerState]=>com.cellsgame.game.servlet.ChangePlayerStateServlet-7e8e8651,POJO}
[][6463][2018-10-11 17:44:43][DEBUG][main][org.eclipse.jetty.util.component.ContainerLifeCycle:322]org.eclipse.jetty.servlet.ServletHandler@106faf11 added {com.cellsgame.game.servlet.ReissuePayFailOrderServlet-49ef32e0@2c71ee59==com.cellsgame.game.servlet.ReissuePayFailOrderServlet,jsp=null,order=-1,inst=true,AUTO}
[][6463][2018-10-11 17:44:43][DEBUG][main][org.eclipse.jetty.util.component.ContainerLifeCycle:322]org.eclipse.jetty.servlet.ServletHandler@106faf11 added {[/reissueOrder]=>com.cellsgame.game.servlet.ReissuePayFailOrderServlet-49ef32e0,POJO}
[][6464][2018-10-11 17:44:43][DEBUG][main][org.eclipse.jetty.util.component.ContainerLifeCycle:322]org.eclipse.jetty.servlet.ServletHandler@106faf11 added {com.cellsgame.game.servlet.CreateStoreServlet-271f18d3@7a213910==com.cellsgame.game.servlet.CreateStoreServlet,jsp=null,order=-1,inst=true,AUTO}
[][6464][2018-10-11 17:44:43][DEBUG][main][org.eclipse.jetty.util.component.ContainerLifeCycle:322]org.eclipse.jetty.servlet.ServletHandler@106faf11 added {[/createStore]=>com.cellsgame.game.servlet.CreateStoreServlet-271f18d3,POJO}
[][6465][2018-10-11 17:44:43][DEBUG][main][org.eclipse.jetty.util.component.ContainerLifeCycle:322]org.eclipse.jetty.servlet.ServletHandler@106faf11 added {com.cellsgame.game.servlet.DeleteStoreServlet-6bd51ed8@ff476016==com.cellsgame.game.servlet.DeleteStoreServlet,jsp=null,order=-1,inst=true,AUTO}
[][6465][2018-10-11 17:44:43][DEBUG][main][org.eclipse.jetty.util.component.ContainerLifeCycle:322]org.eclipse.jetty.servlet.ServletHandler@106faf11 added {[/deleteStore]=>com.cellsgame.game.servlet.DeleteStoreServlet-6bd51ed8,POJO}
[][6465][2018-10-11 17:44:43][DEBUG][main][org.eclipse.jetty.util.component.ContainerLifeCycle:322]org.eclipse.jetty.servlet.ServletHandler@106faf11 added {com.cellsgame.game.servlet.QueryStoreServlet-61e3a1fd@3107bbc5==com.cellsgame.game.servlet.QueryStoreServlet,jsp=null,order=-1,inst=true,AUTO}
[][6465][2018-10-11 17:44:43][DEBUG][main][org.eclipse.jetty.util.component.ContainerLifeCycle:322]org.eclipse.jetty.servlet.ServletHandler@106faf11 added {[/queryStore]=>com.cellsgame.game.servlet.QueryStoreServlet-61e3a1fd,POJO}
[][6466][2018-10-11 17:44:43][DEBUG][main][org.eclipse.jetty.util.component.ContainerLifeCycle:322]org.eclipse.jetty.servlet.ServletHandler@106faf11 added {com.cellsgame.game.servlet.UpdateStoreServlet-51abf713@45f7e403==com.cellsgame.game.servlet.UpdateStoreServlet,jsp=null,order=-1,inst=true,AUTO}
[][6466][2018-10-11 17:44:43][DEBUG][main][org.eclipse.jetty.util.component.ContainerLifeCycle:322]org.eclipse.jetty.servlet.ServletHandler@106faf11 added {[/updateStore]=>com.cellsgame.game.servlet.UpdateStoreServlet-51abf713,POJO}
[][6467][2018-10-11 17:44:43][DEBUG][main][org.eclipse.jetty.util.component.ContainerLifeCycle:322]org.eclipse.jetty.servlet.ServletHandler@106faf11 added {com.cellsgame.game.servlet.GetRankServlet-eadb475@44cf713b==com.cellsgame.game.servlet.GetRankServlet,jsp=null,order=-1,inst=true,AUTO}
[][6467][2018-10-11 17:44:43][DEBUG][main][org.eclipse.jetty.util.component.ContainerLifeCycle:322]org.eclipse.jetty.servlet.ServletHandler@106faf11 added {[/getRank]=>com.cellsgame.game.servlet.GetRankServlet-eadb475,POJO}
[][6468][2018-10-11 17:44:43][DEBUG][main][org.eclipse.jetty.util.component.ContainerLifeCycle:322]org.eclipse.jetty.servlet.ServletHandler@106faf11 added {com.cellsgame.game.servlet.ChangeCurrencyServlet-4d4d48a6@230a6f==com.cellsgame.game.servlet.ChangeCurrencyServlet,jsp=null,order=-1,inst=true,AUTO}
[][6468][2018-10-11 17:44:43][DEBUG][main][org.eclipse.jetty.util.component.ContainerLifeCycle:322]org.eclipse.jetty.servlet.ServletHandler@106faf11 added {[/changeCurrency]=>com.cellsgame.game.servlet.ChangeCurrencyServlet-4d4d48a6,POJO}
[][6493][2018-10-11 17:44:43][DEBUG][main][org.eclipse.jetty.util.component.ContainerLifeCycle:322]org.eclipse.jetty.servlet.ServletHandler@106faf11 added {com.cellsgame.game.servlet.ChangeGoodsServlet-315df4bb@1bb858bc==com.cellsgame.game.servlet.ChangeGoodsServlet,jsp=null,order=-1,inst=true,AUTO}
[][6493][2018-10-11 17:44:43][DEBUG][main][org.eclipse.jetty.util.component.ContainerLifeCycle:322]org.eclipse.jetty.servlet.ServletHandler@106faf11 added {[/changeGoods]=>com.cellsgame.game.servlet.ChangeGoodsServlet-315df4bb,POJO}
[][6494][2018-10-11 17:44:43][DEBUG][main][org.eclipse.jetty.util.component.ContainerLifeCycle:322]org.eclipse.jetty.servlet.ServletHandler@106faf11 added {com.cellsgame.game.servlet.UpdateAllowLoginIpServlet-3fc08eec@f612d410==com.cellsgame.game.servlet.UpdateAllowLoginIpServlet,jsp=null,order=-1,inst=true,AUTO}
[][6495][2018-10-11 17:44:43][DEBUG][main][org.eclipse.jetty.util.component.ContainerLifeCycle:322]org.eclipse.jetty.servlet.ServletHandler@106faf11 added {[/updateAllowLoginIp]=>com.cellsgame.game.servlet.UpdateAllowLoginIpServlet-3fc08eec,POJO}
[][6503][2018-10-11 17:44:43][DEBUG][main][org.eclipse.jetty.util.component.ContainerLifeCycle:322]org.eclipse.jetty.server.Server@85ec632 added {qtp814377348{STOPPED,8<=0<=200,i=0,q=0},AUTO}
[][6532][2018-10-11 17:44:43][DEBUG][main][org.eclipse.jetty.util.component.ContainerLifeCycle:322]HttpConnectionFactory@5bbbdd4b[HTTP/1.1] added {HttpConfiguration@438bad7c{32768/8192,8192/8192,https://:0,[]},POJO}
[][6538][2018-10-11 17:44:43][DEBUG][main][org.eclipse.jetty.util.component.ContainerLifeCycle:322]ServerConnector@38d5b107{null,[]}{0.0.0.0:0} added {org.eclipse.jetty.server.Server@85ec632,UNMANAGED}
[][6538][2018-10-11 17:44:43][DEBUG][main][org.eclipse.jetty.util.component.ContainerLifeCycle:322]ServerConnector@38d5b107{null,[]}{0.0.0.0:0} added {qtp814377348{STOPPED,8<=0<=200,i=0,q=0},AUTO}
[][6539][2018-10-11 17:44:43][DEBUG][main][org.eclipse.jetty.util.component.ContainerLifeCycle:322]ServerConnector@38d5b107{null,[]}{0.0.0.0:0} added {org.eclipse.jetty.util.thread.ScheduledExecutorScheduler@6979efad,AUTO}
[][6539][2018-10-11 17:44:43][DEBUG][main][org.eclipse.jetty.util.component.ContainerLifeCycle:322]ServerConnector@38d5b107{null,[]}{0.0.0.0:0} added {org.eclipse.jetty.io.ArrayByteBufferPool@6650813a,POJO}
[][6540][2018-10-11 17:44:43][DEBUG][main][org.eclipse.jetty.util.component.ContainerLifeCycle:322]ServerConnector@38d5b107{null,[http/1.1]}{0.0.0.0:0} added {HttpConnectionFactory@5bbbdd4b[HTTP/1.1],AUTO}
[][6540][2018-10-11 17:44:43][DEBUG][main][org.eclipse.jetty.server.AbstractConnector:406]ServerConnector@38d5b107{HTTP/1.1,[http/1.1]}{0.0.0.0:0} added HttpConnectionFactory@5bbbdd4b[HTTP/1.1]
[][6542][2018-10-11 17:44:43][DEBUG][main][org.eclipse.jetty.util.component.ContainerLifeCycle:322]ServerConnector@38d5b107{HTTP/1.1,[http/1.1]}{0.0.0.0:0} added {org.eclipse.jetty.server.ServerConnector$ServerConnectorManager@450794b4,MANAGED}
[][6543][2018-10-11 17:44:43][DEBUG][main][org.eclipse.jetty.util.component.ContainerLifeCycle:322]org.eclipse.jetty.server.Server@85ec632 added {ServerConnector@38d5b107{HTTP/1.1,[http/1.1]}{0.0.0.0:7001},AUTO}
[][6543][2018-10-11 17:44:43][DEBUG][main][org.eclipse.jetty.util.component.ContainerLifeCycle:322]org.eclipse.jetty.server.Server@85ec632 added {o.e.j.s.ServletContextHandler@6754ef00{/game,null,UNAVAILABLE},MANAGED}
[][6543][2018-10-11 17:44:43][DEBUG][main][org.eclipse.jetty.util.component.AbstractLifeCycle:185]starting org.eclipse.jetty.server.Server@85ec632
[][6545][2018-10-11 17:44:43][DEBUG][main][org.eclipse.jetty.util.component.ContainerLifeCycle:322]org.eclipse.jetty.server.Server@85ec632 added {org.eclipse.jetty.server.handler.ErrorHandler@20765ed5,AUTO}
[][6570][2018-10-11 17:44:43][DEBUG][main][org.eclipse.jetty.server.handler.AbstractHandler:110]starting org.eclipse.jetty.server.Server@85ec632
[][6570][2018-10-11 17:44:43][DEBUG][main][org.eclipse.jetty.util.component.AbstractLifeCycle:185]starting qtp814377348{STOPPED,8<=0<=200,i=0,q=0}
[][6572][2018-10-11 17:44:43][DEBUG][main][org.eclipse.jetty.util.component.AbstractLifeCycle:177]STARTED @6728ms qtp814377348{STARTED,8<=8<=200,i=7,q=0}
[][6572][2018-10-11 17:44:43][DEBUG][main][org.eclipse.jetty.util.component.AbstractLifeCycle:185]starting o.e.j.s.ServletContextHandler@6754ef00{/game,null,UNAVAILABLE}
[][6579][2018-10-11 17:44:43][DEBUG][main][org.eclipse.jetty.http.PreEncodedHttpField:64]HttpField encoders loaded: [org.eclipse.jetty.http.Http1FieldPreEncoder@62b3df3a]
[][6592][2018-10-11 17:44:43][DEBUG][main][org.eclipse.jetty.server.handler.AbstractHandler:110]starting o.e.j.s.ServletContextHandler@6754ef00{/game,null,STARTING}
[][6593][2018-10-11 17:44:43][DEBUG][main][org.eclipse.jetty.util.component.AbstractLifeCycle:185]starting org.eclipse.jetty.server.session.SessionHandler1637601612==dftMaxIdleSec=-1
[][6599][2018-10-11 17:44:43][DEBUG][main][org.eclipse.jetty.util.component.ContainerLifeCycle:322]org.eclipse.jetty.server.session.SessionHandler1637601612==dftMaxIdleSec=-1 added {org.eclipse.jetty.server.session.DefaultSessionCache@4c7a078[evict=-1,removeUnloadable=false,saveOnCreate=false,saveOnInactiveEvict=false],AUTO}
[][6602][2018-10-11 17:44:43][DEBUG][main][org.eclipse.jetty.util.component.ContainerLifeCycle:322]org.eclipse.jetty.server.session.DefaultSessionCache@4c7a078[evict=-1,removeUnloadable=false,saveOnCreate=false,saveOnInactiveEvict=false] added {org.eclipse.jetty.server.session.NullSessionDataStore@6bb7cce7[passivating=false,graceSec=3600],AUTO}
[][6604][2018-10-11 17:44:43][DEBUG][main][org.eclipse.jetty.util.component.AbstractLifeCycle:185]starting org.eclipse.jetty.server.session.DefaultSessionIdManager@328572f0[worker=null]
[][6612][2018-10-11 17:44:43][DEBUG][main][org.eclipse.jetty.util.component.ContainerLifeCycle:322]org.eclipse.jetty.server.session.DefaultSessionIdManager@328572f0[worker=node0] added {org.eclipse.jetty.server.session.HouseKeeper@7cf7aee[interval=600000, ownscheduler=false],MANAGED}
[][6612][2018-10-11 17:44:43][DEBUG][main][org.eclipse.jetty.util.component.AbstractLifeCycle:185]starting org.eclipse.jetty.server.session.HouseKeeper@7cf7aee[interval=600000, ownscheduler=false]
[][6613][2018-10-11 17:44:43][DEBUG][main][org.eclipse.jetty.util.component.AbstractLifeCycle:185]starting org.eclipse.jetty.util.thread.ScheduledExecutorScheduler@2f6bbeb0
[][6614][2018-10-11 17:44:43][DEBUG][main][org.eclipse.jetty.util.component.AbstractLifeCycle:177]STARTED @6770ms org.eclipse.jetty.util.thread.ScheduledExecutorScheduler@2f6bbeb0
[][6615][2018-10-11 17:44:43][DEBUG][main][org.eclipse.jetty.server.session:127]Using own scheduler for scavenging
[][6621][2018-10-11 17:44:43][DEBUG][main][org.eclipse.jetty.util.component.AbstractLifeCycle:177]STARTED @6777ms org.eclipse.jetty.server.session.HouseKeeper@7cf7aee[interval=600000, ownscheduler=true]
[][6622][2018-10-11 17:44:43][DEBUG][main][org.eclipse.jetty.util.component.AbstractLifeCycle:177]STARTED @6777ms org.eclipse.jetty.server.session.DefaultSessionIdManager@328572f0[worker=node0]
[][6622][2018-10-11 17:44:43][DEBUG][main][org.eclipse.jetty.util.component.ContainerLifeCycle:322]org.eclipse.jetty.server.Server@85ec632 added {org.eclipse.jetty.server.session.DefaultSessionIdManager@328572f0[worker=node0],MANAGED}
[][6622][2018-10-11 17:44:43][DEBUG][main][org.eclipse.jetty.util.component.ContainerLifeCycle:322]org.eclipse.jetty.server.session.SessionHandler1637601612==dftMaxIdleSec=-1 added {org.eclipse.jetty.server.session.DefaultSessionIdManager@328572f0[worker=node0],UNMANAGED}
[][6622][2018-10-11 17:44:43][DEBUG][main][org.eclipse.jetty.util.component.AbstractLifeCycle:185]starting org.eclipse.jetty.util.thread.ScheduledExecutorScheduler@1bf0f6f6
[][6622][2018-10-11 17:44:43][DEBUG][main][org.eclipse.jetty.util.component.AbstractLifeCycle:177]STARTED @6778ms org.eclipse.jetty.util.thread.ScheduledExecutorScheduler@1bf0f6f6
[][6624][2018-10-11 17:44:43][DEBUG][main][org.eclipse.jetty.server.handler.AbstractHandler:110]starting org.eclipse.jetty.server.session.SessionHandler1637601612==dftMaxIdleSec=-1
[][6624][2018-10-11 17:44:43][DEBUG][main][org.eclipse.jetty.util.component.AbstractLifeCycle:185]starting org.eclipse.jetty.servlet.ServletHandler@106faf11
[][6627][2018-10-11 17:44:43][DEBUG][main][org.eclipse.jetty.servlet.ServletHandler:1439]Path=/releaseActivity[EMBEDDED:null] mapped to servlet=com.cellsgame.game.servlet.ReleaseActivityServlet-4102b1b1[EMBEDDED:null]
[][6630][2018-10-11 17:44:43][DEBUG][main][org.eclipse.jetty.http.pathmap.PathMappings:239]Added MappedResource[pathSpec=ServletPathSpec["/releaseActivity",pathDepth=1,group=EXACT],resource=com.cellsgame.game.servlet.ReleaseActivityServlet-4102b1b1@dd7d5b8e==com.cellsgame.game.servlet.ReleaseActivityServlet,jsp=null,order=-1,inst=true] to PathMappings[size=1]
[][6630][2018-10-11 17:44:43][DEBUG][main][org.eclipse.jetty.servlet.ServletHandler:1439]Path=/updateAllowLoginIp[EMBEDDED:null] mapped to servlet=com.cellsgame.game.servlet.UpdateAllowLoginIpServlet-3fc08eec[EMBEDDED:null]
[][6632][2018-10-11 17:44:43][DEBUG][main][org.eclipse.jetty.http.pathmap.PathMappings:239]Added MappedResource[pathSpec=ServletPathSpec["/updateAllowLoginIp",pathDepth=1,group=EXACT],resource=com.cellsgame.game.servlet.UpdateAllowLoginIpServlet-3fc08eec@f612d410==com.cellsgame.game.servlet.UpdateAllowLoginIpServlet,jsp=null,order=-1,inst=true] to PathMappings[size=2]
[][6632][2018-10-11 17:44:43][DEBUG][main][org.eclipse.jetty.servlet.ServletHandler:1439]Path=/getPlayerBaseInfo[EMBEDDED:null] mapped to servlet=com.cellsgame.game.servlet.GetPlayerBaseInfoServlet-3f3c966c[EMBEDDED:null]
[][6633][2018-10-11 17:44:43][DEBUG][main][org.eclipse.jetty.http.pathmap.PathMappings:239]Added MappedResource[pathSpec=ServletPathSpec["/getPlayerBaseInfo",pathDepth=1,group=EXACT],resource=com.cellsgame.game.servlet.GetPlayerBaseInfoServlet-3f3c966c@3f57b03e==com.cellsgame.game.servlet.GetPlayerBaseInfoServlet,jsp=null,order=-1,inst=true] to PathMappings[size=3]
[][6633][2018-10-11 17:44:43][DEBUG][main][org.eclipse.jetty.servlet.ServletHandler:1439]Path=/queryActivity[EMBEDDED:null] mapped to servlet=com.cellsgame.game.servlet.QueryActivityServlet-3a71c100[EMBEDDED:null]
[][6639][2018-10-11 17:44:43][DEBUG][main][org.eclipse.jetty.http.pathmap.PathMappings:239]Added MappedResource[pathSpec=ServletPathSpec["/queryActivity",pathDepth=1,group=EXACT],resource=com.cellsgame.game.servlet.QueryActivityServlet-3a71c100@cffd1488==com.cellsgame.game.servlet.QueryActivityServlet,jsp=null,order=-1,inst=true] to PathMappings[size=4]
[][6639][2018-10-11 17:44:43][DEBUG][main][org.eclipse.jetty.servlet.ServletHandler:1439]Path=/queryStore[EMBEDDED:null] mapped to servlet=com.cellsgame.game.servlet.QueryStoreServlet-61e3a1fd[EMBEDDED:null]
[][6639][2018-10-11 17:44:43][DEBUG][main][org.eclipse.jetty.http.pathmap.PathMappings:239]Added MappedResource[pathSpec=ServletPathSpec["/queryStore",pathDepth=1,group=EXACT],resource=com.cellsgame.game.servlet.QueryStoreServlet-61e3a1fd@3107bbc5==com.cellsgame.game.servlet.QueryStoreServlet,jsp=null,order=-1,inst=true] to PathMappings[size=5]
[][6639][2018-10-11 17:44:43][DEBUG][main][org.eclipse.jetty.servlet.ServletHandler:1439]Path=/getRank[EMBEDDED:null] mapped to servlet=com.cellsgame.game.servlet.GetRankServlet-eadb475[EMBEDDED:null]
[][6640][2018-10-11 17:44:43][DEBUG][main][org.eclipse.jetty.http.pathmap.PathMappings:239]Added MappedResource[pathSpec=ServletPathSpec["/getRank",pathDepth=1,group=EXACT],resource=com.cellsgame.game.servlet.GetRankServlet-eadb475@44cf713b==com.cellsgame.game.servlet.GetRankServlet,jsp=null,order=-1,inst=true] to PathMappings[size=6]
[][6640][2018-10-11 17:44:43][DEBUG][main][org.eclipse.jetty.servlet.ServletHandler:1439]Path=/setPlayerState[EMBEDDED:null] mapped to servlet=com.cellsgame.game.servlet.ChangePlayerStateServlet-63a5e46c[EMBEDDED:null]
[][6641][2018-10-11 17:44:43][DEBUG][main][org.eclipse.jetty.http.pathmap.PathMappings:239]Added MappedResource[pathSpec=ServletPathSpec["/setPlayerState",pathDepth=1,group=EXACT],resource=com.cellsgame.game.servlet.ChangePlayerStateServlet-63a5e46c@61791b68==com.cellsgame.game.servlet.ChangePlayerStateServlet,jsp=null,order=-1,inst=true] to PathMappings[size=7]
[][6642][2018-10-11 17:44:43][DEBUG][main][org.eclipse.jetty.servlet.ServletHandler:1439]Path=/resetPlayerState[EMBEDDED:null] mapped to servlet=com.cellsgame.game.servlet.ChangePlayerStateServlet-7e8e8651[EMBEDDED:null]
[][6643][2018-10-11 17:44:43][DEBUG][main][org.eclipse.jetty.http.pathmap.PathMappings:239]Added MappedResource[pathSpec=ServletPathSpec["/resetPlayerState",pathDepth=1,group=EXACT],resource=com.cellsgame.game.servlet.ChangePlayerStateServlet-7e8e8651@daeb2430==com.cellsgame.game.servlet.ChangePlayerStateServlet,jsp=null,order=-1,inst=true] to PathMappings[size=8]
[][6643][2018-10-11 17:44:43][DEBUG][main][org.eclipse.jetty.servlet.ServletHandler:1439]Path=/mail[EMBEDDED:null] mapped to servlet=com.cellsgame.game.servlet.MailServlet-5b69fd74[EMBEDDED:null]
[][6644][2018-10-11 17:44:43][DEBUG][main][org.eclipse.jetty.http.pathmap.PathMappings:239]Added MappedResource[pathSpec=ServletPathSpec["/mail",pathDepth=1,group=EXACT],resource=com.cellsgame.game.servlet.MailServlet-5b69fd74@bb34b817==com.cellsgame.game.servlet.MailServlet,jsp=null,order=-1,inst=true] to PathMappings[size=9]
[][6644][2018-10-11 17:44:43][DEBUG][main][org.eclipse.jetty.servlet.ServletHandler:1439]Path=/updateStore[EMBEDDED:null] mapped to servlet=com.cellsgame.game.servlet.UpdateStoreServlet-51abf713[EMBEDDED:null]
[][6645][2018-10-11 17:44:43][DEBUG][main][org.eclipse.jetty.http.pathmap.PathMappings:239]Added MappedResource[pathSpec=ServletPathSpec["/updateStore",pathDepth=1,group=EXACT],resource=com.cellsgame.game.servlet.UpdateStoreServlet-51abf713@45f7e403==com.cellsgame.game.servlet.UpdateStoreServlet,jsp=null,order=-1,inst=true] to PathMappings[size=10]
[][6645][2018-10-11 17:44:43][DEBUG][main][org.eclipse.jetty.servlet.ServletHandler:1439]Path=/deleteStore[EMBEDDED:null] mapped to servlet=com.cellsgame.game.servlet.DeleteStoreServlet-6bd51ed8[EMBEDDED:null]
[][6646][2018-10-11 17:44:43][DEBUG][main][org.eclipse.jetty.http.pathmap.PathMappings:239]Added MappedResource[pathSpec=ServletPathSpec["/deleteStore",pathDepth=1,group=EXACT],resource=com.cellsgame.game.servlet.DeleteStoreServlet-6bd51ed8@ff476016==com.cellsgame.game.servlet.DeleteStoreServlet,jsp=null,order=-1,inst=true] to PathMappings[size=11]
[][6646][2018-10-11 17:44:43][DEBUG][main][org.eclipse.jetty.servlet.ServletHandler:1439]Path=/getState[EMBEDDED:null] mapped to servlet=com.cellsgame.game.servlet.GetGameStateServlet-437e951d[EMBEDDED:null]
[][6646][2018-10-11 17:44:43][DEBUG][main][org.eclipse.jetty.http.pathmap.PathMappings:239]Added MappedResource[pathSpec=ServletPathSpec["/getState",pathDepth=1,group=EXACT],resource=com.cellsgame.game.servlet.GetGameStateServlet-437e951d@6e0581ba==com.cellsgame.game.servlet.GetGameStateServlet,jsp=null,order=-1,inst=true] to PathMappings[size=12]
[][6647][2018-10-11 17:44:43][DEBUG][main][org.eclipse.jetty.servlet.ServletHandler:1439]Path=/notify[EMBEDDED:null] mapped to servlet=com.cellsgame.game.servlet.NotifyServlet-11ee02f8[EMBEDDED:null]
[][6647][2018-10-11 17:44:43][DEBUG][main][org.eclipse.jetty.http.pathmap.PathMappings:239]Added MappedResource[pathSpec=ServletPathSpec["/notify",pathDepth=1,group=EXACT],resource=com.cellsgame.game.servlet.NotifyServlet-11ee02f8@50a2c8d2==com.cellsgame.game.servlet.NotifyServlet,jsp=null,order=-1,inst=true] to PathMappings[size=13]
[][6647][2018-10-11 17:44:43][DEBUG][main][org.eclipse.jetty.servlet.ServletHandler:1439]Path=/onlineSize[EMBEDDED:null] mapped to servlet=com.cellsgame.game.servlet.GetOnlineSizeServlet-77b325b3[EMBEDDED:null]
[][6648][2018-10-11 17:44:43][DEBUG][main][org.eclipse.jetty.http.pathmap.PathMappings:239]Added MappedResource[pathSpec=ServletPathSpec["/onlineSize",pathDepth=1,group=EXACT],resource=com.cellsgame.game.servlet.GetOnlineSizeServlet-77b325b3@28d562ea==com.cellsgame.game.servlet.GetOnlineSizeServlet,jsp=null,order=-1,inst=true] to PathMappings[size=14]
[][6648][2018-10-11 17:44:43][DEBUG][main][org.eclipse.jetty.servlet.ServletHandler:1439]Path=/stateChange[EMBEDDED:null] mapped to servlet=com.cellsgame.game.servlet.GameStateChangeServlet-f325091[EMBEDDED:null]
[][6649][2018-10-11 17:44:43][DEBUG][main][org.eclipse.jetty.http.pathmap.PathMappings:239]Added MappedResource[pathSpec=ServletPathSpec["/stateChange",pathDepth=1,group=EXACT],resource=com.cellsgame.game.servlet.GameStateChangeServlet-f325091@fab4e8ee==com.cellsgame.game.servlet.GameStateChangeServlet,jsp=null,order=-1,inst=true] to PathMappings[size=15]
[][6650][2018-10-11 17:44:43][DEBUG][main][org.eclipse.jetty.servlet.ServletHandler:1439]Path=/changeGoods[EMBEDDED:null] mapped to servlet=com.cellsgame.game.servlet.ChangeGoodsServlet-315df4bb[EMBEDDED:null]
[][6651][2018-10-11 17:44:43][DEBUG][main][org.eclipse.jetty.http.pathmap.PathMappings:239]Added MappedResource[pathSpec=ServletPathSpec["/changeGoods",pathDepth=1,group=EXACT],resource=com.cellsgame.game.servlet.ChangeGoodsServlet-315df4bb@1bb858bc==com.cellsgame.game.servlet.ChangeGoodsServlet,jsp=null,order=-1,inst=true] to PathMappings[size=16]
[][6651][2018-10-11 17:44:43][DEBUG][main][org.eclipse.jetty.servlet.ServletHandler:1439]Path=/reissueOrder[EMBEDDED:null] mapped to servlet=com.cellsgame.game.servlet.ReissuePayFailOrderServlet-49ef32e0[EMBEDDED:null]
[][6654][2018-10-11 17:44:43][DEBUG][main][org.eclipse.jetty.http.pathmap.PathMappings:239]Added MappedResource[pathSpec=ServletPathSpec["/reissueOrder",pathDepth=1,group=EXACT],resource=com.cellsgame.game.servlet.ReissuePayFailOrderServlet-49ef32e0@2c71ee59==com.cellsgame.game.servlet.ReissuePayFailOrderServlet,jsp=null,order=-1,inst=true] to PathMappings[size=17]
[][6654][2018-10-11 17:44:43][DEBUG][main][org.eclipse.jetty.servlet.ServletHandler:1439]Path=/loadPlayer[EMBEDDED:null] mapped to servlet=com.cellsgame.game.servlet.LoadPlayerServlet-28fa700e[EMBEDDED:null]
[][6655][2018-10-11 17:44:43][DEBUG][main][org.eclipse.jetty.http.pathmap.PathMappings:239]Added MappedResource[pathSpec=ServletPathSpec["/loadPlayer",pathDepth=1,group=EXACT],resource=com.cellsgame.game.servlet.LoadPlayerServlet-28fa700e@8b3d556b==com.cellsgame.game.servlet.LoadPlayerServlet,jsp=null,order=-1,inst=true] to PathMappings[size=18]
[][6655][2018-10-11 17:44:43][DEBUG][main][org.eclipse.jetty.servlet.ServletHandler:1439]Path=/deleteActivity[EMBEDDED:null] mapped to servlet=com.cellsgame.game.servlet.DeleteActivityServlet-61a5b4ae[EMBEDDED:null]
[][6655][2018-10-11 17:44:43][DEBUG][main][org.eclipse.jetty.http.pathmap.PathMappings:239]Added MappedResource[pathSpec=ServletPathSpec["/deleteActivity",pathDepth=1,group=EXACT],resource=com.cellsgame.game.servlet.DeleteActivityServlet-61a5b4ae@597e6bb4==com.cellsgame.game.servlet.DeleteActivityServlet,jsp=null,order=-1,inst=true] to PathMappings[size=19]
[][6656][2018-10-11 17:44:43][DEBUG][main][org.eclipse.jetty.servlet.ServletHandler:1439]Path=/createStore[EMBEDDED:null] mapped to servlet=com.cellsgame.game.servlet.CreateStoreServlet-271f18d3[EMBEDDED:null]
[][6656][2018-10-11 17:44:43][DEBUG][main][org.eclipse.jetty.http.pathmap.PathMappings:239]Added MappedResource[pathSpec=ServletPathSpec["/createStore",pathDepth=1,group=EXACT],resource=com.cellsgame.game.servlet.CreateStoreServlet-271f18d3@7a213910==com.cellsgame.game.servlet.CreateStoreServlet,jsp=null,order=-1,inst=true] to PathMappings[size=20]
[][6656][2018-10-11 17:44:43][DEBUG][main][org.eclipse.jetty.servlet.ServletHandler:1439]Path=/changeCurrency[EMBEDDED:null] mapped to servlet=com.cellsgame.game.servlet.ChangeCurrencyServlet-4d4d48a6[EMBEDDED:null]
[][6657][2018-10-11 17:44:43][DEBUG][main][org.eclipse.jetty.http.pathmap.PathMappings:239]Added MappedResource[pathSpec=ServletPathSpec["/changeCurrency",pathDepth=1,group=EXACT],resource=com.cellsgame.game.servlet.ChangeCurrencyServlet-4d4d48a6@230a6f==com.cellsgame.game.servlet.ChangeCurrencyServlet,jsp=null,order=-1,inst=true] to PathMappings[size=21]
[][6657][2018-10-11 17:44:43][DEBUG][main][org.eclipse.jetty.servlet.ServletHandler:1464]filterNameMap={}
[][6657][2018-10-11 17:44:43][DEBUG][main][org.eclipse.jetty.servlet.ServletHandler:1465]pathFilters=null
[][6657][2018-10-11 17:44:43][DEBUG][main][org.eclipse.jetty.servlet.ServletHandler:1466]servletFilterMap=null
[][6657][2018-10-11 17:44:43][DEBUG][main][org.eclipse.jetty.servlet.ServletHandler:1467]servletPathMap=PathMappings[size=21]
[][6668][2018-10-11 17:44:43][DEBUG][main][org.eclipse.jetty.servlet.ServletHandler:1468]servletNameMap={com.cellsgame.game.servlet.QueryStoreServlet-61e3a1fd=com.cellsgame.game.servlet.QueryStoreServlet-61e3a1fd@3107bbc5==com.cellsgame.game.servlet.QueryStoreServlet,jsp=null,order=-1,inst=true, com.cellsgame.game.servlet.UpdateAllowLoginIpServlet-3fc08eec=com.cellsgame.game.servlet.UpdateAllowLoginIpServlet-3fc08eec@f612d410==com.cellsgame.game.servlet.UpdateAllowLoginIpServlet,jsp=null,order=-1,inst=true, com.cellsgame.game.servlet.MailServlet-5b69fd74=com.cellsgame.game.servlet.MailServlet-5b69fd74@bb34b817==com.cellsgame.game.servlet.MailServlet,jsp=null,order=-1,inst=true, com.cellsgame.game.servlet.ChangeGoodsServlet-315df4bb=com.cellsgame.game.servlet.ChangeGoodsServlet-315df4bb@1bb858bc==com.cellsgame.game.servlet.ChangeGoodsServlet,jsp=null,order=-1,inst=true, com.cellsgame.game.servlet.ReissuePayFailOrderServlet-49ef32e0=com.cellsgame.game.servlet.ReissuePayFailOrderServlet-49ef32e0@2c71ee59==com.cellsgame.game.servlet.ReissuePayFailOrderServlet,jsp=null,order=-1,inst=true, com.cellsgame.game.servlet.GetPlayerBaseInfoServlet-3f3c966c=com.cellsgame.game.servlet.GetPlayerBaseInfoServlet-3f3c966c@3f57b03e==com.cellsgame.game.servlet.GetPlayerBaseInfoServlet,jsp=null,order=-1,inst=true, com.cellsgame.game.servlet.DeleteActivityServlet-61a5b4ae=com.cellsgame.game.servlet.DeleteActivityServlet-61a5b4ae@597e6bb4==com.cellsgame.game.servlet.DeleteActivityServlet,jsp=null,order=-1,inst=true, com.cellsgame.game.servlet.ChangeCurrencyServlet-4d4d48a6=com.cellsgame.game.servlet.ChangeCurrencyServlet-4d4d48a6@230a6f==com.cellsgame.game.servlet.ChangeCurrencyServlet,jsp=null,order=-1,inst=true, com.cellsgame.game.servlet.NotifyServlet-11ee02f8=com.cellsgame.game.servlet.NotifyServlet-11ee02f8@50a2c8d2==com.cellsgame.game.servlet.NotifyServlet,jsp=null,order=-1,inst=true, com.cellsgame.game.servlet.ChangePlayerStateServlet-63a5e46c=com.cellsgame.game.servlet.ChangePlayerStateServlet-63a5e46c@61791b68==com.cellsgame.game.servlet.ChangePlayerStateServlet,jsp=null,order=-1,inst=true, com.cellsgame.game.servlet.CreateStoreServlet-271f18d3=com.cellsgame.game.servlet.CreateStoreServlet-271f18d3@7a213910==com.cellsgame.game.servlet.CreateStoreServlet,jsp=null,order=-1,inst=true, com.cellsgame.game.servlet.DeleteStoreServlet-6bd51ed8=com.cellsgame.game.servlet.DeleteStoreServlet-6bd51ed8@ff476016==com.cellsgame.game.servlet.DeleteStoreServlet,jsp=null,order=-1,inst=true, com.cellsgame.game.servlet.ReleaseActivityServlet-4102b1b1=com.cellsgame.game.servlet.ReleaseActivityServlet-4102b1b1@dd7d5b8e==com.cellsgame.game.servlet.ReleaseActivityServlet,jsp=null,order=-1,inst=true, com.cellsgame.game.servlet.UpdateStoreServlet-51abf713=com.cellsgame.game.servlet.UpdateStoreServlet-51abf713@45f7e403==com.cellsgame.game.servlet.UpdateStoreServlet,jsp=null,order=-1,inst=true, com.cellsgame.game.servlet.GetRankServlet-eadb475=com.cellsgame.game.servlet.GetRankServlet-eadb475@44cf713b==com.cellsgame.game.servlet.GetRankServlet,jsp=null,order=-1,inst=true, com.cellsgame.game.servlet.QueryActivityServlet-3a71c100=com.cellsgame.game.servlet.QueryActivityServlet-3a71c100@cffd1488==com.cellsgame.game.servlet.QueryActivityServlet,jsp=null,order=-1,inst=true, com.cellsgame.game.servlet.LoadPlayerServlet-28fa700e=com.cellsgame.game.servlet.LoadPlayerServlet-28fa700e@8b3d556b==com.cellsgame.game.servlet.LoadPlayerServlet,jsp=null,order=-1,inst=true, com.cellsgame.game.servlet.GameStateChangeServlet-f325091=com.cellsgame.game.servlet.GameStateChangeServlet-f325091@fab4e8ee==com.cellsgame.game.servlet.GameStateChangeServlet,jsp=null,order=-1,inst=true, com.cellsgame.game.servlet.ChangePlayerStateServlet-7e8e8651=com.cellsgame.game.servlet.ChangePlayerStateServlet-7e8e8651@daeb2430==com.cellsgame.game.servlet.ChangePlayerStateServlet,jsp=null,order=-1,inst=true, com.cellsgame.game.servlet.GetGameStateServlet-437e951d=com.cellsgame.game.servlet.GetGameStateServlet-437e951d@6e0581ba==com.cellsgame.game.servlet.GetGameStateServlet,jsp=null,order=-1,inst=true, com.cellsgame.game.servlet.GetOnlineSizeServlet-77b325b3=com.cellsgame.game.servlet.GetOnlineSizeServlet-77b325b3@28d562ea==com.cellsgame.game.servlet.GetOnlineSizeServlet,jsp=null,order=-1,inst=true}
[][6668][2018-10-11 17:44:43][DEBUG][main][org.eclipse.jetty.servlet.ServletHandler:158]Adding Default404Servlet to org.eclipse.jetty.servlet.ServletHandler@106faf11
[][6669][2018-10-11 17:44:43][DEBUG][main][org.eclipse.jetty.util.component.ContainerLifeCycle:322]org.eclipse.jetty.servlet.ServletHandler@106faf11 added {org.eclipse.jetty.servlet.ServletHandler$Default404Servlet-125c082e@f4348d3e==org.eclipse.jetty.servlet.ServletHandler$Default404Servlet,jsp=null,order=-1,inst=false,AUTO}
[][6669][2018-10-11 17:44:43][DEBUG][main][org.eclipse.jetty.util.component.ContainerLifeCycle:322]org.eclipse.jetty.servlet.ServletHandler@106faf11 added {[/]=>org.eclipse.jetty.servlet.ServletHandler$Default404Servlet-125c082e,POJO}
[][6669][2018-10-11 17:44:43][DEBUG][main][org.eclipse.jetty.servlet.ServletHandler:1439]Path=/releaseActivity[EMBEDDED:null] mapped to servlet=com.cellsgame.game.servlet.ReleaseActivityServlet-4102b1b1[EMBEDDED:null]
[][6669][2018-10-11 17:44:43][DEBUG][main][org.eclipse.jetty.http.pathmap.PathMappings:239]Added MappedResource[pathSpec=ServletPathSpec["/releaseActivity",pathDepth=1,group=EXACT],resource=com.cellsgame.game.servlet.ReleaseActivityServlet-4102b1b1@dd7d5b8e==com.cellsgame.game.servlet.ReleaseActivityServlet,jsp=null,order=-1,inst=true] to PathMappings[size=1]
[][6669][2018-10-11 17:44:43][DEBUG][main][org.eclipse.jetty.servlet.ServletHandler:1439]Path=/updateAllowLoginIp[EMBEDDED:null] mapped to servlet=com.cellsgame.game.servlet.UpdateAllowLoginIpServlet-3fc08eec[EMBEDDED:null]
[][6673][2018-10-11 17:44:43][DEBUG][main][org.eclipse.jetty.http.pathmap.PathMappings:239]Added MappedResource[pathSpec=ServletPathSpec["/updateAllowLoginIp",pathDepth=1,group=EXACT],resource=com.cellsgame.game.servlet.UpdateAllowLoginIpServlet-3fc08eec@f612d410==com.cellsgame.game.servlet.UpdateAllowLoginIpServlet,jsp=null,order=-1,inst=true] to PathMappings[size=2]
[][6673][2018-10-11 17:44:43][DEBUG][main][org.eclipse.jetty.servlet.ServletHandler:1439]Path=/getPlayerBaseInfo[EMBEDDED:null] mapped to servlet=com.cellsgame.game.servlet.GetPlayerBaseInfoServlet-3f3c966c[EMBEDDED:null]
[][6673][2018-10-11 17:44:43][DEBUG][main][org.eclipse.jetty.http.pathmap.PathMappings:239]Added MappedResource[pathSpec=ServletPathSpec["/getPlayerBaseInfo",pathDepth=1,group=EXACT],resource=com.cellsgame.game.servlet.GetPlayerBaseInfoServlet-3f3c966c@3f57b03e==com.cellsgame.game.servlet.GetPlayerBaseInfoServlet,jsp=null,order=-1,inst=true] to PathMappings[size=3]
[][6673][2018-10-11 17:44:43][DEBUG][main][org.eclipse.jetty.servlet.ServletHandler:1439]Path=/queryActivity[EMBEDDED:null] mapped to servlet=com.cellsgame.game.servlet.QueryActivityServlet-3a71c100[EMBEDDED:null]
[][6674][2018-10-11 17:44:43][DEBUG][main][org.eclipse.jetty.http.pathmap.PathMappings:239]Added MappedResource[pathSpec=ServletPathSpec["/queryActivity",pathDepth=1,group=EXACT],resource=com.cellsgame.game.servlet.QueryActivityServlet-3a71c100@cffd1488==com.cellsgame.game.servlet.QueryActivityServlet,jsp=null,order=-1,inst=true] to PathMappings[size=4]
[][6674][2018-10-11 17:44:43][DEBUG][main][org.eclipse.jetty.servlet.ServletHandler:1439]Path=/queryStore[EMBEDDED:null] mapped to servlet=com.cellsgame.game.servlet.QueryStoreServlet-61e3a1fd[EMBEDDED:null]
[][6674][2018-10-11 17:44:43][DEBUG][main][org.eclipse.jetty.http.pathmap.PathMappings:239]Added MappedResource[pathSpec=ServletPathSpec["/queryStore",pathDepth=1,group=EXACT],resource=com.cellsgame.game.servlet.QueryStoreServlet-61e3a1fd@3107bbc5==com.cellsgame.game.servlet.QueryStoreServlet,jsp=null,order=-1,inst=true] to PathMappings[size=5]
[][6674][2018-10-11 17:44:43][DEBUG][main][org.eclipse.jetty.servlet.ServletHandler:1439]Path=/getRank[EMBEDDED:null] mapped to servlet=com.cellsgame.game.servlet.GetRankServlet-eadb475[EMBEDDED:null]
[][6674][2018-10-11 17:44:43][DEBUG][main][org.eclipse.jetty.http.pathmap.PathMappings:239]Added MappedResource[pathSpec=ServletPathSpec["/getRank",pathDepth=1,group=EXACT],resource=com.cellsgame.game.servlet.GetRankServlet-eadb475@44cf713b==com.cellsgame.game.servlet.GetRankServlet,jsp=null,order=-1,inst=true] to PathMappings[size=6]
[][6674][2018-10-11 17:44:43][DEBUG][main][org.eclipse.jetty.servlet.ServletHandler:1439]Path=/setPlayerState[EMBEDDED:null] mapped to servlet=com.cellsgame.game.servlet.ChangePlayerStateServlet-63a5e46c[EMBEDDED:null]
[][6674][2018-10-11 17:44:43][DEBUG][main][org.eclipse.jetty.http.pathmap.PathMappings:239]Added MappedResource[pathSpec=ServletPathSpec["/setPlayerState",pathDepth=1,group=EXACT],resource=com.cellsgame.game.servlet.ChangePlayerStateServlet-63a5e46c@61791b68==com.cellsgame.game.servlet.ChangePlayerStateServlet,jsp=null,order=-1,inst=true] to PathMappings[size=7]
[][6675][2018-10-11 17:44:43][DEBUG][main][org.eclipse.jetty.servlet.ServletHandler:1439]Path=/resetPlayerState[EMBEDDED:null] mapped to servlet=com.cellsgame.game.servlet.ChangePlayerStateServlet-7e8e8651[EMBEDDED:null]
[][6675][2018-10-11 17:44:43][DEBUG][main][org.eclipse.jetty.http.pathmap.PathMappings:239]Added MappedResource[pathSpec=ServletPathSpec["/resetPlayerState",pathDepth=1,group=EXACT],resource=com.cellsgame.game.servlet.ChangePlayerStateServlet-7e8e8651@daeb2430==com.cellsgame.game.servlet.ChangePlayerStateServlet,jsp=null,order=-1,inst=true] to PathMappings[size=8]
[][6675][2018-10-11 17:44:43][DEBUG][main][org.eclipse.jetty.servlet.ServletHandler:1439]Path=/mail[EMBEDDED:null] mapped to servlet=com.cellsgame.game.servlet.MailServlet-5b69fd74[EMBEDDED:null]
[][6675][2018-10-11 17:44:43][DEBUG][main][org.eclipse.jetty.http.pathmap.PathMappings:239]Added MappedResource[pathSpec=ServletPathSpec["/mail",pathDepth=1,group=EXACT],resource=com.cellsgame.game.servlet.MailServlet-5b69fd74@bb34b817==com.cellsgame.game.servlet.MailServlet,jsp=null,order=-1,inst=true] to PathMappings[size=9]
[][6675][2018-10-11 17:44:43][DEBUG][main][org.eclipse.jetty.servlet.ServletHandler:1439]Path=/updateStore[EMBEDDED:null] mapped to servlet=com.cellsgame.game.servlet.UpdateStoreServlet-51abf713[EMBEDDED:null]
[][6675][2018-10-11 17:44:43][DEBUG][main][org.eclipse.jetty.http.pathmap.PathMappings:239]Added MappedResource[pathSpec=ServletPathSpec["/updateStore",pathDepth=1,group=EXACT],resource=com.cellsgame.game.servlet.UpdateStoreServlet-51abf713@45f7e403==com.cellsgame.game.servlet.UpdateStoreServlet,jsp=null,order=-1,inst=true] to PathMappings[size=10]
[][6675][2018-10-11 17:44:43][DEBUG][main][org.eclipse.jetty.servlet.ServletHandler:1439]Path=/[EMBEDDED:null] mapped to servlet=org.eclipse.jetty.servlet.ServletHandler$Default404Servlet-125c082e[EMBEDDED:null]
[][6677][2018-10-11 17:44:43][DEBUG][main][org.eclipse.jetty.http.pathmap.PathMappings:239]Added MappedResource[pathSpec=ServletPathSpec["/",pathDepth=-1,group=DEFAULT],resource=org.eclipse.jetty.servlet.ServletHandler$Default404Servlet-125c082e@f4348d3e==org.eclipse.jetty.servlet.ServletHandler$Default404Servlet,jsp=null,order=-1,inst=false] to PathMappings[size=11]
[][6679][2018-10-11 17:44:43][DEBUG][main][org.eclipse.jetty.servlet.ServletHandler:1439]Path=/deleteStore[EMBEDDED:null] mapped to servlet=com.cellsgame.game.servlet.DeleteStoreServlet-6bd51ed8[EMBEDDED:null]
[][6679][2018-10-11 17:44:43][DEBUG][main][org.eclipse.jetty.http.pathmap.PathMappings:239]Added MappedResource[pathSpec=ServletPathSpec["/deleteStore",pathDepth=1,group=EXACT],resource=com.cellsgame.game.servlet.DeleteStoreServlet-6bd51ed8@ff476016==com.cellsgame.game.servlet.DeleteStoreServlet,jsp=null,order=-1,inst=true] to PathMappings[size=12]
[][6679][2018-10-11 17:44:43][DEBUG][main][org.eclipse.jetty.servlet.ServletHandler:1439]Path=/getState[EMBEDDED:null] mapped to servlet=com.cellsgame.game.servlet.GetGameStateServlet-437e951d[EMBEDDED:null]
[][6680][2018-10-11 17:44:43][DEBUG][main][org.eclipse.jetty.http.pathmap.PathMappings:239]Added MappedResource[pathSpec=ServletPathSpec["/getState",pathDepth=1,group=EXACT],resource=com.cellsgame.game.servlet.GetGameStateServlet-437e951d@6e0581ba==com.cellsgame.game.servlet.GetGameStateServlet,jsp=null,order=-1,inst=true] to PathMappings[size=13]
[][6680][2018-10-11 17:44:43][DEBUG][main][org.eclipse.jetty.servlet.ServletHandler:1439]Path=/notify[EMBEDDED:null] mapped to servlet=com.cellsgame.game.servlet.NotifyServlet-11ee02f8[EMBEDDED:null]
[][6680][2018-10-11 17:44:43][DEBUG][main][org.eclipse.jetty.http.pathmap.PathMappings:239]Added MappedResource[pathSpec=ServletPathSpec["/notify",pathDepth=1,group=EXACT],resource=com.cellsgame.game.servlet.NotifyServlet-11ee02f8@50a2c8d2==com.cellsgame.game.servlet.NotifyServlet,jsp=null,order=-1,inst=true] to PathMappings[size=14]
[][6680][2018-10-11 17:44:43][DEBUG][main][org.eclipse.jetty.servlet.ServletHandler:1439]Path=/onlineSize[EMBEDDED:null] mapped to servlet=com.cellsgame.game.servlet.GetOnlineSizeServlet-77b325b3[EMBEDDED:null]
[][6680][2018-10-11 17:44:43][DEBUG][main][org.eclipse.jetty.http.pathmap.PathMappings:239]Added MappedResource[pathSpec=ServletPathSpec["/onlineSize",pathDepth=1,group=EXACT],resource=com.cellsgame.game.servlet.GetOnlineSizeServlet-77b325b3@28d562ea==com.cellsgame.game.servlet.GetOnlineSizeServlet,jsp=null,order=-1,inst=true] to PathMappings[size=15]
[][6680][2018-10-11 17:44:43][DEBUG][main][org.eclipse.jetty.servlet.ServletHandler:1439]Path=/stateChange[EMBEDDED:null] mapped to servlet=com.cellsgame.game.servlet.GameStateChangeServlet-f325091[EMBEDDED:null]
[][6684][2018-10-11 17:44:43][DEBUG][main][org.eclipse.jetty.http.pathmap.PathMappings:239]Added MappedResource[pathSpec=ServletPathSpec["/stateChange",pathDepth=1,group=EXACT],resource=com.cellsgame.game.servlet.GameStateChangeServlet-f325091@fab4e8ee==com.cellsgame.game.servlet.GameStateChangeServlet,jsp=null,order=-1,inst=true] to PathMappings[size=16]
[][6684][2018-10-11 17:44:43][DEBUG][main][org.eclipse.jetty.servlet.ServletHandler:1439]Path=/changeGoods[EMBEDDED:null] mapped to servlet=com.cellsgame.game.servlet.ChangeGoodsServlet-315df4bb[EMBEDDED:null]
[][6685][2018-10-11 17:44:43][DEBUG][main][org.eclipse.jetty.http.pathmap.PathMappings:239]Added MappedResource[pathSpec=ServletPathSpec["/changeGoods",pathDepth=1,group=EXACT],resource=com.cellsgame.game.servlet.ChangeGoodsServlet-315df4bb@1bb858bc==com.cellsgame.game.servlet.ChangeGoodsServlet,jsp=null,order=-1,inst=true] to PathMappings[size=17]
[][6685][2018-10-11 17:44:43][DEBUG][main][org.eclipse.jetty.servlet.ServletHandler:1439]Path=/reissueOrder[EMBEDDED:null] mapped to servlet=com.cellsgame.game.servlet.ReissuePayFailOrderServlet-49ef32e0[EMBEDDED:null]
[][6685][2018-10-11 17:44:43][DEBUG][main][org.eclipse.jetty.http.pathmap.PathMappings:239]Added MappedResource[pathSpec=ServletPathSpec["/reissueOrder",pathDepth=1,group=EXACT],resource=com.cellsgame.game.servlet.ReissuePayFailOrderServlet-49ef32e0@2c71ee59==com.cellsgame.game.servlet.ReissuePayFailOrderServlet,jsp=null,order=-1,inst=true] to PathMappings[size=18]
[][6686][2018-10-11 17:44:43][DEBUG][main][org.eclipse.jetty.servlet.ServletHandler:1439]Path=/loadPlayer[EMBEDDED:null] mapped to servlet=com.cellsgame.game.servlet.LoadPlayerServlet-28fa700e[EMBEDDED:null]
[][6686][2018-10-11 17:44:43][DEBUG][main][org.eclipse.jetty.http.pathmap.PathMappings:239]Added MappedResource[pathSpec=ServletPathSpec["/loadPlayer",pathDepth=1,group=EXACT],resource=com.cellsgame.game.servlet.LoadPlayerServlet-28fa700e@8b3d556b==com.cellsgame.game.servlet.LoadPlayerServlet,jsp=null,order=-1,inst=true] to PathMappings[size=19]
[][6686][2018-10-11 17:44:43][DEBUG][main][org.eclipse.jetty.servlet.ServletHandler:1439]Path=/deleteActivity[EMBEDDED:null] mapped to servlet=com.cellsgame.game.servlet.DeleteActivityServlet-61a5b4ae[EMBEDDED:null]
[][6686][2018-10-11 17:44:43][DEBUG][main][org.eclipse.jetty.http.pathmap.PathMappings:239]Added MappedResource[pathSpec=ServletPathSpec["/deleteActivity",pathDepth=1,group=EXACT],resource=com.cellsgame.game.servlet.DeleteActivityServlet-61a5b4ae@597e6bb4==com.cellsgame.game.servlet.DeleteActivityServlet,jsp=null,order=-1,inst=true] to PathMappings[size=20]
[][6686][2018-10-11 17:44:43][DEBUG][main][org.eclipse.jetty.servlet.ServletHandler:1439]Path=/createStore[EMBEDDED:null] mapped to servlet=com.cellsgame.game.servlet.CreateStoreServlet-271f18d3[EMBEDDED:null]
[][6686][2018-10-11 17:44:43][DEBUG][main][org.eclipse.jetty.http.pathmap.PathMappings:239]Added MappedResource[pathSpec=ServletPathSpec["/createStore",pathDepth=1,group=EXACT],resource=com.cellsgame.game.servlet.CreateStoreServlet-271f18d3@7a213910==com.cellsgame.game.servlet.CreateStoreServlet,jsp=null,order=-1,inst=true] to PathMappings[size=21]
[][6687][2018-10-11 17:44:43][DEBUG][main][org.eclipse.jetty.servlet.ServletHandler:1439]Path=/changeCurrency[EMBEDDED:null] mapped to servlet=com.cellsgame.game.servlet.ChangeCurrencyServlet-4d4d48a6[EMBEDDED:null]
[][6687][2018-10-11 17:44:43][DEBUG][main][org.eclipse.jetty.http.pathmap.PathMappings:239]Added MappedResource[pathSpec=ServletPathSpec["/changeCurrency",pathDepth=1,group=EXACT],resource=com.cellsgame.game.servlet.ChangeCurrencyServlet-4d4d48a6@230a6f==com.cellsgame.game.servlet.ChangeCurrencyServlet,jsp=null,order=-1,inst=true] to PathMappings[size=22]
[][6687][2018-10-11 17:44:43][DEBUG][main][org.eclipse.jetty.servlet.ServletHandler:1464]filterNameMap={}
[][6687][2018-10-11 17:44:43][DEBUG][main][org.eclipse.jetty.servlet.ServletHandler:1465]pathFilters=null
[][6687][2018-10-11 17:44:43][DEBUG][main][org.eclipse.jetty.servlet.ServletHandler:1466]servletFilterMap=null
[][6687][2018-10-11 17:44:43][DEBUG][main][org.eclipse.jetty.servlet.ServletHandler:1467]servletPathMap=PathMappings[size=22]
[][6688][2018-10-11 17:44:43][DEBUG][main][org.eclipse.jetty.servlet.ServletHandler:1468]servletNameMap={com.cellsgame.game.servlet.QueryStoreServlet-61e3a1fd=com.cellsgame.game.servlet.QueryStoreServlet-61e3a1fd@3107bbc5==com.cellsgame.game.servlet.QueryStoreServlet,jsp=null,order=-1,inst=true, com.cellsgame.game.servlet.UpdateAllowLoginIpServlet-3fc08eec=com.cellsgame.game.servlet.UpdateAllowLoginIpServlet-3fc08eec@f612d410==com.cellsgame.game.servlet.UpdateAllowLoginIpServlet,jsp=null,order=-1,inst=true, com.cellsgame.game.servlet.MailServlet-5b69fd74=com.cellsgame.game.servlet.MailServlet-5b69fd74@bb34b817==com.cellsgame.game.servlet.MailServlet,jsp=null,order=-1,inst=true, com.cellsgame.game.servlet.ChangeGoodsServlet-315df4bb=com.cellsgame.game.servlet.ChangeGoodsServlet-315df4bb@1bb858bc==com.cellsgame.game.servlet.ChangeGoodsServlet,jsp=null,order=-1,inst=true, com.cellsgame.game.servlet.ReissuePayFailOrderServlet-49ef32e0=com.cellsgame.game.servlet.ReissuePayFailOrderServlet-49ef32e0@2c71ee59==com.cellsgame.game.servlet.ReissuePayFailOrderServlet,jsp=null,order=-1,inst=true, com.cellsgame.game.servlet.GetPlayerBaseInfoServlet-3f3c966c=com.cellsgame.game.servlet.GetPlayerBaseInfoServlet-3f3c966c@3f57b03e==com.cellsgame.game.servlet.GetPlayerBaseInfoServlet,jsp=null,order=-1,inst=true, com.cellsgame.game.servlet.DeleteActivityServlet-61a5b4ae=com.cellsgame.game.servlet.DeleteActivityServlet-61a5b4ae@597e6bb4==com.cellsgame.game.servlet.DeleteActivityServlet,jsp=null,order=-1,inst=true, org.eclipse.jetty.servlet.ServletHandler$Default404Servlet-125c082e=org.eclipse.jetty.servlet.ServletHandler$Default404Servlet-125c082e@f4348d3e==org.eclipse.jetty.servlet.ServletHandler$Default404Servlet,jsp=null,order=-1,inst=false, com.cellsgame.game.servlet.ChangeCurrencyServlet-4d4d48a6=com.cellsgame.game.servlet.ChangeCurrencyServlet-4d4d48a6@230a6f==com.cellsgame.game.servlet.ChangeCurrencyServlet,jsp=null,order=-1,inst=true, com.cellsgame.game.servlet.NotifyServlet-11ee02f8=com.cellsgame.game.servlet.NotifyServlet-11ee02f8@50a2c8d2==com.cellsgame.game.servlet.NotifyServlet,jsp=null,order=-1,inst=true, com.cellsgame.game.servlet.ChangePlayerStateServlet-63a5e46c=com.cellsgame.game.servlet.ChangePlayerStateServlet-63a5e46c@61791b68==com.cellsgame.game.servlet.ChangePlayerStateServlet,jsp=null,order=-1,inst=true, com.cellsgame.game.servlet.CreateStoreServlet-271f18d3=com.cellsgame.game.servlet.CreateStoreServlet-271f18d3@7a213910==com.cellsgame.game.servlet.CreateStoreServlet,jsp=null,order=-1,inst=true, com.cellsgame.game.servlet.DeleteStoreServlet-6bd51ed8=com.cellsgame.game.servlet.DeleteStoreServlet-6bd51ed8@ff476016==com.cellsgame.game.servlet.DeleteStoreServlet,jsp=null,order=-1,inst=true, com.cellsgame.game.servlet.ReleaseActivityServlet-4102b1b1=com.cellsgame.game.servlet.ReleaseActivityServlet-4102b1b1@dd7d5b8e==com.cellsgame.game.servlet.ReleaseActivityServlet,jsp=null,order=-1,inst=true, com.cellsgame.game.servlet.UpdateStoreServlet-51abf713=com.cellsgame.game.servlet.UpdateStoreServlet-51abf713@45f7e403==com.cellsgame.game.servlet.UpdateStoreServlet,jsp=null,order=-1,inst=true, com.cellsgame.game.servlet.GetRankServlet-eadb475=com.cellsgame.game.servlet.GetRankServlet-eadb475@44cf713b==com.cellsgame.game.servlet.GetRankServlet,jsp=null,order=-1,inst=true, com.cellsgame.game.servlet.QueryActivityServlet-3a71c100=com.cellsgame.game.servlet.QueryActivityServlet-3a71c100@cffd1488==com.cellsgame.game.servlet.QueryActivityServlet,jsp=null,order=-1,inst=true, com.cellsgame.game.servlet.LoadPlayerServlet-28fa700e=com.cellsgame.game.servlet.LoadPlayerServlet-28fa700e@8b3d556b==com.cellsgame.game.servlet.LoadPlayerServlet,jsp=null,order=-1,inst=true, com.cellsgame.game.servlet.GameStateChangeServlet-f325091=com.cellsgame.game.servlet.GameStateChangeServlet-f325091@fab4e8ee==com.cellsgame.game.servlet.GameStateChangeServlet,jsp=null,order=-1,inst=true, com.cellsgame.game.servlet.ChangePlayerStateServlet-7e8e8651=com.cellsgame.game.servlet.ChangePlayerStateServlet-7e8e8651@daeb2430==com.cellsgame.game.servlet.ChangePlayerStateServlet,jsp=null,order=-1,inst=true, com.cellsgame.game.servlet.GetGameStateServlet-437e951d=com.cellsgame.game.servlet.GetGameStateServlet-437e951d@6e0581ba==com.cellsgame.game.servlet.GetGameStateServlet,jsp=null,order=-1,inst=true, com.cellsgame.game.servlet.GetOnlineSizeServlet-77b325b3=com.cellsgame.game.servlet.GetOnlineSizeServlet-77b325b3@28d562ea==com.cellsgame.game.servlet.GetOnlineSizeServlet,jsp=null,order=-1,inst=true}
[][6689][2018-10-11 17:44:43][DEBUG][main][org.eclipse.jetty.server.handler.AbstractHandler:110]starting org.eclipse.jetty.servlet.ServletHandler@106faf11
[][6689][2018-10-11 17:44:43][DEBUG][main][org.eclipse.jetty.util.component.AbstractLifeCycle:177]STARTED @6844ms org.eclipse.jetty.servlet.ServletHandler@106faf11
[][6689][2018-10-11 17:44:43][DEBUG][main][org.eclipse.jetty.util.component.AbstractLifeCycle:185]starting org.eclipse.jetty.server.session.DefaultSessionCache@4c7a078[evict=-1,removeUnloadable=false,saveOnCreate=false,saveOnInactiveEvict=false]
[][6689][2018-10-11 17:44:43][DEBUG][main][org.eclipse.jetty.util.component.AbstractLifeCycle:185]starting org.eclipse.jetty.server.session.NullSessionDataStore@6bb7cce7[passivating=false,graceSec=3600]
[][6689][2018-10-11 17:44:43][DEBUG][main][org.eclipse.jetty.util.component.AbstractLifeCycle:177]STARTED @6845ms org.eclipse.jetty.server.session.NullSessionDataStore@6bb7cce7[passivating=false,graceSec=3600]
[][6690][2018-10-11 17:44:43][DEBUG][main][org.eclipse.jetty.util.component.AbstractLifeCycle:177]STARTED @6845ms org.eclipse.jetty.server.session.DefaultSessionCache@4c7a078[evict=-1,removeUnloadable=false,saveOnCreate=false,saveOnInactiveEvict=false]
[][6690][2018-10-11 17:44:43][DEBUG][main][org.eclipse.jetty.util.component.AbstractLifeCycle:177]STARTED @6846ms org.eclipse.jetty.server.session.SessionHandler1637601612==dftMaxIdleSec=-1
[][6690][2018-10-11 17:44:43][DEBUG][main][org.eclipse.jetty.util.component.AbstractLifeCycle:185]starting com.cellsgame.game.servlet.ChangeCurrencyServlet-4d4d48a6@230a6f==com.cellsgame.game.servlet.ChangeCurrencyServlet,jsp=null,order=-1,inst=true
[][6692][2018-10-11 17:44:43][DEBUG][main][org.eclipse.jetty.util.component.AbstractLifeCycle:177]STARTED @6847ms com.cellsgame.game.servlet.ChangeCurrencyServlet-4d4d48a6@230a6f==com.cellsgame.game.servlet.ChangeCurrencyServlet,jsp=null,order=-1,inst=true
[][6694][2018-10-11 17:44:43][DEBUG][main][org.eclipse.jetty.servlet.ServletHolder:636]Servlet.init com.cellsgame.game.servlet.ChangeCurrencyServlet@78d50a3c for com.cellsgame.game.servlet.ChangeCurrencyServlet-4d4d48a6
[][6694][2018-10-11 17:44:43][DEBUG][main][org.eclipse.jetty.util.component.AbstractLifeCycle:185]starting com.cellsgame.game.servlet.ChangeGoodsServlet-315df4bb@1bb858bc==com.cellsgame.game.servlet.ChangeGoodsServlet,jsp=null,order=-1,inst=true
[][6694][2018-10-11 17:44:43][DEBUG][main][org.eclipse.jetty.util.component.AbstractLifeCycle:177]STARTED @6850ms com.cellsgame.game.servlet.ChangeGoodsServlet-315df4bb@1bb858bc==com.cellsgame.game.servlet.ChangeGoodsServlet,jsp=null,order=-1,inst=true
[][6694][2018-10-11 17:44:43][DEBUG][main][org.eclipse.jetty.servlet.ServletHolder:636]Servlet.init com.cellsgame.game.servlet.ChangeGoodsServlet@2fb69ff6 for com.cellsgame.game.servlet.ChangeGoodsServlet-315df4bb
[][6694][2018-10-11 17:44:43][DEBUG][main][org.eclipse.jetty.util.component.AbstractLifeCycle:185]starting com.cellsgame.game.servlet.ChangePlayerStateServlet-63a5e46c@61791b68==com.cellsgame.game.servlet.ChangePlayerStateServlet,jsp=null,order=-1,inst=true
[][6694][2018-10-11 17:44:43][DEBUG][main][org.eclipse.jetty.util.component.AbstractLifeCycle:177]STARTED @6850ms com.cellsgame.game.servlet.ChangePlayerStateServlet-63a5e46c@61791b68==com.cellsgame.game.servlet.ChangePlayerStateServlet,jsp=null,order=-1,inst=true
[][6695][2018-10-11 17:44:43][DEBUG][main][org.eclipse.jetty.servlet.ServletHolder:636]Servlet.init com.cellsgame.game.servlet.ChangePlayerStateServlet@cda4919 for com.cellsgame.game.servlet.ChangePlayerStateServlet-63a5e46c
[][6695][2018-10-11 17:44:43][DEBUG][main][org.eclipse.jetty.util.component.AbstractLifeCycle:185]starting com.cellsgame.game.servlet.ChangePlayerStateServlet-7e8e8651@daeb2430==com.cellsgame.game.servlet.ChangePlayerStateServlet,jsp=null,order=-1,inst=true
[][6695][2018-10-11 17:44:43][DEBUG][main][org.eclipse.jetty.util.component.AbstractLifeCycle:177]STARTED @6850ms com.cellsgame.game.servlet.ChangePlayerStateServlet-7e8e8651@daeb2430==com.cellsgame.game.servlet.ChangePlayerStateServlet,jsp=null,order=-1,inst=true
[][6695][2018-10-11 17:44:43][DEBUG][main][org.eclipse.jetty.servlet.ServletHolder:636]Servlet.init com.cellsgame.game.servlet.ChangePlayerStateServlet@7f4d9395 for com.cellsgame.game.servlet.ChangePlayerStateServlet-7e8e8651
[][6695][2018-10-11 17:44:43][DEBUG][main][org.eclipse.jetty.util.component.AbstractLifeCycle:185]starting com.cellsgame.game.servlet.CreateStoreServlet-271f18d3@7a213910==com.cellsgame.game.servlet.CreateStoreServlet,jsp=null,order=-1,inst=true
[][6695][2018-10-11 17:44:43][DEBUG][main][org.eclipse.jetty.util.component.AbstractLifeCycle:177]STARTED @6850ms com.cellsgame.game.servlet.CreateStoreServlet-271f18d3@7a213910==com.cellsgame.game.servlet.CreateStoreServlet,jsp=null,order=-1,inst=true
[][6695][2018-10-11 17:44:43][DEBUG][main][org.eclipse.jetty.servlet.ServletHolder:636]Servlet.init com.cellsgame.game.servlet.CreateStoreServlet@2f19f2aa for com.cellsgame.game.servlet.CreateStoreServlet-271f18d3
[][6695][2018-10-11 17:44:43][DEBUG][main][org.eclipse.jetty.util.component.AbstractLifeCycle:185]starting com.cellsgame.game.servlet.DeleteActivityServlet-61a5b4ae@597e6bb4==com.cellsgame.game.servlet.DeleteActivityServlet,jsp=null,order=-1,inst=true
[][6696][2018-10-11 17:44:43][DEBUG][main][org.eclipse.jetty.util.component.AbstractLifeCycle:177]STARTED @6851ms com.cellsgame.game.servlet.DeleteActivityServlet-61a5b4ae@597e6bb4==com.cellsgame.game.servlet.DeleteActivityServlet,jsp=null,order=-1,inst=true
[][6696][2018-10-11 17:44:43][DEBUG][main][org.eclipse.jetty.servlet.ServletHolder:636]Servlet.init com.cellsgame.game.servlet.DeleteActivityServlet@6a078481 for com.cellsgame.game.servlet.DeleteActivityServlet-61a5b4ae
[][6696][2018-10-11 17:44:43][DEBUG][main][org.eclipse.jetty.util.component.AbstractLifeCycle:185]starting com.cellsgame.game.servlet.DeleteStoreServlet-6bd51ed8@ff476016==com.cellsgame.game.servlet.DeleteStoreServlet,jsp=null,order=-1,inst=true
[][6696][2018-10-11 17:44:43][DEBUG][main][org.eclipse.jetty.util.component.AbstractLifeCycle:177]STARTED @6852ms com.cellsgame.game.servlet.DeleteStoreServlet-6bd51ed8@ff476016==com.cellsgame.game.servlet.DeleteStoreServlet,jsp=null,order=-1,inst=true
[][6696][2018-10-11 17:44:43][DEBUG][main][org.eclipse.jetty.servlet.ServletHolder:636]Servlet.init com.cellsgame.game.servlet.DeleteStoreServlet@79c5636f for com.cellsgame.game.servlet.DeleteStoreServlet-6bd51ed8
[][6696][2018-10-11 17:44:43][DEBUG][main][org.eclipse.jetty.util.component.AbstractLifeCycle:185]starting com.cellsgame.game.servlet.GameStateChangeServlet-f325091@fab4e8ee==com.cellsgame.game.servlet.GameStateChangeServlet,jsp=null,order=-1,inst=true
[][6696][2018-10-11 17:44:43][DEBUG][main][org.eclipse.jetty.util.component.AbstractLifeCycle:177]STARTED @6852ms com.cellsgame.game.servlet.GameStateChangeServlet-f325091@fab4e8ee==com.cellsgame.game.servlet.GameStateChangeServlet,jsp=null,order=-1,inst=true
[][6696][2018-10-11 17:44:43][DEBUG][main][org.eclipse.jetty.servlet.ServletHolder:636]Servlet.init com.cellsgame.game.servlet.GameStateChangeServlet@1929425f for com.cellsgame.game.servlet.GameStateChangeServlet-f325091
[][6697][2018-10-11 17:44:43][DEBUG][main][org.eclipse.jetty.util.component.AbstractLifeCycle:185]starting com.cellsgame.game.servlet.GetGameStateServlet-437e951d@6e0581ba==com.cellsgame.game.servlet.GetGameStateServlet,jsp=null,order=-1,inst=true
[][6697][2018-10-11 17:44:43][DEBUG][main][org.eclipse.jetty.util.component.AbstractLifeCycle:177]STARTED @6852ms com.cellsgame.game.servlet.GetGameStateServlet-437e951d@6e0581ba==com.cellsgame.game.servlet.GetGameStateServlet,jsp=null,order=-1,inst=true
[][6698][2018-10-11 17:44:43][DEBUG][main][org.eclipse.jetty.servlet.ServletHolder:636]Servlet.init com.cellsgame.game.servlet.GetGameStateServlet@718607eb for com.cellsgame.game.servlet.GetGameStateServlet-437e951d
[][6704][2018-10-11 17:44:43][DEBUG][main][org.eclipse.jetty.util.component.AbstractLifeCycle:185]starting com.cellsgame.game.servlet.GetOnlineSizeServlet-77b325b3@28d562ea==com.cellsgame.game.servlet.GetOnlineSizeServlet,jsp=null,order=-1,inst=true
[][6704][2018-10-11 17:44:43][DEBUG][main][org.eclipse.jetty.util.component.AbstractLifeCycle:177]STARTED @6860ms com.cellsgame.game.servlet.GetOnlineSizeServlet-77b325b3@28d562ea==com.cellsgame.game.servlet.GetOnlineSizeServlet,jsp=null,order=-1,inst=true
[][6705][2018-10-11 17:44:43][DEBUG][main][org.eclipse.jetty.servlet.ServletHolder:636]Servlet.init com.cellsgame.game.servlet.GetOnlineSizeServlet@27f3b6d6 for com.cellsgame.game.servlet.GetOnlineSizeServlet-77b325b3
[][6705][2018-10-11 17:44:43][DEBUG][main][org.eclipse.jetty.util.component.AbstractLifeCycle:185]starting com.cellsgame.game.servlet.GetPlayerBaseInfoServlet-3f3c966c@3f57b03e==com.cellsgame.game.servlet.GetPlayerBaseInfoServlet,jsp=null,order=-1,inst=true
[][6705][2018-10-11 17:44:43][DEBUG][main][org.eclipse.jetty.util.component.AbstractLifeCycle:177]STARTED @6860ms com.cellsgame.game.servlet.GetPlayerBaseInfoServlet-3f3c966c@3f57b03e==com.cellsgame.game.servlet.GetPlayerBaseInfoServlet,jsp=null,order=-1,inst=true
[][6705][2018-10-11 17:44:43][DEBUG][main][org.eclipse.jetty.servlet.ServletHolder:636]Servlet.init com.cellsgame.game.servlet.GetPlayerBaseInfoServlet@757f675c for com.cellsgame.game.servlet.GetPlayerBaseInfoServlet-3f3c966c
[][6705][2018-10-11 17:44:43][DEBUG][main][org.eclipse.jetty.util.component.AbstractLifeCycle:185]starting com.cellsgame.game.servlet.GetRankServlet-eadb475@44cf713b==com.cellsgame.game.servlet.GetRankServlet,jsp=null,order=-1,inst=true
[][6706][2018-10-11 17:44:43][DEBUG][main][org.eclipse.jetty.util.component.AbstractLifeCycle:177]STARTED @6861ms com.cellsgame.game.servlet.GetRankServlet-eadb475@44cf713b==com.cellsgame.game.servlet.GetRankServlet,jsp=null,order=-1,inst=true
[][6706][2018-10-11 17:44:43][DEBUG][main][org.eclipse.jetty.servlet.ServletHolder:636]Servlet.init com.cellsgame.game.servlet.GetRankServlet@2617f816 for com.cellsgame.game.servlet.GetRankServlet-eadb475
[][6706][2018-10-11 17:44:43][DEBUG][main][org.eclipse.jetty.util.component.AbstractLifeCycle:185]starting com.cellsgame.game.servlet.LoadPlayerServlet-28fa700e@8b3d556b==com.cellsgame.game.servlet.LoadPlayerServlet,jsp=null,order=-1,inst=true
[][6706][2018-10-11 17:44:43][DEBUG][main][org.eclipse.jetty.util.component.AbstractLifeCycle:177]STARTED @6861ms com.cellsgame.game.servlet.LoadPlayerServlet-28fa700e@8b3d556b==com.cellsgame.game.servlet.LoadPlayerServlet,jsp=null,order=-1,inst=true
[][6706][2018-10-11 17:44:43][DEBUG][main][org.eclipse.jetty.servlet.ServletHolder:636]Servlet.init com.cellsgame.game.servlet.LoadPlayerServlet@676f0a60 for com.cellsgame.game.servlet.LoadPlayerServlet-28fa700e
[][6706][2018-10-11 17:44:43][DEBUG][main][org.eclipse.jetty.util.component.AbstractLifeCycle:185]starting com.cellsgame.game.servlet.MailServlet-5b69fd74@bb34b817==com.cellsgame.game.servlet.MailServlet,jsp=null,order=-1,inst=true
[][6706][2018-10-11 17:44:43][DEBUG][main][org.eclipse.jetty.util.component.AbstractLifeCycle:177]STARTED @6862ms com.cellsgame.game.servlet.MailServlet-5b69fd74@bb34b817==com.cellsgame.game.servlet.MailServlet,jsp=null,order=-1,inst=true
[][6706][2018-10-11 17:44:43][DEBUG][main][org.eclipse.jetty.servlet.ServletHolder:636]Servlet.init com.cellsgame.game.servlet.MailServlet@5d10455d for com.cellsgame.game.servlet.MailServlet-5b69fd74
[][6710][2018-10-11 17:44:43][DEBUG][main][org.eclipse.jetty.util.component.AbstractLifeCycle:185]starting com.cellsgame.game.servlet.NotifyServlet-11ee02f8@50a2c8d2==com.cellsgame.game.servlet.NotifyServlet,jsp=null,order=-1,inst=true
[][6711][2018-10-11 17:44:43][DEBUG][main][org.eclipse.jetty.util.component.AbstractLifeCycle:177]STARTED @6866ms com.cellsgame.game.servlet.NotifyServlet-11ee02f8@50a2c8d2==com.cellsgame.game.servlet.NotifyServlet,jsp=null,order=-1,inst=true
[][6711][2018-10-11 17:44:43][DEBUG][main][org.eclipse.jetty.servlet.ServletHolder:636]Servlet.init com.cellsgame.game.servlet.NotifyServlet@535b8c24 for com.cellsgame.game.servlet.NotifyServlet-11ee02f8
[][6711][2018-10-11 17:44:43][DEBUG][main][org.eclipse.jetty.util.component.AbstractLifeCycle:185]starting com.cellsgame.game.servlet.QueryActivityServlet-3a71c100@cffd1488==com.cellsgame.game.servlet.QueryActivityServlet,jsp=null,order=-1,inst=true
[][6711][2018-10-11 17:44:43][DEBUG][main][org.eclipse.jetty.util.component.AbstractLifeCycle:177]STARTED @6867ms com.cellsgame.game.servlet.QueryActivityServlet-3a71c100@cffd1488==com.cellsgame.game.servlet.QueryActivityServlet,jsp=null,order=-1,inst=true
[][6711][2018-10-11 17:44:43][DEBUG][main][org.eclipse.jetty.servlet.ServletHolder:636]Servlet.init com.cellsgame.game.servlet.QueryActivityServlet@4a951911 for com.cellsgame.game.servlet.QueryActivityServlet-3a71c100
[][6711][2018-10-11 17:44:43][DEBUG][main][org.eclipse.jetty.util.component.AbstractLifeCycle:185]starting com.cellsgame.game.servlet.QueryStoreServlet-61e3a1fd@3107bbc5==com.cellsgame.game.servlet.QueryStoreServlet,jsp=null,order=-1,inst=true
[][6711][2018-10-11 17:44:43][DEBUG][main][org.eclipse.jetty.util.component.AbstractLifeCycle:177]STARTED @6867ms com.cellsgame.game.servlet.QueryStoreServlet-61e3a1fd@3107bbc5==com.cellsgame.game.servlet.QueryStoreServlet,jsp=null,order=-1,inst=true
[][6712][2018-10-11 17:44:43][DEBUG][main][org.eclipse.jetty.servlet.ServletHolder:636]Servlet.init com.cellsgame.game.servlet.QueryStoreServlet@55b62629 for com.cellsgame.game.servlet.QueryStoreServlet-61e3a1fd
[][6712][2018-10-11 17:44:43][DEBUG][main][org.eclipse.jetty.util.component.AbstractLifeCycle:185]starting com.cellsgame.game.servlet.ReissuePayFailOrderServlet-49ef32e0@2c71ee59==com.cellsgame.game.servlet.ReissuePayFailOrderServlet,jsp=null,order=-1,inst=true
[][6712][2018-10-11 17:44:43][DEBUG][main][org.eclipse.jetty.util.component.AbstractLifeCycle:177]STARTED @6868ms com.cellsgame.game.servlet.ReissuePayFailOrderServlet-49ef32e0@2c71ee59==com.cellsgame.game.servlet.ReissuePayFailOrderServlet,jsp=null,order=-1,inst=true
[][6712][2018-10-11 17:44:43][DEBUG][main][org.eclipse.jetty.servlet.ServletHolder:636]Servlet.init com.cellsgame.game.servlet.ReissuePayFailOrderServlet@a53bb6f for com.cellsgame.game.servlet.ReissuePayFailOrderServlet-49ef32e0
[][6713][2018-10-11 17:44:43][DEBUG][main][org.eclipse.jetty.util.component.AbstractLifeCycle:185]starting com.cellsgame.game.servlet.ReleaseActivityServlet-4102b1b1@dd7d5b8e==com.cellsgame.game.servlet.ReleaseActivityServlet,jsp=null,order=-1,inst=true
[][6714][2018-10-11 17:44:43][DEBUG][main][org.eclipse.jetty.util.component.AbstractLifeCycle:177]STARTED @6870ms com.cellsgame.game.servlet.ReleaseActivityServlet-4102b1b1@dd7d5b8e==com.cellsgame.game.servlet.ReleaseActivityServlet,jsp=null,order=-1,inst=true
[][6715][2018-10-11 17:44:43][DEBUG][main][org.eclipse.jetty.servlet.ServletHolder:636]Servlet.init com.cellsgame.game.servlet.ReleaseActivityServlet@5e63cad for com.cellsgame.game.servlet.ReleaseActivityServlet-4102b1b1
[][6715][2018-10-11 17:44:43][DEBUG][main][org.eclipse.jetty.util.component.AbstractLifeCycle:185]starting com.cellsgame.game.servlet.UpdateAllowLoginIpServlet-3fc08eec@f612d410==com.cellsgame.game.servlet.UpdateAllowLoginIpServlet,jsp=null,order=-1,inst=true
[][6715][2018-10-11 17:44:43][DEBUG][main][org.eclipse.jetty.util.component.AbstractLifeCycle:177]STARTED @6870ms com.cellsgame.game.servlet.UpdateAllowLoginIpServlet-3fc08eec@f612d410==com.cellsgame.game.servlet.UpdateAllowLoginIpServlet,jsp=null,order=-1,inst=true
[][6715][2018-10-11 17:44:43][DEBUG][main][org.eclipse.jetty.servlet.ServletHolder:636]Servlet.init com.cellsgame.game.servlet.UpdateAllowLoginIpServlet@6759f091 for com.cellsgame.game.servlet.UpdateAllowLoginIpServlet-3fc08eec
[][6717][2018-10-11 17:44:43][DEBUG][main][org.eclipse.jetty.util.component.AbstractLifeCycle:185]starting com.cellsgame.game.servlet.UpdateStoreServlet-51abf713@45f7e403==com.cellsgame.game.servlet.UpdateStoreServlet,jsp=null,order=-1,inst=true
[][6720][2018-10-11 17:44:43][DEBUG][main][org.eclipse.jetty.util.component.AbstractLifeCycle:177]STARTED @6875ms com.cellsgame.game.servlet.UpdateStoreServlet-51abf713@45f7e403==com.cellsgame.game.servlet.UpdateStoreServlet,jsp=null,order=-1,inst=true
[][6722][2018-10-11 17:44:43][DEBUG][main][org.eclipse.jetty.servlet.ServletHolder:636]Servlet.init com.cellsgame.game.servlet.UpdateStoreServlet@33a053d for com.cellsgame.game.servlet.UpdateStoreServlet-51abf713
[][6722][2018-10-11 17:44:43][DEBUG][main][org.eclipse.jetty.util.component.AbstractLifeCycle:185]starting org.eclipse.jetty.servlet.ServletHandler$Default404Servlet-125c082e@f4348d3e==org.eclipse.jetty.servlet.ServletHandler$Default404Servlet,jsp=null,order=-1,inst=false
[][6722][2018-10-11 17:44:43][DEBUG][main][org.eclipse.jetty.util.component.AbstractLifeCycle:177]STARTED @6878ms org.eclipse.jetty.servlet.ServletHandler$Default404Servlet-125c082e@f4348d3e==org.eclipse.jetty.servlet.ServletHandler$Default404Servlet,jsp=null,order=-1,inst=false
[][6723][2018-10-11 17:44:43][DEBUG][main][org.eclipse.jetty.util.component.AbstractLifeCycle:177]STARTED @6878ms o.e.j.s.ServletContextHandler@6754ef00{/game,null,AVAILABLE}
[][6723][2018-10-11 17:44:43][DEBUG][main][org.eclipse.jetty.util.component.AbstractLifeCycle:185]starting org.eclipse.jetty.server.handler.ErrorHandler@20765ed5
[][6723][2018-10-11 17:44:43][DEBUG][main][org.eclipse.jetty.server.handler.AbstractHandler:110]starting org.eclipse.jetty.server.handler.ErrorHandler@20765ed5
[][6723][2018-10-11 17:44:43][DEBUG][main][org.eclipse.jetty.util.component.AbstractLifeCycle:177]STARTED @6879ms org.eclipse.jetty.server.handler.ErrorHandler@20765ed5
[][6723][2018-10-11 17:44:43][DEBUG][main][org.eclipse.jetty.util.component.AbstractLifeCycle:185]starting ServerConnector@38d5b107{HTTP/1.1,[http/1.1]}{0.0.0.0:7001}
[][6728][2018-10-11 17:44:43][DEBUG][main][org.eclipse.jetty.util.component.ContainerLifeCycle:322]ServerConnector@38d5b107{HTTP/1.1,[http/1.1]}{0.0.0.0:7001} added {sun.nio.ch.ServerSocketChannelImpl[/0:0:0:0:0:0:0:0:7001],POJO}
[][6729][2018-10-11 17:44:43][DEBUG][main][org.eclipse.jetty.util.component.AbstractLifeCycle:185]starting org.eclipse.jetty.util.thread.ScheduledExecutorScheduler@6979efad
[][6729][2018-10-11 17:44:43][DEBUG][main][org.eclipse.jetty.util.component.AbstractLifeCycle:177]STARTED @6885ms org.eclipse.jetty.util.thread.ScheduledExecutorScheduler@6979efad
[][6729][2018-10-11 17:44:43][DEBUG][main][org.eclipse.jetty.util.component.AbstractLifeCycle:185]starting HttpConnectionFactory@5bbbdd4b[HTTP/1.1]
[][6729][2018-10-11 17:44:43][DEBUG][main][org.eclipse.jetty.util.component.AbstractLifeCycle:177]STARTED @6885ms HttpConnectionFactory@5bbbdd4b[HTTP/1.1]
[][6729][2018-10-11 17:44:43][DEBUG][main][org.eclipse.jetty.util.component.AbstractLifeCycle:185]starting org.eclipse.jetty.server.ServerConnector$ServerConnectorManager@450794b4
[][6738][2018-10-11 17:44:43][DEBUG][main][org.eclipse.jetty.util.component.ContainerLifeCycle:322]org.eclipse.jetty.io.ManagedSelector@325f7fa9 id=0 keys=-1 selected=-1 added {EatWhatYouKill@11ce2e22/org.eclipse.jetty.io.ManagedSelector$SelectorProducer@63a5d002/IDLE/0/1,AUTO}
[][6738][2018-10-11 17:44:43][DEBUG][main][org.eclipse.jetty.util.component.ContainerLifeCycle:322]org.eclipse.jetty.server.ServerConnector$ServerConnectorManager@450794b4 added {org.eclipse.jetty.io.ManagedSelector@325f7fa9 id=0 keys=-1 selected=-1,AUTO}
[][6738][2018-10-11 17:44:43][DEBUG][main][org.eclipse.jetty.util.component.ContainerLifeCycle:322]org.eclipse.jetty.io.ManagedSelector@13cda7c9 id=1 keys=-1 selected=-1 added {EatWhatYouKill@5aa6202e/org.eclipse.jetty.io.ManagedSelector$SelectorProducer@3af9aa66/IDLE/0/1,AUTO}
[][6738][2018-10-11 17:44:43][DEBUG][main][org.eclipse.jetty.util.component.ContainerLifeCycle:322]org.eclipse.jetty.server.ServerConnector$ServerConnectorManager@450794b4 added {org.eclipse.jetty.io.ManagedSelector@13cda7c9 id=1 keys=-1 selected=-1,AUTO}
[][6739][2018-10-11 17:44:43][DEBUG][main][org.eclipse.jetty.util.component.AbstractLifeCycle:185]starting org.eclipse.jetty.io.ManagedSelector@325f7fa9 id=0 keys=-1 selected=-1
[][6739][2018-10-11 17:44:43][DEBUG][main][org.eclipse.jetty.util.component.AbstractLifeCycle:185]starting EatWhatYouKill@11ce2e22/org.eclipse.jetty.io.ManagedSelector$SelectorProducer@63a5d002/IDLE/0/1
[][6739][2018-10-11 17:44:43][DEBUG][main][org.eclipse.jetty.util.component.AbstractLifeCycle:177]STARTED @6894ms EatWhatYouKill@11ce2e22/org.eclipse.jetty.io.ManagedSelector$SelectorProducer@63a5d002/IDLE/0/1
[][7386][2018-10-11 17:44:44][DEBUG][main][org.eclipse.jetty.util.thread.QueuedThreadPool:381]queue org.eclipse.jetty.io.ManagedSelector$$Lambda$52/1015122628@5b69d40d
[][7386][2018-10-11 17:44:44][DEBUG][qtp814377348-31][org.eclipse.jetty.util.thread.QueuedThreadPool:590]run org.eclipse.jetty.io.ManagedSelector$$Lambda$52/1015122628@5b69d40d
[][7386][2018-10-11 17:44:44][DEBUG][main][org.eclipse.jetty.util.component.AbstractLifeCycle:177]STARTED @7541ms org.eclipse.jetty.io.ManagedSelector@325f7fa9 id=0 keys=0 selected=0
[][7386][2018-10-11 17:44:44][DEBUG][main][org.eclipse.jetty.util.component.AbstractLifeCycle:185]starting org.eclipse.jetty.io.ManagedSelector@13cda7c9 id=1 keys=-1 selected=-1
[][7386][2018-10-11 17:44:44][DEBUG][main][org.eclipse.jetty.util.component.AbstractLifeCycle:185]starting EatWhatYouKill@5aa6202e/org.eclipse.jetty.io.ManagedSelector$SelectorProducer@3af9aa66/IDLE/0/1
[][7386][2018-10-11 17:44:44][DEBUG][main][org.eclipse.jetty.util.component.AbstractLifeCycle:177]STARTED @7542ms EatWhatYouKill@5aa6202e/org.eclipse.jetty.io.ManagedSelector$SelectorProducer@3af9aa66/IDLE/0/1
[][7387][2018-10-11 17:44:44][DEBUG][qtp814377348-31][org.eclipse.jetty.util.thread.strategy.EatWhatYouKill:123]EatWhatYouKill@11ce2e22/org.eclipse.jetty.io.ManagedSelector$SelectorProducer@63a5d002/PRODUCING/0/1 execute true
[][7388][2018-10-11 17:44:44][DEBUG][main][org.eclipse.jetty.util.thread.QueuedThreadPool:381]queue org.eclipse.jetty.io.ManagedSelector$$Lambda$52/1015122628@71154f21
[][7388][2018-10-11 17:44:44][DEBUG][main][org.eclipse.jetty.util.component.AbstractLifeCycle:177]STARTED @7543ms org.eclipse.jetty.io.ManagedSelector@13cda7c9 id=1 keys=0 selected=0
[][7388][2018-10-11 17:44:44][DEBUG][main][org.eclipse.jetty.util.component.AbstractLifeCycle:177]STARTED @7543ms org.eclipse.jetty.server.ServerConnector$ServerConnectorManager@450794b4
[][7388][2018-10-11 17:44:44][DEBUG][qtp814377348-31][org.eclipse.jetty.util.thread.strategy.EatWhatYouKill:206]EatWhatYouKill@11ce2e22/org.eclipse.jetty.io.ManagedSelector$SelectorProducer@63a5d002/PRODUCING/0/1 produce non-blocking
[][7389][2018-10-11 17:44:44][DEBUG][qtp814377348-31][org.eclipse.jetty.io.ManagedSelector:233]Selector loop waiting on select
[][7389][2018-10-11 17:44:44][DEBUG][main][org.eclipse.jetty.util.component.ContainerLifeCycle:322]ServerConnector@38d5b107{HTTP/1.1,[http/1.1]}{0.0.0.0:7001} added {acceptor-0@304a9d7b,POJO}
[][7389][2018-10-11 17:44:44][DEBUG][main][org.eclipse.jetty.util.thread.QueuedThreadPool:381]queue acceptor-0@304a9d7b
[][7389][2018-10-11 17:44:44][DEBUG][main][org.eclipse.jetty.util.component.AbstractLifeCycle:177]STARTED @7545ms ServerConnector@38d5b107{HTTP/1.1,[http/1.1]}{0.0.0.0:7001}
[][7389][2018-10-11 17:44:44][DEBUG][main][org.eclipse.jetty.util.component.AbstractLifeCycle:177]STARTED @7545ms org.eclipse.jetty.server.Server@85ec632
[][7524][2018-10-11 17:44:44][DEBUG][qtp814377348-32][org.eclipse.jetty.util.thread.QueuedThreadPool:590]run org.eclipse.jetty.io.ManagedSelector$$Lambda$52/1015122628@71154f21
[][7524][2018-10-11 17:44:44][DEBUG][qtp814377348-32][org.eclipse.jetty.util.thread.strategy.EatWhatYouKill:123]EatWhatYouKill@5aa6202e/org.eclipse.jetty.io.ManagedSelector$SelectorProducer@3af9aa66/PRODUCING/0/1 execute true
[][7524][2018-10-11 17:44:44][DEBUG][qtp814377348-33][org.eclipse.jetty.util.thread.QueuedThreadPool:590]run acceptor-0@304a9d7b
[][7529][2018-10-11 17:44:44][DEBUG][qtp814377348-32][org.eclipse.jetty.util.thread.strategy.EatWhatYouKill:206]EatWhatYouKill@5aa6202e/org.eclipse.jetty.io.ManagedSelector$SelectorProducer@3af9aa66/PRODUCING/0/1 produce non-blocking
[][7529][2018-10-11 17:44:44][DEBUG][qtp814377348-32][org.eclipse.jetty.io.ManagedSelector:233]Selector loop waiting on select
[][606633][2018-10-11 17:54:43][DEBUG][Scheduler-795590320][org.eclipse.jetty.server.session:264]Scavenging sessions
[][606633][2018-10-11 17:54:43][DEBUG][Scheduler-795590320][org.eclipse.jetty.server.session:1260]org.eclipse.jetty.server.session.SessionHandler1637601612==dftMaxIdleSec=-1 scavenging sessions
[][606633][2018-10-11 17:54:43][DEBUG][Scheduler-795590320][org.eclipse.jetty.server.session:1268]Scavenging session ids []
[][606633][2018-10-11 17:54:43][DEBUG][Scheduler-795590320][org.eclipse.jetty.server.session:659]SessionDataStore checking expiration on []
