[system][3416][2018-10-11 15:06:00][WARN][main][com.cellsgame.orm.dbimpl.JedisPool:24]redis ip:192.168.10.193  port: 6379 password:66C3D88E3F8842D7BF7040F651540AC0
[][3416][2018-10-11 15:06:00][WARN][main][com.cellsgame.orm.dbimpl.JedisPool:24]redis ip:192.168.10.193  port: 6379 password:66C3D88E3F8842D7BF7040F651540AC0
[system][4482][2018-10-11 15:06:01][WARN][main][com.cellsgame.game.Bootstrap:109]-->http server host : 192.168.10.115, port : 7001
[][4482][2018-10-11 15:06:01][WARN][main][com.cellsgame.game.Bootstrap:109]-->http server host : 192.168.10.115, port : 7001
[][4522][2018-10-11 15:06:01][INFO][main][org.eclipse.jetty.util.log:192]Logging initialized @4628ms to org.eclipse.jetty.util.log.Slf4jLog
[][4522][2018-10-11 15:06:01][INFO][main][org.eclipse.jetty.util.log:192]Logging initialized @4628ms to org.eclipse.jetty.util.log.Slf4jLog
[][4670][2018-10-11 15:06:01][INFO][main][org.eclipse.jetty.server.Server:372]jetty-9.4.6.v20170531
[][4670][2018-10-11 15:06:01][INFO][main][org.eclipse.jetty.server.Server:372]jetty-9.4.6.v20170531
[][4733][2018-10-11 15:06:01][INFO][main][org.eclipse.jetty.server.session:364]DefaultSessionIdManager workerName=node0
[][4733][2018-10-11 15:06:01][INFO][main][org.eclipse.jetty.server.session:364]DefaultSessionIdManager workerName=node0
[][4733][2018-10-11 15:06:01][INFO][main][org.eclipse.jetty.server.session:369]No SessionScavenger set, using defaults
[][4733][2018-10-11 15:06:01][INFO][main][org.eclipse.jetty.server.session:369]No SessionScavenger set, using defaults
[][4737][2018-10-11 15:06:01][INFO][main][org.eclipse.jetty.server.session:149]Scavenging every 660000ms
[][4737][2018-10-11 15:06:01][INFO][main][org.eclipse.jetty.server.session:149]Scavenging every 660000ms
[][4821][2018-10-11 15:06:01][INFO][main][org.eclipse.jetty.server.handler.ContextHandler:788]Started o.e.j.s.ServletContextHandler@3a7704c{/game,null,AVAILABLE}
[][4821][2018-10-11 15:06:01][INFO][main][org.eclipse.jetty.server.handler.ContextHandler:788]Started o.e.j.s.ServletContextHandler@3a7704c{/game,null,AVAILABLE}
[][4992][2018-10-11 15:06:01][INFO][main][org.eclipse.jetty.server.AbstractConnector:280]Started ServerConnector@54e81b21{HTTP/1.1,[http/1.1]}{0.0.0.0:7001}
[][4992][2018-10-11 15:06:01][INFO][main][org.eclipse.jetty.server.AbstractConnector:280]Started ServerConnector@54e81b21{HTTP/1.1,[http/1.1]}{0.0.0.0:7001}
[][4993][2018-10-11 15:06:01][INFO][main][org.eclipse.jetty.server.Server:444]Started @5099ms
[][4993][2018-10-11 15:06:01][INFO][main][org.eclipse.jetty.server.Server:444]Started @5099ms
[system][4993][2018-10-11 15:06:01][WARN][main][com.cellsgame.game.Bootstrap:133]-->http server已启动
[][4993][2018-10-11 15:06:01][WARN][main][com.cellsgame.game.Bootstrap:133]-->http server已启动
[system][12005][2018-10-11 15:06:08][WARN][main][com.cellsgame.orm.dbimpl.JedisStrategy:102] redis.clients.jedis.exceptions.JedisException: Could not get a resource from the pool
	at redis.clients.util.Pool.getResource(Pool.java:51) ~[jedis-2.9.0.jar:?]
	at redis.clients.jedis.ShardedJedisPool.getResource(ShardedJedisPool.java:36) ~[jedis-2.9.0.jar:?]
	at com.cellsgame.orm.dbimpl.JedisPool.getSharedJedis(JedisPool.java:53) ~[orm-0.0.3-20180823.065536-1.jar:?]
	at com.cellsgame.orm.dbimpl.JedisStrategy.getMaxKey(JedisStrategy.java:57) ~[orm-0.0.3-20180823.065536-1.jar:?]
	at com.cellsgame.orm.BaseDAO.getMaxKey(BaseDAO.java:166) ~[orm-0.0.3-20180823.065536-1.jar:?]
	at com.cellsgame.game.cache.CachePlayerDBID.init(CachePlayerDBID.java:28) ~[classes/:?]
	at com.cellsgame.game.Bootstrap.init(Bootstrap.java:181) ~[classes/:?]
	at com.cellsgame.game.Bootstrap.main(Bootstrap.java:64) ~[classes/:?]
Caused by: java.util.NoSuchElementException: Unable to validate object
	at org.apache.commons.pool2.impl.GenericObjectPool.borrowObject(GenericObjectPool.java:506) ~[commons-pool2-2.4.2.jar:2.4.2]
	at org.apache.commons.pool2.impl.GenericObjectPool.borrowObject(GenericObjectPool.java:363) ~[commons-pool2-2.4.2.jar:2.4.2]
	at redis.clients.util.Pool.getResource(Pool.java:49) ~[jedis-2.9.0.jar:?]
	... 7 more

[][12005][2018-10-11 15:06:08][WARN][main][com.cellsgame.orm.dbimpl.JedisStrategy:102] redis.clients.jedis.exceptions.JedisException: Could not get a resource from the pool
	at redis.clients.util.Pool.getResource(Pool.java:51) ~[jedis-2.9.0.jar:?]
	at redis.clients.jedis.ShardedJedisPool.getResource(ShardedJedisPool.java:36) ~[jedis-2.9.0.jar:?]
	at com.cellsgame.orm.dbimpl.JedisPool.getSharedJedis(JedisPool.java:53) ~[orm-0.0.3-20180823.065536-1.jar:?]
	at com.cellsgame.orm.dbimpl.JedisStrategy.getMaxKey(JedisStrategy.java:57) ~[orm-0.0.3-20180823.065536-1.jar:?]
	at com.cellsgame.orm.BaseDAO.getMaxKey(BaseDAO.java:166) ~[orm-0.0.3-20180823.065536-1.jar:?]
	at com.cellsgame.game.cache.CachePlayerDBID.init(CachePlayerDBID.java:28) ~[classes/:?]
	at com.cellsgame.game.Bootstrap.init(Bootstrap.java:181) ~[classes/:?]
	at com.cellsgame.game.Bootstrap.main(Bootstrap.java:64) ~[classes/:?]
Caused by: java.util.NoSuchElementException: Unable to validate object
	at org.apache.commons.pool2.impl.GenericObjectPool.borrowObject(GenericObjectPool.java:506) ~[commons-pool2-2.4.2.jar:2.4.2]
	at org.apache.commons.pool2.impl.GenericObjectPool.borrowObject(GenericObjectPool.java:363) ~[commons-pool2-2.4.2.jar:2.4.2]
	at redis.clients.util.Pool.getResource(Pool.java:49) ~[jedis-2.9.0.jar:?]
	... 7 more

[system][14013][2018-10-11 15:06:10][WARN][main][com.cellsgame.orm.dbimpl.JedisStrategy:102] redis.clients.jedis.exceptions.JedisException: Could not get a resource from the pool
	at redis.clients.util.Pool.getResource(Pool.java:51) ~[jedis-2.9.0.jar:?]
	at redis.clients.jedis.ShardedJedisPool.getResource(ShardedJedisPool.java:36) ~[jedis-2.9.0.jar:?]
	at com.cellsgame.orm.dbimpl.JedisPool.getSharedJedis(JedisPool.java:53) ~[orm-0.0.3-20180823.065536-1.jar:?]
	at com.cellsgame.orm.dbimpl.JedisStrategy.getMaxKey(JedisStrategy.java:57) ~[orm-0.0.3-20180823.065536-1.jar:?]
	at com.cellsgame.orm.BaseDAO.getMaxKey(BaseDAO.java:166) ~[orm-0.0.3-20180823.065536-1.jar:?]
	at com.cellsgame.game.cache.CachePlayerDBID.init(CachePlayerDBID.java:28) ~[classes/:?]
	at com.cellsgame.game.Bootstrap.init(Bootstrap.java:181) ~[classes/:?]
	at com.cellsgame.game.Bootstrap.main(Bootstrap.java:64) ~[classes/:?]
Caused by: java.util.NoSuchElementException: Unable to validate object
	at org.apache.commons.pool2.impl.GenericObjectPool.borrowObject(GenericObjectPool.java:506) ~[commons-pool2-2.4.2.jar:2.4.2]
	at org.apache.commons.pool2.impl.GenericObjectPool.borrowObject(GenericObjectPool.java:363) ~[commons-pool2-2.4.2.jar:2.4.2]
	at redis.clients.util.Pool.getResource(Pool.java:49) ~[jedis-2.9.0.jar:?]
	... 7 more

[][14013][2018-10-11 15:06:10][WARN][main][com.cellsgame.orm.dbimpl.JedisStrategy:102] redis.clients.jedis.exceptions.JedisException: Could not get a resource from the pool
	at redis.clients.util.Pool.getResource(Pool.java:51) ~[jedis-2.9.0.jar:?]
	at redis.clients.jedis.ShardedJedisPool.getResource(ShardedJedisPool.java:36) ~[jedis-2.9.0.jar:?]
	at com.cellsgame.orm.dbimpl.JedisPool.getSharedJedis(JedisPool.java:53) ~[orm-0.0.3-20180823.065536-1.jar:?]
	at com.cellsgame.orm.dbimpl.JedisStrategy.getMaxKey(JedisStrategy.java:57) ~[orm-0.0.3-20180823.065536-1.jar:?]
	at com.cellsgame.orm.BaseDAO.getMaxKey(BaseDAO.java:166) ~[orm-0.0.3-20180823.065536-1.jar:?]
	at com.cellsgame.game.cache.CachePlayerDBID.init(CachePlayerDBID.java:28) ~[classes/:?]
	at com.cellsgame.game.Bootstrap.init(Bootstrap.java:181) ~[classes/:?]
	at com.cellsgame.game.Bootstrap.main(Bootstrap.java:64) ~[classes/:?]
Caused by: java.util.NoSuchElementException: Unable to validate object
	at org.apache.commons.pool2.impl.GenericObjectPool.borrowObject(GenericObjectPool.java:506) ~[commons-pool2-2.4.2.jar:2.4.2]
	at org.apache.commons.pool2.impl.GenericObjectPool.borrowObject(GenericObjectPool.java:363) ~[commons-pool2-2.4.2.jar:2.4.2]
	at redis.clients.util.Pool.getResource(Pool.java:49) ~[jedis-2.9.0.jar:?]
	... 7 more

[system][14105][2018-10-11 15:06:10][WARN][main][com.cellsgame.gateway.message.MessageHandler:26]message processor service not set, message will be processed in the connection io thread. 
[system][14477][2018-10-11 15:06:11][WARN][main][io.netty.bootstrap.ServerBootstrap:146]Unknown channel option 'SO_KEEPALIVE' for channel '[id: 0x8eea08b0]'
[system][14488][2018-10-11 15:06:11][WARN][main][io.netty.bootstrap.ServerBootstrap:146]Unknown channel option 'TCP_NODELAY' for channel '[id: 0x8eea08b0]'
[system][14496][2018-10-11 15:06:11][WARN][main][com.cellsgame.game.Bootstrap:226]-->socket已启动
[][14496][2018-10-11 15:06:11][WARN][main][com.cellsgame.game.Bootstrap:226]-->socket已启动
[system][14530][2018-10-11 15:06:11][WARN][main][com.cellsgame.common.util.cmd.console.ReLoad:43]-->AgentLib not load Console CMD [reload] is invalidate
[][14530][2018-10-11 15:06:11][WARN][main][com.cellsgame.common.util.cmd.console.ReLoad:43]-->AgentLib not load Console CMD [reload] is invalidate
[system][16213][2018-10-11 15:06:12][WARN][pool-game_logic-1-thread-1][com.cellsgame.orm.dbimpl.JedisStrategy:438] redis.clients.jedis.exceptions.JedisException: Could not get a resource from the pool
	at redis.clients.util.Pool.getResource(Pool.java:51) ~[jedis-2.9.0.jar:?]
	at redis.clients.jedis.ShardedJedisPool.getResource(ShardedJedisPool.java:36) ~[jedis-2.9.0.jar:?]
	at com.cellsgame.orm.dbimpl.JedisPool.getSharedJedis(JedisPool.java:53) ~[orm-0.0.3-20180823.065536-1.jar:?]
	at com.cellsgame.orm.dbimpl.JedisStrategy.getAll(JedisStrategy.java:429) ~[orm-0.0.3-20180823.065536-1.jar:?]
	at com.cellsgame.orm.BaseDAO.getAll(BaseDAO.java:426) ~[orm-0.0.3-20180823.065536-1.jar:?]
	at com.cellsgame.game.module.sys.impl.SystemBOImpl.initOrLoadSysRec(SystemBOImpl.java:77) ~[classes/:?]
	at com.cellsgame.game.module.sys.impl.SystemBOImpl.init(SystemBOImpl.java:39) ~[classes/:?]
	at com.cellsgame.game.core.module.config.ModuleListener$1.onStartup(ModuleListener.java:35) ~[classes/:?]
	at com.cellsgame.game.core.module.load.ModuleLoader.initModuleOnStartup(ModuleLoader.java:98) ~[classes/:?]
	at com.cellsgame.game.Bootstrap.lambda$init$0(Bootstrap.java:202) ~[classes/:?]
	at com.cellsgame.game.core.RunnableHandler.onEvent(RunnableHandler.java:17) ~[classes/:?]
	at com.cellsgame.game.core.GameHandler.onEvent(GameHandler.java:22) ~[classes/:?]
	at com.cellsgame.game.core.GameHandler.onEvent(GameHandler.java:15) ~[classes/:?]
	at com.lmax.disruptor.BatchEventProcessor.run(BatchEventProcessor.java:129) ~[disruptor-3.3.6.jar:?]
	at java.lang.Thread.run(Thread.java:748) [?:1.8.0_181]
Caused by: java.util.NoSuchElementException: Unable to validate object
	at org.apache.commons.pool2.impl.GenericObjectPool.borrowObject(GenericObjectPool.java:506) ~[commons-pool2-2.4.2.jar:2.4.2]
	at org.apache.commons.pool2.impl.GenericObjectPool.borrowObject(GenericObjectPool.java:363) ~[commons-pool2-2.4.2.jar:2.4.2]
	at redis.clients.util.Pool.getResource(Pool.java:49) ~[jedis-2.9.0.jar:?]
	... 14 more

[][16213][2018-10-11 15:06:12][WARN][pool-game_logic-1-thread-1][com.cellsgame.orm.dbimpl.JedisStrategy:438] redis.clients.jedis.exceptions.JedisException: Could not get a resource from the pool
	at redis.clients.util.Pool.getResource(Pool.java:51) ~[jedis-2.9.0.jar:?]
	at redis.clients.jedis.ShardedJedisPool.getResource(ShardedJedisPool.java:36) ~[jedis-2.9.0.jar:?]
	at com.cellsgame.orm.dbimpl.JedisPool.getSharedJedis(JedisPool.java:53) ~[orm-0.0.3-20180823.065536-1.jar:?]
	at com.cellsgame.orm.dbimpl.JedisStrategy.getAll(JedisStrategy.java:429) ~[orm-0.0.3-20180823.065536-1.jar:?]
	at com.cellsgame.orm.BaseDAO.getAll(BaseDAO.java:426) ~[orm-0.0.3-20180823.065536-1.jar:?]
	at com.cellsgame.game.module.sys.impl.SystemBOImpl.initOrLoadSysRec(SystemBOImpl.java:77) ~[classes/:?]
	at com.cellsgame.game.module.sys.impl.SystemBOImpl.init(SystemBOImpl.java:39) ~[classes/:?]
	at com.cellsgame.game.core.module.config.ModuleListener$1.onStartup(ModuleListener.java:35) ~[classes/:?]
	at com.cellsgame.game.core.module.load.ModuleLoader.initModuleOnStartup(ModuleLoader.java:98) ~[classes/:?]
	at com.cellsgame.game.Bootstrap.lambda$init$0(Bootstrap.java:202) ~[classes/:?]
	at com.cellsgame.game.core.RunnableHandler.onEvent(RunnableHandler.java:17) ~[classes/:?]
	at com.cellsgame.game.core.GameHandler.onEvent(GameHandler.java:22) ~[classes/:?]
	at com.cellsgame.game.core.GameHandler.onEvent(GameHandler.java:15) ~[classes/:?]
	at com.lmax.disruptor.BatchEventProcessor.run(BatchEventProcessor.java:129) ~[disruptor-3.3.6.jar:?]
	at java.lang.Thread.run(Thread.java:748) [?:1.8.0_181]
Caused by: java.util.NoSuchElementException: Unable to validate object
	at org.apache.commons.pool2.impl.GenericObjectPool.borrowObject(GenericObjectPool.java:506) ~[commons-pool2-2.4.2.jar:2.4.2]
	at org.apache.commons.pool2.impl.GenericObjectPool.borrowObject(GenericObjectPool.java:363) ~[commons-pool2-2.4.2.jar:2.4.2]
	at redis.clients.util.Pool.getResource(Pool.java:49) ~[jedis-2.9.0.jar:?]
	... 14 more

[system][18218][2018-10-11 15:06:14][WARN][pool-game_logic-1-thread-1][com.cellsgame.orm.dbimpl.JedisStrategy:438] redis.clients.jedis.exceptions.JedisException: Could not get a resource from the pool
	at redis.clients.util.Pool.getResource(Pool.java:51) ~[jedis-2.9.0.jar:?]
	at redis.clients.jedis.ShardedJedisPool.getResource(ShardedJedisPool.java:36) ~[jedis-2.9.0.jar:?]
	at com.cellsgame.orm.dbimpl.JedisPool.getSharedJedis(JedisPool.java:53) ~[orm-0.0.3-20180823.065536-1.jar:?]
	at com.cellsgame.orm.dbimpl.JedisStrategy.getAll(JedisStrategy.java:429) ~[orm-0.0.3-20180823.065536-1.jar:?]
	at com.cellsgame.orm.BaseDAO.getAll(BaseDAO.java:426) ~[orm-0.0.3-20180823.065536-1.jar:?]
	at com.cellsgame.game.module.player.bo.impl.PlayerBOImpl.init(PlayerBOImpl.java:772) ~[classes/:?]
	at com.cellsgame.game.core.module.config.ModuleListener$1.onStartup(ModuleListener.java:35) ~[classes/:?]
	at com.cellsgame.game.core.module.load.ModuleLoader.initModuleOnStartup(ModuleLoader.java:98) ~[classes/:?]
	at com.cellsgame.game.Bootstrap.lambda$init$0(Bootstrap.java:202) ~[classes/:?]
	at com.cellsgame.game.core.RunnableHandler.onEvent(RunnableHandler.java:17) ~[classes/:?]
	at com.cellsgame.game.core.GameHandler.onEvent(GameHandler.java:22) ~[classes/:?]
	at com.cellsgame.game.core.GameHandler.onEvent(GameHandler.java:15) ~[classes/:?]
	at com.lmax.disruptor.BatchEventProcessor.run(BatchEventProcessor.java:129) ~[disruptor-3.3.6.jar:?]
	at java.lang.Thread.run(Thread.java:748) [?:1.8.0_181]
Caused by: java.util.NoSuchElementException: Unable to validate object
	at org.apache.commons.pool2.impl.GenericObjectPool.borrowObject(GenericObjectPool.java:506) ~[commons-pool2-2.4.2.jar:2.4.2]
	at org.apache.commons.pool2.impl.GenericObjectPool.borrowObject(GenericObjectPool.java:363) ~[commons-pool2-2.4.2.jar:2.4.2]
	at redis.clients.util.Pool.getResource(Pool.java:49) ~[jedis-2.9.0.jar:?]
	... 13 more

[][18218][2018-10-11 15:06:14][WARN][pool-game_logic-1-thread-1][com.cellsgame.orm.dbimpl.JedisStrategy:438] redis.clients.jedis.exceptions.JedisException: Could not get a resource from the pool
	at redis.clients.util.Pool.getResource(Pool.java:51) ~[jedis-2.9.0.jar:?]
	at redis.clients.jedis.ShardedJedisPool.getResource(ShardedJedisPool.java:36) ~[jedis-2.9.0.jar:?]
	at com.cellsgame.orm.dbimpl.JedisPool.getSharedJedis(JedisPool.java:53) ~[orm-0.0.3-20180823.065536-1.jar:?]
	at com.cellsgame.orm.dbimpl.JedisStrategy.getAll(JedisStrategy.java:429) ~[orm-0.0.3-20180823.065536-1.jar:?]
	at com.cellsgame.orm.BaseDAO.getAll(BaseDAO.java:426) ~[orm-0.0.3-20180823.065536-1.jar:?]
	at com.cellsgame.game.module.player.bo.impl.PlayerBOImpl.init(PlayerBOImpl.java:772) ~[classes/:?]
	at com.cellsgame.game.core.module.config.ModuleListener$1.onStartup(ModuleListener.java:35) ~[classes/:?]
	at com.cellsgame.game.core.module.load.ModuleLoader.initModuleOnStartup(ModuleLoader.java:98) ~[classes/:?]
	at com.cellsgame.game.Bootstrap.lambda$init$0(Bootstrap.java:202) ~[classes/:?]
	at com.cellsgame.game.core.RunnableHandler.onEvent(RunnableHandler.java:17) ~[classes/:?]
	at com.cellsgame.game.core.GameHandler.onEvent(GameHandler.java:22) ~[classes/:?]
	at com.cellsgame.game.core.GameHandler.onEvent(GameHandler.java:15) ~[classes/:?]
	at com.lmax.disruptor.BatchEventProcessor.run(BatchEventProcessor.java:129) ~[disruptor-3.3.6.jar:?]
	at java.lang.Thread.run(Thread.java:748) [?:1.8.0_181]
Caused by: java.util.NoSuchElementException: Unable to validate object
	at org.apache.commons.pool2.impl.GenericObjectPool.borrowObject(GenericObjectPool.java:506) ~[commons-pool2-2.4.2.jar:2.4.2]
	at org.apache.commons.pool2.impl.GenericObjectPool.borrowObject(GenericObjectPool.java:363) ~[commons-pool2-2.4.2.jar:2.4.2]
	at redis.clients.util.Pool.getResource(Pool.java:49) ~[jedis-2.9.0.jar:?]
	... 13 more

[system][20237][2018-10-11 15:06:16][WARN][pool-game_logic-1-thread-1][com.cellsgame.orm.dbimpl.JedisStrategy:438] redis.clients.jedis.exceptions.JedisException: Could not get a resource from the pool
	at redis.clients.util.Pool.getResource(Pool.java:51) ~[jedis-2.9.0.jar:?]
	at redis.clients.jedis.ShardedJedisPool.getResource(ShardedJedisPool.java:36) ~[jedis-2.9.0.jar:?]
	at com.cellsgame.orm.dbimpl.JedisPool.getSharedJedis(JedisPool.java:53) ~[orm-0.0.3-20180823.065536-1.jar:?]
	at com.cellsgame.orm.dbimpl.JedisStrategy.getAll(JedisStrategy.java:429) ~[orm-0.0.3-20180823.065536-1.jar:?]
	at com.cellsgame.orm.BaseDAO.getAll(BaseDAO.java:426) ~[orm-0.0.3-20180823.065536-1.jar:?]
	at com.cellsgame.game.module.guild.bo.impl.GuildBOImpl.init(GuildBOImpl.java:144) ~[classes/:?]
	at com.cellsgame.game.core.module.config.ModuleListener$1.onStartup(ModuleListener.java:35) ~[classes/:?]
	at com.cellsgame.game.core.module.load.ModuleLoader.initModuleOnStartup(ModuleLoader.java:98) ~[classes/:?]
	at com.cellsgame.game.Bootstrap.lambda$init$0(Bootstrap.java:202) ~[classes/:?]
	at com.cellsgame.game.core.RunnableHandler.onEvent(RunnableHandler.java:17) ~[classes/:?]
	at com.cellsgame.game.core.GameHandler.onEvent(GameHandler.java:22) ~[classes/:?]
	at com.cellsgame.game.core.GameHandler.onEvent(GameHandler.java:15) ~[classes/:?]
	at com.lmax.disruptor.BatchEventProcessor.run(BatchEventProcessor.java:129) ~[disruptor-3.3.6.jar:?]
	at java.lang.Thread.run(Thread.java:748) [?:1.8.0_181]
Caused by: java.util.NoSuchElementException: Unable to validate object
	at org.apache.commons.pool2.impl.GenericObjectPool.borrowObject(GenericObjectPool.java:506) ~[commons-pool2-2.4.2.jar:2.4.2]
	at org.apache.commons.pool2.impl.GenericObjectPool.borrowObject(GenericObjectPool.java:363) ~[commons-pool2-2.4.2.jar:2.4.2]
	at redis.clients.util.Pool.getResource(Pool.java:49) ~[jedis-2.9.0.jar:?]
	... 13 more

[][20237][2018-10-11 15:06:16][WARN][pool-game_logic-1-thread-1][com.cellsgame.orm.dbimpl.JedisStrategy:438] redis.clients.jedis.exceptions.JedisException: Could not get a resource from the pool
	at redis.clients.util.Pool.getResource(Pool.java:51) ~[jedis-2.9.0.jar:?]
	at redis.clients.jedis.ShardedJedisPool.getResource(ShardedJedisPool.java:36) ~[jedis-2.9.0.jar:?]
	at com.cellsgame.orm.dbimpl.JedisPool.getSharedJedis(JedisPool.java:53) ~[orm-0.0.3-20180823.065536-1.jar:?]
	at com.cellsgame.orm.dbimpl.JedisStrategy.getAll(JedisStrategy.java:429) ~[orm-0.0.3-20180823.065536-1.jar:?]
	at com.cellsgame.orm.BaseDAO.getAll(BaseDAO.java:426) ~[orm-0.0.3-20180823.065536-1.jar:?]
	at com.cellsgame.game.module.guild.bo.impl.GuildBOImpl.init(GuildBOImpl.java:144) ~[classes/:?]
	at com.cellsgame.game.core.module.config.ModuleListener$1.onStartup(ModuleListener.java:35) ~[classes/:?]
	at com.cellsgame.game.core.module.load.ModuleLoader.initModuleOnStartup(ModuleLoader.java:98) ~[classes/:?]
	at com.cellsgame.game.Bootstrap.lambda$init$0(Bootstrap.java:202) ~[classes/:?]
	at com.cellsgame.game.core.RunnableHandler.onEvent(RunnableHandler.java:17) ~[classes/:?]
	at com.cellsgame.game.core.GameHandler.onEvent(GameHandler.java:22) ~[classes/:?]
	at com.cellsgame.game.core.GameHandler.onEvent(GameHandler.java:15) ~[classes/:?]
	at com.lmax.disruptor.BatchEventProcessor.run(BatchEventProcessor.java:129) ~[disruptor-3.3.6.jar:?]
	at java.lang.Thread.run(Thread.java:748) [?:1.8.0_181]
Caused by: java.util.NoSuchElementException: Unable to validate object
	at org.apache.commons.pool2.impl.GenericObjectPool.borrowObject(GenericObjectPool.java:506) ~[commons-pool2-2.4.2.jar:2.4.2]
	at org.apache.commons.pool2.impl.GenericObjectPool.borrowObject(GenericObjectPool.java:363) ~[commons-pool2-2.4.2.jar:2.4.2]
	at redis.clients.util.Pool.getResource(Pool.java:49) ~[jedis-2.9.0.jar:?]
	... 13 more

